
*** Running vivado
    with args -log Uart_ETH_rst_ps7_0_100M_1.vds -m64 -product Vivado -mode batch -messageDb vivado.pb -notrace -source Uart_ETH_rst_ps7_0_100M_1.tcl


****** Vivado v2017.2 (64-bit)
  **** SW Build 1909853 on Thu Jun 15 18:39:09 MDT 2017
  **** IP Build 1909766 on Thu Jun 15 19:58:00 MDT 2017
    ** Copyright 1986-2017 Xilinx, Inc. All Rights Reserved.

source Uart_ETH_rst_ps7_0_100M_1.tcl -notrace
Starting RTL Elaboration : Time (s): cpu = 00:00:06 ; elapsed = 00:00:06 . Memory (MB): peak = 397.219 ; gain = 79.516
INFO: [Synth 8-638] synthesizing module 'Uart_ETH_rst_ps7_0_100M_1' [e:/ETH2SER/SoftwareProjects/UART2ETH970323_Tx_FIFO_Integrated-UART-Config/UART2ETH.srcs/sources_1/bd/Uart_ETH/ip/Uart_ETH_rst_ps7_0_100M_1/synth/Uart_ETH_rst_ps7_0_100M_1.vhd:74]
INFO: [Synth 8-638] synthesizing module 'proc_sys_reset' [e:/ETH2SER/SoftwareProjects/UART2ETH970323_Tx_FIFO_Integrated-UART-Config/UART2ETH.srcs/sources_1/bd/Uart_ETH/ipshared/5db7/hdl/proc_sys_reset_v5_0_vh_rfs.vhd:1323]
INFO: [Synth 8-638] synthesizing module 'lpf' [e:/ETH2SER/SoftwareProjects/UART2ETH970323_Tx_FIFO_Integrated-UART-Config/UART2ETH.srcs/sources_1/bd/Uart_ETH/ipshared/5db7/hdl/proc_sys_reset_v5_0_vh_rfs.vhd:816]
INFO: [Synth 8-638] synthesizing module 'SRL16' [C:/Xilinx/Vivado/2017.2/scripts/rt/data/unisim_comp.v:43657]
INFO: [Synth 8-256] done synthesizing module 'SRL16' (1#1) [C:/Xilinx/Vivado/2017.2/scripts/rt/data/unisim_comp.v:43657]
INFO: [Synth 8-638] synthesizing module 'cdc_sync' [e:/ETH2SER/SoftwareProjects/UART2ETH970323_Tx_FIFO_Integrated-UART-Config/UART2ETH.srcs/sources_1/bd/Uart_ETH/ipshared/52cb/hdl/lib_cdc_v1_0_rfs.vhd:106]
INFO: [Synth 8-256] done synthesizing module 'cdc_sync' (2#1) [e:/ETH2SER/SoftwareProjects/UART2ETH970323_Tx_FIFO_Integrated-UART-Config/UART2ETH.srcs/sources_1/bd/Uart_ETH/ipshared/52cb/hdl/lib_cdc_v1_0_rfs.vhd:106]
INFO: [Synth 8-256] done synthesizing module 'lpf' (3#1) [e:/ETH2SER/SoftwareProjects/UART2ETH970323_Tx_FIFO_Integrated-UART-Config/UART2ETH.srcs/sources_1/bd/Uart_ETH/ipshared/5db7/hdl/proc_sys_reset_v5_0_vh_rfs.vhd:816]
INFO: [Synth 8-638] synthesizing module 'sequence_psr' [e:/ETH2SER/SoftwareProjects/UART2ETH970323_Tx_FIFO_Integrated-UART-Config/UART2ETH.srcs/sources_1/bd/Uart_ETH/ipshared/5db7/hdl/proc_sys_reset_v5_0_vh_rfs.vhd:301]
INFO: [Synth 8-638] synthesizing module 'upcnt_n' [e:/ETH2SER/SoftwareProjects/UART2ETH970323_Tx_FIFO_Integrated-UART-Config/UART2ETH.srcs/sources_1/bd/Uart_ETH/ipshared/5db7/hdl/proc_sys_reset_v5_0_vh_rfs.vhd:125]
INFO: [Synth 8-256] done synthesizing module 'upcnt_n' (4#1) [e:/ETH2SER/SoftwareProjects/UART2ETH970323_Tx_FIFO_Integrated-UART-Config/UART2ETH.srcs/sources_1/bd/Uart_ETH/ipshared/5db7/hdl/proc_sys_reset_v5_0_vh_rfs.vhd:125]
INFO: [Synth 8-256] done synthesizing module 'sequence_psr' (5#1) [e:/ETH2SER/SoftwareProjects/UART2ETH970323_Tx_FIFO_Integrated-UART-Config/UART2ETH.srcs/sources_1/bd/Uart_ETH/ipshared/5db7/hdl/proc_sys_reset_v5_0_vh_rfs.vhd:301]
INFO: [Synth 8-256] done synthesizing module 'proc_sys_reset' (6#1) [e:/ETH2SER/SoftwareProjects/UART2ETH970323_Tx_FIFO_Integrated-UART-Config/UART2ETH.srcs/sources_1/bd/Uart_ETH/ipshared/5db7/hdl/proc_sys_reset_v5_0_vh_rfs.vhd:1323]
INFO: [Synth 8-256] done synthesizing module 'Uart_ETH_rst_ps7_0_100M_1' (7#1) [e:/ETH2SER/SoftwareProjects/UART2ETH970323_Tx_FIFO_Integrated-UART-Config/UART2ETH.srcs/sources_1/bd/Uart_ETH/ip/Uart_ETH_rst_ps7_0_100M_1/synth/Uart_ETH_rst_ps7_0_100M_1.vhd:74]
Finished RTL Elaboration : Time (s): cpu = 00:00:07 ; elapsed = 00:00:07 . Memory (MB): peak = 437.551 ; gain = 119.848
Finished RTL Optimization Phase 1 : Time (s): cpu = 00:00:08 ; elapsed = 00:00:07 . Memory (MB): peak = 437.551 ; gain = 119.848
INFO: [Device 21-403] Loading part xc7z020clg400-1
Constraint Validation Runtime : Time (s): cpu = 00:00:00 ; elapsed = 00:00:00.023 . Memory (MB): peak = 758.348 ; gain = 0.000
Finished Constraint Validation : Time (s): cpu = 00:00:25 ; elapsed = 00:00:25 . Memory (MB): peak = 758.348 ; gain = 440.645
Finished Loading Part and Timing Information : Time (s): cpu = 00:00:25 ; elapsed = 00:00:25 . Memory (MB): peak = 758.348 ; gain = 440.645
Finished applying 'set_property' XDC Constraints : Time (s): cpu = 00:00:25 ; elapsed = 00:00:25 . Memory (MB): peak = 758.348 ; gain = 440.645
Finished RTL Optimization Phase 2 : Time (s): cpu = 00:00:25 ; elapsed = 00:00:26 . Memory (MB): peak = 758.348 ; gain = 440.645
Finished Cross Boundary and Area Optimization : Time (s): cpu = 00:00:26 ; elapsed = 00:00:26 . Memory (MB): peak = 758.348 ; gain = 440.645
Finished Applying XDC Timing Constraints : Time (s): cpu = 00:00:42 ; elapsed = 00:00:43 . Memory (MB): peak = 758.348 ; gain = 440.645
Finished Timing Optimization : Time (s): cpu = 00:00:42 ; elapsed = 00:00:43 . Memory (MB): peak = 758.348 ; gain = 440.645
Finished Technology Mapping : Time (s): cpu = 00:00:42 ; elapsed = 00:00:43 . Memory (MB): peak = 758.348 ; gain = 440.645
Finished IO Insertion : Time (s): cpu = 00:00:43 ; elapsed = 00:00:44 . Memory (MB): peak = 758.348 ; gain = 440.645
Finished Renaming Generated Instances : Time (s): cpu = 00:00:44 ; elapsed = 00:00:44 . Memory (MB): peak = 758.348 ; gain = 440.645
Finished Rebuilding User Hierarchy : Time (s): cpu = 00:00:44 ; elapsed = 00:00:44 . Memory (MB): peak = 758.348 ; gain = 440.645
Finished Renaming Generated Ports : Time (s): cpu = 00:00:44 ; elapsed = 00:00:44 . Memory (MB): peak = 758.348 ; gain = 440.645
Finished Handling Custom Attributes : Time (s): cpu = 00:00:44 ; elapsed = 00:00:44 . Memory (MB): peak = 758.348 ; gain = 440.645
Finished Renaming Generated Nets : Time (s): cpu = 00:00:44 ; elapsed = 00:00:44 . Memory (MB): peak = 758.348 ; gain = 440.645

Report Cell Usage: 
+------+------+------+
|      |Cell  |Count |
+------+------+------+
|1     |LUT1  |     5|
|2     |LUT2  |     9|
|3     |LUT3  |     1|
|4     |LUT4  |     6|
|5     |LUT5  |     3|
|6     |LUT6  |     1|
|7     |SRL16 |     1|
|8     |FDR   |     8|
|9     |FDRE  |    28|
|10    |FDSE  |     4|
+------+------+------+
Finished Writing Synthesis Report : Time (s): cpu = 00:00:44 ; elapsed = 00:00:44 . Memory (MB): peak = 758.348 ; gain = 440.645
synth_design: Time (s): cpu = 00:00:46 ; elapsed = 00:00:47 . Memory (MB): peak = 758.348 ; gain = 449.402
