
*** Running vivado
    with args -log Uart_ETH_axi_gpio_0_0.vds -m64 -product Vivado -mode batch -messageDb vivado.pb -notrace -source Uart_ETH_axi_gpio_0_0.tcl


****** Vivado v2017.2 (64-bit)
  **** SW Build 1909853 on Thu Jun 15 18:39:09 MDT 2017
  **** IP Build 1909766 on Thu Jun 15 19:58:00 MDT 2017
    ** Copyright 1986-2017 Xilinx, Inc. All Rights Reserved.

source Uart_ETH_axi_gpio_0_0.tcl -notrace
Starting RTL Elaboration : Time (s): cpu = 00:00:05 ; elapsed = 00:00:08 . Memory (MB): peak = 385.645 ; gain = 79.438
INFO: [Synth 8-638] synthesizing module 'Uart_ETH_axi_gpio_0_0' [e:/ETH2SER/SoftwareProjects/UART2ETH970126_Uart16550_Multi -ConfigPort/UART2ETH.srcs/sources_1/bd/Uart_ETH/ip/Uart_ETH_axi_gpio_0_0/synth/Uart_ETH_axi_gpio_0_0.vhd:84]
INFO: [Synth 8-638] synthesizing module 'axi_gpio' [e:/ETH2SER/SoftwareProjects/UART2ETH970126_Uart16550_Multi -ConfigPort/UART2ETH.srcs/sources_1/bd/Uart_ETH/ipshared/cb07/hdl/axi_gpio_v2_0_vh_rfs.vhd:1257]
INFO: [Synth 8-638] synthesizing module 'axi_lite_ipif' [e:/ETH2SER/SoftwareProjects/UART2ETH970126_Uart16550_Multi -ConfigPort/UART2ETH.srcs/sources_1/bd/Uart_ETH/ipshared/0ba0/hdl/axi_lite_ipif_v3_0_vh_rfs.vhd:2948]
INFO: [Synth 8-638] synthesizing module 'slave_attachment' [e:/ETH2SER/SoftwareProjects/UART2ETH970126_Uart16550_Multi -ConfigPort/UART2ETH.srcs/sources_1/bd/Uart_ETH/ipshared/0ba0/hdl/axi_lite_ipif_v3_0_vh_rfs.vhd:2341]
INFO: [Synth 8-638] synthesizing module 'address_decoder' [e:/ETH2SER/SoftwareProjects/UART2ETH970126_Uart16550_Multi -ConfigPort/UART2ETH.srcs/sources_1/bd/Uart_ETH/ipshared/0ba0/hdl/axi_lite_ipif_v3_0_vh_rfs.vhd:1775]
INFO: [Synth 8-638] synthesizing module 'pselect_f' [e:/ETH2SER/SoftwareProjects/UART2ETH970126_Uart16550_Multi -ConfigPort/UART2ETH.srcs/sources_1/bd/Uart_ETH/ipshared/0ba0/hdl/axi_lite_ipif_v3_0_vh_rfs.vhd:1534]
INFO: [Synth 8-256] done synthesizing module 'pselect_f' (1#1) [e:/ETH2SER/SoftwareProjects/UART2ETH970126_Uart16550_Multi -ConfigPort/UART2ETH.srcs/sources_1/bd/Uart_ETH/ipshared/0ba0/hdl/axi_lite_ipif_v3_0_vh_rfs.vhd:1534]
INFO: [Synth 8-638] synthesizing module 'pselect_f__parameterized0' [e:/ETH2SER/SoftwareProjects/UART2ETH970126_Uart16550_Multi -ConfigPort/UART2ETH.srcs/sources_1/bd/Uart_ETH/ipshared/0ba0/hdl/axi_lite_ipif_v3_0_vh_rfs.vhd:1534]
INFO: [Synth 8-256] done synthesizing module 'pselect_f__parameterized0' (1#1) [e:/ETH2SER/SoftwareProjects/UART2ETH970126_Uart16550_Multi -ConfigPort/UART2ETH.srcs/sources_1/bd/Uart_ETH/ipshared/0ba0/hdl/axi_lite_ipif_v3_0_vh_rfs.vhd:1534]
INFO: [Synth 8-638] synthesizing module 'pselect_f__parameterized1' [e:/ETH2SER/SoftwareProjects/UART2ETH970126_Uart16550_Multi -ConfigPort/UART2ETH.srcs/sources_1/bd/Uart_ETH/ipshared/0ba0/hdl/axi_lite_ipif_v3_0_vh_rfs.vhd:1534]
INFO: [Synth 8-256] done synthesizing module 'pselect_f__parameterized1' (1#1) [e:/ETH2SER/SoftwareProjects/UART2ETH970126_Uart16550_Multi -ConfigPort/UART2ETH.srcs/sources_1/bd/Uart_ETH/ipshared/0ba0/hdl/axi_lite_ipif_v3_0_vh_rfs.vhd:1534]
INFO: [Synth 8-638] synthesizing module 'pselect_f__parameterized2' [e:/ETH2SER/SoftwareProjects/UART2ETH970126_Uart16550_Multi -ConfigPort/UART2ETH.srcs/sources_1/bd/Uart_ETH/ipshared/0ba0/hdl/axi_lite_ipif_v3_0_vh_rfs.vhd:1534]
INFO: [Synth 8-256] done synthesizing module 'pselect_f__parameterized2' (1#1) [e:/ETH2SER/SoftwareProjects/UART2ETH970126_Uart16550_Multi -ConfigPort/UART2ETH.srcs/sources_1/bd/Uart_ETH/ipshared/0ba0/hdl/axi_lite_ipif_v3_0_vh_rfs.vhd:1534]
INFO: [Synth 8-256] done synthesizing module 'address_decoder' (2#1) [e:/ETH2SER/SoftwareProjects/UART2ETH970126_Uart16550_Multi -ConfigPort/UART2ETH.srcs/sources_1/bd/Uart_ETH/ipshared/0ba0/hdl/axi_lite_ipif_v3_0_vh_rfs.vhd:1775]
INFO: [Synth 8-256] done synthesizing module 'slave_attachment' (3#1) [e:/ETH2SER/SoftwareProjects/UART2ETH970126_Uart16550_Multi -ConfigPort/UART2ETH.srcs/sources_1/bd/Uart_ETH/ipshared/0ba0/hdl/axi_lite_ipif_v3_0_vh_rfs.vhd:2341]
INFO: [Synth 8-256] done synthesizing module 'axi_lite_ipif' (4#1) [e:/ETH2SER/SoftwareProjects/UART2ETH970126_Uart16550_Multi -ConfigPort/UART2ETH.srcs/sources_1/bd/Uart_ETH/ipshared/0ba0/hdl/axi_lite_ipif_v3_0_vh_rfs.vhd:2948]
INFO: [Synth 8-638] synthesizing module 'GPIO_Core' [e:/ETH2SER/SoftwareProjects/UART2ETH970126_Uart16550_Multi -ConfigPort/UART2ETH.srcs/sources_1/bd/Uart_ETH/ipshared/cb07/hdl/axi_gpio_v2_0_vh_rfs.vhd:177]
INFO: [Synth 8-638] synthesizing module 'cdc_sync' [e:/ETH2SER/SoftwareProjects/UART2ETH970126_Uart16550_Multi -ConfigPort/UART2ETH.srcs/sources_1/bd/Uart_ETH/ipshared/52cb/hdl/lib_cdc_v1_0_rfs.vhd:106]
INFO: [Synth 8-256] done synthesizing module 'cdc_sync' (5#1) [e:/ETH2SER/SoftwareProjects/UART2ETH970126_Uart16550_Multi -ConfigPort/UART2ETH.srcs/sources_1/bd/Uart_ETH/ipshared/52cb/hdl/lib_cdc_v1_0_rfs.vhd:106]
INFO: [Synth 8-256] done synthesizing module 'GPIO_Core' (6#1) [e:/ETH2SER/SoftwareProjects/UART2ETH970126_Uart16550_Multi -ConfigPort/UART2ETH.srcs/sources_1/bd/Uart_ETH/ipshared/cb07/hdl/axi_gpio_v2_0_vh_rfs.vhd:177]
INFO: [Synth 8-256] done synthesizing module 'axi_gpio' (7#1) [e:/ETH2SER/SoftwareProjects/UART2ETH970126_Uart16550_Multi -ConfigPort/UART2ETH.srcs/sources_1/bd/Uart_ETH/ipshared/cb07/hdl/axi_gpio_v2_0_vh_rfs.vhd:1257]
INFO: [Synth 8-256] done synthesizing module 'Uart_ETH_axi_gpio_0_0' (8#1) [e:/ETH2SER/SoftwareProjects/UART2ETH970126_Uart16550_Multi -ConfigPort/UART2ETH.srcs/sources_1/bd/Uart_ETH/ip/Uart_ETH_axi_gpio_0_0/synth/Uart_ETH_axi_gpio_0_0.vhd:84]
Finished RTL Elaboration : Time (s): cpu = 00:00:07 ; elapsed = 00:00:10 . Memory (MB): peak = 426.723 ; gain = 120.516
Finished RTL Optimization Phase 1 : Time (s): cpu = 00:00:07 ; elapsed = 00:00:11 . Memory (MB): peak = 426.723 ; gain = 120.516
INFO: [Device 21-403] Loading part xc7z020clg400-1
Constraint Validation Runtime : Time (s): cpu = 00:00:00 ; elapsed = 00:00:00.113 . Memory (MB): peak = 749.676 ; gain = 0.000
Finished Constraint Validation : Time (s): cpu = 00:00:23 ; elapsed = 00:00:31 . Memory (MB): peak = 749.676 ; gain = 443.469
Finished Loading Part and Timing Information : Time (s): cpu = 00:00:23 ; elapsed = 00:00:31 . Memory (MB): peak = 749.676 ; gain = 443.469
Finished applying 'set_property' XDC Constraints : Time (s): cpu = 00:00:24 ; elapsed = 00:00:31 . Memory (MB): peak = 749.676 ; gain = 443.469
Finished RTL Optimization Phase 2 : Time (s): cpu = 00:00:24 ; elapsed = 00:00:32 . Memory (MB): peak = 749.676 ; gain = 443.469
Finished Cross Boundary and Area Optimization : Time (s): cpu = 00:00:25 ; elapsed = 00:00:33 . Memory (MB): peak = 749.676 ; gain = 443.469
Finished Applying XDC Timing Constraints : Time (s): cpu = 00:00:41 ; elapsed = 00:00:50 . Memory (MB): peak = 749.676 ; gain = 443.469
Finished Timing Optimization : Time (s): cpu = 00:00:41 ; elapsed = 00:00:50 . Memory (MB): peak = 749.676 ; gain = 443.469
Finished Technology Mapping : Time (s): cpu = 00:00:42 ; elapsed = 00:00:50 . Memory (MB): peak = 749.676 ; gain = 443.469
Finished IO Insertion : Time (s): cpu = 00:00:43 ; elapsed = 00:00:51 . Memory (MB): peak = 749.676 ; gain = 443.469
Finished Renaming Generated Instances : Time (s): cpu = 00:00:43 ; elapsed = 00:00:51 . Memory (MB): peak = 749.676 ; gain = 443.469
Finished Rebuilding User Hierarchy : Time (s): cpu = 00:00:43 ; elapsed = 00:00:51 . Memory (MB): peak = 749.676 ; gain = 443.469
Finished Renaming Generated Ports : Time (s): cpu = 00:00:43 ; elapsed = 00:00:51 . Memory (MB): peak = 749.676 ; gain = 443.469
Finished Handling Custom Attributes : Time (s): cpu = 00:00:43 ; elapsed = 00:00:51 . Memory (MB): peak = 749.676 ; gain = 443.469
Finished Renaming Generated Nets : Time (s): cpu = 00:00:43 ; elapsed = 00:00:51 . Memory (MB): peak = 749.676 ; gain = 443.469

Report Cell Usage: 
+------+-----+------+
|      |Cell |Count |
+------+-----+------+
|1     |LUT1 |     2|
|2     |LUT2 |     5|
|3     |LUT3 |     4|
|4     |LUT4 |    13|
|5     |LUT5 |    11|
|6     |LUT6 |    16|
|7     |FDR  |    40|
|8     |FDRE |    71|
|9     |FDSE |    10|
+------+-----+------+
Finished Writing Synthesis Report : Time (s): cpu = 00:00:43 ; elapsed = 00:00:51 . Memory (MB): peak = 749.676 ; gain = 443.469
synth_design: Time (s): cpu = 00:00:46 ; elapsed = 00:00:56 . Memory (MB): peak = 749.676 ; gain = 450.664
