
*** Running vivado
    with args -log Uart_ETH_xlslice_0_0.vds -m64 -product Vivado -mode batch -messageDb vivado.pb -notrace -source Uart_ETH_xlslice_0_0.tcl


****** Vivado v2017.2 (64-bit)
  **** SW Build 1909853 on Thu Jun 15 18:39:09 MDT 2017
  **** IP Build 1909766 on Thu Jun 15 19:58:00 MDT 2017
    ** Copyright 1986-2017 Xilinx, Inc. All Rights Reserved.

source Uart_ETH_xlslice_0_0.tcl -notrace
Starting RTL Elaboration : Time (s): cpu = 00:00:06 ; elapsed = 00:00:06 . Memory (MB): peak = 401.578 ; gain = 81.059
INFO: [Synth 8-638] synthesizing module 'Uart_ETH_xlslice_0_0' [e:/ETH2SER/SoftwareProjects/UART2ETH970410_LEDPanel_LCD_KeyPad_Modif/UART2ETH.srcs/sources_1/bd/Uart_ETH/ip/Uart_ETH_xlslice_0_0/synth/Uart_ETH_xlslice_0_0.v:57]
INFO: [Synth 8-638] synthesizing module 'xlslice_v1_0_1_xlslice' [e:/ETH2SER/SoftwareProjects/UART2ETH970410_LEDPanel_LCD_KeyPad_Modif/UART2ETH.srcs/sources_1/bd/Uart_ETH/ipshared/bb23/hdl/xlslice_v1_0_vl_rfs.v:13]
INFO: [Synth 8-256] done synthesizing module 'xlslice_v1_0_1_xlslice' (1#1) [e:/ETH2SER/SoftwareProjects/UART2ETH970410_LEDPanel_LCD_KeyPad_Modif/UART2ETH.srcs/sources_1/bd/Uart_ETH/ipshared/bb23/hdl/xlslice_v1_0_vl_rfs.v:13]
INFO: [Synth 8-256] done synthesizing module 'Uart_ETH_xlslice_0_0' (2#1) [e:/ETH2SER/SoftwareProjects/UART2ETH970410_LEDPanel_LCD_KeyPad_Modif/UART2ETH.srcs/sources_1/bd/Uart_ETH/ip/Uart_ETH_xlslice_0_0/synth/Uart_ETH_xlslice_0_0.v:57]
Finished RTL Elaboration : Time (s): cpu = 00:00:08 ; elapsed = 00:00:08 . Memory (MB): peak = 440.906 ; gain = 120.387
Finished RTL Optimization Phase 1 : Time (s): cpu = 00:00:08 ; elapsed = 00:00:09 . Memory (MB): peak = 440.906 ; gain = 120.387
INFO: [Device 21-403] Loading part xc7z020clg400-1
Constraint Validation Runtime : Time (s): cpu = 00:00:00 ; elapsed = 00:00:01 . Memory (MB): peak = 660.852 ; gain = 0.000
Finished Constraint Validation : Time (s): cpu = 00:00:24 ; elapsed = 00:00:41 . Memory (MB): peak = 660.852 ; gain = 340.332
Finished Loading Part and Timing Information : Time (s): cpu = 00:00:24 ; elapsed = 00:00:41 . Memory (MB): peak = 660.852 ; gain = 340.332
Finished applying 'set_property' XDC Constraints : Time (s): cpu = 00:00:24 ; elapsed = 00:00:41 . Memory (MB): peak = 660.852 ; gain = 340.332
Finished RTL Optimization Phase 2 : Time (s): cpu = 00:00:24 ; elapsed = 00:00:41 . Memory (MB): peak = 660.852 ; gain = 340.332
Finished Cross Boundary and Area Optimization : Time (s): cpu = 00:00:25 ; elapsed = 00:00:42 . Memory (MB): peak = 660.852 ; gain = 340.332
Finished Applying XDC Timing Constraints : Time (s): cpu = 00:00:42 ; elapsed = 00:00:59 . Memory (MB): peak = 700.445 ; gain = 379.926
Finished Timing Optimization : Time (s): cpu = 00:00:42 ; elapsed = 00:00:59 . Memory (MB): peak = 700.445 ; gain = 379.926
Finished Technology Mapping : Time (s): cpu = 00:00:42 ; elapsed = 00:00:59 . Memory (MB): peak = 710.586 ; gain = 390.066
Finished IO Insertion : Time (s): cpu = 00:00:43 ; elapsed = 00:01:00 . Memory (MB): peak = 710.586 ; gain = 390.066
Finished Renaming Generated Instances : Time (s): cpu = 00:00:43 ; elapsed = 00:01:00 . Memory (MB): peak = 710.586 ; gain = 390.066
Finished Rebuilding User Hierarchy : Time (s): cpu = 00:00:43 ; elapsed = 00:01:00 . Memory (MB): peak = 710.586 ; gain = 390.066
Finished Renaming Generated Ports : Time (s): cpu = 00:00:43 ; elapsed = 00:01:00 . Memory (MB): peak = 710.586 ; gain = 390.066
Finished Handling Custom Attributes : Time (s): cpu = 00:00:43 ; elapsed = 00:01:00 . Memory (MB): peak = 710.586 ; gain = 390.066
Finished Renaming Generated Nets : Time (s): cpu = 00:00:43 ; elapsed = 00:01:00 . Memory (MB): peak = 710.586 ; gain = 390.066

Report Cell Usage: 
+-+-----+------+
| |Cell |Count |
+-+-----+------+
+-+-----+------+
Finished Writing Synthesis Report : Time (s): cpu = 00:00:43 ; elapsed = 00:01:00 . Memory (MB): peak = 710.586 ; gain = 390.066
synth_design: Time (s): cpu = 00:00:44 ; elapsed = 00:01:04 . Memory (MB): peak = 724.109 ; gain = 411.355
