#-----------------------------------------------------------
# Webtalk v2017.2 (64-bit)
# SW Build 1909853 on Thu Jun 15 18:39:09 MDT 2017
# 
# Start of session at: Sat Jul 28 21:02:21 2018
# Process ID: 7444
# Current directory: E:/ETH2SER/SoftwareProjects/UART2ETH970505_Master_Slave_Timer/UART2ETH.sdk/webtalk
# Command line: wbtcv.exe -mode batch -source sdk_webtalk.tcl
# Log file: E:/ETH2SER/SoftwareProjects/UART2ETH970505_Master_Slave_Timer/UART2ETH.sdk/webtalk/webtalk.log
# Journal file: E:/ETH2SER/SoftwareProjects/UART2ETH970505_Master_Slave_Timer/UART2ETH.sdk/webtalk\webtalk.jou
#-----------------------------------------------------------
source sdk_webtalk.tcl
# webtalk_init -webtalk_dir E:\\ETH2SER\\SoftwareProjects\\UART2ETH970505_Master_Slave_Timer\\UART2ETH.sdk\\webtalk
# webtalk_register_client -client project
# webtalk_add_data -client project -key date_generated -value "2018-07-28 21:02:19" -context "software_version_and_target_device"
# webtalk_add_data -client project -key product_version -value "SDK v2017.2" -context "software_version_and_target_device"
# webtalk_add_data -client project -key build_version -value "2017.2" -context "software_version_and_target_device"
# webtalk_add_data -client project -key os_platform -value "amd64" -context "software_version_and_target_device"
# webtalk_add_data -client project -key registration_id -value "" -context "software_version_and_target_device"
# webtalk_add_data -client project -key tool_flow -value "SDK" -context "software_version_and_target_device"
# webtalk_add_data -client project -key beta -value "false" -context "software_version_and_target_device"
# webtalk_add_data -client project -key route_design -value "NA" -context "software_version_and_target_device"
# webtalk_add_data -client project -key target_family -value "NA" -context "software_version_and_target_device"
# webtalk_add_data -client project -key target_device -value "NA" -context "software_version_and_target_device"
# webtalk_add_data -client project -key target_package -value "NA" -context "software_version_and_target_device"
# webtalk_add_data -client project -key target_speed -value "NA" -context "software_version_and_target_device"
# webtalk_add_data -client project -key random_id -value "qfv23k9ccosgldmouc8b14rg9o" -context "software_version_and_target_device"
# webtalk_add_data -client project -key project_id -value "2017.2_242" -context "software_version_and_target_device"
# webtalk_add_data -client project -key project_iteration -value "242" -context "software_version_and_target_device"
# webtalk_add_data -client project -key os_name -value "Microsoft Windows 7 , 64-bit" -context "user_environment"
# webtalk_add_data -client project -key os_release -value "Service Pack 1  (build 7601)" -context "user_environment"
# webtalk_add_data -client project -key cpu_name -value "Intel(R) Core(TM) i3-3220 CPU @ 3.30GHz" -context "user_environment"
# webtalk_add_data -client project -key cpu_speed -value "3291 MHz" -context "user_environment"
# webtalk_add_data -client project -key total_processors -value "1" -context "user_environment"
# webtalk_add_data -client project -key system_ram -value "8.000 GB" -context "user_environment"
# webtalk_register_client -client sdk
# webtalk_add_data -client sdk -key uid -value "1532597960291" -context "sdk\\\\hardware/1532597960291"
# webtalk_add_data -client sdk -key isZynq -value "true" -context "sdk\\\\hardware/1532597960291"
# webtalk_add_data -client sdk -key isZynqMP -value "false" -context "sdk\\\\hardware/1532597960291"
# webtalk_add_data -client sdk -key Processors -value "2" -context "sdk\\\\hardware/1532597960291"
# webtalk_add_data -client sdk -key VivadoVersion -value "2017.2" -context "sdk\\\\hardware/1532597960291"
# webtalk_add_data -client sdk -key Arch -value "zynq" -context "sdk\\\\hardware/1532597960291"
# webtalk_add_data -client sdk -key Device -value "7z020" -context "sdk\\\\hardware/1532597960291"
# webtalk_add_data -client sdk -key IsHandoff -value "true" -context "sdk\\\\hardware/1532597960291"
# webtalk_add_data -client sdk -key os -value "NA" -context "sdk\\\\hardware/1532597960291"
# webtalk_add_data -client sdk -key apptemplate -value "NA" -context "sdk\\\\hardware/1532597960291"
# webtalk_add_data -client sdk -key RecordType -value "HWCreation" -context "sdk\\\\hardware/1532597960291"
# webtalk_add_data -client sdk -key uid -value "1532597980364" -context "sdk\\\\bsp/1532597980364"
# webtalk_add_data -client sdk -key hwid -value "1532597960291" -context "sdk\\\\bsp/1532597980364"
# webtalk_add_data -client sdk -key os -value "standalone" -context "sdk\\\\bsp/1532597980364"
# webtalk_add_data -client sdk -key apptemplate -value "lwip_echo_server" -context "sdk\\\\bsp/1532597980364"
# webtalk_add_data -client sdk -key RecordType -value "BSPCreation" -context "sdk\\\\bsp/1532597980364"
# webtalk_add_data -client sdk -key uid -value "1532597993059" -context "sdk\\\\application/1532597993059"
# webtalk_add_data -client sdk -key hwid -value "1532597960291" -context "sdk\\\\application/1532597993059"
# webtalk_add_data -client sdk -key bspid -value "1532597980364" -context "sdk\\\\application/1532597993059"
# webtalk_add_data -client sdk -key newbsp -value "true" -context "sdk\\\\application/1532597993059"
# webtalk_add_data -client sdk -key os -value "standalone" -context "sdk\\\\application/1532597993059"
# webtalk_add_data -client sdk -key apptemplate -value "lwip_echo_server" -context "sdk\\\\application/1532597993059"
# webtalk_add_data -client sdk -key RecordType -value "APPCreation" -context "sdk\\\\application/1532597993059"
# webtalk_add_data -client sdk -key LangUsed -value "C" -context "sdk\\\\application/1532597993059"
# webtalk_add_data -client sdk -key Procused -value "ps7_cortexa9" -context "sdk\\\\application/1532597993059"
# webtalk_add_data -client sdk -key projSize -value "731.45703125" -context "sdk\\\\application/1532597993059"
# webtalk_add_data -client sdk -key uid -value "NA" -context "sdk\\\\bsp/1532795535619"
# webtalk_add_data -client sdk -key RecordType -value "ToolUsage" -context "sdk\\\\bsp/1532795535619"
# webtalk_add_data -client sdk -key BootgenCount -value "0" -context "sdk\\\\bsp/1532795535619"
# webtalk_add_data -client sdk -key DebugCount -value "21" -context "sdk\\\\bsp/1532795535619"
# webtalk_add_data -client sdk -key PerfCount -value "0" -context "sdk\\\\bsp/1532795535619"
# webtalk_add_data -client sdk -key FlashCount -value "0" -context "sdk\\\\bsp/1532795535619"
# webtalk_add_data -client sdk -key CrossTriggCount -value "0" -context "sdk\\\\bsp/1532795535619"
# webtalk_add_data -client sdk -key QemuDebugCount -value "0" -context "sdk\\\\bsp/1532795535619"
# webtalk_transmit -clientid 3488030803 -regid "" -xml E:\\ETH2SER\\SoftwareProjects\\UART2ETH970505_Master_Slave_Timer\\UART2ETH.sdk\\webtalk\\usage_statistics_ext_sdk.xml -html E:\\ETH2SER\\SoftwareProjects\\UART2ETH970505_Master_Slave_Timer\\UART2ETH.sdk\\webtalk\\usage_statistics_ext_sdk.html -wdm E:\\ETH2SER\\SoftwareProjects\\UART2ETH970505_Master_Slave_Timer\\UART2ETH.sdk\\webtalk\\sdk_webtalk.wdm -intro "<H3>SDK Usage Report</H3><BR>"
INFO: [Common 17-186] 'E:\ETH2SER\SoftwareProjects\UART2ETH970505_Master_Slave_Timer\UART2ETH.sdk\webtalk\usage_statistics_ext_sdk.xml' has been successfully sent to Xilinx on Sat Jul 28 21:02:34 2018. For additional details about this file, please refer to the WebTalk help file at C:/Xilinx/SDK/2017.2/doc/webtalk_introduction.html.
webtalk_transmit: Time (s): cpu = 00:00:00 ; elapsed = 00:00:06 . Memory (MB): peak = 61.656 ; gain = 0.516
# webtalk_terminate
INFO: [Common 17-206] Exiting Webtalk at Sat Jul 28 21:02:34 2018...
