
*** Running vivado
    with args -log Uart_ETH_xbar_0.vds -m64 -product Vivado -mode batch -messageDb vivado.pb -notrace -source Uart_ETH_xbar_0.tcl


****** Vivado v2017.2 (64-bit)
  **** SW Build 1909853 on Thu Jun 15 18:39:09 MDT 2017
  **** IP Build 1909766 on Thu Jun 15 19:58:00 MDT 2017
    ** Copyright 1986-2017 Xilinx, Inc. All Rights Reserved.

source Uart_ETH_xbar_0.tcl -notrace
Starting RTL Elaboration : Time (s): cpu = 00:00:07 ; elapsed = 00:00:07 . Memory (MB): peak = 416.047 ; gain = 82.777
INFO: [Synth 8-638] synthesizing module 'Uart_ETH_xbar_0' [e:/ETH2SER/SoftwareProjects/UART2ETH970402_LEDPanel_Included_KeyPad/UART2ETH.srcs/sources_1/bd/Uart_ETH/ip/Uart_ETH_xbar_0/synth/Uart_ETH_xbar_0.v:59]
INFO: [Synth 8-638] synthesizing module 'axi_crossbar_v2_1_14_axi_crossbar' [e:/ETH2SER/SoftwareProjects/UART2ETH970402_LEDPanel_Included_KeyPad/UART2ETH.srcs/sources_1/bd/Uart_ETH/ipshared/f582/hdl/axi_crossbar_v2_1_vl_rfs.v:4882]
INFO: [Synth 8-638] synthesizing module 'axi_crossbar_v2_1_14_crossbar_sasd' [e:/ETH2SER/SoftwareProjects/UART2ETH970402_LEDPanel_Included_KeyPad/UART2ETH.srcs/sources_1/bd/Uart_ETH/ipshared/f582/hdl/axi_crossbar_v2_1_vl_rfs.v:1240]
INFO: [Synth 8-638] synthesizing module 'axi_crossbar_v2_1_14_addr_decoder' [e:/ETH2SER/SoftwareProjects/UART2ETH970402_LEDPanel_Included_KeyPad/UART2ETH.srcs/sources_1/bd/Uart_ETH/ipshared/f582/hdl/axi_crossbar_v2_1_vl_rfs.v:794]
INFO: [Synth 8-638] synthesizing module 'generic_baseblocks_v2_1_0_comparator_static' [e:/ETH2SER/SoftwareProjects/UART2ETH970402_LEDPanel_Included_KeyPad/UART2ETH.srcs/sources_1/bd/Uart_ETH/ipshared/f9c1/hdl/generic_baseblocks_v2_1_vl_rfs.v:2133]
INFO: [Synth 8-638] synthesizing module 'generic_baseblocks_v2_1_0_carry_and' [e:/ETH2SER/SoftwareProjects/UART2ETH970402_LEDPanel_Included_KeyPad/UART2ETH.srcs/sources_1/bd/Uart_ETH/ipshared/f9c1/hdl/generic_baseblocks_v2_1_vl_rfs.v:62]
INFO: [Synth 8-256] done synthesizing module 'generic_baseblocks_v2_1_0_carry_and' (1#1) [e:/ETH2SER/SoftwareProjects/UART2ETH970402_LEDPanel_Included_KeyPad/UART2ETH.srcs/sources_1/bd/Uart_ETH/ipshared/f9c1/hdl/generic_baseblocks_v2_1_vl_rfs.v:62]
INFO: [Synth 8-256] done synthesizing module 'generic_baseblocks_v2_1_0_comparator_static' (2#1) [e:/ETH2SER/SoftwareProjects/UART2ETH970402_LEDPanel_Included_KeyPad/UART2ETH.srcs/sources_1/bd/Uart_ETH/ipshared/f9c1/hdl/generic_baseblocks_v2_1_vl_rfs.v:2133]
INFO: [Synth 8-638] synthesizing module 'generic_baseblocks_v2_1_0_comparator_static__parameterized0' [e:/ETH2SER/SoftwareProjects/UART2ETH970402_LEDPanel_Included_KeyPad/UART2ETH.srcs/sources_1/bd/Uart_ETH/ipshared/f9c1/hdl/generic_baseblocks_v2_1_vl_rfs.v:2133]
INFO: [Synth 8-256] done synthesizing module 'generic_baseblocks_v2_1_0_comparator_static__parameterized0' (2#1) [e:/ETH2SER/SoftwareProjects/UART2ETH970402_LEDPanel_Included_KeyPad/UART2ETH.srcs/sources_1/bd/Uart_ETH/ipshared/f9c1/hdl/generic_baseblocks_v2_1_vl_rfs.v:2133]
INFO: [Synth 8-638] synthesizing module 'generic_baseblocks_v2_1_0_comparator_static__parameterized1' [e:/ETH2SER/SoftwareProjects/UART2ETH970402_LEDPanel_Included_KeyPad/UART2ETH.srcs/sources_1/bd/Uart_ETH/ipshared/f9c1/hdl/generic_baseblocks_v2_1_vl_rfs.v:2133]
INFO: [Synth 8-256] done synthesizing module 'generic_baseblocks_v2_1_0_comparator_static__parameterized1' (2#1) [e:/ETH2SER/SoftwareProjects/UART2ETH970402_LEDPanel_Included_KeyPad/UART2ETH.srcs/sources_1/bd/Uart_ETH/ipshared/f9c1/hdl/generic_baseblocks_v2_1_vl_rfs.v:2133]
INFO: [Synth 8-638] synthesizing module 'generic_baseblocks_v2_1_0_comparator_static__parameterized2' [e:/ETH2SER/SoftwareProjects/UART2ETH970402_LEDPanel_Included_KeyPad/UART2ETH.srcs/sources_1/bd/Uart_ETH/ipshared/f9c1/hdl/generic_baseblocks_v2_1_vl_rfs.v:2133]
INFO: [Synth 8-256] done synthesizing module 'generic_baseblocks_v2_1_0_comparator_static__parameterized2' (2#1) [e:/ETH2SER/SoftwareProjects/UART2ETH970402_LEDPanel_Included_KeyPad/UART2ETH.srcs/sources_1/bd/Uart_ETH/ipshared/f9c1/hdl/generic_baseblocks_v2_1_vl_rfs.v:2133]
INFO: [Synth 8-638] synthesizing module 'generic_baseblocks_v2_1_0_comparator_static__parameterized3' [e:/ETH2SER/SoftwareProjects/UART2ETH970402_LEDPanel_Included_KeyPad/UART2ETH.srcs/sources_1/bd/Uart_ETH/ipshared/f9c1/hdl/generic_baseblocks_v2_1_vl_rfs.v:2133]
INFO: [Synth 8-256] done synthesizing module 'generic_baseblocks_v2_1_0_comparator_static__parameterized3' (2#1) [e:/ETH2SER/SoftwareProjects/UART2ETH970402_LEDPanel_Included_KeyPad/UART2ETH.srcs/sources_1/bd/Uart_ETH/ipshared/f9c1/hdl/generic_baseblocks_v2_1_vl_rfs.v:2133]
INFO: [Synth 8-256] done synthesizing module 'axi_crossbar_v2_1_14_addr_decoder' (3#1) [e:/ETH2SER/SoftwareProjects/UART2ETH970402_LEDPanel_Included_KeyPad/UART2ETH.srcs/sources_1/bd/Uart_ETH/ipshared/f582/hdl/axi_crossbar_v2_1_vl_rfs.v:794]
INFO: [Synth 8-638] synthesizing module 'axi_crossbar_v2_1_14_decerr_slave' [e:/ETH2SER/SoftwareProjects/UART2ETH970402_LEDPanel_Included_KeyPad/UART2ETH.srcs/sources_1/bd/Uart_ETH/ipshared/f582/hdl/axi_crossbar_v2_1_vl_rfs.v:3500]
INFO: [Synth 8-256] done synthesizing module 'axi_crossbar_v2_1_14_decerr_slave' (4#1) [e:/ETH2SER/SoftwareProjects/UART2ETH970402_LEDPanel_Included_KeyPad/UART2ETH.srcs/sources_1/bd/Uart_ETH/ipshared/f582/hdl/axi_crossbar_v2_1_vl_rfs.v:3500]
INFO: [Synth 8-638] synthesizing module 'axi_crossbar_v2_1_14_addr_arbiter_sasd' [e:/ETH2SER/SoftwareProjects/UART2ETH970402_LEDPanel_Included_KeyPad/UART2ETH.srcs/sources_1/bd/Uart_ETH/ipshared/f582/hdl/axi_crossbar_v2_1_vl_rfs.v:65]
INFO: [Synth 8-256] done synthesizing module 'axi_crossbar_v2_1_14_addr_arbiter_sasd' (5#1) [e:/ETH2SER/SoftwareProjects/UART2ETH970402_LEDPanel_Included_KeyPad/UART2ETH.srcs/sources_1/bd/Uart_ETH/ipshared/f582/hdl/axi_crossbar_v2_1_vl_rfs.v:65]
INFO: [Synth 8-638] synthesizing module 'axi_crossbar_v2_1_14_splitter' [e:/ETH2SER/SoftwareProjects/UART2ETH970402_LEDPanel_Included_KeyPad/UART2ETH.srcs/sources_1/bd/Uart_ETH/ipshared/f582/hdl/axi_crossbar_v2_1_vl_rfs.v:4459]
INFO: [Synth 8-256] done synthesizing module 'axi_crossbar_v2_1_14_splitter' (6#1) [e:/ETH2SER/SoftwareProjects/UART2ETH970402_LEDPanel_Included_KeyPad/UART2ETH.srcs/sources_1/bd/Uart_ETH/ipshared/f582/hdl/axi_crossbar_v2_1_vl_rfs.v:4459]
INFO: [Synth 8-638] synthesizing module 'axi_crossbar_v2_1_14_splitter__parameterized0' [e:/ETH2SER/SoftwareProjects/UART2ETH970402_LEDPanel_Included_KeyPad/UART2ETH.srcs/sources_1/bd/Uart_ETH/ipshared/f582/hdl/axi_crossbar_v2_1_vl_rfs.v:4459]
INFO: [Synth 8-256] done synthesizing module 'axi_crossbar_v2_1_14_splitter__parameterized0' (6#1) [e:/ETH2SER/SoftwareProjects/UART2ETH970402_LEDPanel_Included_KeyPad/UART2ETH.srcs/sources_1/bd/Uart_ETH/ipshared/f582/hdl/axi_crossbar_v2_1_vl_rfs.v:4459]
INFO: [Synth 8-638] synthesizing module 'generic_baseblocks_v2_1_0_mux_enc' [e:/ETH2SER/SoftwareProjects/UART2ETH970402_LEDPanel_Included_KeyPad/UART2ETH.srcs/sources_1/bd/Uart_ETH/ipshared/f9c1/hdl/generic_baseblocks_v2_1_vl_rfs.v:2452]
INFO: [Synth 8-256] done synthesizing module 'generic_baseblocks_v2_1_0_mux_enc' (7#1) [e:/ETH2SER/SoftwareProjects/UART2ETH970402_LEDPanel_Included_KeyPad/UART2ETH.srcs/sources_1/bd/Uart_ETH/ipshared/f9c1/hdl/generic_baseblocks_v2_1_vl_rfs.v:2452]
INFO: [Synth 8-638] synthesizing module 'generic_baseblocks_v2_1_0_mux_enc__parameterized0' [e:/ETH2SER/SoftwareProjects/UART2ETH970402_LEDPanel_Included_KeyPad/UART2ETH.srcs/sources_1/bd/Uart_ETH/ipshared/f9c1/hdl/generic_baseblocks_v2_1_vl_rfs.v:2452]
INFO: [Synth 8-256] done synthesizing module 'generic_baseblocks_v2_1_0_mux_enc__parameterized0' (7#1) [e:/ETH2SER/SoftwareProjects/UART2ETH970402_LEDPanel_Included_KeyPad/UART2ETH.srcs/sources_1/bd/Uart_ETH/ipshared/f9c1/hdl/generic_baseblocks_v2_1_vl_rfs.v:2452]
INFO: [Synth 8-638] synthesizing module 'generic_baseblocks_v2_1_0_mux_enc__parameterized1' [e:/ETH2SER/SoftwareProjects/UART2ETH970402_LEDPanel_Included_KeyPad/UART2ETH.srcs/sources_1/bd/Uart_ETH/ipshared/f9c1/hdl/generic_baseblocks_v2_1_vl_rfs.v:2452]
INFO: [Synth 8-256] done synthesizing module 'generic_baseblocks_v2_1_0_mux_enc__parameterized1' (7#1) [e:/ETH2SER/SoftwareProjects/UART2ETH970402_LEDPanel_Included_KeyPad/UART2ETH.srcs/sources_1/bd/Uart_ETH/ipshared/f9c1/hdl/generic_baseblocks_v2_1_vl_rfs.v:2452]
INFO: [Synth 8-638] synthesizing module 'axi_register_slice_v2_1_13_axic_register_slice' [e:/ETH2SER/SoftwareProjects/UART2ETH970402_LEDPanel_Included_KeyPad/UART2ETH.srcs/sources_1/bd/Uart_ETH/ipshared/55c0/hdl/axi_register_slice_v2_1_vl_rfs.v:85]
INFO: [Synth 8-256] done synthesizing module 'axi_register_slice_v2_1_13_axic_register_slice' (8#1) [e:/ETH2SER/SoftwareProjects/UART2ETH970402_LEDPanel_Included_KeyPad/UART2ETH.srcs/sources_1/bd/Uart_ETH/ipshared/55c0/hdl/axi_register_slice_v2_1_vl_rfs.v:85]
INFO: [Synth 8-638] synthesizing module 'generic_baseblocks_v2_1_0_mux_enc__parameterized2' [e:/ETH2SER/SoftwareProjects/UART2ETH970402_LEDPanel_Included_KeyPad/UART2ETH.srcs/sources_1/bd/Uart_ETH/ipshared/f9c1/hdl/generic_baseblocks_v2_1_vl_rfs.v:2452]
INFO: [Synth 8-256] done synthesizing module 'generic_baseblocks_v2_1_0_mux_enc__parameterized2' (8#1) [e:/ETH2SER/SoftwareProjects/UART2ETH970402_LEDPanel_Included_KeyPad/UART2ETH.srcs/sources_1/bd/Uart_ETH/ipshared/f9c1/hdl/generic_baseblocks_v2_1_vl_rfs.v:2452]
INFO: [Synth 8-256] done synthesizing module 'axi_crossbar_v2_1_14_crossbar_sasd' (9#1) [e:/ETH2SER/SoftwareProjects/UART2ETH970402_LEDPanel_Included_KeyPad/UART2ETH.srcs/sources_1/bd/Uart_ETH/ipshared/f582/hdl/axi_crossbar_v2_1_vl_rfs.v:1240]
INFO: [Synth 8-256] done synthesizing module 'axi_crossbar_v2_1_14_axi_crossbar' (10#1) [e:/ETH2SER/SoftwareProjects/UART2ETH970402_LEDPanel_Included_KeyPad/UART2ETH.srcs/sources_1/bd/Uart_ETH/ipshared/f582/hdl/axi_crossbar_v2_1_vl_rfs.v:4882]
INFO: [Synth 8-256] done synthesizing module 'Uart_ETH_xbar_0' (11#1) [e:/ETH2SER/SoftwareProjects/UART2ETH970402_LEDPanel_Included_KeyPad/UART2ETH.srcs/sources_1/bd/Uart_ETH/ip/Uart_ETH_xbar_0/synth/Uart_ETH_xbar_0.v:59]
Finished RTL Elaboration : Time (s): cpu = 00:00:13 ; elapsed = 00:00:13 . Memory (MB): peak = 536.281 ; gain = 203.012
Finished RTL Optimization Phase 1 : Time (s): cpu = 00:00:13 ; elapsed = 00:00:14 . Memory (MB): peak = 536.281 ; gain = 203.012
INFO: [Device 21-403] Loading part xc7z020clg400-1
Constraint Validation Runtime : Time (s): cpu = 00:00:00 ; elapsed = 00:00:00.056 . Memory (MB): peak = 781.125 ; gain = 0.000
Finished Constraint Validation : Time (s): cpu = 00:00:26 ; elapsed = 00:00:26 . Memory (MB): peak = 781.125 ; gain = 447.855
Finished Loading Part and Timing Information : Time (s): cpu = 00:00:26 ; elapsed = 00:00:26 . Memory (MB): peak = 781.125 ; gain = 447.855
Finished applying 'set_property' XDC Constraints : Time (s): cpu = 00:00:26 ; elapsed = 00:00:26 . Memory (MB): peak = 781.125 ; gain = 447.855
Finished RTL Optimization Phase 2 : Time (s): cpu = 00:00:26 ; elapsed = 00:00:27 . Memory (MB): peak = 781.125 ; gain = 447.855
Finished Cross Boundary and Area Optimization : Time (s): cpu = 00:00:28 ; elapsed = 00:00:28 . Memory (MB): peak = 781.125 ; gain = 447.855
Finished Applying XDC Timing Constraints : Time (s): cpu = 00:00:39 ; elapsed = 00:00:40 . Memory (MB): peak = 781.125 ; gain = 447.855
Finished Timing Optimization : Time (s): cpu = 00:00:40 ; elapsed = 00:00:41 . Memory (MB): peak = 781.125 ; gain = 447.855
Finished Technology Mapping : Time (s): cpu = 00:00:40 ; elapsed = 00:00:41 . Memory (MB): peak = 781.125 ; gain = 447.855
Finished IO Insertion : Time (s): cpu = 00:00:41 ; elapsed = 00:00:42 . Memory (MB): peak = 781.125 ; gain = 447.855
Finished Renaming Generated Instances : Time (s): cpu = 00:00:41 ; elapsed = 00:00:42 . Memory (MB): peak = 781.125 ; gain = 447.855
Finished Rebuilding User Hierarchy : Time (s): cpu = 00:00:41 ; elapsed = 00:00:42 . Memory (MB): peak = 781.125 ; gain = 447.855
Finished Renaming Generated Ports : Time (s): cpu = 00:00:41 ; elapsed = 00:00:42 . Memory (MB): peak = 781.125 ; gain = 447.855
Finished Handling Custom Attributes : Time (s): cpu = 00:00:41 ; elapsed = 00:00:42 . Memory (MB): peak = 781.125 ; gain = 447.855
Finished Renaming Generated Nets : Time (s): cpu = 00:00:41 ; elapsed = 00:00:42 . Memory (MB): peak = 781.125 ; gain = 447.855

Report Cell Usage: 
+------+-----+------+
|      |Cell |Count |
+------+-----+------+
|1     |LUT1 |     2|
|2     |LUT2 |    49|
|3     |LUT3 |    12|
|4     |LUT4 |    81|
|5     |LUT5 |    42|
|6     |LUT6 |    99|
|7     |FDRE |   134|
+------+-----+------+
Finished Writing Synthesis Report : Time (s): cpu = 00:00:41 ; elapsed = 00:00:42 . Memory (MB): peak = 781.125 ; gain = 447.855
synth_design: Time (s): cpu = 00:00:43 ; elapsed = 00:00:44 . Memory (MB): peak = 781.125 ; gain = 452.426
