
*** Running vivado
    with args -log Uart_ETH_ila_0_0.vds -m64 -product Vivado -mode batch -messageDb vivado.pb -notrace -source Uart_ETH_ila_0_0.tcl


****** Vivado v2017.2 (64-bit)
  **** SW Build 1909853 on Thu Jun 15 18:39:09 MDT 2017
  **** IP Build 1909766 on Thu Jun 15 19:58:00 MDT 2017
    ** Copyright 1986-2017 Xilinx, Inc. All Rights Reserved.

source Uart_ETH_ila_0_0.tcl -notrace
Starting RTL Elaboration : Time (s): cpu = 00:00:11 ; elapsed = 00:00:11 . Memory (MB): peak = 451.852 ; gain = 102.086
INFO: [Synth 8-638] synthesizing module 'Uart_ETH_ila_0_0' [e:/ETH2SER/SoftwareProjects/UART2ETH970331_LEDPanel/UART2ETH.srcs/sources_1/bd/Uart_ETH/ip/Uart_ETH_ila_0_0/synth/Uart_ETH_ila_0_0.vhd:66]
INFO: [Synth 8-638] synthesizing module 'CFGLUT5' [C:/Xilinx/Vivado/2017.2/scripts/rt/data/unisim_comp.v:998]
INFO: [Synth 8-256] done synthesizing module 'CFGLUT5' (8#1) [C:/Xilinx/Vivado/2017.2/scripts/rt/data/unisim_comp.v:998]
INFO: [Synth 8-638] synthesizing module 'CARRY4' [C:/Xilinx/Vivado/2017.2/scripts/rt/data/unisim_comp.v:961]
INFO: [Synth 8-256] done synthesizing module 'CARRY4' (9#1) [C:/Xilinx/Vivado/2017.2/scripts/rt/data/unisim_comp.v:961]
INFO: [Synth 8-638] synthesizing module 'SRLC32E' [C:/Xilinx/Vivado/2017.2/scripts/rt/data/unisim_comp.v:43823]
INFO: [Synth 8-256] done synthesizing module 'SRLC32E' (19#1) [C:/Xilinx/Vivado/2017.2/scripts/rt/data/unisim_comp.v:43823]
INFO: [Synth 8-638] synthesizing module 'SRL16E' [C:/Xilinx/Vivado/2017.2/scripts/rt/data/unisim_comp.v:43673]
INFO: [Synth 8-256] done synthesizing module 'SRL16E' (21#1) [C:/Xilinx/Vivado/2017.2/scripts/rt/data/unisim_comp.v:43673]
INFO: [Synth 8-638] synthesizing module 'SRLC16E' [C:/Xilinx/Vivado/2017.2/scripts/rt/data/unisim_comp.v:43762]
INFO: [Synth 8-256] done synthesizing module 'SRLC16E' (23#1) [C:/Xilinx/Vivado/2017.2/scripts/rt/data/unisim_comp.v:43762]
INFO: [Synth 8-638] synthesizing module 'FDRE' [C:/Xilinx/Vivado/2017.2/scripts/rt/data/unisim_comp.v:3964]
INFO: [Synth 8-256] done synthesizing module 'FDRE' (28#1) [C:/Xilinx/Vivado/2017.2/scripts/rt/data/unisim_comp.v:3964]
INFO: [Synth 8-256] done synthesizing module 'Uart_ETH_ila_0_0' (46#1) [e:/ETH2SER/SoftwareProjects/UART2ETH970331_LEDPanel/UART2ETH.srcs/sources_1/bd/Uart_ETH/ip/Uart_ETH_ila_0_0/synth/Uart_ETH_ila_0_0.vhd:66]
Finished RTL Elaboration : Time (s): cpu = 00:01:27 ; elapsed = 00:01:28 . Memory (MB): peak = 772.504 ; gain = 422.738
Finished RTL Optimization Phase 1 : Time (s): cpu = 00:01:27 ; elapsed = 00:01:28 . Memory (MB): peak = 772.504 ; gain = 422.738
INFO: [Device 21-403] Loading part xc7z020clg400-1
Constraint Validation Runtime : Time (s): cpu = 00:00:01 ; elapsed = 00:00:00.095 . Memory (MB): peak = 852.027 ; gain = 0.000
Finished Constraint Validation : Time (s): cpu = 00:01:44 ; elapsed = 00:01:46 . Memory (MB): peak = 852.027 ; gain = 502.262
Finished Loading Part and Timing Information : Time (s): cpu = 00:01:44 ; elapsed = 00:01:46 . Memory (MB): peak = 852.027 ; gain = 502.262
Finished applying 'set_property' XDC Constraints : Time (s): cpu = 00:01:44 ; elapsed = 00:01:46 . Memory (MB): peak = 852.027 ; gain = 502.262
Finished RTL Optimization Phase 2 : Time (s): cpu = 00:01:47 ; elapsed = 00:01:48 . Memory (MB): peak = 852.027 ; gain = 502.262
Finished Cross Boundary and Area Optimization : Time (s): cpu = 00:01:56 ; elapsed = 00:01:58 . Memory (MB): peak = 852.027 ; gain = 502.262
Finished Applying XDC Timing Constraints : Time (s): cpu = 00:02:10 ; elapsed = 00:02:12 . Memory (MB): peak = 852.027 ; gain = 502.262
Finished Timing Optimization : Time (s): cpu = 00:02:10 ; elapsed = 00:02:12 . Memory (MB): peak = 852.027 ; gain = 502.262
Finished Technology Mapping : Time (s): cpu = 00:02:11 ; elapsed = 00:02:14 . Memory (MB): peak = 852.027 ; gain = 502.262
Finished IO Insertion : Time (s): cpu = 00:02:12 ; elapsed = 00:02:14 . Memory (MB): peak = 852.027 ; gain = 502.262
Finished Renaming Generated Instances : Time (s): cpu = 00:02:12 ; elapsed = 00:02:14 . Memory (MB): peak = 852.027 ; gain = 502.262
Finished Rebuilding User Hierarchy : Time (s): cpu = 00:02:13 ; elapsed = 00:02:15 . Memory (MB): peak = 852.027 ; gain = 502.262
Finished Renaming Generated Ports : Time (s): cpu = 00:02:13 ; elapsed = 00:02:15 . Memory (MB): peak = 852.027 ; gain = 502.262
Finished Handling Custom Attributes : Time (s): cpu = 00:02:13 ; elapsed = 00:02:15 . Memory (MB): peak = 852.027 ; gain = 502.262
Finished Renaming Generated Nets : Time (s): cpu = 00:02:13 ; elapsed = 00:02:15 . Memory (MB): peak = 852.027 ; gain = 502.262

Report Cell Usage: 
+------+---------+------+
|      |Cell     |Count |
+------+---------+------+
|1     |CARRY4   |    41|
|2     |CFGLUT5  |   119|
|3     |LUT1     |    37|
|4     |LUT2     |    53|
|5     |LUT3     |   107|
|6     |LUT4     |   167|
|7     |LUT5     |   113|
|8     |LUT6     |   484|
|9     |MUXF7    |    24|
|10    |RAMB18E1 |     1|
|11    |RAMB36E1 |     1|
|12    |SRL16E   |    40|
|13    |SRLC16E  |     2|
|14    |SRLC32E  |    17|
|15    |FDRE     |  1526|
|16    |FDSE     |     9|
+------+---------+------+
Finished Writing Synthesis Report : Time (s): cpu = 00:02:13 ; elapsed = 00:02:15 . Memory (MB): peak = 852.027 ; gain = 502.262
synth_design: Time (s): cpu = 00:02:17 ; elapsed = 00:02:19 . Memory (MB): peak = 852.027 ; gain = 502.262
