Copyright 1986-2017 Xilinx, Inc. All Rights Reserved.
------------------------------------------------------------------------------------
| Tool Version : Vivado v.2017.2 (win64) Build 1909853 Thu Jun 15 18:39:09 MDT 2017
| Date         : Sun Aug 12 16:03:05 2018
| Host         : AVACO-PC2 running 64-bit Service Pack 1  (build 7601)
| Command      : upgrade_ip
| Device       : xc7z020clg400-1
------------------------------------------------------------------------------------

Upgrade Log for IP 'Uart_ETH_PISO_0_0'

1. Summary
----------

SUCCESS in the conversion of Uart_ETH_PISO_0_0 (xilinx.com:user:PISO:1.0 (Rev. 2)) to Vivado generation flows.






Copyright 1986-2017 Xilinx, Inc. All Rights Reserved.
------------------------------------------------------------------------------------
| Tool Version : Vivado v.2017.2 (win64) Build 1909853 Thu Jun 15 18:39:09 MDT 2017
| Date         : Sat Jul  7 13:37:29 2018
| Host         : AVACO-PC2 running 64-bit Service Pack 1  (build 7601)
| Command      : upgrade_ip
| Device       : xc7z020clg400-1
------------------------------------------------------------------------------------

Upgrade Log for IP 'Uart_ETH_UART_RX_Extended_0_9'

1. Summary
----------

SUCCESS in the conversion of Uart_ETH_UART_RX_Extended_0_9 (xilinx.com:user:UART_RX_Extended:1.0 (Rev. 2)) to Vivado generation flows.






Copyright 1986-2017 Xilinx, Inc. All Rights Reserved.
------------------------------------------------------------------------------------
| Tool Version : Vivado v.2017.2 (win64) Build 1909853 Thu Jun 15 18:39:09 MDT 2017
| Date         : Sat Jul  7 13:37:29 2018
| Host         : AVACO-PC2 running 64-bit Service Pack 1  (build 7601)
| Command      : upgrade_ip
| Device       : xc7z020clg400-1
------------------------------------------------------------------------------------

Upgrade Log for IP 'Uart_ETH_UART_RX_Extended_0_8'

1. Summary
----------

SUCCESS in the conversion of Uart_ETH_UART_RX_Extended_0_8 (xilinx.com:user:UART_RX_Extended:1.0 (Rev. 2)) to Vivado generation flows.






Copyright 1986-2017 Xilinx, Inc. All Rights Reserved.
------------------------------------------------------------------------------------
| Tool Version : Vivado v.2017.2 (win64) Build 1909853 Thu Jun 15 18:39:09 MDT 2017
| Date         : Sat Jul  7 13:37:28 2018
| Host         : AVACO-PC2 running 64-bit Service Pack 1  (build 7601)
| Command      : upgrade_ip
| Device       : xc7z020clg400-1
------------------------------------------------------------------------------------

Upgrade Log for IP 'Uart_ETH_UART_RX_Extended_0_7'

1. Summary
----------

SUCCESS in the conversion of Uart_ETH_UART_RX_Extended_0_7 (xilinx.com:user:UART_RX_Extended:1.0 (Rev. 2)) to Vivado generation flows.






Copyright 1986-2017 Xilinx, Inc. All Rights Reserved.
------------------------------------------------------------------------------------
| Tool Version : Vivado v.2017.2 (win64) Build 1909853 Thu Jun 15 18:39:09 MDT 2017
| Date         : Sat Jul  7 13:37:28 2018
| Host         : AVACO-PC2 running 64-bit Service Pack 1  (build 7601)
| Command      : upgrade_ip
| Device       : xc7z020clg400-1
------------------------------------------------------------------------------------

Upgrade Log for IP 'Uart_ETH_UART_RX_Extended_0_6'

1. Summary
----------

SUCCESS in the conversion of Uart_ETH_UART_RX_Extended_0_6 (xilinx.com:user:UART_RX_Extended:1.0 (Rev. 2)) to Vivado generation flows.






Copyright 1986-2017 Xilinx, Inc. All Rights Reserved.
------------------------------------------------------------------------------------
| Tool Version : Vivado v.2017.2 (win64) Build 1909853 Thu Jun 15 18:39:09 MDT 2017
| Date         : Sat Jul  7 13:37:28 2018
| Host         : AVACO-PC2 running 64-bit Service Pack 1  (build 7601)
| Command      : upgrade_ip
| Device       : xc7z020clg400-1
------------------------------------------------------------------------------------

Upgrade Log for IP 'Uart_ETH_UART_RX_Extended_0_5'

1. Summary
----------

SUCCESS in the conversion of Uart_ETH_UART_RX_Extended_0_5 (xilinx.com:user:UART_RX_Extended:1.0 (Rev. 2)) to Vivado generation flows.






Copyright 1986-2017 Xilinx, Inc. All Rights Reserved.
------------------------------------------------------------------------------------
| Tool Version : Vivado v.2017.2 (win64) Build 1909853 Thu Jun 15 18:39:09 MDT 2017
| Date         : Sat Jul  7 13:37:28 2018
| Host         : AVACO-PC2 running 64-bit Service Pack 1  (build 7601)
| Command      : upgrade_ip
| Device       : xc7z020clg400-1
------------------------------------------------------------------------------------

Upgrade Log for IP 'Uart_ETH_UART_RX_Extended_0_4'

1. Summary
----------

SUCCESS in the conversion of Uart_ETH_UART_RX_Extended_0_4 (xilinx.com:user:UART_RX_Extended:1.0 (Rev. 2)) to Vivado generation flows.






Copyright 1986-2017 Xilinx, Inc. All Rights Reserved.
------------------------------------------------------------------------------------
| Tool Version : Vivado v.2017.2 (win64) Build 1909853 Thu Jun 15 18:39:09 MDT 2017
| Date         : Sat Jul  7 13:37:28 2018
| Host         : AVACO-PC2 running 64-bit Service Pack 1  (build 7601)
| Command      : upgrade_ip
| Device       : xc7z020clg400-1
------------------------------------------------------------------------------------

Upgrade Log for IP 'Uart_ETH_UART_RX_Extended_0_19'

1. Summary
----------

SUCCESS in the conversion of Uart_ETH_UART_RX_Extended_0_19 (xilinx.com:user:UART_RX_Extended:1.0 (Rev. 2)) to Vivado generation flows.






Copyright 1986-2017 Xilinx, Inc. All Rights Reserved.
------------------------------------------------------------------------------------
| Tool Version : Vivado v.2017.2 (win64) Build 1909853 Thu Jun 15 18:39:09 MDT 2017
| Date         : Sat Jul  7 13:37:28 2018
| Host         : AVACO-PC2 running 64-bit Service Pack 1  (build 7601)
| Command      : upgrade_ip
| Device       : xc7z020clg400-1
------------------------------------------------------------------------------------

Upgrade Log for IP 'Uart_ETH_UART_RX_Extended_0_18'

1. Summary
----------

SUCCESS in the conversion of Uart_ETH_UART_RX_Extended_0_18 (xilinx.com:user:UART_RX_Extended:1.0 (Rev. 2)) to Vivado generation flows.






Copyright 1986-2017 Xilinx, Inc. All Rights Reserved.
------------------------------------------------------------------------------------
| Tool Version : Vivado v.2017.2 (win64) Build 1909853 Thu Jun 15 18:39:09 MDT 2017
| Date         : Sat Jul  7 13:37:28 2018
| Host         : AVACO-PC2 running 64-bit Service Pack 1  (build 7601)
| Command      : upgrade_ip
| Device       : xc7z020clg400-1
------------------------------------------------------------------------------------

Upgrade Log for IP 'Uart_ETH_UART_RX_Extended_0_17'

1. Summary
----------

SUCCESS in the conversion of Uart_ETH_UART_RX_Extended_0_17 (xilinx.com:user:UART_RX_Extended:1.0 (Rev. 2)) to Vivado generation flows.






Copyright 1986-2017 Xilinx, Inc. All Rights Reserved.
------------------------------------------------------------------------------------
| Tool Version : Vivado v.2017.2 (win64) Build 1909853 Thu Jun 15 18:39:09 MDT 2017
| Date         : Sat Jul  7 13:37:28 2018
| Host         : AVACO-PC2 running 64-bit Service Pack 1  (build 7601)
| Command      : upgrade_ip
| Device       : xc7z020clg400-1
------------------------------------------------------------------------------------

Upgrade Log for IP 'Uart_ETH_UART_RX_Extended_0_16'

1. Summary
----------

SUCCESS in the conversion of Uart_ETH_UART_RX_Extended_0_16 (xilinx.com:user:UART_RX_Extended:1.0 (Rev. 2)) to Vivado generation flows.






Copyright 1986-2017 Xilinx, Inc. All Rights Reserved.
------------------------------------------------------------------------------------
| Tool Version : Vivado v.2017.2 (win64) Build 1909853 Thu Jun 15 18:39:09 MDT 2017
| Date         : Sat Jul  7 13:37:28 2018
| Host         : AVACO-PC2 running 64-bit Service Pack 1  (build 7601)
| Command      : upgrade_ip
| Device       : xc7z020clg400-1
------------------------------------------------------------------------------------

Upgrade Log for IP 'Uart_ETH_UART_RX_Extended_0_15'

1. Summary
----------

SUCCESS in the conversion of Uart_ETH_UART_RX_Extended_0_15 (xilinx.com:user:UART_RX_Extended:1.0 (Rev. 2)) to Vivado generation flows.






Copyright 1986-2017 Xilinx, Inc. All Rights Reserved.
------------------------------------------------------------------------------------
| Tool Version : Vivado v.2017.2 (win64) Build 1909853 Thu Jun 15 18:39:09 MDT 2017
| Date         : Sat Jul  7 13:37:28 2018
| Host         : AVACO-PC2 running 64-bit Service Pack 1  (build 7601)
| Command      : upgrade_ip
| Device       : xc7z020clg400-1
------------------------------------------------------------------------------------

Upgrade Log for IP 'Uart_ETH_UART_RX_Extended_0_14'

1. Summary
----------

SUCCESS in the conversion of Uart_ETH_UART_RX_Extended_0_14 (xilinx.com:user:UART_RX_Extended:1.0 (Rev. 2)) to Vivado generation flows.






Copyright 1986-2017 Xilinx, Inc. All Rights Reserved.
------------------------------------------------------------------------------------
| Tool Version : Vivado v.2017.2 (win64) Build 1909853 Thu Jun 15 18:39:09 MDT 2017
| Date         : Sat Jul  7 13:37:28 2018
| Host         : AVACO-PC2 running 64-bit Service Pack 1  (build 7601)
| Command      : upgrade_ip
| Device       : xc7z020clg400-1
------------------------------------------------------------------------------------

Upgrade Log for IP 'Uart_ETH_UART_RX_Extended_0_13'

1. Summary
----------

SUCCESS in the conversion of Uart_ETH_UART_RX_Extended_0_13 (xilinx.com:user:UART_RX_Extended:1.0 (Rev. 2)) to Vivado generation flows.






Copyright 1986-2017 Xilinx, Inc. All Rights Reserved.
------------------------------------------------------------------------------------
| Tool Version : Vivado v.2017.2 (win64) Build 1909853 Thu Jun 15 18:39:09 MDT 2017
| Date         : Sat Jul  7 13:37:28 2018
| Host         : AVACO-PC2 running 64-bit Service Pack 1  (build 7601)
| Command      : upgrade_ip
| Device       : xc7z020clg400-1
------------------------------------------------------------------------------------

Upgrade Log for IP 'Uart_ETH_UART_RX_Extended_0_12'

1. Summary
----------

SUCCESS in the conversion of Uart_ETH_UART_RX_Extended_0_12 (xilinx.com:user:UART_RX_Extended:1.0 (Rev. 2)) to Vivado generation flows.






Copyright 1986-2017 Xilinx, Inc. All Rights Reserved.
------------------------------------------------------------------------------------
| Tool Version : Vivado v.2017.2 (win64) Build 1909853 Thu Jun 15 18:39:09 MDT 2017
| Date         : Sat Jul  7 13:37:28 2018
| Host         : AVACO-PC2 running 64-bit Service Pack 1  (build 7601)
| Command      : upgrade_ip
| Device       : xc7z020clg400-1
------------------------------------------------------------------------------------

Upgrade Log for IP 'Uart_ETH_UART_RX_Extended_0_11'

1. Summary
----------

SUCCESS in the conversion of Uart_ETH_UART_RX_Extended_0_11 (xilinx.com:user:UART_RX_Extended:1.0 (Rev. 2)) to Vivado generation flows.






Copyright 1986-2017 Xilinx, Inc. All Rights Reserved.
------------------------------------------------------------------------------------
| Tool Version : Vivado v.2017.2 (win64) Build 1909853 Thu Jun 15 18:39:09 MDT 2017
| Date         : Sat Jul  7 13:37:28 2018
| Host         : AVACO-PC2 running 64-bit Service Pack 1  (build 7601)
| Command      : upgrade_ip
| Device       : xc7z020clg400-1
------------------------------------------------------------------------------------

Upgrade Log for IP 'Uart_ETH_UART_RX_Extended_0_0'

1. Summary
----------

SUCCESS in the conversion of Uart_ETH_UART_RX_Extended_0_0 (xilinx.com:user:UART_RX_Extended:1.0 (Rev. 2)) to Vivado generation flows.






Copyright 1986-2017 Xilinx, Inc. All Rights Reserved.
------------------------------------------------------------------------------------
| Tool Version : Vivado v.2017.2 (win64) Build 1909853 Thu Jun 15 18:39:09 MDT 2017
| Date         : Wed Jul  4 10:19:26 2018
| Host         : AVACO-PC2 running 64-bit Service Pack 1  (build 7601)
| Command      : upgrade_ip
| Device       : xc7z020clg400-1
------------------------------------------------------------------------------------

Upgrade Log for IP 'Uart_ETH_UART_Config_Register_0_0'

1. Summary
----------

CAUTION (success, with warnings) in the upgrade of Uart_ETH_UART_Config_Register_0_0 (xilinx.com:hls:UART_Config_Register:1.0) from (Rev. 1806131615) to (Rev. 1807031418)

After upgrade, an IP may have parameter and port differences compared to the original customization. Please review the parameters within the IP customization GUI to ensure proper functionality. Also, please review the updated IP instantiation template to ensure proper connectivity, and update your design if required.

2. Connection Warnings
----------------------

Detected external port differences while upgrading 'Uart_ETH_UART_Config_Register_0_0'. These changes may impact your design.


-Upgraded port 'ap_return' width 128 differs from original width 112







Copyright 1986-2017 Xilinx, Inc. All Rights Reserved.
------------------------------------------------------------------------------------
| Tool Version : Vivado v.2017.2 (win64) Build 1909853 Thu Jun 15 18:39:09 MDT 2017
| Date         : Wed Jul  4 10:19:26 2018
| Host         : AVACO-PC2 running 64-bit Service Pack 1  (build 7601)
| Command      : upgrade_ip
| Device       : xc7z020clg400-1
------------------------------------------------------------------------------------

Upgrade Log for IP 'Uart_ETH_Extract_UART_Features_0_0'

1. Summary
----------

CAUTION (success, with warnings) in the conversion of Uart_ETH_Extract_UART_Features_0_0 (xilinx.com:user:Extract_UART_Features:1.0 (Rev. 3)) to Vivado generation flows.

After upgrade, an IP may have parameter and port differences compared to the original customization. Please review the parameters within the IP customization GUI to ensure proper functionality. Also, please review the updated IP instantiation template to ensure proper connectivity, and update your design if required.

2. Connection Warnings
----------------------

Detected external port differences while upgrading 'Uart_ETH_Extract_UART_Features_0_0'. These changes may impact your design.


-Upgraded port 'i_input' width 128 differs from original width 112

-Upgraded port 'o_StopBit_0' width 2 differs from original width 1

-Upgraded port 'o_StopBit_1' width 2 differs from original width 1

-Upgraded port 'o_StopBit_10' width 2 differs from original width 1

-Upgraded port 'o_StopBit_11' width 2 differs from original width 1

-Upgraded port 'o_StopBit_12' width 2 differs from original width 1

-Upgraded port 'o_StopBit_13' width 2 differs from original width 1

-Upgraded port 'o_StopBit_14' width 2 differs from original width 1

-Upgraded port 'o_StopBit_15' width 2 differs from original width 1

-Upgraded port 'o_StopBit_2' width 2 differs from original width 1

-Upgraded port 'o_StopBit_3' width 2 differs from original width 1

-Upgraded port 'o_StopBit_4' width 2 differs from original width 1

-Upgraded port 'o_StopBit_5' width 2 differs from original width 1

-Upgraded port 'o_StopBit_6' width 2 differs from original width 1

-Upgraded port 'o_StopBit_7' width 2 differs from original width 1

-Upgraded port 'o_StopBit_8' width 2 differs from original width 1

-Upgraded port 'o_StopBit_9' width 2 differs from original width 1







Copyright 1986-2017 Xilinx, Inc. All Rights Reserved.
------------------------------------------------------------------------------------
| Tool Version : Vivado v.2017.2 (win64) Build 1909853 Thu Jun 15 18:39:09 MDT 2017
| Date         : Mon Jul  2 18:09:15 2018
| Host         : AVACO-PC2 running 64-bit Service Pack 1  (build 7601)
| Command      : upgrade_ip
| Device       : xc7z020clg400-1
------------------------------------------------------------------------------------

Upgrade Log for IP 'Uart_ETH_AllDataMover_0_0'

1. Summary
----------

SUCCESS in the upgrade of Uart_ETH_AllDataMover_0_0 (xilinx.com:hls:AllDataMover:1.0) from (Rev. 1807020922) to (Rev. 1807021807)






Copyright 1986-2017 Xilinx, Inc. All Rights Reserved.
------------------------------------------------------------------------------------
| Tool Version : Vivado v.2017.2 (win64) Build 1909853 Thu Jun 15 18:39:09 MDT 2017
| Date         : Mon Jul  2 13:23:45 2018
| Host         : AVACO-PC2 running 64-bit Service Pack 1  (build 7601)
| Command      : upgrade_ip
| Device       : xc7z020clg400-1
------------------------------------------------------------------------------------

Upgrade Log for IP 'Uart_ETH_All_Data_Sender_0_4'

1. Summary
----------

CAUTION (success, with warnings) in the upgrade of Uart_ETH_All_Data_Sender_0_4 (xilinx.com:hls:All_Data_Sender:1.0) from (Rev. 1807020942) to (Rev. 1807021321)

After upgrade, an IP may have parameter and port differences compared to the original customization. Please review the parameters within the IP customization GUI to ensure proper functionality. Also, please review the updated IP instantiation template to ensure proper connectivity, and update your design if required.

2. Connection Warnings
----------------------

Detected external port differences while upgrading 'Uart_ETH_All_Data_Sender_0_4'. These changes may impact your design.


-Upgraded port 's_axi_AXILiteS_ARADDR' width 9 differs from original width 8

-Upgraded port 's_axi_AXILiteS_AWADDR' width 9 differs from original width 8







Copyright 1986-2017 Xilinx, Inc. All Rights Reserved.
------------------------------------------------------------------------------------
| Tool Version : Vivado v.2017.2 (win64) Build 1909853 Thu Jun 15 18:39:09 MDT 2017
| Date         : Mon Jul  2 09:51:17 2018
| Host         : AVACO-PC2 running 64-bit Service Pack 1  (build 7601)
| Command      : upgrade_ip
| Device       : xc7z020clg400-1
------------------------------------------------------------------------------------

Upgrade Log for IP 'Uart_ETH_All_Data_Sender_0_4'

1. Summary
----------

CAUTION (success, with warnings) in the upgrade of Uart_ETH_All_Data_Sender_0_4 (xilinx.com:hls:All_Data_Sender:1.0) from (Rev. 1806111127) to (Rev. 1807020942)

After upgrade, an IP may have parameter and port differences compared to the original customization. Please review the parameters within the IP customization GUI to ensure proper functionality. Also, please review the updated IP instantiation template to ensure proper connectivity, and update your design if required.

2. Interface Information
------------------------

Detected external interface differences while upgrading 'Uart_ETH_All_Data_Sender_0_4'.


-Upgrade has added interface 'uart17_V' (xilinx.com:interface:acc_fifo_write:1.0)

-Upgrade has added interface 'uart18_V' (xilinx.com:interface:acc_fifo_write:1.0)


3. Connection Warnings
----------------------

Detected external port differences while upgrading 'Uart_ETH_All_Data_Sender_0_4'. These changes may impact your design.


-Upgrade has added port 'uart17_V_din'

-Upgrade has added port 'uart17_V_full_n'

-Upgrade has added port 'uart17_V_write'

-Upgrade has added port 'uart18_V_din'

-Upgrade has added port 'uart18_V_full_n'

-Upgrade has added port 'uart18_V_write'







Copyright 1986-2017 Xilinx, Inc. All Rights Reserved.
------------------------------------------------------------------------------------
| Tool Version : Vivado v.2017.2 (win64) Build 1909853 Thu Jun 15 18:39:09 MDT 2017
| Date         : Mon Jul  2 09:35:16 2018
| Host         : AVACO-PC2 running 64-bit Service Pack 1  (build 7601)
| Command      : upgrade_ip
| Device       : xc7z020clg400-1
------------------------------------------------------------------------------------

Upgrade Log for IP 'Uart_ETH_AllDataMover_0_0'

1. Summary
----------

CAUTION (success, with warnings) in the upgrade of Uart_ETH_AllDataMover_0_0 (xilinx.com:hls:AllDataMover:1.0) from (Rev. 1805211915) to (Rev. 1807020922)

After upgrade, an IP may have parameter and port differences compared to the original customization. Please review the parameters within the IP customization GUI to ensure proper functionality. Also, please review the updated IP instantiation template to ensure proper connectivity, and update your design if required.

2. Interface Information
------------------------

Detected external interface differences while upgrading 'Uart_ETH_AllDataMover_0_0'.


-Upgrade has added interface 'uart17_V' (xilinx.com:interface:acc_fifo_read:1.0)

-Upgrade has added interface 'uart18_V' (xilinx.com:interface:acc_fifo_read:1.0)


3. Connection Warnings
----------------------

Detected external port differences while upgrading 'Uart_ETH_AllDataMover_0_0'. These changes may impact your design.


-Upgraded port 'busy_V' width 18 differs from original width 16

-Upgrade has added port 'uart17_V_dout'

-Upgrade has added port 'uart17_V_empty_n'

-Upgrade has added port 'uart17_V_read'

-Upgrade has added port 'uart18_V_dout'

-Upgrade has added port 'uart18_V_empty_n'

-Upgrade has added port 'uart18_V_read'







Copyright 1986-2017 Xilinx, Inc. All Rights Reserved.
------------------------------------------------------------------------------------
| Tool Version : Vivado v.2017.2 (win64) Build 1909853 Thu Jun 15 18:39:09 MDT 2017
| Date         : Sun Jun 24 14:13:40 2018
| Host         : AVACO-PC2 running 64-bit Service Pack 1  (build 7601)
| Command      : upgrade_ip
| Device       : xc7z020clg400-1
------------------------------------------------------------------------------------

Upgrade Log for IP 'Uart_ETH_Tick_Timer_General_0_1'

1. Summary
----------

SUCCESS in the conversion of Uart_ETH_Tick_Timer_General_0_1 (xilinx.com:user:Tick_Timer_General:1.0 (Rev. 3)) to Vivado generation flows.






Copyright 1986-2017 Xilinx, Inc. All Rights Reserved.
------------------------------------------------------------------------------------
| Tool Version : Vivado v.2017.2 (win64) Build 1909853 Thu Jun 15 18:39:09 MDT 2017
| Date         : Sun Jun 24 14:13:40 2018
| Host         : AVACO-PC2 running 64-bit Service Pack 1  (build 7601)
| Command      : upgrade_ip
| Device       : xc7z020clg400-1
------------------------------------------------------------------------------------

Upgrade Log for IP 'Uart_ETH_Tick_Timer_General_0_0'

1. Summary
----------

SUCCESS in the conversion of Uart_ETH_Tick_Timer_General_0_0 (xilinx.com:user:Tick_Timer_General:1.0 (Rev. 3)) to Vivado generation flows.






Copyright 1986-2017 Xilinx, Inc. All Rights Reserved.
------------------------------------------------------------------------------------
| Tool Version : Vivado v.2017.2 (win64) Build 1909853 Thu Jun 15 18:39:09 MDT 2017
| Date         : Sat Jun 23 11:38:04 2018
| Host         : AVACO-PC2 running 64-bit Service Pack 1  (build 7601)
| Command      : upgrade_ip
| Device       : xc7z020clg400-1
------------------------------------------------------------------------------------

Upgrade Log for IP 'Uart_ETH_Tick_Timer_General_0_0'

1. Summary
----------

SUCCESS in the upgrade of Uart_ETH_Tick_Timer_General_0_0 (xilinx.com:user:Tick_Timer_General:1.0) from (Rev. 2) to (Rev. 3)






Copyright 1986-2017 Xilinx, Inc. All Rights Reserved.
------------------------------------------------------------------------------------
| Tool Version : Vivado v.2017.2 (win64) Build 1909853 Thu Jun 15 18:39:09 MDT 2017
| Date         : Sat Jun 23 11:20:32 2018
| Host         : AVACO-PC2 running 64-bit Service Pack 1  (build 7601)
| Command      : upgrade_ip
| Device       : xc7z020clg400-1
------------------------------------------------------------------------------------

Upgrade Log for IP 'Uart_ETH_LED_Sample_1_1'

1. Summary
----------

CAUTION (success, with warnings) in the conversion of Uart_ETH_LED_Sample_1_1 (xilinx.com:user:LED_Sample:1.0 (Rev. 2)) to Vivado generation flows.

After upgrade, an IP may have parameter and port differences compared to the original customization. Please review the parameters within the IP customization GUI to ensure proper functionality. Also, please review the updated IP instantiation template to ensure proper connectivity, and update your design if required.

2. Connection Warnings
----------------------

Detected external port differences while upgrading 'Uart_ETH_LED_Sample_1_1'. These changes may impact your design.


-Upgrade has added port 'i_Sample_Tick'







Copyright 1986-2017 Xilinx, Inc. All Rights Reserved.
------------------------------------------------------------------------------------
| Tool Version : Vivado v.2017.2 (win64) Build 1909853 Thu Jun 15 18:39:09 MDT 2017
| Date         : Sat Jun 23 11:20:32 2018
| Host         : AVACO-PC2 running 64-bit Service Pack 1  (build 7601)
| Command      : upgrade_ip
| Device       : xc7z020clg400-1
------------------------------------------------------------------------------------

Upgrade Log for IP 'Uart_ETH_LED_Sample_1_0'

1. Summary
----------

CAUTION (success, with warnings) in the conversion of Uart_ETH_LED_Sample_1_0 (xilinx.com:user:LED_Sample:1.0 (Rev. 2)) to Vivado generation flows.

After upgrade, an IP may have parameter and port differences compared to the original customization. Please review the parameters within the IP customization GUI to ensure proper functionality. Also, please review the updated IP instantiation template to ensure proper connectivity, and update your design if required.

2. Connection Warnings
----------------------

Detected external port differences while upgrading 'Uart_ETH_LED_Sample_1_0'. These changes may impact your design.


-Upgrade has added port 'i_Sample_Tick'







Copyright 1986-2017 Xilinx, Inc. All Rights Reserved.
------------------------------------------------------------------------------------
| Tool Version : Vivado v.2017.2 (win64) Build 1909853 Thu Jun 15 18:39:09 MDT 2017
| Date         : Sat Jun 23 11:20:32 2018
| Host         : AVACO-PC2 running 64-bit Service Pack 1  (build 7601)
| Command      : upgrade_ip
| Device       : xc7z020clg400-1
------------------------------------------------------------------------------------

Upgrade Log for IP 'Uart_ETH_LED_Sample_0_1'

1. Summary
----------

CAUTION (success, with warnings) in the conversion of Uart_ETH_LED_Sample_0_1 (xilinx.com:user:LED_Sample:1.0 (Rev. 2)) to Vivado generation flows.

After upgrade, an IP may have parameter and port differences compared to the original customization. Please review the parameters within the IP customization GUI to ensure proper functionality. Also, please review the updated IP instantiation template to ensure proper connectivity, and update your design if required.

2. Connection Warnings
----------------------

Detected external port differences while upgrading 'Uart_ETH_LED_Sample_0_1'. These changes may impact your design.


-Upgrade has added port 'i_Sample_Tick'







Copyright 1986-2017 Xilinx, Inc. All Rights Reserved.
------------------------------------------------------------------------------------
| Tool Version : Vivado v.2017.2 (win64) Build 1909853 Thu Jun 15 18:39:09 MDT 2017
| Date         : Sat Jun 23 11:20:32 2018
| Host         : AVACO-PC2 running 64-bit Service Pack 1  (build 7601)
| Command      : upgrade_ip
| Device       : xc7z020clg400-1
------------------------------------------------------------------------------------

Upgrade Log for IP 'Uart_ETH_LED_Sample_0_0'

1. Summary
----------

CAUTION (success, with warnings) in the conversion of Uart_ETH_LED_Sample_0_0 (xilinx.com:user:LED_Sample:1.0 (Rev. 2)) to Vivado generation flows.

After upgrade, an IP may have parameter and port differences compared to the original customization. Please review the parameters within the IP customization GUI to ensure proper functionality. Also, please review the updated IP instantiation template to ensure proper connectivity, and update your design if required.

2. Connection Warnings
----------------------

Detected external port differences while upgrading 'Uart_ETH_LED_Sample_0_0'. These changes may impact your design.


-Upgrade has added port 'i_Sample_Tick'







Copyright 1986-2017 Xilinx, Inc. All Rights Reserved.
------------------------------------------------------------------------------------
| Tool Version : Vivado v.2017.2 (win64) Build 1909853 Thu Jun 15 18:39:09 MDT 2017
| Date         : Tue Jun 19 18:03:05 2018
| Host         : AVACO-PC2 running 64-bit Service Pack 1  (build 7601)
| Command      : upgrade_ip
| Device       : xc7z020clg400-1
------------------------------------------------------------------------------------

Upgrade Log for IP 'Uart_ETH_baudrate_gen_0_0'

1. Summary
----------

CAUTION (success, with warnings) in the conversion of Uart_ETH_baudrate_gen_0_0 (xilinx.com:user:baudrate_gen:1.0 (Rev. 3)) to Vivado generation flows.

After upgrade, an IP may have parameter and port differences compared to the original customization. Please review the parameters within the IP customization GUI to ensure proper functionality. Also, please review the updated IP instantiation template to ensure proper connectivity, and update your design if required.

2. Connection Warnings
----------------------

Detected external port differences while upgrading 'Uart_ETH_baudrate_gen_0_0'. These changes may impact your design.


-Upgrade has removed port 'o_Baud_16x_115200'

-Upgrade has removed port 'o_Baud_16x_57600'

-Upgrade has added port 'o_Baud_115200_16x'

-Upgrade has added port 'o_Baud_1200_16x'

-Upgrade has added port 'o_Baud_19200_16x'

-Upgrade has added port 'o_Baud_2400_16x'

-Upgrade has added port 'o_Baud_300_16x'

-Upgrade has added port 'o_Baud_38400_16x'

-Upgrade has added port 'o_Baud_4800_16x'

-Upgrade has added port 'o_Baud_57600_16x'

-Upgrade has added port 'o_Baud_9600_16x'







Copyright 1986-2017 Xilinx, Inc. All Rights Reserved.
------------------------------------------------------------------------------------
| Tool Version : Vivado v.2017.2 (win64) Build 1909853 Thu Jun 15 18:39:09 MDT 2017
| Date         : Tue Jun 19 12:25:25 2018
| Host         : AVACO-PC2 running 64-bit Service Pack 1  (build 7601)
| Command      : upgrade_ip
| Device       : xc7z020clg400-1
------------------------------------------------------------------------------------

Upgrade Log for IP 'Uart_ETH_UART_Rx_Xilinx_0_0'

1. Summary
----------

SUCCESS in the conversion of Uart_ETH_UART_Rx_Xilinx_0_0 (xilinx.com:user:UART_Rx_Xilinx:1.0 (Rev. 2)) to Vivado generation flows.






Copyright 1986-2017 Xilinx, Inc. All Rights Reserved.
------------------------------------------------------------------------------------
| Tool Version : Vivado v.2017.2 (win64) Build 1909853 Thu Jun 15 18:39:09 MDT 2017
| Date         : Tue Jun 19 12:04:36 2018
| Host         : AVACO-PC2 running 64-bit Service Pack 1  (build 7601)
| Command      : upgrade_ip
| Device       : xc7z020clg400-1
------------------------------------------------------------------------------------

Upgrade Log for IP 'Uart_ETH_UART_Rx_Xilinx_0_0'

1. Summary
----------

SUCCESS in the conversion of Uart_ETH_UART_Rx_Xilinx_0_0 (xilinx.com:user:UART_Rx_Xilinx:1.0 (Rev. 2)) to Vivado generation flows.






Copyright 1986-2017 Xilinx, Inc. All Rights Reserved.
------------------------------------------------------------------------------------
| Tool Version : Vivado v.2017.2 (win64) Build 1909853 Thu Jun 15 18:39:09 MDT 2017
| Date         : Tue Jun 19 10:12:10 2018
| Host         : AVACO-PC2 running 64-bit Service Pack 1  (build 7601)
| Command      : upgrade_ip
| Device       : xc7z020clg400-1
------------------------------------------------------------------------------------

Upgrade Log for IP 'Uart_ETH_baudrate_gen_0_0'

1. Summary
----------

CAUTION (success, with warnings) in the conversion of Uart_ETH_baudrate_gen_0_0 (xilinx.com:user:baudrate_gen:1.0 (Rev. 3)) to Vivado generation flows.

After upgrade, an IP may have parameter and port differences compared to the original customization. Please review the parameters within the IP customization GUI to ensure proper functionality. Also, please review the updated IP instantiation template to ensure proper connectivity, and update your design if required.

2. Connection Warnings
----------------------

Detected external port differences while upgrading 'Uart_ETH_baudrate_gen_0_0'. These changes may impact your design.


-Upgrade has added port 'o_Baud_16x_115200'

-Upgrade has added port 'o_Baud_16x_57600'







Copyright 1986-2017 Xilinx, Inc. All Rights Reserved.
------------------------------------------------------------------------------------
| Tool Version : Vivado v.2017.2 (win64) Build 1909853 Thu Jun 15 18:39:09 MDT 2017
| Date         : Mon Jun 18 18:00:19 2018
| Host         : AVACO-PC2 running 64-bit Service Pack 1  (build 7601)
| Command      : upgrade_ip
| Device       : xc7z020clg400-1
------------------------------------------------------------------------------------

Upgrade Log for IP 'Uart_ETH_UART_RX_Without_Baud_0_0'

1. Summary
----------

SUCCESS in the conversion of Uart_ETH_UART_RX_Without_Baud_0_0 (xilinx.com:user:UART_RX_Without_Baud:1.0 (Rev. 3)) to Vivado generation flows.






Copyright 1986-2017 Xilinx, Inc. All Rights Reserved.
------------------------------------------------------------------------------------
| Tool Version : Vivado v.2017.2 (win64) Build 1909853 Thu Jun 15 18:39:09 MDT 2017
| Date         : Mon May 21 19:16:45 2018
| Host         : AVACO-PC2 running 64-bit Service Pack 1  (build 7601)
| Command      : upgrade_ip
| Device       : xc7z020clg400-1
------------------------------------------------------------------------------------

Upgrade Log for IP 'Uart_ETH_AllDataMover_0_0'

1. Summary
----------

SUCCESS in the upgrade of Uart_ETH_AllDataMover_0_0 (xilinx.com:hls:AllDataMover:1.0) from (Rev. 1805211834) to (Rev. 1805211915)






Copyright 1986-2017 Xilinx, Inc. All Rights Reserved.
------------------------------------------------------------------------------------
| Tool Version : Vivado v.2017.2 (win64) Build 1909853 Thu Jun 15 18:39:09 MDT 2017
| Date         : Mon May 21 18:36:35 2018
| Host         : AVACO-PC2 running 64-bit Service Pack 1  (build 7601)
| Command      : upgrade_ip
| Device       : xc7z020clg400-1
------------------------------------------------------------------------------------

Upgrade Log for IP 'Uart_ETH_AllDataMover_0_0'

1. Summary
----------

SUCCESS in the upgrade of Uart_ETH_AllDataMover_0_0 (xilinx.com:hls:AllDataMover:1.0) from (Rev. 1805211734) to (Rev. 1805211834)






Copyright 1986-2017 Xilinx, Inc. All Rights Reserved.
------------------------------------------------------------------------------------
| Tool Version : Vivado v.2017.2 (win64) Build 1909853 Thu Jun 15 18:39:09 MDT 2017
| Date         : Mon May 21 17:35:32 2018
| Host         : AVACO-PC2 running 64-bit Service Pack 1  (build 7601)
| Command      : upgrade_ip
| Device       : xc7z020clg400-1
------------------------------------------------------------------------------------

Upgrade Log for IP 'Uart_ETH_AllDataMover_0_0'

1. Summary
----------

CAUTION (success, with warnings) in the upgrade of Uart_ETH_AllDataMover_0_0 (xilinx.com:hls:AllDataMover:1.0) from (Rev. 1805151355) to (Rev. 1805211734)

After upgrade, an IP may have parameter and port differences compared to the original customization. Please review the parameters within the IP customization GUI to ensure proper functionality. Also, please review the updated IP instantiation template to ensure proper connectivity, and update your design if required.

2. Connection Warnings
----------------------

Detected external port differences while upgrading 'Uart_ETH_AllDataMover_0_0'. These changes may impact your design.


-Upgraded port 'busy_V' width 16 differs from original width 1







Copyright 1986-2017 Xilinx, Inc. All Rights Reserved.
------------------------------------------------------------------------------------
| Tool Version : Vivado v.2017.2 (win64) Build 1909853 Thu Jun 15 18:39:09 MDT 2017
| Date         : Mon May  7 10:35:55 2018
| Host         : AVACO-PC2 running 64-bit Service Pack 1  (build 7601)
| Command      : upgrade_ip
| Device       : xc7z020clg400-1
------------------------------------------------------------------------------------

Upgrade Log for IP 'Uart_ETH_DataMove_9_1'

1. Summary
----------

SUCCESS in the upgrade of Uart_ETH_DataMove_9_1 (xilinx.com:hls:DataMove:1.0) from (Rev. 1804261246) to (Rev. 1805071028)






Copyright 1986-2017 Xilinx, Inc. All Rights Reserved.
------------------------------------------------------------------------------------
| Tool Version : Vivado v.2017.2 (win64) Build 1909853 Thu Jun 15 18:39:09 MDT 2017
| Date         : Mon May  7 10:35:55 2018
| Host         : AVACO-PC2 running 64-bit Service Pack 1  (build 7601)
| Command      : upgrade_ip
| Device       : xc7z020clg400-1
------------------------------------------------------------------------------------

Upgrade Log for IP 'Uart_ETH_DataMove_8_1'

1. Summary
----------

SUCCESS in the upgrade of Uart_ETH_DataMove_8_1 (xilinx.com:hls:DataMove:1.0) from (Rev. 1804261246) to (Rev. 1805071028)






Copyright 1986-2017 Xilinx, Inc. All Rights Reserved.
------------------------------------------------------------------------------------
| Tool Version : Vivado v.2017.2 (win64) Build 1909853 Thu Jun 15 18:39:09 MDT 2017
| Date         : Mon May  7 10:35:55 2018
| Host         : AVACO-PC2 running 64-bit Service Pack 1  (build 7601)
| Command      : upgrade_ip
| Device       : xc7z020clg400-1
------------------------------------------------------------------------------------

Upgrade Log for IP 'Uart_ETH_DataMove_7_1'

1. Summary
----------

SUCCESS in the upgrade of Uart_ETH_DataMove_7_1 (xilinx.com:hls:DataMove:1.0) from (Rev. 1804261246) to (Rev. 1805071028)






Copyright 1986-2017 Xilinx, Inc. All Rights Reserved.
------------------------------------------------------------------------------------
| Tool Version : Vivado v.2017.2 (win64) Build 1909853 Thu Jun 15 18:39:09 MDT 2017
| Date         : Mon May  7 10:35:55 2018
| Host         : AVACO-PC2 running 64-bit Service Pack 1  (build 7601)
| Command      : upgrade_ip
| Device       : xc7z020clg400-1
------------------------------------------------------------------------------------

Upgrade Log for IP 'Uart_ETH_DataMove_6_1'

1. Summary
----------

SUCCESS in the upgrade of Uart_ETH_DataMove_6_1 (xilinx.com:hls:DataMove:1.0) from (Rev. 1804261246) to (Rev. 1805071028)






Copyright 1986-2017 Xilinx, Inc. All Rights Reserved.
------------------------------------------------------------------------------------
| Tool Version : Vivado v.2017.2 (win64) Build 1909853 Thu Jun 15 18:39:09 MDT 2017
| Date         : Mon May  7 10:35:55 2018
| Host         : AVACO-PC2 running 64-bit Service Pack 1  (build 7601)
| Command      : upgrade_ip
| Device       : xc7z020clg400-1
------------------------------------------------------------------------------------

Upgrade Log for IP 'Uart_ETH_DataMove_5_1'

1. Summary
----------

SUCCESS in the upgrade of Uart_ETH_DataMove_5_1 (xilinx.com:hls:DataMove:1.0) from (Rev. 1804261246) to (Rev. 1805071028)






Copyright 1986-2017 Xilinx, Inc. All Rights Reserved.
------------------------------------------------------------------------------------
| Tool Version : Vivado v.2017.2 (win64) Build 1909853 Thu Jun 15 18:39:09 MDT 2017
| Date         : Mon May  7 10:35:55 2018
| Host         : AVACO-PC2 running 64-bit Service Pack 1  (build 7601)
| Command      : upgrade_ip
| Device       : xc7z020clg400-1
------------------------------------------------------------------------------------

Upgrade Log for IP 'Uart_ETH_DataMove_4_1'

1. Summary
----------

SUCCESS in the upgrade of Uart_ETH_DataMove_4_1 (xilinx.com:hls:DataMove:1.0) from (Rev. 1804261246) to (Rev. 1805071028)






Copyright 1986-2017 Xilinx, Inc. All Rights Reserved.
------------------------------------------------------------------------------------
| Tool Version : Vivado v.2017.2 (win64) Build 1909853 Thu Jun 15 18:39:09 MDT 2017
| Date         : Mon May  7 10:35:55 2018
| Host         : AVACO-PC2 running 64-bit Service Pack 1  (build 7601)
| Command      : upgrade_ip
| Device       : xc7z020clg400-1
------------------------------------------------------------------------------------

Upgrade Log for IP 'Uart_ETH_DataMove_4_0'

1. Summary
----------

SUCCESS in the upgrade of Uart_ETH_DataMove_4_0 (xilinx.com:hls:DataMove:1.0) from (Rev. 1804261246) to (Rev. 1805071028)






Copyright 1986-2017 Xilinx, Inc. All Rights Reserved.
------------------------------------------------------------------------------------
| Tool Version : Vivado v.2017.2 (win64) Build 1909853 Thu Jun 15 18:39:09 MDT 2017
| Date         : Mon May  7 10:35:55 2018
| Host         : AVACO-PC2 running 64-bit Service Pack 1  (build 7601)
| Command      : upgrade_ip
| Device       : xc7z020clg400-1
------------------------------------------------------------------------------------

Upgrade Log for IP 'Uart_ETH_DataMove_3_0'

1. Summary
----------

SUCCESS in the upgrade of Uart_ETH_DataMove_3_0 (xilinx.com:hls:DataMove:1.0) from (Rev. 1804261246) to (Rev. 1805071028)






Copyright 1986-2017 Xilinx, Inc. All Rights Reserved.
------------------------------------------------------------------------------------
| Tool Version : Vivado v.2017.2 (win64) Build 1909853 Thu Jun 15 18:39:09 MDT 2017
| Date         : Mon May  7 10:35:55 2018
| Host         : AVACO-PC2 running 64-bit Service Pack 1  (build 7601)
| Command      : upgrade_ip
| Device       : xc7z020clg400-1
------------------------------------------------------------------------------------

Upgrade Log for IP 'Uart_ETH_DataMove_2_1'

1. Summary
----------

SUCCESS in the upgrade of Uart_ETH_DataMove_2_1 (xilinx.com:hls:DataMove:1.0) from (Rev. 1804261246) to (Rev. 1805071028)






Copyright 1986-2017 Xilinx, Inc. All Rights Reserved.
------------------------------------------------------------------------------------
| Tool Version : Vivado v.2017.2 (win64) Build 1909853 Thu Jun 15 18:39:09 MDT 2017
| Date         : Mon May  7 10:35:55 2018
| Host         : AVACO-PC2 running 64-bit Service Pack 1  (build 7601)
| Command      : upgrade_ip
| Device       : xc7z020clg400-1
------------------------------------------------------------------------------------

Upgrade Log for IP 'Uart_ETH_DataMove_1_0'

1. Summary
----------

SUCCESS in the upgrade of Uart_ETH_DataMove_1_0 (xilinx.com:hls:DataMove:1.0) from (Rev. 1804261246) to (Rev. 1805071028)






Copyright 1986-2017 Xilinx, Inc. All Rights Reserved.
------------------------------------------------------------------------------------
| Tool Version : Vivado v.2017.2 (win64) Build 1909853 Thu Jun 15 18:39:09 MDT 2017
| Date         : Mon May  7 10:35:55 2018
| Host         : AVACO-PC2 running 64-bit Service Pack 1  (build 7601)
| Command      : upgrade_ip
| Device       : xc7z020clg400-1
------------------------------------------------------------------------------------

Upgrade Log for IP 'Uart_ETH_DataMove_14_1'

1. Summary
----------

SUCCESS in the upgrade of Uart_ETH_DataMove_14_1 (xilinx.com:hls:DataMove:1.0) from (Rev. 1804261246) to (Rev. 1805071028)






Copyright 1986-2017 Xilinx, Inc. All Rights Reserved.
------------------------------------------------------------------------------------
| Tool Version : Vivado v.2017.2 (win64) Build 1909853 Thu Jun 15 18:39:09 MDT 2017
| Date         : Mon May  7 10:35:55 2018
| Host         : AVACO-PC2 running 64-bit Service Pack 1  (build 7601)
| Command      : upgrade_ip
| Device       : xc7z020clg400-1
------------------------------------------------------------------------------------

Upgrade Log for IP 'Uart_ETH_DataMove_13_1'

1. Summary
----------

SUCCESS in the upgrade of Uart_ETH_DataMove_13_1 (xilinx.com:hls:DataMove:1.0) from (Rev. 1804261246) to (Rev. 1805071028)






Copyright 1986-2017 Xilinx, Inc. All Rights Reserved.
------------------------------------------------------------------------------------
| Tool Version : Vivado v.2017.2 (win64) Build 1909853 Thu Jun 15 18:39:09 MDT 2017
| Date         : Mon May  7 10:35:55 2018
| Host         : AVACO-PC2 running 64-bit Service Pack 1  (build 7601)
| Command      : upgrade_ip
| Device       : xc7z020clg400-1
------------------------------------------------------------------------------------

Upgrade Log for IP 'Uart_ETH_DataMove_12_1'

1. Summary
----------

SUCCESS in the upgrade of Uart_ETH_DataMove_12_1 (xilinx.com:hls:DataMove:1.0) from (Rev. 1804261246) to (Rev. 1805071028)






Copyright 1986-2017 Xilinx, Inc. All Rights Reserved.
------------------------------------------------------------------------------------
| Tool Version : Vivado v.2017.2 (win64) Build 1909853 Thu Jun 15 18:39:09 MDT 2017
| Date         : Mon May  7 10:35:55 2018
| Host         : AVACO-PC2 running 64-bit Service Pack 1  (build 7601)
| Command      : upgrade_ip
| Device       : xc7z020clg400-1
------------------------------------------------------------------------------------

Upgrade Log for IP 'Uart_ETH_DataMove_11_1'

1. Summary
----------

SUCCESS in the upgrade of Uart_ETH_DataMove_11_1 (xilinx.com:hls:DataMove:1.0) from (Rev. 1804261246) to (Rev. 1805071028)






Copyright 1986-2017 Xilinx, Inc. All Rights Reserved.
------------------------------------------------------------------------------------
| Tool Version : Vivado v.2017.2 (win64) Build 1909853 Thu Jun 15 18:39:09 MDT 2017
| Date         : Mon May  7 10:35:55 2018
| Host         : AVACO-PC2 running 64-bit Service Pack 1  (build 7601)
| Command      : upgrade_ip
| Device       : xc7z020clg400-1
------------------------------------------------------------------------------------

Upgrade Log for IP 'Uart_ETH_DataMove_10_1'

1. Summary
----------

SUCCESS in the upgrade of Uart_ETH_DataMove_10_1 (xilinx.com:hls:DataMove:1.0) from (Rev. 1804261246) to (Rev. 1805071028)






Copyright 1986-2017 Xilinx, Inc. All Rights Reserved.
------------------------------------------------------------------------------------
| Tool Version : Vivado v.2017.2 (win64) Build 1909853 Thu Jun 15 18:39:09 MDT 2017
| Date         : Mon May  7 10:35:55 2018
| Host         : AVACO-PC2 running 64-bit Service Pack 1  (build 7601)
| Command      : upgrade_ip
| Device       : xc7z020clg400-1
------------------------------------------------------------------------------------

Upgrade Log for IP 'Uart_ETH_DataMove_0_1'

1. Summary
----------

SUCCESS in the upgrade of Uart_ETH_DataMove_0_1 (xilinx.com:hls:DataMove:1.0) from (Rev. 1804261246) to (Rev. 1805071028)

