#-----------------------------------------------------------
# Vivado v2017.2 (64-bit)
# SW Build 1909853 on Thu Jun 15 18:39:09 MDT 2017
# IP Build 1909766 on Thu Jun 15 19:58:00 MDT 2017
# Start of session at: Wed Aug  1 15:32:42 2018
# Process ID: 8932
# Current directory: E:/ETH2SER/SoftwareProjects/UART2ETH970507_Master_Slave_OK
# Command line: vivado.exe -gui_launcher_event rodinguilauncherevent10020 E:\ETH2SER\SoftwareProjects\UART2ETH970507_Master_Slave_OK\UART2ETH.xpr
# Log file: E:/ETH2SER/SoftwareProjects/UART2ETH970507_Master_Slave_OK/vivado.log
# Journal file: E:/ETH2SER/SoftwareProjects/UART2ETH970507_Master_Slave_OK\vivado.jou
#-----------------------------------------------------------
start_gui
open_project E:/ETH2SER/SoftwareProjects/UART2ETH970507_Master_Slave_OK/UART2ETH.xpr
CRITICAL WARNING: [Project 1-19] Could not find the file 'E:/ETH2SER/SoftwareProjects/UART2ETH970507_Master_Slave_OK/UART2ETH.srcs/sources_1/bd/UARTConfigTest/hdl/UARTConfigTest_wrapper.vhd'.
Scanning sources...
Finished scanning sources
INFO: [IP_Flow 19-234] Refreshing IP repositories
INFO: [IP_Flow 19-1700] Loaded user IP repository 'e:/ETH2SER/IPs_XCZ020/VHDL_IPs'.
INFO: [IP_Flow 19-1700] Loaded user IP repository 'e:/ETH2SER/IPs_XCZ020/HLS_IPs'.
INFO: [IP_Flow 19-2313] Loaded Vivado IP repository 'C:/Xilinx/Vivado/2017.2/data/ip'.
WARNING: [IP_Flow 19-3664] IP 'Uart_ETH_axi_gpio_LED_0' generated file not found 'e:/ETH2SER/SoftwareProjects/UART2ETH970507_Master_Slave_OK/UART2ETH.srcs/sources_1/bd/Uart_ETH/ip/Uart_ETH_axi_gpio_LED_0/stats.txt'. Please regenerate to continue.
WARNING: [IP_Flow 19-3664] IP 'Uart_ETH_axi_gpio_SW_0' generated file not found 'e:/ETH2SER/SoftwareProjects/UART2ETH970507_Master_Slave_OK/UART2ETH.srcs/sources_1/bd/Uart_ETH/ip/Uart_ETH_axi_gpio_SW_0/stats.txt'. Please regenerate to continue.
WARNING: [IP_Flow 19-3664] IP 'Uart_ETH_smartconnect_0_0' generated file not found 'e:/ETH2SER/SoftwareProjects/UART2ETH970507_Master_Slave_OK/UART2ETH.srcs/sources_1/bd/Uart_ETH/ip/Uart_ETH_smartconnect_0_0/stats.txt'. Please regenerate to continue.
WARNING: [IP_Flow 19-3664] IP 'Uart_ETH_clk_wiz_0_0' generated file not found 'e:/ETH2SER/SoftwareProjects/UART2ETH970507_Master_Slave_OK/UART2ETH.srcs/sources_1/bd/Uart_ETH/ip/Uart_ETH_clk_wiz_0_0/stats.txt'. Please regenerate to continue.
WARNING: [IP_Flow 19-3664] IP 'Uart_ETH_clk_wiz_1_0' generated file not found 'e:/ETH2SER/SoftwareProjects/UART2ETH970507_Master_Slave_OK/UART2ETH.srcs/sources_1/bd/Uart_ETH/ip/Uart_ETH_clk_wiz_1_0/stats.txt'. Please regenerate to continue.
WARNING: [IP_Flow 19-3664] IP 'Uart_ETH_util_vector_logic_0_0' generated file not found 'e:/ETH2SER/SoftwareProjects/UART2ETH970507_Master_Slave_OK/UART2ETH.srcs/sources_1/bd/Uart_ETH/ip/Uart_ETH_util_vector_logic_0_0/stats.txt'. Please regenerate to continue.
WARNING: [IP_Flow 19-3664] IP 'Uart_ETH_rst_ps7_0_100M_1' generated file not found 'e:/ETH2SER/SoftwareProjects/UART2ETH970507_Master_Slave_OK/UART2ETH.srcs/sources_1/bd/Uart_ETH/ip/Uart_ETH_rst_ps7_0_100M_1/stats.txt'. Please regenerate to continue.
WARNING: [IP_Flow 19-3664] IP 'Uart_ETH_rst_ps7_0_100M_2' generated file not found 'e:/ETH2SER/SoftwareProjects/UART2ETH970507_Master_Slave_OK/UART2ETH.srcs/sources_1/bd/Uart_ETH/ip/Uart_ETH_rst_ps7_0_100M_2/stats.txt'. Please regenerate to continue.
WARNING: [IP_Flow 19-3664] IP 'Uart_ETH_util_vector_logic_0_2' generated file not found 'e:/ETH2SER/SoftwareProjects/UART2ETH970507_Master_Slave_OK/UART2ETH.srcs/sources_1/bd/Uart_ETH/ip/Uart_ETH_util_vector_logic_0_2/stats.txt'. Please regenerate to continue.
WARNING: [IP_Flow 19-3664] IP 'Uart_ETH_util_vector_logic_1_14' generated file not found 'e:/ETH2SER/SoftwareProjects/UART2ETH970507_Master_Slave_OK/UART2ETH.srcs/sources_1/bd/Uart_ETH/ip/Uart_ETH_util_vector_logic_1_14/stats.txt'. Please regenerate to continue.
WARNING: [IP_Flow 19-3664] IP 'Uart_ETH_DataMuxOut4Bit_10_0' generated file not found 'e:/ETH2SER/SoftwareProjects/UART2ETH970507_Master_Slave_OK/UART2ETH.srcs/sources_1/bd/Uart_ETH/ip/Uart_ETH_DataMuxOut4Bit_10_0/stats.txt'. Please regenerate to continue.
WARNING: [IP_Flow 19-3664] IP 'Uart_ETH_DataMuxOut4Bit_0_3' generated file not found 'e:/ETH2SER/SoftwareProjects/UART2ETH970507_Master_Slave_OK/UART2ETH.srcs/sources_1/bd/Uart_ETH/ip/Uart_ETH_DataMuxOut4Bit_0_3/stats.txt'. Please regenerate to continue.
WARNING: [IP_Flow 19-3664] IP 'Uart_ETH_DataMuxOut4Bit_1_0' generated file not found 'e:/ETH2SER/SoftwareProjects/UART2ETH970507_Master_Slave_OK/UART2ETH.srcs/sources_1/bd/Uart_ETH/ip/Uart_ETH_DataMuxOut4Bit_1_0/stats.txt'. Please regenerate to continue.
WARNING: [IP_Flow 19-3664] IP 'Uart_ETH_DataMuxOut4Bit_1_1' generated file not found 'e:/ETH2SER/SoftwareProjects/UART2ETH970507_Master_Slave_OK/UART2ETH.srcs/sources_1/bd/Uart_ETH/ip/Uart_ETH_DataMuxOut4Bit_1_1/stats.txt'. Please regenerate to continue.
WARNING: [IP_Flow 19-3664] IP 'Uart_ETH_DataMuxOut4Bit_1_2' generated file not found 'e:/ETH2SER/SoftwareProjects/UART2ETH970507_Master_Slave_OK/UART2ETH.srcs/sources_1/bd/Uart_ETH/ip/Uart_ETH_DataMuxOut4Bit_1_2/stats.txt'. Please regenerate to continue.
WARNING: [IP_Flow 19-3664] IP 'Uart_ETH_DataMuxOut4Bit_1_3' generated file not found 'e:/ETH2SER/SoftwareProjects/UART2ETH970507_Master_Slave_OK/UART2ETH.srcs/sources_1/bd/Uart_ETH/ip/Uart_ETH_DataMuxOut4Bit_1_3/stats.txt'. Please regenerate to continue.
WARNING: [IP_Flow 19-3664] IP 'Uart_ETH_DataMuxOut4Bit_1_4' generated file not found 'e:/ETH2SER/SoftwareProjects/UART2ETH970507_Master_Slave_OK/UART2ETH.srcs/sources_1/bd/Uart_ETH/ip/Uart_ETH_DataMuxOut4Bit_1_4/stats.txt'. Please regenerate to continue.
WARNING: [IP_Flow 19-3664] IP 'Uart_ETH_DataMuxOut4Bit_1_5' generated file not found 'e:/ETH2SER/SoftwareProjects/UART2ETH970507_Master_Slave_OK/UART2ETH.srcs/sources_1/bd/Uart_ETH/ip/Uart_ETH_DataMuxOut4Bit_1_5/stats.txt'. Please regenerate to continue.
WARNING: [IP_Flow 19-3664] IP 'Uart_ETH_DataMuxOut4Bit_1_6' generated file not found 'e:/ETH2SER/SoftwareProjects/UART2ETH970507_Master_Slave_OK/UART2ETH.srcs/sources_1/bd/Uart_ETH/ip/Uart_ETH_DataMuxOut4Bit_1_6/stats.txt'. Please regenerate to continue.
WARNING: [IP_Flow 19-3664] IP 'Uart_ETH_DataMuxOut4Bit_1_7' generated file not found 'e:/ETH2SER/SoftwareProjects/UART2ETH970507_Master_Slave_OK/UART2ETH.srcs/sources_1/bd/Uart_ETH/ip/Uart_ETH_DataMuxOut4Bit_1_7/stats.txt'. Please regenerate to continue.
WARNING: [IP_Flow 19-3664] IP 'Uart_ETH_DataMuxOut4Bit_1_8' generated file not found 'e:/ETH2SER/SoftwareProjects/UART2ETH970507_Master_Slave_OK/UART2ETH.srcs/sources_1/bd/Uart_ETH/ip/Uart_ETH_DataMuxOut4Bit_1_8/stats.txt'. Please regenerate to continue.
WARNING: [IP_Flow 19-3664] IP 'Uart_ETH_DataMuxOut4Bit_1_9' generated file not found 'e:/ETH2SER/SoftwareProjects/UART2ETH970507_Master_Slave_OK/UART2ETH.srcs/sources_1/bd/Uart_ETH/ip/Uart_ETH_DataMuxOut4Bit_1_9/stats.txt'. Please regenerate to continue.
WARNING: [IP_Flow 19-3664] IP 'Uart_ETH_DataMuxOut4Bit_1_10' generated file not found 'e:/ETH2SER/SoftwareProjects/UART2ETH970507_Master_Slave_OK/UART2ETH.srcs/sources_1/bd/Uart_ETH/ip/Uart_ETH_DataMuxOut4Bit_1_10/stats.txt'. Please regenerate to continue.
WARNING: [IP_Flow 19-3664] IP 'Uart_ETH_DataMuxOut4Bit_1_11' generated file not found 'e:/ETH2SER/SoftwareProjects/UART2ETH970507_Master_Slave_OK/UART2ETH.srcs/sources_1/bd/Uart_ETH/ip/Uart_ETH_DataMuxOut4Bit_1_11/stats.txt'. Please regenerate to continue.
WARNING: [IP_Flow 19-3664] IP 'Uart_ETH_DataMuxOut4Bit_1_12' generated file not found 'e:/ETH2SER/SoftwareProjects/UART2ETH970507_Master_Slave_OK/UART2ETH.srcs/sources_1/bd/Uart_ETH/ip/Uart_ETH_DataMuxOut4Bit_1_12/stats.txt'. Please regenerate to continue.
WARNING: [IP_Flow 19-3664] IP 'Uart_ETH_DataMuxOut4Bit_1_13' generated file not found 'e:/ETH2SER/SoftwareProjects/UART2ETH970507_Master_Slave_OK/UART2ETH.srcs/sources_1/bd/Uart_ETH/ip/Uart_ETH_DataMuxOut4Bit_1_13/stats.txt'. Please regenerate to continue.
WARNING: [IP_Flow 19-3664] IP 'Uart_ETH_util_vector_logic_0_4' generated file not found 'e:/ETH2SER/SoftwareProjects/UART2ETH970507_Master_Slave_OK/UART2ETH.srcs/sources_1/bd/Uart_ETH/ip/Uart_ETH_util_vector_logic_0_4/stats.txt'. Please regenerate to continue.
WARNING: [IP_Flow 19-3664] IP 'Uart_ETH_fifo_generator_0_15' generated file not found 'e:/ETH2SER/SoftwareProjects/UART2ETH970507_Master_Slave_OK/UART2ETH.srcs/sources_1/bd/Uart_ETH/ip/Uart_ETH_fifo_generator_0_15/stats.txt'. Please regenerate to continue.
WARNING: [IP_Flow 19-3664] IP 'Uart_ETH_util_vector_logic_0_14' generated file not found 'e:/ETH2SER/SoftwareProjects/UART2ETH970507_Master_Slave_OK/UART2ETH.srcs/sources_1/bd/Uart_ETH/ip/Uart_ETH_util_vector_logic_0_14/stats.txt'. Please regenerate to continue.
WARNING: [IP_Flow 19-3664] IP 'Uart_ETH_Register_8_Input_0_0' generated file not found 'e:/ETH2SER/SoftwareProjects/UART2ETH970507_Master_Slave_OK/UART2ETH.srcs/sources_1/bd/Uart_ETH/ip/Uart_ETH_Register_8_Input_0_0/stats.txt'. Please regenerate to continue.
WARNING: [IP_Flow 19-3664] IP 'Uart_ETH_Register_8_Input_1_0' generated file not found 'e:/ETH2SER/SoftwareProjects/UART2ETH970507_Master_Slave_OK/UART2ETH.srcs/sources_1/bd/Uart_ETH/ip/Uart_ETH_Register_8_Input_1_0/stats.txt'. Please regenerate to continue.
WARNING: [IP_Flow 19-3664] IP 'Uart_ETH_Register_8_Input_Rx1_0' generated file not found 'e:/ETH2SER/SoftwareProjects/UART2ETH970507_Master_Slave_OK/UART2ETH.srcs/sources_1/bd/Uart_ETH/ip/Uart_ETH_Register_8_Input_Rx1_0/stats.txt'. Please regenerate to continue.
WARNING: [IP_Flow 19-3664] IP 'Uart_ETH_Register_8_Input_Rx2_0' generated file not found 'e:/ETH2SER/SoftwareProjects/UART2ETH970507_Master_Slave_OK/UART2ETH.srcs/sources_1/bd/Uart_ETH/ip/Uart_ETH_Register_8_Input_Rx2_0/stats.txt'. Please regenerate to continue.
WARNING: [IP_Flow 19-3664] IP 'Uart_ETH_LED_Sample_0_0' generated file not found 'e:/ETH2SER/SoftwareProjects/UART2ETH970507_Master_Slave_OK/UART2ETH.srcs/sources_1/bd/Uart_ETH/ip/Uart_ETH_LED_Sample_0_0/stats.txt'. Please regenerate to continue.
WARNING: [IP_Flow 19-3664] IP 'Uart_ETH_LED_Sample_0_1' generated file not found 'e:/ETH2SER/SoftwareProjects/UART2ETH970507_Master_Slave_OK/UART2ETH.srcs/sources_1/bd/Uart_ETH/ip/Uart_ETH_LED_Sample_0_1/stats.txt'. Please regenerate to continue.
WARNING: [IP_Flow 19-3664] IP 'Uart_ETH_LED_Sample_1_0' generated file not found 'e:/ETH2SER/SoftwareProjects/UART2ETH970507_Master_Slave_OK/UART2ETH.srcs/sources_1/bd/Uart_ETH/ip/Uart_ETH_LED_Sample_1_0/stats.txt'. Please regenerate to continue.
WARNING: [IP_Flow 19-3664] IP 'Uart_ETH_LED_Sample_1_1' generated file not found 'e:/ETH2SER/SoftwareProjects/UART2ETH970507_Master_Slave_OK/UART2ETH.srcs/sources_1/bd/Uart_ETH/ip/Uart_ETH_LED_Sample_1_1/stats.txt'. Please regenerate to continue.
WARNING: [IP_Flow 19-3664] IP 'Uart_ETH_Tick_Timer_General_0_0' generated file not found 'e:/ETH2SER/SoftwareProjects/UART2ETH970507_Master_Slave_OK/UART2ETH.srcs/sources_1/bd/Uart_ETH/ip/Uart_ETH_Tick_Timer_General_0_0/stats.txt'. Please regenerate to continue.
WARNING: [IP_Flow 19-3664] IP 'Uart_ETH_Tick_Timer_General_0_1' generated file not found 'e:/ETH2SER/SoftwareProjects/UART2ETH970507_Master_Slave_OK/UART2ETH.srcs/sources_1/bd/Uart_ETH/ip/Uart_ETH_Tick_Timer_General_0_1/stats.txt'. Please regenerate to continue.
WARNING: [IP_Flow 19-3664] IP 'Uart_ETH_xlconstant_0_0' generated file not found 'e:/ETH2SER/SoftwareProjects/UART2ETH970507_Master_Slave_OK/UART2ETH.srcs/sources_1/bd/Uart_ETH/ip/Uart_ETH_xlconstant_0_0/stats.txt'. Please regenerate to continue.
WARNING: [IP_Flow 19-3664] IP 'Uart_ETH_util_vector_logic_0_18' generated file not found 'e:/ETH2SER/SoftwareProjects/UART2ETH970507_Master_Slave_OK/UART2ETH.srcs/sources_1/bd/Uart_ETH/ip/Uart_ETH_util_vector_logic_0_18/stats.txt'. Please regenerate to continue.
WARNING: [IP_Flow 19-3664] IP 'Uart_ETH_util_vector_logic_0_19' generated file not found 'e:/ETH2SER/SoftwareProjects/UART2ETH970507_Master_Slave_OK/UART2ETH.srcs/sources_1/bd/Uart_ETH/ip/Uart_ETH_util_vector_logic_0_19/stats.txt'. Please regenerate to continue.
WARNING: [IP_Flow 19-3664] IP 'Uart_ETH_util_vector_logic_0_20' generated file not found 'e:/ETH2SER/SoftwareProjects/UART2ETH970507_Master_Slave_OK/UART2ETH.srcs/sources_1/bd/Uart_ETH/ip/Uart_ETH_util_vector_logic_0_20/stats.txt'. Please regenerate to continue.
WARNING: [IP_Flow 19-3664] IP 'Uart_ETH_util_vector_logic_0_21' generated file not found 'e:/ETH2SER/SoftwareProjects/UART2ETH970507_Master_Slave_OK/UART2ETH.srcs/sources_1/bd/Uart_ETH/ip/Uart_ETH_util_vector_logic_0_21/stats.txt'. Please regenerate to continue.
WARNING: [IP_Flow 19-3664] IP 'Uart_ETH_util_vector_logic_0_22' generated file not found 'e:/ETH2SER/SoftwareProjects/UART2ETH970507_Master_Slave_OK/UART2ETH.srcs/sources_1/bd/Uart_ETH/ip/Uart_ETH_util_vector_logic_0_22/stats.txt'. Please regenerate to continue.
WARNING: [IP_Flow 19-3664] IP 'Uart_ETH_util_vector_logic_0_23' generated file not found 'e:/ETH2SER/SoftwareProjects/UART2ETH970507_Master_Slave_OK/UART2ETH.srcs/sources_1/bd/Uart_ETH/ip/Uart_ETH_util_vector_logic_0_23/stats.txt'. Please regenerate to continue.
WARNING: [IP_Flow 19-3664] IP 'Uart_ETH_util_vector_logic_0_24' generated file not found 'e:/ETH2SER/SoftwareProjects/UART2ETH970507_Master_Slave_OK/UART2ETH.srcs/sources_1/bd/Uart_ETH/ip/Uart_ETH_util_vector_logic_0_24/stats.txt'. Please regenerate to continue.
WARNING: [IP_Flow 19-3664] IP 'Uart_ETH_util_vector_logic_0_25' generated file not found 'e:/ETH2SER/SoftwareProjects/UART2ETH970507_Master_Slave_OK/UART2ETH.srcs/sources_1/bd/Uart_ETH/ip/Uart_ETH_util_vector_logic_0_25/stats.txt'. Please regenerate to continue.
WARNING: [IP_Flow 19-3664] IP 'Uart_ETH_util_vector_logic_0_26' generated file not found 'e:/ETH2SER/SoftwareProjects/UART2ETH970507_Master_Slave_OK/UART2ETH.srcs/sources_1/bd/Uart_ETH/ip/Uart_ETH_util_vector_logic_0_26/stats.txt'. Please regenerate to continue.
WARNING: [IP_Flow 19-3664] IP 'Uart_ETH_util_vector_logic_0_27' generated file not found 'e:/ETH2SER/SoftwareProjects/UART2ETH970507_Master_Slave_OK/UART2ETH.srcs/sources_1/bd/Uart_ETH/ip/Uart_ETH_util_vector_logic_0_27/stats.txt'. Please regenerate to continue.
WARNING: [IP_Flow 19-3664] IP 'Uart_ETH_util_vector_logic_0_28' generated file not found 'e:/ETH2SER/SoftwareProjects/UART2ETH970507_Master_Slave_OK/UART2ETH.srcs/sources_1/bd/Uart_ETH/ip/Uart_ETH_util_vector_logic_0_28/stats.txt'. Please regenerate to continue.
WARNING: [IP_Flow 19-3664] IP 'Uart_ETH_util_vector_logic_0_29' generated file not found 'e:/ETH2SER/SoftwareProjects/UART2ETH970507_Master_Slave_OK/UART2ETH.srcs/sources_1/bd/Uart_ETH/ip/Uart_ETH_util_vector_logic_0_29/stats.txt'. Please regenerate to continue.
WARNING: [IP_Flow 19-3664] IP 'Uart_ETH_util_vector_logic_0_30' generated file not found 'e:/ETH2SER/SoftwareProjects/UART2ETH970507_Master_Slave_OK/UART2ETH.srcs/sources_1/bd/Uart_ETH/ip/Uart_ETH_util_vector_logic_0_30/stats.txt'. Please regenerate to continue.
WARNING: [IP_Flow 19-3664] IP 'Uart_ETH_util_vector_logic_11_0' generated file not found 'e:/ETH2SER/SoftwareProjects/UART2ETH970507_Master_Slave_OK/UART2ETH.srcs/sources_1/bd/Uart_ETH/ip/Uart_ETH_util_vector_logic_11_0/stats.txt'. Please regenerate to continue.
WARNING: [IP_Flow 19-3664] IP 'Uart_ETH_util_vector_logic_11_1' generated file not found 'e:/ETH2SER/SoftwareProjects/UART2ETH970507_Master_Slave_OK/UART2ETH.srcs/sources_1/bd/Uart_ETH/ip/Uart_ETH_util_vector_logic_11_1/stats.txt'. Please regenerate to continue.
WARNING: [IP_Flow 19-3664] IP 'Uart_ETH_util_vector_logic_12_0' generated file not found 'e:/ETH2SER/SoftwareProjects/UART2ETH970507_Master_Slave_OK/UART2ETH.srcs/sources_1/bd/Uart_ETH/ip/Uart_ETH_util_vector_logic_12_0/stats.txt'. Please regenerate to continue.
WARNING: [IP_Flow 19-3664] IP 'Uart_ETH_util_vector_logic_12_1' generated file not found 'e:/ETH2SER/SoftwareProjects/UART2ETH970507_Master_Slave_OK/UART2ETH.srcs/sources_1/bd/Uart_ETH/ip/Uart_ETH_util_vector_logic_12_1/stats.txt'. Please regenerate to continue.
WARNING: [IP_Flow 19-3664] IP 'Uart_ETH_util_vector_logic_12_2' generated file not found 'e:/ETH2SER/SoftwareProjects/UART2ETH970507_Master_Slave_OK/UART2ETH.srcs/sources_1/bd/Uart_ETH/ip/Uart_ETH_util_vector_logic_12_2/stats.txt'. Please regenerate to continue.
WARNING: [IP_Flow 19-3664] IP 'Uart_ETH_util_vector_logic_12_3' generated file not found 'e:/ETH2SER/SoftwareProjects/UART2ETH970507_Master_Slave_OK/UART2ETH.srcs/sources_1/bd/Uart_ETH/ip/Uart_ETH_util_vector_logic_12_3/stats.txt'. Please regenerate to continue.
WARNING: [IP_Flow 19-3664] IP 'Uart_ETH_util_vector_logic_12_4' generated file not found 'e:/ETH2SER/SoftwareProjects/UART2ETH970507_Master_Slave_OK/UART2ETH.srcs/sources_1/bd/Uart_ETH/ip/Uart_ETH_util_vector_logic_12_4/stats.txt'. Please regenerate to continue.
WARNING: [IP_Flow 19-3664] IP 'Uart_ETH_util_vector_logic_12_5' generated file not found 'e:/ETH2SER/SoftwareProjects/UART2ETH970507_Master_Slave_OK/UART2ETH.srcs/sources_1/bd/Uart_ETH/ip/Uart_ETH_util_vector_logic_12_5/stats.txt'. Please regenerate to continue.
WARNING: [IP_Flow 19-3664] IP 'Uart_ETH_util_vector_logic_12_6' generated file not found 'e:/ETH2SER/SoftwareProjects/UART2ETH970507_Master_Slave_OK/UART2ETH.srcs/sources_1/bd/Uart_ETH/ip/Uart_ETH_util_vector_logic_12_6/stats.txt'. Please regenerate to continue.
WARNING: [IP_Flow 19-3664] IP 'Uart_ETH_util_vector_logic_12_7' generated file not found 'e:/ETH2SER/SoftwareProjects/UART2ETH970507_Master_Slave_OK/UART2ETH.srcs/sources_1/bd/Uart_ETH/ip/Uart_ETH_util_vector_logic_12_7/stats.txt'. Please regenerate to continue.
WARNING: [IP_Flow 19-3664] IP 'Uart_ETH_util_vector_logic_21_0' generated file not found 'e:/ETH2SER/SoftwareProjects/UART2ETH970507_Master_Slave_OK/UART2ETH.srcs/sources_1/bd/Uart_ETH/ip/Uart_ETH_util_vector_logic_21_0/stats.txt'. Please regenerate to continue.
WARNING: [IP_Flow 19-3664] IP 'Uart_ETH_util_vector_logic_21_1' generated file not found 'e:/ETH2SER/SoftwareProjects/UART2ETH970507_Master_Slave_OK/UART2ETH.srcs/sources_1/bd/Uart_ETH/ip/Uart_ETH_util_vector_logic_21_1/stats.txt'. Please regenerate to continue.
WARNING: [IP_Flow 19-3664] IP 'Uart_ETH_util_vector_logic_21_2' generated file not found 'e:/ETH2SER/SoftwareProjects/UART2ETH970507_Master_Slave_OK/UART2ETH.srcs/sources_1/bd/Uart_ETH/ip/Uart_ETH_util_vector_logic_21_2/stats.txt'. Please regenerate to continue.
WARNING: [IP_Flow 19-3664] IP 'Uart_ETH_util_vector_logic_21_3' generated file not found 'e:/ETH2SER/SoftwareProjects/UART2ETH970507_Master_Slave_OK/UART2ETH.srcs/sources_1/bd/Uart_ETH/ip/Uart_ETH_util_vector_logic_21_3/stats.txt'. Please regenerate to continue.
WARNING: [IP_Flow 19-3664] IP 'Uart_ETH_util_vector_logic_21_4' generated file not found 'e:/ETH2SER/SoftwareProjects/UART2ETH970507_Master_Slave_OK/UART2ETH.srcs/sources_1/bd/Uart_ETH/ip/Uart_ETH_util_vector_logic_21_4/stats.txt'. Please regenerate to continue.
WARNING: [IP_Flow 19-3664] IP 'Uart_ETH_util_vector_logic_21_5' generated file not found 'e:/ETH2SER/SoftwareProjects/UART2ETH970507_Master_Slave_OK/UART2ETH.srcs/sources_1/bd/Uart_ETH/ip/Uart_ETH_util_vector_logic_21_5/stats.txt'. Please regenerate to continue.
WARNING: [IP_Flow 19-3664] IP 'Uart_ETH_util_vector_logic_21_6' generated file not found 'e:/ETH2SER/SoftwareProjects/UART2ETH970507_Master_Slave_OK/UART2ETH.srcs/sources_1/bd/Uart_ETH/ip/Uart_ETH_util_vector_logic_21_6/stats.txt'. Please regenerate to continue.
WARNING: [IP_Flow 19-3664] IP 'Uart_ETH_util_vector_logic_21_7' generated file not found 'e:/ETH2SER/SoftwareProjects/UART2ETH970507_Master_Slave_OK/UART2ETH.srcs/sources_1/bd/Uart_ETH/ip/Uart_ETH_util_vector_logic_21_7/stats.txt'. Please regenerate to continue.
WARNING: [IP_Flow 19-3664] IP 'Uart_ETH_util_vector_logic_21_8' generated file not found 'e:/ETH2SER/SoftwareProjects/UART2ETH970507_Master_Slave_OK/UART2ETH.srcs/sources_1/bd/Uart_ETH/ip/Uart_ETH_util_vector_logic_21_8/stats.txt'. Please regenerate to continue.
WARNING: [IP_Flow 19-3664] IP 'Uart_ETH_util_vector_logic_30_0' generated file not found 'e:/ETH2SER/SoftwareProjects/UART2ETH970507_Master_Slave_OK/UART2ETH.srcs/sources_1/bd/Uart_ETH/ip/Uart_ETH_util_vector_logic_30_0/stats.txt'. Please regenerate to continue.
WARNING: [IP_Flow 19-3664] IP 'Uart_ETH_util_vector_logic_0_37' generated file not found 'e:/ETH2SER/SoftwareProjects/UART2ETH970507_Master_Slave_OK/UART2ETH.srcs/sources_1/bd/Uart_ETH/ip/Uart_ETH_util_vector_logic_0_37/stats.txt'. Please regenerate to continue.
WARNING: [IP_Flow 19-3664] IP 'Uart_ETH_fifo_generator_0_3' generated file not found 'e:/ETH2SER/SoftwareProjects/UART2ETH970507_Master_Slave_OK/UART2ETH.srcs/sources_1/bd/Uart_ETH/ip/Uart_ETH_fifo_generator_0_3/stats.txt'. Please regenerate to continue.
WARNING: [IP_Flow 19-3664] IP 'Uart_ETH_UART_RX_Without_Baud_1_17' generated file not found 'e:/ETH2SER/SoftwareProjects/UART2ETH970507_Master_Slave_OK/UART2ETH.srcs/sources_1/bd/Uart_ETH/ip/Uart_ETH_UART_RX_Without_Baud_1_17/stats.txt'. Please regenerate to continue.
WARNING: [IP_Flow 19-3664] IP 'Uart_ETH_util_vector_logic_14_0' generated file not found 'e:/ETH2SER/SoftwareProjects/UART2ETH970507_Master_Slave_OK/UART2ETH.srcs/sources_1/bd/Uart_ETH/ip/Uart_ETH_util_vector_logic_14_0/stats.txt'. Please regenerate to continue.
WARNING: [IP_Flow 19-3664] IP 'Uart_ETH_UART_TX_Without_Baud_14_0' generated file not found 'e:/ETH2SER/SoftwareProjects/UART2ETH970507_Master_Slave_OK/UART2ETH.srcs/sources_1/bd/Uart_ETH/ip/Uart_ETH_UART_TX_Without_Baud_14_0/stats.txt'. Please regenerate to continue.
WARNING: [IP_Flow 19-3664] IP 'Uart_ETH_UART_TX_Extended_0_0' generated file not found 'e:/ETH2SER/SoftwareProjects/UART2ETH970507_Master_Slave_OK/UART2ETH.srcs/sources_1/bd/Uart_ETH/ip/Uart_ETH_UART_TX_Extended_0_0/stats.txt'. Please regenerate to continue.
WARNING: [IP_Flow 19-3664] IP 'Uart_ETH_UART_RX_Extended_0_0' generated file not found 'e:/ETH2SER/SoftwareProjects/UART2ETH970507_Master_Slave_OK/UART2ETH.srcs/sources_1/bd/Uart_ETH/ip/Uart_ETH_UART_RX_Extended_0_0/stats.txt'. Please regenerate to continue.
WARNING: [IP_Flow 19-3664] IP 'Uart_ETH_util_vector_logic_2_5' generated file not found 'e:/ETH2SER/SoftwareProjects/UART2ETH970507_Master_Slave_OK/UART2ETH.srcs/sources_1/bd/Uart_ETH/ip/Uart_ETH_util_vector_logic_2_5/stats.txt'. Please regenerate to continue.
WARNING: [IP_Flow 19-3664] IP 'Uart_ETH_UART_TX_Extended_0_4' generated file not found 'e:/ETH2SER/SoftwareProjects/UART2ETH970507_Master_Slave_OK/UART2ETH.srcs/sources_1/bd/Uart_ETH/ip/Uart_ETH_UART_TX_Extended_0_4/stats.txt'. Please regenerate to continue.
WARNING: [IP_Flow 19-3664] IP 'Uart_ETH_util_vector_logic_0_36' generated file not found 'e:/ETH2SER/SoftwareProjects/UART2ETH970507_Master_Slave_OK/UART2ETH.srcs/sources_1/bd/Uart_ETH/ip/Uart_ETH_util_vector_logic_0_36/stats.txt'. Please regenerate to continue.
WARNING: [IP_Flow 19-3664] IP 'Uart_ETH_fifo_generator_0_5' generated file not found 'e:/ETH2SER/SoftwareProjects/UART2ETH970507_Master_Slave_OK/UART2ETH.srcs/sources_1/bd/Uart_ETH/ip/Uart_ETH_fifo_generator_0_5/stats.txt'. Please regenerate to continue.
WARNING: [IP_Flow 19-3664] IP 'Uart_ETH_UART_RX_Extended_0_4' generated file not found 'e:/ETH2SER/SoftwareProjects/UART2ETH970507_Master_Slave_OK/UART2ETH.srcs/sources_1/bd/Uart_ETH/ip/Uart_ETH_UART_RX_Extended_0_4/stats.txt'. Please regenerate to continue.
WARNING: [IP_Flow 19-3664] IP 'Uart_ETH_util_vector_logic_2_6' generated file not found 'e:/ETH2SER/SoftwareProjects/UART2ETH970507_Master_Slave_OK/UART2ETH.srcs/sources_1/bd/Uart_ETH/ip/Uart_ETH_util_vector_logic_2_6/stats.txt'. Please regenerate to continue.
WARNING: [IP_Flow 19-3664] IP 'Uart_ETH_UART_TX_Extended_0_5' generated file not found 'e:/ETH2SER/SoftwareProjects/UART2ETH970507_Master_Slave_OK/UART2ETH.srcs/sources_1/bd/Uart_ETH/ip/Uart_ETH_UART_TX_Extended_0_5/stats.txt'. Please regenerate to continue.
WARNING: [IP_Flow 19-3664] IP 'Uart_ETH_util_vector_logic_0_38' generated file not found 'e:/ETH2SER/SoftwareProjects/UART2ETH970507_Master_Slave_OK/UART2ETH.srcs/sources_1/bd/Uart_ETH/ip/Uart_ETH_util_vector_logic_0_38/stats.txt'. Please regenerate to continue.
WARNING: [IP_Flow 19-3664] IP 'Uart_ETH_fifo_generator_0_6' generated file not found 'e:/ETH2SER/SoftwareProjects/UART2ETH970507_Master_Slave_OK/UART2ETH.srcs/sources_1/bd/Uart_ETH/ip/Uart_ETH_fifo_generator_0_6/stats.txt'. Please regenerate to continue.
WARNING: [IP_Flow 19-3664] IP 'Uart_ETH_UART_RX_Extended_0_5' generated file not found 'e:/ETH2SER/SoftwareProjects/UART2ETH970507_Master_Slave_OK/UART2ETH.srcs/sources_1/bd/Uart_ETH/ip/Uart_ETH_UART_RX_Extended_0_5/stats.txt'. Please regenerate to continue.
WARNING: [IP_Flow 19-3664] IP 'Uart_ETH_util_vector_logic_2_10' generated file not found 'e:/ETH2SER/SoftwareProjects/UART2ETH970507_Master_Slave_OK/UART2ETH.srcs/sources_1/bd/Uart_ETH/ip/Uart_ETH_util_vector_logic_2_10/stats.txt'. Please regenerate to continue.
WARNING: [IP_Flow 19-3664] IP 'Uart_ETH_UART_TX_Extended_0_9' generated file not found 'e:/ETH2SER/SoftwareProjects/UART2ETH970507_Master_Slave_OK/UART2ETH.srcs/sources_1/bd/Uart_ETH/ip/Uart_ETH_UART_TX_Extended_0_9/stats.txt'. Please regenerate to continue.
WARNING: [IP_Flow 19-3664] IP 'Uart_ETH_util_vector_logic_0_42' generated file not found 'e:/ETH2SER/SoftwareProjects/UART2ETH970507_Master_Slave_OK/UART2ETH.srcs/sources_1/bd/Uart_ETH/ip/Uart_ETH_util_vector_logic_0_42/stats.txt'. Please regenerate to continue.
WARNING: [IP_Flow 19-3664] IP 'Uart_ETH_fifo_generator_0_10' generated file not found 'e:/ETH2SER/SoftwareProjects/UART2ETH970507_Master_Slave_OK/UART2ETH.srcs/sources_1/bd/Uart_ETH/ip/Uart_ETH_fifo_generator_0_10/stats.txt'. Please regenerate to continue.
WARNING: [IP_Flow 19-3664] IP 'Uart_ETH_UART_RX_Extended_0_9' generated file not found 'e:/ETH2SER/SoftwareProjects/UART2ETH970507_Master_Slave_OK/UART2ETH.srcs/sources_1/bd/Uart_ETH/ip/Uart_ETH_UART_RX_Extended_0_9/stats.txt'. Please regenerate to continue.
WARNING: [IP_Flow 19-3664] IP 'Uart_ETH_util_vector_logic_2_9' generated file not found 'e:/ETH2SER/SoftwareProjects/UART2ETH970507_Master_Slave_OK/UART2ETH.srcs/sources_1/bd/Uart_ETH/ip/Uart_ETH_util_vector_logic_2_9/stats.txt'. Please regenerate to continue.
WARNING: [IP_Flow 19-3664] IP 'Uart_ETH_UART_TX_Extended_0_8' generated file not found 'e:/ETH2SER/SoftwareProjects/UART2ETH970507_Master_Slave_OK/UART2ETH.srcs/sources_1/bd/Uart_ETH/ip/Uart_ETH_UART_TX_Extended_0_8/stats.txt'. Please regenerate to continue.
WARNING: [IP_Flow 19-3664] IP 'Uart_ETH_util_vector_logic_0_41' generated file not found 'e:/ETH2SER/SoftwareProjects/UART2ETH970507_Master_Slave_OK/UART2ETH.srcs/sources_1/bd/Uart_ETH/ip/Uart_ETH_util_vector_logic_0_41/stats.txt'. Please regenerate to continue.
WARNING: [IP_Flow 19-3664] IP 'Uart_ETH_fifo_generator_0_9' generated file not found 'e:/ETH2SER/SoftwareProjects/UART2ETH970507_Master_Slave_OK/UART2ETH.srcs/sources_1/bd/Uart_ETH/ip/Uart_ETH_fifo_generator_0_9/stats.txt'. Please regenerate to continue.
WARNING: [IP_Flow 19-3664] IP 'Uart_ETH_UART_RX_Extended_0_8' generated file not found 'e:/ETH2SER/SoftwareProjects/UART2ETH970507_Master_Slave_OK/UART2ETH.srcs/sources_1/bd/Uart_ETH/ip/Uart_ETH_UART_RX_Extended_0_8/stats.txt'. Please regenerate to continue.
INFO: [Common 17-14] Message 'IP_Flow 19-3664' appears 100 times and further instances of the messages will be disabled. Use the Tcl command set_msg_config to change the current settings.
open_project: Time (s): cpu = 00:00:40 ; elapsed = 00:00:41 . Memory (MB): peak = 982.473 ; gain = 195.066
update_compile_order -fileset sources_1
file mkdir E:/ETH2SER/SoftwareProjects/UART2ETH970507_Master_Slave_OK/UART2ETH.sdk
file copy -force E:/ETH2SER/SoftwareProjects/UART2ETH970507_Master_Slave_OK/UART2ETH.runs/impl_1/Uart_ETH_wrapper.sysdef E:/ETH2SER/SoftwareProjects/UART2ETH970507_Master_Slave_OK/UART2ETH.sdk/Uart_ETH_wrapper.hdf

launch_sdk -workspace E:/ETH2SER/SoftwareProjects/UART2ETH970507_Master_Slave_OK/UART2ETH.sdk -hwspec E:/ETH2SER/SoftwareProjects/UART2ETH970507_Master_Slave_OK/UART2ETH.sdk/Uart_ETH_wrapper.hdf
INFO: [Vivado 12-393] Launching SDK...
INFO: [Vivado 12-417] Running xsdk -workspace E:/ETH2SER/SoftwareProjects/UART2ETH970507_Master_Slave_OK/UART2ETH.sdk -hwspec E:/ETH2SER/SoftwareProjects/UART2ETH970507_Master_Slave_OK/UART2ETH.sdk/Uart_ETH_wrapper.hdf
INFO: [Vivado 12-3157] SDK launch initiated. Please check console for any further messages.
exit
INFO: [Common 17-206] Exiting Vivado at Wed Aug  1 15:35:12 2018...
