
*** Running vivado
    with args -log Uart_ETH_xlconstant_0_1.vds -m64 -product Vivado -mode batch -messageDb vivado.pb -notrace -source Uart_ETH_xlconstant_0_1.tcl


****** Vivado v2017.2 (64-bit)
  **** SW Build 1909853 on Thu Jun 15 18:39:09 MDT 2017
  **** IP Build 1909766 on Thu Jun 15 19:58:00 MDT 2017
    ** Copyright 1986-2017 Xilinx, Inc. All Rights Reserved.

source Uart_ETH_xlconstant_0_1.tcl -notrace
Starting RTL Elaboration : Time (s): cpu = 00:00:06 ; elapsed = 00:00:06 . Memory (MB): peak = 400.676 ; gain = 78.953
INFO: [Synth 8-638] synthesizing module 'Uart_ETH_xlconstant_0_1' [e:/ETH2SER/SoftwareProjects/UART2ETH970410_LEDPanel_LCD_KeyPad_Modif/UART2ETH.srcs/sources_1/bd/Uart_ETH/ip/Uart_ETH_xlconstant_0_1/synth/Uart_ETH_xlconstant_0_1.v:57]
INFO: [Synth 8-638] synthesizing module 'xlconstant_v1_1_3_xlconstant' [e:/ETH2SER/SoftwareProjects/UART2ETH970410_LEDPanel_LCD_KeyPad_Modif/UART2ETH.srcs/sources_1/bd/Uart_ETH/ipshared/45df/hdl/xlconstant_v1_1_vl_rfs.v:23]
INFO: [Synth 8-256] done synthesizing module 'xlconstant_v1_1_3_xlconstant' (1#1) [e:/ETH2SER/SoftwareProjects/UART2ETH970410_LEDPanel_LCD_KeyPad_Modif/UART2ETH.srcs/sources_1/bd/Uart_ETH/ipshared/45df/hdl/xlconstant_v1_1_vl_rfs.v:23]
INFO: [Synth 8-256] done synthesizing module 'Uart_ETH_xlconstant_0_1' (2#1) [e:/ETH2SER/SoftwareProjects/UART2ETH970410_LEDPanel_LCD_KeyPad_Modif/UART2ETH.srcs/sources_1/bd/Uart_ETH/ip/Uart_ETH_xlconstant_0_1/synth/Uart_ETH_xlconstant_0_1.v:57]
Finished RTL Elaboration : Time (s): cpu = 00:00:07 ; elapsed = 00:00:07 . Memory (MB): peak = 440.754 ; gain = 119.031
Finished RTL Optimization Phase 1 : Time (s): cpu = 00:00:07 ; elapsed = 00:00:07 . Memory (MB): peak = 440.754 ; gain = 119.031
INFO: [Device 21-403] Loading part xc7z020clg400-1
Constraint Validation Runtime : Time (s): cpu = 00:00:00 ; elapsed = 00:00:00.028 . Memory (MB): peak = 655.418 ; gain = 0.000
Finished Constraint Validation : Time (s): cpu = 00:00:23 ; elapsed = 00:00:24 . Memory (MB): peak = 655.418 ; gain = 333.695
Finished Loading Part and Timing Information : Time (s): cpu = 00:00:23 ; elapsed = 00:00:24 . Memory (MB): peak = 655.418 ; gain = 333.695
Finished applying 'set_property' XDC Constraints : Time (s): cpu = 00:00:23 ; elapsed = 00:00:24 . Memory (MB): peak = 655.418 ; gain = 333.695
Finished RTL Optimization Phase 2 : Time (s): cpu = 00:00:23 ; elapsed = 00:00:24 . Memory (MB): peak = 655.418 ; gain = 333.695
Finished Cross Boundary and Area Optimization : Time (s): cpu = 00:00:24 ; elapsed = 00:00:25 . Memory (MB): peak = 655.418 ; gain = 333.695
Finished Applying XDC Timing Constraints : Time (s): cpu = 00:00:41 ; elapsed = 00:00:42 . Memory (MB): peak = 700.414 ; gain = 378.691
Finished Timing Optimization : Time (s): cpu = 00:00:41 ; elapsed = 00:00:42 . Memory (MB): peak = 700.414 ; gain = 378.691
Finished Technology Mapping : Time (s): cpu = 00:00:41 ; elapsed = 00:00:42 . Memory (MB): peak = 710.559 ; gain = 388.836
Finished IO Insertion : Time (s): cpu = 00:00:42 ; elapsed = 00:00:43 . Memory (MB): peak = 710.559 ; gain = 388.836
Finished Renaming Generated Instances : Time (s): cpu = 00:00:42 ; elapsed = 00:00:43 . Memory (MB): peak = 710.559 ; gain = 388.836
Finished Rebuilding User Hierarchy : Time (s): cpu = 00:00:42 ; elapsed = 00:00:43 . Memory (MB): peak = 710.559 ; gain = 388.836
Finished Renaming Generated Ports : Time (s): cpu = 00:00:42 ; elapsed = 00:00:43 . Memory (MB): peak = 710.559 ; gain = 388.836
Finished Handling Custom Attributes : Time (s): cpu = 00:00:42 ; elapsed = 00:00:43 . Memory (MB): peak = 710.559 ; gain = 388.836
Finished Renaming Generated Nets : Time (s): cpu = 00:00:42 ; elapsed = 00:00:43 . Memory (MB): peak = 710.559 ; gain = 388.836

Report Cell Usage: 
+-+-----+------+
| |Cell |Count |
+-+-----+------+
+-+-----+------+
Finished Writing Synthesis Report : Time (s): cpu = 00:00:42 ; elapsed = 00:00:43 . Memory (MB): peak = 710.559 ; gain = 388.836
synth_design: Time (s): cpu = 00:00:45 ; elapsed = 00:00:46 . Memory (MB): peak = 728.156 ; gain = 414.773
