
*** Running vivado
    with args -log Uart_ETH_auto_pc_6.vds -m64 -product Vivado -mode batch -messageDb vivado.pb -notrace -source Uart_ETH_auto_pc_6.tcl


****** Vivado v2017.2 (64-bit)
  **** SW Build 1909853 on Thu Jun 15 18:39:09 MDT 2017
  **** IP Build 1909766 on Thu Jun 15 19:58:00 MDT 2017
    ** Copyright 1986-2017 Xilinx, Inc. All Rights Reserved.

source Uart_ETH_auto_pc_6.tcl -notrace
Starting RTL Elaboration : Time (s): cpu = 00:00:10 ; elapsed = 00:00:11 . Memory (MB): peak = 395.402 ; gain = 83.125
INFO: [Synth 8-638] synthesizing module 'Uart_ETH_auto_pc_6' [e:/ETH2SER/SoftwareProjects/UART2ETH970222-UART16550_FIFO_Rx_16_Tx_16_Port/UART2ETH.srcs/sources_1/bd/Uart_ETH/ip/Uart_ETH_auto_pc_6/synth/Uart_ETH_auto_pc_6.v:58]
INFO: [Synth 8-638] synthesizing module 'axi_protocol_converter_v2_1_13_axi_protocol_converter' [e:/ETH2SER/SoftwareProjects/UART2ETH970222-UART16550_FIFO_Rx_16_Tx_16_Port/UART2ETH.srcs/sources_1/bd/Uart_ETH/ipshared/f0ae/hdl/axi_protocol_converter_v2_1_vl_rfs.v:4811]
INFO: [Synth 8-256] done synthesizing module 'axi_protocol_converter_v2_1_13_axi_protocol_converter' (1#1) [e:/ETH2SER/SoftwareProjects/UART2ETH970222-UART16550_FIFO_Rx_16_Tx_16_Port/UART2ETH.srcs/sources_1/bd/Uart_ETH/ipshared/f0ae/hdl/axi_protocol_converter_v2_1_vl_rfs.v:4811]
INFO: [Synth 8-256] done synthesizing module 'Uart_ETH_auto_pc_6' (2#1) [e:/ETH2SER/SoftwareProjects/UART2ETH970222-UART16550_FIFO_Rx_16_Tx_16_Port/UART2ETH.srcs/sources_1/bd/Uart_ETH/ip/Uart_ETH_auto_pc_6/synth/Uart_ETH_auto_pc_6.v:58]
Finished RTL Elaboration : Time (s): cpu = 00:00:58 ; elapsed = 00:01:01 . Memory (MB): peak = 515.246 ; gain = 202.969
Finished RTL Optimization Phase 1 : Time (s): cpu = 00:00:58 ; elapsed = 00:01:01 . Memory (MB): peak = 515.246 ; gain = 202.969
INFO: [Device 21-403] Loading part xc7z020clg400-1
Constraint Validation Runtime : Time (s): cpu = 00:00:00 ; elapsed = 00:00:00.025 . Memory (MB): peak = 656.789 ; gain = 0.000
Finished Constraint Validation : Time (s): cpu = 00:01:09 ; elapsed = 00:01:13 . Memory (MB): peak = 656.789 ; gain = 344.512
Finished Loading Part and Timing Information : Time (s): cpu = 00:01:09 ; elapsed = 00:01:13 . Memory (MB): peak = 656.789 ; gain = 344.512
Finished applying 'set_property' XDC Constraints : Time (s): cpu = 00:01:09 ; elapsed = 00:01:13 . Memory (MB): peak = 656.789 ; gain = 344.512
Finished RTL Optimization Phase 2 : Time (s): cpu = 00:01:09 ; elapsed = 00:01:13 . Memory (MB): peak = 656.789 ; gain = 344.512
Finished Cross Boundary and Area Optimization : Time (s): cpu = 00:01:10 ; elapsed = 00:01:13 . Memory (MB): peak = 656.789 ; gain = 344.512
Finished Applying XDC Timing Constraints : Time (s): cpu = 00:01:22 ; elapsed = 00:01:26 . Memory (MB): peak = 694.453 ; gain = 382.176
Finished Timing Optimization : Time (s): cpu = 00:01:22 ; elapsed = 00:01:26 . Memory (MB): peak = 694.453 ; gain = 382.176
Finished Technology Mapping : Time (s): cpu = 00:01:22 ; elapsed = 00:01:26 . Memory (MB): peak = 704.598 ; gain = 392.320
Finished IO Insertion : Time (s): cpu = 00:01:23 ; elapsed = 00:01:27 . Memory (MB): peak = 704.598 ; gain = 392.320
Finished Renaming Generated Instances : Time (s): cpu = 00:01:23 ; elapsed = 00:01:27 . Memory (MB): peak = 704.598 ; gain = 392.320
Finished Rebuilding User Hierarchy : Time (s): cpu = 00:01:23 ; elapsed = 00:01:27 . Memory (MB): peak = 704.598 ; gain = 392.320
Finished Renaming Generated Ports : Time (s): cpu = 00:01:23 ; elapsed = 00:01:27 . Memory (MB): peak = 704.598 ; gain = 392.320
Finished Handling Custom Attributes : Time (s): cpu = 00:01:23 ; elapsed = 00:01:27 . Memory (MB): peak = 704.598 ; gain = 392.320
Finished Renaming Generated Nets : Time (s): cpu = 00:01:23 ; elapsed = 00:01:27 . Memory (MB): peak = 704.598 ; gain = 392.320

Report Cell Usage: 
+-+-----+------+
| |Cell |Count |
+-+-----+------+
+-+-----+------+
Finished Writing Synthesis Report : Time (s): cpu = 00:01:23 ; elapsed = 00:01:27 . Memory (MB): peak = 704.598 ; gain = 392.320
synth_design: Time (s): cpu = 00:01:26 ; elapsed = 00:01:30 . Memory (MB): peak = 723.188 ; gain = 418.668
