
*** Running vivado
    with args -log Uart_ETH_xlconcat_0_0.vds -m64 -product Vivado -mode batch -messageDb vivado.pb -notrace -source Uart_ETH_xlconcat_0_0.tcl


****** Vivado v2017.2 (64-bit)
  **** SW Build 1909853 on Thu Jun 15 18:39:09 MDT 2017
  **** IP Build 1909766 on Thu Jun 15 19:58:00 MDT 2017
    ** Copyright 1986-2017 Xilinx, Inc. All Rights Reserved.

source Uart_ETH_xlconcat_0_0.tcl -notrace
Starting RTL Elaboration : Time (s): cpu = 00:00:05 ; elapsed = 00:00:05 . Memory (MB): peak = 401.293 ; gain = 81.543
INFO: [Synth 8-638] synthesizing module 'Uart_ETH_xlconcat_0_0' [e:/ETH2SER/SoftwareProjects/UART2ETH970331_LEDPanel/UART2ETH.srcs/sources_1/bd/Uart_ETH/ip/Uart_ETH_xlconcat_0_0/synth/Uart_ETH_xlconcat_0_0.v:58]
INFO: [Synth 8-638] synthesizing module 'xlconcat_v2_1_1_xlconcat' [e:/ETH2SER/SoftwareProjects/UART2ETH970331_LEDPanel/UART2ETH.srcs/sources_1/bd/Uart_ETH/ipshared/73b7/hdl/xlconcat_v2_1_vl_rfs.v:14]
INFO: [Synth 8-256] done synthesizing module 'xlconcat_v2_1_1_xlconcat' (1#1) [e:/ETH2SER/SoftwareProjects/UART2ETH970331_LEDPanel/UART2ETH.srcs/sources_1/bd/Uart_ETH/ipshared/73b7/hdl/xlconcat_v2_1_vl_rfs.v:14]
INFO: [Synth 8-256] done synthesizing module 'Uart_ETH_xlconcat_0_0' (2#1) [e:/ETH2SER/SoftwareProjects/UART2ETH970331_LEDPanel/UART2ETH.srcs/sources_1/bd/Uart_ETH/ip/Uart_ETH_xlconcat_0_0/synth/Uart_ETH_xlconcat_0_0.v:58]
Finished RTL Elaboration : Time (s): cpu = 00:00:06 ; elapsed = 00:00:07 . Memory (MB): peak = 440.621 ; gain = 120.871
Finished RTL Optimization Phase 1 : Time (s): cpu = 00:00:06 ; elapsed = 00:00:07 . Memory (MB): peak = 440.621 ; gain = 120.871
INFO: [Device 21-403] Loading part xc7z020clg400-1
Constraint Validation Runtime : Time (s): cpu = 00:00:00 ; elapsed = 00:00:00.019 . Memory (MB): peak = 660.355 ; gain = 0.000
Finished Constraint Validation : Time (s): cpu = 00:00:21 ; elapsed = 00:00:22 . Memory (MB): peak = 660.355 ; gain = 340.605
Finished Loading Part and Timing Information : Time (s): cpu = 00:00:21 ; elapsed = 00:00:22 . Memory (MB): peak = 660.355 ; gain = 340.605
Finished applying 'set_property' XDC Constraints : Time (s): cpu = 00:00:21 ; elapsed = 00:00:22 . Memory (MB): peak = 660.355 ; gain = 340.605
Finished RTL Optimization Phase 2 : Time (s): cpu = 00:00:21 ; elapsed = 00:00:22 . Memory (MB): peak = 660.355 ; gain = 340.605
Finished Cross Boundary and Area Optimization : Time (s): cpu = 00:00:22 ; elapsed = 00:00:23 . Memory (MB): peak = 660.355 ; gain = 340.605
Finished Applying XDC Timing Constraints : Time (s): cpu = 00:00:35 ; elapsed = 00:00:36 . Memory (MB): peak = 699.848 ; gain = 380.098
Finished Timing Optimization : Time (s): cpu = 00:00:35 ; elapsed = 00:00:36 . Memory (MB): peak = 699.848 ; gain = 380.098
Finished Technology Mapping : Time (s): cpu = 00:00:35 ; elapsed = 00:00:36 . Memory (MB): peak = 710.992 ; gain = 391.242
Finished IO Insertion : Time (s): cpu = 00:00:36 ; elapsed = 00:00:37 . Memory (MB): peak = 710.992 ; gain = 391.242
Finished Renaming Generated Instances : Time (s): cpu = 00:00:36 ; elapsed = 00:00:37 . Memory (MB): peak = 710.992 ; gain = 391.242
Finished Rebuilding User Hierarchy : Time (s): cpu = 00:00:36 ; elapsed = 00:00:37 . Memory (MB): peak = 710.992 ; gain = 391.242
Finished Renaming Generated Ports : Time (s): cpu = 00:00:36 ; elapsed = 00:00:37 . Memory (MB): peak = 710.992 ; gain = 391.242
Finished Handling Custom Attributes : Time (s): cpu = 00:00:36 ; elapsed = 00:00:37 . Memory (MB): peak = 710.992 ; gain = 391.242
Finished Renaming Generated Nets : Time (s): cpu = 00:00:36 ; elapsed = 00:00:37 . Memory (MB): peak = 710.992 ; gain = 391.242

Report Cell Usage: 
+-+-----+------+
| |Cell |Count |
+-+-----+------+
+-+-----+------+
Finished Writing Synthesis Report : Time (s): cpu = 00:00:36 ; elapsed = 00:00:37 . Memory (MB): peak = 710.992 ; gain = 391.242
synth_design: Time (s): cpu = 00:00:38 ; elapsed = 00:00:39 . Memory (MB): peak = 724.516 ; gain = 412.531
