
*** Running vivado
    with args -log Uart_ETH_xlconcat_0_1.vds -m64 -product Vivado -mode batch -messageDb vivado.pb -notrace -source Uart_ETH_xlconcat_0_1.tcl


****** Vivado v2017.2 (64-bit)
  **** SW Build 1909853 on Thu Jun 15 18:39:09 MDT 2017
  **** IP Build 1909766 on Thu Jun 15 19:58:00 MDT 2017
    ** Copyright 1986-2017 Xilinx, Inc. All Rights Reserved.

source Uart_ETH_xlconcat_0_1.tcl -notrace
Starting RTL Elaboration : Time (s): cpu = 00:00:06 ; elapsed = 00:00:06 . Memory (MB): peak = 402.164 ; gain = 80.953
INFO: [Synth 8-638] synthesizing module 'Uart_ETH_xlconcat_0_1' [e:/ETH2SER/SoftwareProjects/UART2ETH970410_LEDPanel_LCD_KeyPad_Modif/UART2ETH.srcs/sources_1/bd/Uart_ETH/ip/Uart_ETH_xlconcat_0_1/synth/Uart_ETH_xlconcat_0_1.v:58]
INFO: [Synth 8-638] synthesizing module 'xlconcat_v2_1_1_xlconcat' [e:/ETH2SER/SoftwareProjects/UART2ETH970410_LEDPanel_LCD_KeyPad_Modif/UART2ETH.srcs/sources_1/bd/Uart_ETH/ipshared/73b7/hdl/xlconcat_v2_1_vl_rfs.v:14]
INFO: [Synth 8-256] done synthesizing module 'xlconcat_v2_1_1_xlconcat' (1#1) [e:/ETH2SER/SoftwareProjects/UART2ETH970410_LEDPanel_LCD_KeyPad_Modif/UART2ETH.srcs/sources_1/bd/Uart_ETH/ipshared/73b7/hdl/xlconcat_v2_1_vl_rfs.v:14]
INFO: [Synth 8-256] done synthesizing module 'Uart_ETH_xlconcat_0_1' (2#1) [e:/ETH2SER/SoftwareProjects/UART2ETH970410_LEDPanel_LCD_KeyPad_Modif/UART2ETH.srcs/sources_1/bd/Uart_ETH/ip/Uart_ETH_xlconcat_0_1/synth/Uart_ETH_xlconcat_0_1.v:58]
Finished RTL Elaboration : Time (s): cpu = 00:00:08 ; elapsed = 00:00:07 . Memory (MB): peak = 441.492 ; gain = 120.281
Finished RTL Optimization Phase 1 : Time (s): cpu = 00:00:08 ; elapsed = 00:00:08 . Memory (MB): peak = 441.492 ; gain = 120.281
INFO: [Device 21-403] Loading part xc7z020clg400-1
Constraint Validation Runtime : Time (s): cpu = 00:00:00 ; elapsed = 00:00:00.024 . Memory (MB): peak = 661.852 ; gain = 0.000
Finished Constraint Validation : Time (s): cpu = 00:00:24 ; elapsed = 00:00:25 . Memory (MB): peak = 661.852 ; gain = 340.641
Finished Loading Part and Timing Information : Time (s): cpu = 00:00:24 ; elapsed = 00:00:25 . Memory (MB): peak = 661.852 ; gain = 340.641
Finished applying 'set_property' XDC Constraints : Time (s): cpu = 00:00:24 ; elapsed = 00:00:25 . Memory (MB): peak = 661.852 ; gain = 340.641
Finished RTL Optimization Phase 2 : Time (s): cpu = 00:00:24 ; elapsed = 00:00:25 . Memory (MB): peak = 661.852 ; gain = 340.641
Finished Cross Boundary and Area Optimization : Time (s): cpu = 00:00:24 ; elapsed = 00:00:25 . Memory (MB): peak = 661.852 ; gain = 340.641
Finished Applying XDC Timing Constraints : Time (s): cpu = 00:00:38 ; elapsed = 00:00:39 . Memory (MB): peak = 701.414 ; gain = 380.203
Finished Timing Optimization : Time (s): cpu = 00:00:38 ; elapsed = 00:00:39 . Memory (MB): peak = 701.414 ; gain = 380.203
Finished Technology Mapping : Time (s): cpu = 00:00:38 ; elapsed = 00:00:39 . Memory (MB): peak = 711.555 ; gain = 390.344
Finished IO Insertion : Time (s): cpu = 00:00:39 ; elapsed = 00:00:40 . Memory (MB): peak = 711.555 ; gain = 390.344
Finished Renaming Generated Instances : Time (s): cpu = 00:00:39 ; elapsed = 00:00:40 . Memory (MB): peak = 711.555 ; gain = 390.344
Finished Rebuilding User Hierarchy : Time (s): cpu = 00:00:39 ; elapsed = 00:00:40 . Memory (MB): peak = 711.555 ; gain = 390.344
Finished Renaming Generated Ports : Time (s): cpu = 00:00:39 ; elapsed = 00:00:40 . Memory (MB): peak = 711.555 ; gain = 390.344
Finished Handling Custom Attributes : Time (s): cpu = 00:00:39 ; elapsed = 00:00:40 . Memory (MB): peak = 711.555 ; gain = 390.344
Finished Renaming Generated Nets : Time (s): cpu = 00:00:39 ; elapsed = 00:00:40 . Memory (MB): peak = 711.555 ; gain = 390.344

Report Cell Usage: 
+-+-----+------+
| |Cell |Count |
+-+-----+------+
+-+-----+------+
Finished Writing Synthesis Report : Time (s): cpu = 00:00:39 ; elapsed = 00:00:40 . Memory (MB): peak = 711.555 ; gain = 390.344
synth_design: Time (s): cpu = 00:00:42 ; elapsed = 00:00:43 . Memory (MB): peak = 725.074 ; gain = 411.625
