
*** Running vivado
    with args -log Uart_ETH_xlslice_LCD1_0.vds -m64 -product Vivado -mode batch -messageDb vivado.pb -notrace -source Uart_ETH_xlslice_LCD1_0.tcl


****** Vivado v2017.2 (64-bit)
  **** SW Build 1909853 on Thu Jun 15 18:39:09 MDT 2017
  **** IP Build 1909766 on Thu Jun 15 19:58:00 MDT 2017
    ** Copyright 1986-2017 Xilinx, Inc. All Rights Reserved.

source Uart_ETH_xlslice_LCD1_0.tcl -notrace
Starting RTL Elaboration : Time (s): cpu = 00:00:05 ; elapsed = 00:00:05 . Memory (MB): peak = 401.754 ; gain = 80.457
INFO: [Synth 8-638] synthesizing module 'Uart_ETH_xlslice_LCD1_0' [e:/ETH2SER/SoftwareProjects/UART2ETH970402_LEDPanel_Included_KeyPad/UART2ETH.srcs/sources_1/bd/Uart_ETH/ip/Uart_ETH_xlslice_LCD1_0/synth/Uart_ETH_xlslice_LCD1_0.v:57]
INFO: [Synth 8-638] synthesizing module 'xlslice_v1_0_1_xlslice' [e:/ETH2SER/SoftwareProjects/UART2ETH970402_LEDPanel_Included_KeyPad/UART2ETH.srcs/sources_1/bd/Uart_ETH/ipshared/bb23/hdl/xlslice_v1_0_vl_rfs.v:13]
INFO: [Synth 8-256] done synthesizing module 'xlslice_v1_0_1_xlslice' (1#1) [e:/ETH2SER/SoftwareProjects/UART2ETH970402_LEDPanel_Included_KeyPad/UART2ETH.srcs/sources_1/bd/Uart_ETH/ipshared/bb23/hdl/xlslice_v1_0_vl_rfs.v:13]
INFO: [Synth 8-256] done synthesizing module 'Uart_ETH_xlslice_LCD1_0' (2#1) [e:/ETH2SER/SoftwareProjects/UART2ETH970402_LEDPanel_Included_KeyPad/UART2ETH.srcs/sources_1/bd/Uart_ETH/ip/Uart_ETH_xlslice_LCD1_0/synth/Uart_ETH_xlslice_LCD1_0.v:57]
Finished RTL Elaboration : Time (s): cpu = 00:00:06 ; elapsed = 00:00:06 . Memory (MB): peak = 440.828 ; gain = 119.531
Finished RTL Optimization Phase 1 : Time (s): cpu = 00:00:06 ; elapsed = 00:00:06 . Memory (MB): peak = 440.828 ; gain = 119.531
INFO: [Device 21-403] Loading part xc7z020clg400-1
Constraint Validation Runtime : Time (s): cpu = 00:00:00 ; elapsed = 00:00:00.016 . Memory (MB): peak = 660.809 ; gain = 0.000
Finished Constraint Validation : Time (s): cpu = 00:00:19 ; elapsed = 00:00:20 . Memory (MB): peak = 660.809 ; gain = 339.512
Finished Loading Part and Timing Information : Time (s): cpu = 00:00:19 ; elapsed = 00:00:20 . Memory (MB): peak = 660.809 ; gain = 339.512
Finished applying 'set_property' XDC Constraints : Time (s): cpu = 00:00:19 ; elapsed = 00:00:20 . Memory (MB): peak = 660.809 ; gain = 339.512
Finished RTL Optimization Phase 2 : Time (s): cpu = 00:00:20 ; elapsed = 00:00:20 . Memory (MB): peak = 660.809 ; gain = 339.512
Finished Cross Boundary and Area Optimization : Time (s): cpu = 00:00:20 ; elapsed = 00:00:20 . Memory (MB): peak = 660.809 ; gain = 339.512
Finished Applying XDC Timing Constraints : Time (s): cpu = 00:00:33 ; elapsed = 00:00:34 . Memory (MB): peak = 700.180 ; gain = 378.883
Finished Timing Optimization : Time (s): cpu = 00:00:33 ; elapsed = 00:00:34 . Memory (MB): peak = 700.180 ; gain = 378.883
Finished Technology Mapping : Time (s): cpu = 00:00:33 ; elapsed = 00:00:34 . Memory (MB): peak = 711.324 ; gain = 390.027
Finished IO Insertion : Time (s): cpu = 00:00:34 ; elapsed = 00:00:35 . Memory (MB): peak = 711.324 ; gain = 390.027
Finished Renaming Generated Instances : Time (s): cpu = 00:00:34 ; elapsed = 00:00:35 . Memory (MB): peak = 711.324 ; gain = 390.027
Finished Rebuilding User Hierarchy : Time (s): cpu = 00:00:34 ; elapsed = 00:00:35 . Memory (MB): peak = 711.324 ; gain = 390.027
Finished Renaming Generated Ports : Time (s): cpu = 00:00:34 ; elapsed = 00:00:35 . Memory (MB): peak = 711.324 ; gain = 390.027
Finished Handling Custom Attributes : Time (s): cpu = 00:00:34 ; elapsed = 00:00:35 . Memory (MB): peak = 711.324 ; gain = 390.027
Finished Renaming Generated Nets : Time (s): cpu = 00:00:34 ; elapsed = 00:00:35 . Memory (MB): peak = 711.324 ; gain = 390.027

Report Cell Usage: 
+-+-----+------+
| |Cell |Count |
+-+-----+------+
+-+-----+------+
Finished Writing Synthesis Report : Time (s): cpu = 00:00:34 ; elapsed = 00:00:35 . Memory (MB): peak = 711.324 ; gain = 390.027
synth_design: Time (s): cpu = 00:00:37 ; elapsed = 00:00:37 . Memory (MB): peak = 724.844 ; gain = 412.309
