
*** Running vivado
    with args -log Uart_ETH_xlslice_KeyPad_1.vds -m64 -product Vivado -mode batch -messageDb vivado.pb -notrace -source Uart_ETH_xlslice_KeyPad_1.tcl


****** Vivado v2017.2 (64-bit)
  **** SW Build 1909853 on Thu Jun 15 18:39:09 MDT 2017
  **** IP Build 1909766 on Thu Jun 15 19:58:00 MDT 2017
    ** Copyright 1986-2017 Xilinx, Inc. All Rights Reserved.

source Uart_ETH_xlslice_KeyPad_1.tcl -notrace
Starting RTL Elaboration : Time (s): cpu = 00:00:06 ; elapsed = 00:00:06 . Memory (MB): peak = 404.430 ; gain = 80.965
INFO: [Synth 8-638] synthesizing module 'Uart_ETH_xlslice_KeyPad_1' [e:/ETH2SER/SoftwareProjects/UART2ETH970503_Master_Slave_IOBUF/UART2ETH.srcs/sources_1/bd/Uart_ETH/ip/Uart_ETH_xlslice_KeyPad_1/synth/Uart_ETH_xlslice_KeyPad_1.v:57]
INFO: [Synth 8-638] synthesizing module 'xlslice_v1_0_1_xlslice' [e:/ETH2SER/SoftwareProjects/UART2ETH970503_Master_Slave_IOBUF/UART2ETH.srcs/sources_1/bd/Uart_ETH/ipshared/bb23/hdl/xlslice_v1_0_vl_rfs.v:13]
INFO: [Synth 8-256] done synthesizing module 'xlslice_v1_0_1_xlslice' (1#1) [e:/ETH2SER/SoftwareProjects/UART2ETH970503_Master_Slave_IOBUF/UART2ETH.srcs/sources_1/bd/Uart_ETH/ipshared/bb23/hdl/xlslice_v1_0_vl_rfs.v:13]
INFO: [Synth 8-256] done synthesizing module 'Uart_ETH_xlslice_KeyPad_1' (2#1) [e:/ETH2SER/SoftwareProjects/UART2ETH970503_Master_Slave_IOBUF/UART2ETH.srcs/sources_1/bd/Uart_ETH/ip/Uart_ETH_xlslice_KeyPad_1/synth/Uart_ETH_xlslice_KeyPad_1.v:57]
Finished RTL Elaboration : Time (s): cpu = 00:00:07 ; elapsed = 00:00:07 . Memory (MB): peak = 443.508 ; gain = 120.043
Finished RTL Optimization Phase 1 : Time (s): cpu = 00:00:07 ; elapsed = 00:00:07 . Memory (MB): peak = 443.508 ; gain = 120.043
INFO: [Device 21-403] Loading part xc7z020clg400-1
Constraint Validation Runtime : Time (s): cpu = 00:00:00 ; elapsed = 00:00:00.019 . Memory (MB): peak = 663.480 ; gain = 0.000
Finished Constraint Validation : Time (s): cpu = 00:00:23 ; elapsed = 00:00:24 . Memory (MB): peak = 663.480 ; gain = 340.016
Finished Loading Part and Timing Information : Time (s): cpu = 00:00:23 ; elapsed = 00:00:24 . Memory (MB): peak = 663.480 ; gain = 340.016
Finished applying 'set_property' XDC Constraints : Time (s): cpu = 00:00:23 ; elapsed = 00:00:24 . Memory (MB): peak = 663.480 ; gain = 340.016
Finished RTL Optimization Phase 2 : Time (s): cpu = 00:00:23 ; elapsed = 00:00:24 . Memory (MB): peak = 663.480 ; gain = 340.016
Finished Cross Boundary and Area Optimization : Time (s): cpu = 00:00:24 ; elapsed = 00:00:25 . Memory (MB): peak = 663.480 ; gain = 340.016
Finished Applying XDC Timing Constraints : Time (s): cpu = 00:00:39 ; elapsed = 00:00:40 . Memory (MB): peak = 703.547 ; gain = 380.082
Finished Timing Optimization : Time (s): cpu = 00:00:39 ; elapsed = 00:00:41 . Memory (MB): peak = 703.547 ; gain = 380.082
Finished Technology Mapping : Time (s): cpu = 00:00:39 ; elapsed = 00:00:41 . Memory (MB): peak = 713.688 ; gain = 390.223
Finished IO Insertion : Time (s): cpu = 00:00:40 ; elapsed = 00:00:42 . Memory (MB): peak = 713.688 ; gain = 390.223
Finished Renaming Generated Instances : Time (s): cpu = 00:00:40 ; elapsed = 00:00:42 . Memory (MB): peak = 713.688 ; gain = 390.223
Finished Rebuilding User Hierarchy : Time (s): cpu = 00:00:40 ; elapsed = 00:00:42 . Memory (MB): peak = 713.688 ; gain = 390.223
Finished Renaming Generated Ports : Time (s): cpu = 00:00:40 ; elapsed = 00:00:42 . Memory (MB): peak = 713.688 ; gain = 390.223
Finished Handling Custom Attributes : Time (s): cpu = 00:00:40 ; elapsed = 00:00:42 . Memory (MB): peak = 713.688 ; gain = 390.223
Finished Renaming Generated Nets : Time (s): cpu = 00:00:40 ; elapsed = 00:00:42 . Memory (MB): peak = 713.688 ; gain = 390.223

Report Cell Usage: 
+-+-----+------+
| |Cell |Count |
+-+-----+------+
+-+-----+------+
Finished Writing Synthesis Report : Time (s): cpu = 00:00:40 ; elapsed = 00:00:42 . Memory (MB): peak = 713.688 ; gain = 390.223
synth_design: Time (s): cpu = 00:00:43 ; elapsed = 00:00:44 . Memory (MB): peak = 727.207 ; gain = 411.500
