
*** Running vivado
    with args -log Uart_ETH_axi_gpio_0_0.vds -m64 -product Vivado -mode batch -messageDb vivado.pb -notrace -source Uart_ETH_axi_gpio_0_0.tcl


****** Vivado v2017.2 (64-bit)
  **** SW Build 1909853 on Thu Jun 15 18:39:09 MDT 2017
  **** IP Build 1909766 on Thu Jun 15 19:58:00 MDT 2017
    ** Copyright 1986-2017 Xilinx, Inc. All Rights Reserved.

source Uart_ETH_axi_gpio_0_0.tcl -notrace
Starting RTL Elaboration : Time (s): cpu = 00:00:04 ; elapsed = 00:00:04 . Memory (MB): peak = 385.672 ; gain = 78.148
INFO: [Synth 8-638] synthesizing module 'Uart_ETH_axi_gpio_0_0' [e:/ETH2SER/SoftwareProjects/UART2ETH970126_Uart16550_Multi -ConfigPort/UART2ETH.srcs/sources_1/bd/Uart_ETH/ip/Uart_ETH_axi_gpio_0_0/synth/Uart_ETH_axi_gpio_0_0.vhd:85]
INFO: [Synth 8-638] synthesizing module 'axi_gpio' [e:/ETH2SER/SoftwareProjects/UART2ETH970126_Uart16550_Multi -ConfigPort/UART2ETH.srcs/sources_1/bd/Uart_ETH/ipshared/cb07/hdl/axi_gpio_v2_0_vh_rfs.vhd:1257]
INFO: [Synth 8-638] synthesizing module 'axi_lite_ipif' [e:/ETH2SER/SoftwareProjects/UART2ETH970126_Uart16550_Multi -ConfigPort/UART2ETH.srcs/sources_1/bd/Uart_ETH/ipshared/0ba0/hdl/axi_lite_ipif_v3_0_vh_rfs.vhd:2948]
INFO: [Synth 8-638] synthesizing module 'slave_attachment' [e:/ETH2SER/SoftwareProjects/UART2ETH970126_Uart16550_Multi -ConfigPort/UART2ETH.srcs/sources_1/bd/Uart_ETH/ipshared/0ba0/hdl/axi_lite_ipif_v3_0_vh_rfs.vhd:2341]
INFO: [Synth 8-638] synthesizing module 'address_decoder' [e:/ETH2SER/SoftwareProjects/UART2ETH970126_Uart16550_Multi -ConfigPort/UART2ETH.srcs/sources_1/bd/Uart_ETH/ipshared/0ba0/hdl/axi_lite_ipif_v3_0_vh_rfs.vhd:1775]
INFO: [Synth 8-638] synthesizing module 'pselect_f' [e:/ETH2SER/SoftwareProjects/UART2ETH970126_Uart16550_Multi -ConfigPort/UART2ETH.srcs/sources_1/bd/Uart_ETH/ipshared/0ba0/hdl/axi_lite_ipif_v3_0_vh_rfs.vhd:1534]
INFO: [Synth 8-256] done synthesizing module 'pselect_f' (1#1) [e:/ETH2SER/SoftwareProjects/UART2ETH970126_Uart16550_Multi -ConfigPort/UART2ETH.srcs/sources_1/bd/Uart_ETH/ipshared/0ba0/hdl/axi_lite_ipif_v3_0_vh_rfs.vhd:1534]
INFO: [Synth 8-638] synthesizing module 'pselect_f__parameterized0' [e:/ETH2SER/SoftwareProjects/UART2ETH970126_Uart16550_Multi -ConfigPort/UART2ETH.srcs/sources_1/bd/Uart_ETH/ipshared/0ba0/hdl/axi_lite_ipif_v3_0_vh_rfs.vhd:1534]
INFO: [Synth 8-256] done synthesizing module 'pselect_f__parameterized0' (1#1) [e:/ETH2SER/SoftwareProjects/UART2ETH970126_Uart16550_Multi -ConfigPort/UART2ETH.srcs/sources_1/bd/Uart_ETH/ipshared/0ba0/hdl/axi_lite_ipif_v3_0_vh_rfs.vhd:1534]
INFO: [Synth 8-638] synthesizing module 'pselect_f__parameterized1' [e:/ETH2SER/SoftwareProjects/UART2ETH970126_Uart16550_Multi -ConfigPort/UART2ETH.srcs/sources_1/bd/Uart_ETH/ipshared/0ba0/hdl/axi_lite_ipif_v3_0_vh_rfs.vhd:1534]
INFO: [Synth 8-256] done synthesizing module 'pselect_f__parameterized1' (1#1) [e:/ETH2SER/SoftwareProjects/UART2ETH970126_Uart16550_Multi -ConfigPort/UART2ETH.srcs/sources_1/bd/Uart_ETH/ipshared/0ba0/hdl/axi_lite_ipif_v3_0_vh_rfs.vhd:1534]
INFO: [Synth 8-638] synthesizing module 'pselect_f__parameterized2' [e:/ETH2SER/SoftwareProjects/UART2ETH970126_Uart16550_Multi -ConfigPort/UART2ETH.srcs/sources_1/bd/Uart_ETH/ipshared/0ba0/hdl/axi_lite_ipif_v3_0_vh_rfs.vhd:1534]
INFO: [Synth 8-256] done synthesizing module 'pselect_f__parameterized2' (1#1) [e:/ETH2SER/SoftwareProjects/UART2ETH970126_Uart16550_Multi -ConfigPort/UART2ETH.srcs/sources_1/bd/Uart_ETH/ipshared/0ba0/hdl/axi_lite_ipif_v3_0_vh_rfs.vhd:1534]
INFO: [Synth 8-638] synthesizing module 'pselect_f__parameterized3' [e:/ETH2SER/SoftwareProjects/UART2ETH970126_Uart16550_Multi -ConfigPort/UART2ETH.srcs/sources_1/bd/Uart_ETH/ipshared/0ba0/hdl/axi_lite_ipif_v3_0_vh_rfs.vhd:1534]
INFO: [Synth 8-256] done synthesizing module 'pselect_f__parameterized3' (1#1) [e:/ETH2SER/SoftwareProjects/UART2ETH970126_Uart16550_Multi -ConfigPort/UART2ETH.srcs/sources_1/bd/Uart_ETH/ipshared/0ba0/hdl/axi_lite_ipif_v3_0_vh_rfs.vhd:1534]
INFO: [Synth 8-638] synthesizing module 'pselect_f__parameterized4' [e:/ETH2SER/SoftwareProjects/UART2ETH970126_Uart16550_Multi -ConfigPort/UART2ETH.srcs/sources_1/bd/Uart_ETH/ipshared/0ba0/hdl/axi_lite_ipif_v3_0_vh_rfs.vhd:1534]
INFO: [Synth 8-256] done synthesizing module 'pselect_f__parameterized4' (1#1) [e:/ETH2SER/SoftwareProjects/UART2ETH970126_Uart16550_Multi -ConfigPort/UART2ETH.srcs/sources_1/bd/Uart_ETH/ipshared/0ba0/hdl/axi_lite_ipif_v3_0_vh_rfs.vhd:1534]
INFO: [Synth 8-638] synthesizing module 'pselect_f__parameterized5' [e:/ETH2SER/SoftwareProjects/UART2ETH970126_Uart16550_Multi -ConfigPort/UART2ETH.srcs/sources_1/bd/Uart_ETH/ipshared/0ba0/hdl/axi_lite_ipif_v3_0_vh_rfs.vhd:1534]
INFO: [Synth 8-256] done synthesizing module 'pselect_f__parameterized5' (1#1) [e:/ETH2SER/SoftwareProjects/UART2ETH970126_Uart16550_Multi -ConfigPort/UART2ETH.srcs/sources_1/bd/Uart_ETH/ipshared/0ba0/hdl/axi_lite_ipif_v3_0_vh_rfs.vhd:1534]
INFO: [Synth 8-638] synthesizing module 'pselect_f__parameterized6' [e:/ETH2SER/SoftwareProjects/UART2ETH970126_Uart16550_Multi -ConfigPort/UART2ETH.srcs/sources_1/bd/Uart_ETH/ipshared/0ba0/hdl/axi_lite_ipif_v3_0_vh_rfs.vhd:1534]
INFO: [Synth 8-256] done synthesizing module 'pselect_f__parameterized6' (1#1) [e:/ETH2SER/SoftwareProjects/UART2ETH970126_Uart16550_Multi -ConfigPort/UART2ETH.srcs/sources_1/bd/Uart_ETH/ipshared/0ba0/hdl/axi_lite_ipif_v3_0_vh_rfs.vhd:1534]
INFO: [Synth 8-638] synthesizing module 'pselect_f__parameterized7' [e:/ETH2SER/SoftwareProjects/UART2ETH970126_Uart16550_Multi -ConfigPort/UART2ETH.srcs/sources_1/bd/Uart_ETH/ipshared/0ba0/hdl/axi_lite_ipif_v3_0_vh_rfs.vhd:1534]
INFO: [Synth 8-256] done synthesizing module 'pselect_f__parameterized7' (1#1) [e:/ETH2SER/SoftwareProjects/UART2ETH970126_Uart16550_Multi -ConfigPort/UART2ETH.srcs/sources_1/bd/Uart_ETH/ipshared/0ba0/hdl/axi_lite_ipif_v3_0_vh_rfs.vhd:1534]
INFO: [Synth 8-638] synthesizing module 'pselect_f__parameterized8' [e:/ETH2SER/SoftwareProjects/UART2ETH970126_Uart16550_Multi -ConfigPort/UART2ETH.srcs/sources_1/bd/Uart_ETH/ipshared/0ba0/hdl/axi_lite_ipif_v3_0_vh_rfs.vhd:1534]
INFO: [Synth 8-256] done synthesizing module 'pselect_f__parameterized8' (1#1) [e:/ETH2SER/SoftwareProjects/UART2ETH970126_Uart16550_Multi -ConfigPort/UART2ETH.srcs/sources_1/bd/Uart_ETH/ipshared/0ba0/hdl/axi_lite_ipif_v3_0_vh_rfs.vhd:1534]
INFO: [Synth 8-638] synthesizing module 'pselect_f__parameterized9' [e:/ETH2SER/SoftwareProjects/UART2ETH970126_Uart16550_Multi -ConfigPort/UART2ETH.srcs/sources_1/bd/Uart_ETH/ipshared/0ba0/hdl/axi_lite_ipif_v3_0_vh_rfs.vhd:1534]
INFO: [Synth 8-256] done synthesizing module 'pselect_f__parameterized9' (1#1) [e:/ETH2SER/SoftwareProjects/UART2ETH970126_Uart16550_Multi -ConfigPort/UART2ETH.srcs/sources_1/bd/Uart_ETH/ipshared/0ba0/hdl/axi_lite_ipif_v3_0_vh_rfs.vhd:1534]
INFO: [Synth 8-638] synthesizing module 'pselect_f__parameterized10' [e:/ETH2SER/SoftwareProjects/UART2ETH970126_Uart16550_Multi -ConfigPort/UART2ETH.srcs/sources_1/bd/Uart_ETH/ipshared/0ba0/hdl/axi_lite_ipif_v3_0_vh_rfs.vhd:1534]
INFO: [Synth 8-256] done synthesizing module 'pselect_f__parameterized10' (1#1) [e:/ETH2SER/SoftwareProjects/UART2ETH970126_Uart16550_Multi -ConfigPort/UART2ETH.srcs/sources_1/bd/Uart_ETH/ipshared/0ba0/hdl/axi_lite_ipif_v3_0_vh_rfs.vhd:1534]
INFO: [Synth 8-638] synthesizing module 'pselect_f__parameterized11' [e:/ETH2SER/SoftwareProjects/UART2ETH970126_Uart16550_Multi -ConfigPort/UART2ETH.srcs/sources_1/bd/Uart_ETH/ipshared/0ba0/hdl/axi_lite_ipif_v3_0_vh_rfs.vhd:1534]
INFO: [Synth 8-256] done synthesizing module 'pselect_f__parameterized11' (1#1) [e:/ETH2SER/SoftwareProjects/UART2ETH970126_Uart16550_Multi -ConfigPort/UART2ETH.srcs/sources_1/bd/Uart_ETH/ipshared/0ba0/hdl/axi_lite_ipif_v3_0_vh_rfs.vhd:1534]
INFO: [Synth 8-638] synthesizing module 'pselect_f__parameterized12' [e:/ETH2SER/SoftwareProjects/UART2ETH970126_Uart16550_Multi -ConfigPort/UART2ETH.srcs/sources_1/bd/Uart_ETH/ipshared/0ba0/hdl/axi_lite_ipif_v3_0_vh_rfs.vhd:1534]
INFO: [Synth 8-256] done synthesizing module 'pselect_f__parameterized12' (1#1) [e:/ETH2SER/SoftwareProjects/UART2ETH970126_Uart16550_Multi -ConfigPort/UART2ETH.srcs/sources_1/bd/Uart_ETH/ipshared/0ba0/hdl/axi_lite_ipif_v3_0_vh_rfs.vhd:1534]
INFO: [Synth 8-638] synthesizing module 'pselect_f__parameterized13' [e:/ETH2SER/SoftwareProjects/UART2ETH970126_Uart16550_Multi -ConfigPort/UART2ETH.srcs/sources_1/bd/Uart_ETH/ipshared/0ba0/hdl/axi_lite_ipif_v3_0_vh_rfs.vhd:1534]
INFO: [Synth 8-256] done synthesizing module 'pselect_f__parameterized13' (1#1) [e:/ETH2SER/SoftwareProjects/UART2ETH970126_Uart16550_Multi -ConfigPort/UART2ETH.srcs/sources_1/bd/Uart_ETH/ipshared/0ba0/hdl/axi_lite_ipif_v3_0_vh_rfs.vhd:1534]
INFO: [Synth 8-638] synthesizing module 'pselect_f__parameterized14' [e:/ETH2SER/SoftwareProjects/UART2ETH970126_Uart16550_Multi -ConfigPort/UART2ETH.srcs/sources_1/bd/Uart_ETH/ipshared/0ba0/hdl/axi_lite_ipif_v3_0_vh_rfs.vhd:1534]
INFO: [Synth 8-256] done synthesizing module 'pselect_f__parameterized14' (1#1) [e:/ETH2SER/SoftwareProjects/UART2ETH970126_Uart16550_Multi -ConfigPort/UART2ETH.srcs/sources_1/bd/Uart_ETH/ipshared/0ba0/hdl/axi_lite_ipif_v3_0_vh_rfs.vhd:1534]
INFO: [Synth 8-638] synthesizing module 'pselect_f__parameterized15' [e:/ETH2SER/SoftwareProjects/UART2ETH970126_Uart16550_Multi -ConfigPort/UART2ETH.srcs/sources_1/bd/Uart_ETH/ipshared/0ba0/hdl/axi_lite_ipif_v3_0_vh_rfs.vhd:1534]
INFO: [Synth 8-256] done synthesizing module 'pselect_f__parameterized15' (1#1) [e:/ETH2SER/SoftwareProjects/UART2ETH970126_Uart16550_Multi -ConfigPort/UART2ETH.srcs/sources_1/bd/Uart_ETH/ipshared/0ba0/hdl/axi_lite_ipif_v3_0_vh_rfs.vhd:1534]
INFO: [Synth 8-638] synthesizing module 'pselect_f__parameterized16' [e:/ETH2SER/SoftwareProjects/UART2ETH970126_Uart16550_Multi -ConfigPort/UART2ETH.srcs/sources_1/bd/Uart_ETH/ipshared/0ba0/hdl/axi_lite_ipif_v3_0_vh_rfs.vhd:1534]
INFO: [Synth 8-256] done synthesizing module 'pselect_f__parameterized16' (1#1) [e:/ETH2SER/SoftwareProjects/UART2ETH970126_Uart16550_Multi -ConfigPort/UART2ETH.srcs/sources_1/bd/Uart_ETH/ipshared/0ba0/hdl/axi_lite_ipif_v3_0_vh_rfs.vhd:1534]
INFO: [Synth 8-638] synthesizing module 'pselect_f__parameterized17' [e:/ETH2SER/SoftwareProjects/UART2ETH970126_Uart16550_Multi -ConfigPort/UART2ETH.srcs/sources_1/bd/Uart_ETH/ipshared/0ba0/hdl/axi_lite_ipif_v3_0_vh_rfs.vhd:1534]
INFO: [Synth 8-256] done synthesizing module 'pselect_f__parameterized17' (1#1) [e:/ETH2SER/SoftwareProjects/UART2ETH970126_Uart16550_Multi -ConfigPort/UART2ETH.srcs/sources_1/bd/Uart_ETH/ipshared/0ba0/hdl/axi_lite_ipif_v3_0_vh_rfs.vhd:1534]
INFO: [Synth 8-638] synthesizing module 'pselect_f__parameterized18' [e:/ETH2SER/SoftwareProjects/UART2ETH970126_Uart16550_Multi -ConfigPort/UART2ETH.srcs/sources_1/bd/Uart_ETH/ipshared/0ba0/hdl/axi_lite_ipif_v3_0_vh_rfs.vhd:1534]
INFO: [Synth 8-256] done synthesizing module 'pselect_f__parameterized18' (1#1) [e:/ETH2SER/SoftwareProjects/UART2ETH970126_Uart16550_Multi -ConfigPort/UART2ETH.srcs/sources_1/bd/Uart_ETH/ipshared/0ba0/hdl/axi_lite_ipif_v3_0_vh_rfs.vhd:1534]
INFO: [Synth 8-638] synthesizing module 'pselect_f__parameterized19' [e:/ETH2SER/SoftwareProjects/UART2ETH970126_Uart16550_Multi -ConfigPort/UART2ETH.srcs/sources_1/bd/Uart_ETH/ipshared/0ba0/hdl/axi_lite_ipif_v3_0_vh_rfs.vhd:1534]
INFO: [Synth 8-256] done synthesizing module 'pselect_f__parameterized19' (1#1) [e:/ETH2SER/SoftwareProjects/UART2ETH970126_Uart16550_Multi -ConfigPort/UART2ETH.srcs/sources_1/bd/Uart_ETH/ipshared/0ba0/hdl/axi_lite_ipif_v3_0_vh_rfs.vhd:1534]
INFO: [Synth 8-638] synthesizing module 'pselect_f__parameterized20' [e:/ETH2SER/SoftwareProjects/UART2ETH970126_Uart16550_Multi -ConfigPort/UART2ETH.srcs/sources_1/bd/Uart_ETH/ipshared/0ba0/hdl/axi_lite_ipif_v3_0_vh_rfs.vhd:1534]
INFO: [Synth 8-256] done synthesizing module 'pselect_f__parameterized20' (1#1) [e:/ETH2SER/SoftwareProjects/UART2ETH970126_Uart16550_Multi -ConfigPort/UART2ETH.srcs/sources_1/bd/Uart_ETH/ipshared/0ba0/hdl/axi_lite_ipif_v3_0_vh_rfs.vhd:1534]
INFO: [Synth 8-256] done synthesizing module 'address_decoder' (2#1) [e:/ETH2SER/SoftwareProjects/UART2ETH970126_Uart16550_Multi -ConfigPort/UART2ETH.srcs/sources_1/bd/Uart_ETH/ipshared/0ba0/hdl/axi_lite_ipif_v3_0_vh_rfs.vhd:1775]
INFO: [Synth 8-256] done synthesizing module 'slave_attachment' (3#1) [e:/ETH2SER/SoftwareProjects/UART2ETH970126_Uart16550_Multi -ConfigPort/UART2ETH.srcs/sources_1/bd/Uart_ETH/ipshared/0ba0/hdl/axi_lite_ipif_v3_0_vh_rfs.vhd:2341]
INFO: [Synth 8-256] done synthesizing module 'axi_lite_ipif' (4#1) [e:/ETH2SER/SoftwareProjects/UART2ETH970126_Uart16550_Multi -ConfigPort/UART2ETH.srcs/sources_1/bd/Uart_ETH/ipshared/0ba0/hdl/axi_lite_ipif_v3_0_vh_rfs.vhd:2948]
INFO: [Synth 8-638] synthesizing module 'interrupt_control' [e:/ETH2SER/SoftwareProjects/UART2ETH970126_Uart16550_Multi -ConfigPort/UART2ETH.srcs/sources_1/bd/Uart_ETH/ipshared/e956/hdl/interrupt_control_v3_1_vh_rfs.vhd:259]
INFO: [Synth 8-256] done synthesizing module 'interrupt_control' (5#1) [e:/ETH2SER/SoftwareProjects/UART2ETH970126_Uart16550_Multi -ConfigPort/UART2ETH.srcs/sources_1/bd/Uart_ETH/ipshared/e956/hdl/interrupt_control_v3_1_vh_rfs.vhd:259]
INFO: [Synth 8-638] synthesizing module 'GPIO_Core' [e:/ETH2SER/SoftwareProjects/UART2ETH970126_Uart16550_Multi -ConfigPort/UART2ETH.srcs/sources_1/bd/Uart_ETH/ipshared/cb07/hdl/axi_gpio_v2_0_vh_rfs.vhd:177]
INFO: [Synth 8-638] synthesizing module 'cdc_sync' [e:/ETH2SER/SoftwareProjects/UART2ETH970126_Uart16550_Multi -ConfigPort/UART2ETH.srcs/sources_1/bd/Uart_ETH/ipshared/52cb/hdl/lib_cdc_v1_0_rfs.vhd:106]
INFO: [Synth 8-256] done synthesizing module 'cdc_sync' (6#1) [e:/ETH2SER/SoftwareProjects/UART2ETH970126_Uart16550_Multi -ConfigPort/UART2ETH.srcs/sources_1/bd/Uart_ETH/ipshared/52cb/hdl/lib_cdc_v1_0_rfs.vhd:106]
INFO: [Synth 8-256] done synthesizing module 'GPIO_Core' (7#1) [e:/ETH2SER/SoftwareProjects/UART2ETH970126_Uart16550_Multi -ConfigPort/UART2ETH.srcs/sources_1/bd/Uart_ETH/ipshared/cb07/hdl/axi_gpio_v2_0_vh_rfs.vhd:177]
INFO: [Synth 8-256] done synthesizing module 'axi_gpio' (8#1) [e:/ETH2SER/SoftwareProjects/UART2ETH970126_Uart16550_Multi -ConfigPort/UART2ETH.srcs/sources_1/bd/Uart_ETH/ipshared/cb07/hdl/axi_gpio_v2_0_vh_rfs.vhd:1257]
INFO: [Synth 8-256] done synthesizing module 'Uart_ETH_axi_gpio_0_0' (9#1) [e:/ETH2SER/SoftwareProjects/UART2ETH970126_Uart16550_Multi -ConfigPort/UART2ETH.srcs/sources_1/bd/Uart_ETH/ip/Uart_ETH_axi_gpio_0_0/synth/Uart_ETH_axi_gpio_0_0.vhd:85]
Finished RTL Elaboration : Time (s): cpu = 00:00:05 ; elapsed = 00:00:05 . Memory (MB): peak = 426.750 ; gain = 119.227
Finished RTL Optimization Phase 1 : Time (s): cpu = 00:00:05 ; elapsed = 00:00:05 . Memory (MB): peak = 426.750 ; gain = 119.227
INFO: [Device 21-403] Loading part xc7z020clg400-1
Constraint Validation Runtime : Time (s): cpu = 00:00:00 ; elapsed = 00:00:00.090 . Memory (MB): peak = 751.313 ; gain = 0.000
Finished Constraint Validation : Time (s): cpu = 00:00:17 ; elapsed = 00:00:17 . Memory (MB): peak = 751.313 ; gain = 443.789
Finished Loading Part and Timing Information : Time (s): cpu = 00:00:17 ; elapsed = 00:00:18 . Memory (MB): peak = 751.313 ; gain = 443.789
Finished applying 'set_property' XDC Constraints : Time (s): cpu = 00:00:17 ; elapsed = 00:00:18 . Memory (MB): peak = 751.313 ; gain = 443.789
Finished RTL Optimization Phase 2 : Time (s): cpu = 00:00:18 ; elapsed = 00:00:18 . Memory (MB): peak = 751.313 ; gain = 443.789
Finished Cross Boundary and Area Optimization : Time (s): cpu = 00:00:19 ; elapsed = 00:00:19 . Memory (MB): peak = 751.313 ; gain = 443.789
Finished Applying XDC Timing Constraints : Time (s): cpu = 00:00:30 ; elapsed = 00:00:30 . Memory (MB): peak = 751.313 ; gain = 443.789
Finished Timing Optimization : Time (s): cpu = 00:00:30 ; elapsed = 00:00:30 . Memory (MB): peak = 751.313 ; gain = 443.789
Finished Technology Mapping : Time (s): cpu = 00:00:30 ; elapsed = 00:00:30 . Memory (MB): peak = 751.313 ; gain = 443.789
Finished IO Insertion : Time (s): cpu = 00:00:31 ; elapsed = 00:00:31 . Memory (MB): peak = 751.313 ; gain = 443.789
Finished Renaming Generated Instances : Time (s): cpu = 00:00:31 ; elapsed = 00:00:31 . Memory (MB): peak = 751.313 ; gain = 443.789
Finished Rebuilding User Hierarchy : Time (s): cpu = 00:00:31 ; elapsed = 00:00:31 . Memory (MB): peak = 751.313 ; gain = 443.789
Finished Renaming Generated Ports : Time (s): cpu = 00:00:31 ; elapsed = 00:00:31 . Memory (MB): peak = 751.313 ; gain = 443.789
Finished Handling Custom Attributes : Time (s): cpu = 00:00:31 ; elapsed = 00:00:31 . Memory (MB): peak = 751.313 ; gain = 443.789
Finished Renaming Generated Nets : Time (s): cpu = 00:00:31 ; elapsed = 00:00:31 . Memory (MB): peak = 751.313 ; gain = 443.789

Report Cell Usage: 
+------+-----+------+
|      |Cell |Count |
+------+-----+------+
|1     |LUT1 |     2|
|2     |LUT2 |    15|
|3     |LUT3 |     6|
|4     |LUT4 |    23|
|5     |LUT5 |    19|
|6     |LUT6 |    37|
|7     |FDR  |    40|
|8     |FDRE |   117|
|9     |FDSE |    12|
+------+-----+------+
Finished Writing Synthesis Report : Time (s): cpu = 00:00:31 ; elapsed = 00:00:31 . Memory (MB): peak = 751.313 ; gain = 443.789
synth_design: Time (s): cpu = 00:00:33 ; elapsed = 00:00:33 . Memory (MB): peak = 751.313 ; gain = 451.988
