
*** Running vivado
    with args -log Uart_ETH_UART_RX_Extended_0_16.vds -m64 -product Vivado -mode batch -messageDb vivado.pb -notrace -source Uart_ETH_UART_RX_Extended_0_16.tcl


****** Vivado v2017.2 (64-bit)
  **** SW Build 1909853 on Thu Jun 15 18:39:09 MDT 2017
  **** IP Build 1909766 on Thu Jun 15 19:58:00 MDT 2017
    ** Copyright 1986-2017 Xilinx, Inc. All Rights Reserved.

source Uart_ETH_UART_RX_Extended_0_16.tcl -notrace
Command: synth_design -top Uart_ETH_UART_RX_Extended_0_16 -part xc7z020clg400-1 -mode out_of_context
Starting synth_design
Attempting to get a license for feature 'Synthesis' and/or device 'xc7z020-clg400'
INFO: [Common 17-349] Got license for feature 'Synthesis' and/or device 'xc7z020-clg400'
INFO: Launching helper process for spawning children vivado processes
INFO: Helper process launched with PID 8784 
---------------------------------------------------------------------------------
Starting RTL Elaboration : Time (s): cpu = 00:00:05 ; elapsed = 00:00:06 . Memory (MB): peak = 402.898 ; gain = 80.027
---------------------------------------------------------------------------------
INFO: [Synth 8-638] synthesizing module 'Uart_ETH_UART_RX_Extended_0_16' [e:/ETH2SER/SoftwareProjects/UART2ETH970413_UART_Tx_Extended/UART2ETH.srcs/sources_1/bd/Uart_ETH/ip/Uart_ETH_UART_RX_Extended_0_16/synth/Uart_ETH_UART_RX_Extended_0_16.vhd:70]
INFO: [Synth 8-3491] module 'UART_RX_Extended' declared at 'e:/ETH2SER/SoftwareProjects/UART2ETH970413_UART_Tx_Extended/UART2ETH.srcs/sources_1/bd/Uart_ETH/ipshared/0cb7/UART_RX2.vhd:6' bound to instance 'U0' of component 'UART_RX_Extended' [e:/ETH2SER/SoftwareProjects/UART2ETH970413_UART_Tx_Extended/UART2ETH.srcs/sources_1/bd/Uart_ETH/ip/Uart_ETH_UART_RX_Extended_0_16/synth/Uart_ETH_UART_RX_Extended_0_16.vhd:96]
INFO: [Synth 8-638] synthesizing module 'UART_RX_Extended' [e:/ETH2SER/SoftwareProjects/UART2ETH970413_UART_Tx_Extended/UART2ETH.srcs/sources_1/bd/Uart_ETH/ipshared/0cb7/UART_RX2.vhd:22]
INFO: [Synth 8-256] done synthesizing module 'UART_RX_Extended' (1#1) [e:/ETH2SER/SoftwareProjects/UART2ETH970413_UART_Tx_Extended/UART2ETH.srcs/sources_1/bd/Uart_ETH/ipshared/0cb7/UART_RX2.vhd:22]
INFO: [Synth 8-256] done synthesizing module 'Uart_ETH_UART_RX_Extended_0_16' (2#1) [e:/ETH2SER/SoftwareProjects/UART2ETH970413_UART_Tx_Extended/UART2ETH.srcs/sources_1/bd/Uart_ETH/ip/Uart_ETH_UART_RX_Extended_0_16/synth/Uart_ETH_UART_RX_Extended_0_16.vhd:70]
---------------------------------------------------------------------------------
Finished RTL Elaboration : Time (s): cpu = 00:00:07 ; elapsed = 00:00:07 . Memory (MB): peak = 442.977 ; gain = 120.105
---------------------------------------------------------------------------------

Report Check Netlist: 
+------+------------------+-------+---------+-------+------------------+
|      |Item              |Errors |Warnings |Status |Description       |
+------+------------------+-------+---------+-------+------------------+
|1     |multi_driven_nets |      0|        0|Passed |Multi driven nets |
+------+------------------+-------+---------+-------+------------------+
---------------------------------------------------------------------------------
Finished RTL Optimization Phase 1 : Time (s): cpu = 00:00:07 ; elapsed = 00:00:07 . Memory (MB): peak = 442.977 ; gain = 120.105
---------------------------------------------------------------------------------
INFO: [Device 21-403] Loading part xc7z020clg400-1
INFO: [Project 1-570] Preparing netlist for logic optimization

Processing XDC Constraints
Initializing timing engine
Completed Processing XDC Constraints

INFO: [Project 1-111] Unisim Transformation Summary:
No Unisim elements were transformed.

Constraint Validation Runtime : Time (s): cpu = 00:00:00 ; elapsed = 00:00:00.053 . Memory (MB): peak = 753.633 ; gain = 0.000
---------------------------------------------------------------------------------
Finished Constraint Validation : Time (s): cpu = 00:00:22 ; elapsed = 00:00:23 . Memory (MB): peak = 753.633 ; gain = 430.762
---------------------------------------------------------------------------------
---------------------------------------------------------------------------------
Start Loading Part and Timing Information
---------------------------------------------------------------------------------
Loading part: xc7z020clg400-1
---------------------------------------------------------------------------------
Finished Loading Part and Timing Information : Time (s): cpu = 00:00:22 ; elapsed = 00:00:23 . Memory (MB): peak = 753.633 ; gain = 430.762
---------------------------------------------------------------------------------
---------------------------------------------------------------------------------
Start Applying 'set_property' XDC Constraints
---------------------------------------------------------------------------------
---------------------------------------------------------------------------------
Finished applying 'set_property' XDC Constraints : Time (s): cpu = 00:00:22 ; elapsed = 00:00:24 . Memory (MB): peak = 753.633 ; gain = 430.762
---------------------------------------------------------------------------------
INFO: [Synth 8-802] inferred FSM for state register 's_Main_FSM_reg' in module 'UART_RX_Extended'
WARNING: [Synth 8-6014] Unused sequential element s_Main_FSM_reg was removed.  [e:/ETH2SER/SoftwareProjects/UART2ETH970413_UART_Tx_Extended/UART2ETH.srcs/sources_1/bd/Uart_ETH/ipshared/0cb7/UART_RX2.vhd:127]
INFO: [Synth 8-5544] ROM "rx_clk_en" won't be mapped to Block RAM because address size (4) smaller than threshold (5)
INFO: [Synth 8-5544] ROM "rx_clk_en" won't be mapped to Block RAM because address size (4) smaller than threshold (5)
INFO: [Synth 8-5545] ROM "rx_clk_divider_en" won't be mapped to RAM because address size (32) is larger than maximum supported(25)
INFO: [Synth 8-5544] ROM "s_Main_FSM" won't be mapped to Block RAM because address size (1) smaller than threshold (5)
INFO: [Synth 8-5544] ROM "s_Main_FSM" won't be mapped to Block RAM because address size (1) smaller than threshold (5)
INFO: [Synth 8-5544] ROM "s_Main_FSM" won't be mapped to Block RAM because address size (1) smaller than threshold (5)
INFO: [Synth 8-5544] ROM "s_Main_FSM" won't be mapped to Block RAM because address size (4) smaller than threshold (5)
INFO: [Synth 8-5544] ROM "s_Main_FSM" won't be mapped to Block RAM because address size (1) smaller than threshold (5)
INFO: [Synth 8-5544] ROM "s_Main_FSM" won't be mapped to Block RAM because address size (1) smaller than threshold (5)
WARNING: [Synth 8-6014] Unused sequential element s_Main_FSM_reg was removed.  [e:/ETH2SER/SoftwareProjects/UART2ETH970413_UART_Tx_Extended/UART2ETH.srcs/sources_1/bd/Uart_ETH/ipshared/0cb7/UART_RX2.vhd:127]
WARNING: [Synth 8-6014] Unused sequential element s_Main_FSM_reg was removed.  [e:/ETH2SER/SoftwareProjects/UART2ETH970413_UART_Tx_Extended/UART2ETH.srcs/sources_1/bd/Uart_ETH/ipshared/0cb7/UART_RX2.vhd:127]
---------------------------------------------------------------------------------------------------
                   State |                     New Encoding |                Previous Encoding 
---------------------------------------------------------------------------------------------------
                  c_idle |                           000001 | 00000000000000000000000000000000
              c_startbit |                           000010 | 00000000000000000000000000000001
               c_databit |                           000100 | 00000000000000000000000000000010
             c_paritybit |                           001000 | 00000000000000000000000000000100
               c_stopbit |                           010000 | 00000000000000000000000000000011
         c_half_stop_bit |                           100000 | 00000000000000000000000000000110
---------------------------------------------------------------------------------------------------
INFO: [Synth 8-3354] encoded FSM with state register 's_Main_FSM_reg' using encoding 'one-hot' in module 'UART_RX_Extended'
WARNING: [Synth 8-6014] Unused sequential element s_Main_FSM_reg was removed.  [e:/ETH2SER/SoftwareProjects/UART2ETH970413_UART_Tx_Extended/UART2ETH.srcs/sources_1/bd/Uart_ETH/ipshared/0cb7/UART_RX2.vhd:127]
---------------------------------------------------------------------------------
Finished RTL Optimization Phase 2 : Time (s): cpu = 00:00:23 ; elapsed = 00:00:24 . Memory (MB): peak = 753.633 ; gain = 430.762
---------------------------------------------------------------------------------

Report RTL Partitions: 
+-+--------------+------------+----------+
| |RTL Partition |Replication |Instances |
+-+--------------+------------+----------+
+-+--------------+------------+----------+
---------------------------------------------------------------------------------
Start RTL Component Statistics 
---------------------------------------------------------------------------------
Detailed RTL Component Info : 
+---Adders : 
	   2 Input      4 Bit       Adders := 1     
	   2 Input      3 Bit       Adders := 1     
+---XORs : 
	   8 Input      1 Bit         XORs := 1     
	   2 Input      1 Bit         XORs := 1     
+---Registers : 
	                8 Bit    Registers := 1     
	                4 Bit    Registers := 1     
	                3 Bit    Registers := 1     
	                1 Bit    Registers := 12    
+---Muxes : 
	  17 Input      6 Bit        Muxes := 1     
	   2 Input      4 Bit        Muxes := 1     
	   4 Input      1 Bit        Muxes := 4     
	   2 Input      1 Bit        Muxes := 7     
	   6 Input      1 Bit        Muxes := 10    
---------------------------------------------------------------------------------
Finished RTL Component Statistics 
---------------------------------------------------------------------------------
---------------------------------------------------------------------------------
Start RTL Hierarchical Component Statistics 
---------------------------------------------------------------------------------
Hierarchical RTL Component report 
Module UART_RX_Extended 
Detailed RTL Component Info : 
+---Adders : 
	   2 Input      4 Bit       Adders := 1     
	   2 Input      3 Bit       Adders := 1     
+---XORs : 
	   8 Input      1 Bit         XORs := 1     
	   2 Input      1 Bit         XORs := 1     
+---Registers : 
	                8 Bit    Registers := 1     
	                4 Bit    Registers := 1     
	                3 Bit    Registers := 1     
	                1 Bit    Registers := 12    
+---Muxes : 
	  17 Input      6 Bit        Muxes := 1     
	   2 Input      4 Bit        Muxes := 1     
	   4 Input      1 Bit        Muxes := 4     
	   2 Input      1 Bit        Muxes := 7     
	   6 Input      1 Bit        Muxes := 10    
---------------------------------------------------------------------------------
Finished RTL Hierarchical Component Statistics
---------------------------------------------------------------------------------
---------------------------------------------------------------------------------
Start Part Resource Summary
---------------------------------------------------------------------------------
Part Resources:
DSPs: 220 (col length:60)
BRAMs: 280 (col length: RAMB18 60 RAMB36 30)
---------------------------------------------------------------------------------
Finished Part Resource Summary
---------------------------------------------------------------------------------
---------------------------------------------------------------------------------
Start Cross Boundary and Area Optimization
---------------------------------------------------------------------------------
---------------------------------------------------------------------------------
Finished Cross Boundary and Area Optimization : Time (s): cpu = 00:00:24 ; elapsed = 00:00:25 . Memory (MB): peak = 753.633 ; gain = 430.762
---------------------------------------------------------------------------------

Report RTL Partitions: 
+-+--------------+------------+----------+
| |RTL Partition |Replication |Instances |
+-+--------------+------------+----------+
+-+--------------+------------+----------+
---------------------------------------------------------------------------------
Start Applying XDC Timing Constraints
---------------------------------------------------------------------------------
---------------------------------------------------------------------------------
Finished Applying XDC Timing Constraints : Time (s): cpu = 00:00:40 ; elapsed = 00:00:41 . Memory (MB): peak = 753.633 ; gain = 430.762
---------------------------------------------------------------------------------
---------------------------------------------------------------------------------
Start Timing Optimization
---------------------------------------------------------------------------------
---------------------------------------------------------------------------------
Finished Timing Optimization : Time (s): cpu = 00:00:40 ; elapsed = 00:00:41 . Memory (MB): peak = 753.633 ; gain = 430.762
---------------------------------------------------------------------------------

Report RTL Partitions: 
+-+--------------+------------+----------+
| |RTL Partition |Replication |Instances |
+-+--------------+------------+----------+
+-+--------------+------------+----------+
---------------------------------------------------------------------------------
Start Technology Mapping
---------------------------------------------------------------------------------
---------------------------------------------------------------------------------
Finished Technology Mapping : Time (s): cpu = 00:00:40 ; elapsed = 00:00:42 . Memory (MB): peak = 753.633 ; gain = 430.762
---------------------------------------------------------------------------------

Report RTL Partitions: 
+-+--------------+------------+----------+
| |RTL Partition |Replication |Instances |
+-+--------------+------------+----------+
+-+--------------+------------+----------+
---------------------------------------------------------------------------------
Start IO Insertion
---------------------------------------------------------------------------------
---------------------------------------------------------------------------------
Start Flattening Before IO Insertion
---------------------------------------------------------------------------------
---------------------------------------------------------------------------------
Finished Flattening Before IO Insertion
---------------------------------------------------------------------------------
---------------------------------------------------------------------------------
Start Final Netlist Cleanup
---------------------------------------------------------------------------------
---------------------------------------------------------------------------------
Finished Final Netlist Cleanup
---------------------------------------------------------------------------------
---------------------------------------------------------------------------------
Finished IO Insertion : Time (s): cpu = 00:00:41 ; elapsed = 00:00:43 . Memory (MB): peak = 753.633 ; gain = 430.762
---------------------------------------------------------------------------------

Report Check Netlist: 
+------+------------------+-------+---------+-------+------------------+
|      |Item              |Errors |Warnings |Status |Description       |
+------+------------------+-------+---------+-------+------------------+
|1     |multi_driven_nets |      0|        0|Passed |Multi driven nets |
+------+------------------+-------+---------+-------+------------------+
---------------------------------------------------------------------------------
Start Renaming Generated Instances
---------------------------------------------------------------------------------
---------------------------------------------------------------------------------
Finished Renaming Generated Instances : Time (s): cpu = 00:00:41 ; elapsed = 00:00:43 . Memory (MB): peak = 753.633 ; gain = 430.762
---------------------------------------------------------------------------------

Report RTL Partitions: 
+-+--------------+------------+----------+
| |RTL Partition |Replication |Instances |
+-+--------------+------------+----------+
+-+--------------+------------+----------+
---------------------------------------------------------------------------------
Start Rebuilding User Hierarchy
---------------------------------------------------------------------------------
---------------------------------------------------------------------------------
Finished Rebuilding User Hierarchy : Time (s): cpu = 00:00:41 ; elapsed = 00:00:43 . Memory (MB): peak = 753.633 ; gain = 430.762
---------------------------------------------------------------------------------
---------------------------------------------------------------------------------
Start Renaming Generated Ports
---------------------------------------------------------------------------------
---------------------------------------------------------------------------------
Finished Renaming Generated Ports : Time (s): cpu = 00:00:41 ; elapsed = 00:00:43 . Memory (MB): peak = 753.633 ; gain = 430.762
---------------------------------------------------------------------------------
---------------------------------------------------------------------------------
Start Handling Custom Attributes
---------------------------------------------------------------------------------
---------------------------------------------------------------------------------
Finished Handling Custom Attributes : Time (s): cpu = 00:00:41 ; elapsed = 00:00:43 . Memory (MB): peak = 753.633 ; gain = 430.762
---------------------------------------------------------------------------------
---------------------------------------------------------------------------------
Start Renaming Generated Nets
---------------------------------------------------------------------------------
---------------------------------------------------------------------------------
Finished Renaming Generated Nets : Time (s): cpu = 00:00:41 ; elapsed = 00:00:43 . Memory (MB): peak = 753.633 ; gain = 430.762
---------------------------------------------------------------------------------
---------------------------------------------------------------------------------
Start Writing Synthesis Report
---------------------------------------------------------------------------------

Report BlackBoxes: 
+-+--------------+----------+
| |BlackBox name |Instances |
+-+--------------+----------+
+-+--------------+----------+

Report Cell Usage: 
+------+-----+------+
|      |Cell |Count |
+------+-----+------+
|1     |LUT1 |     2|
|2     |LUT2 |     6|
|3     |LUT3 |     8|
|4     |LUT4 |     6|
|5     |LUT5 |     8|
|6     |LUT6 |    16|
|7     |FDRE |    33|
+------+-----+------+

Report Instance Areas: 
+------+---------+-----------------+------+
|      |Instance |Module           |Cells |
+------+---------+-----------------+------+
|1     |top      |                 |    79|
|2     |  U0     |UART_RX_Extended |    79|
+------+---------+-----------------+------+
---------------------------------------------------------------------------------
Finished Writing Synthesis Report : Time (s): cpu = 00:00:41 ; elapsed = 00:00:43 . Memory (MB): peak = 753.633 ; gain = 430.762
---------------------------------------------------------------------------------
Synthesis finished with 0 errors, 0 critical warnings and 4 warnings.
Synthesis Optimization Runtime : Time (s): cpu = 00:00:24 ; elapsed = 00:00:32 . Memory (MB): peak = 753.633 ; gain = 120.105
Synthesis Optimization Complete : Time (s): cpu = 00:00:41 ; elapsed = 00:00:43 . Memory (MB): peak = 753.633 ; gain = 430.762
INFO: [Project 1-571] Translating synthesized netlist
INFO: [Project 1-570] Preparing netlist for logic optimization
INFO: [Opt 31-138] Pushed 0 inverter(s) to 0 load pin(s).
INFO: [Project 1-111] Unisim Transformation Summary:
No Unisim elements were transformed.

24 Infos, 4 Warnings, 0 Critical Warnings and 0 Errors encountered.
synth_design completed successfully
synth_design: Time (s): cpu = 00:00:44 ; elapsed = 00:00:45 . Memory (MB): peak = 753.633 ; gain = 438.523
INFO: [Common 17-1381] The checkpoint 'E:/ETH2SER/SoftwareProjects/UART2ETH970413_UART_Tx_Extended/UART2ETH.runs/Uart_ETH_UART_RX_Extended_0_16_synth_1/Uart_ETH_UART_RX_Extended_0_16.dcp' has been generated.
