
*** Running vivado
    with args -log Uart_ETH_fifo_generator_4_0.vds -m64 -product Vivado -mode batch -messageDb vivado.pb -notrace -source Uart_ETH_fifo_generator_4_0.tcl


****** Vivado v2017.2 (64-bit)
  **** SW Build 1909853 on Thu Jun 15 18:39:09 MDT 2017
  **** IP Build 1909766 on Thu Jun 15 19:58:00 MDT 2017
    ** Copyright 1986-2017 Xilinx, Inc. All Rights Reserved.

source Uart_ETH_fifo_generator_4_0.tcl -notrace
Starting RTL Elaboration : Time (s): cpu = 00:00:09 ; elapsed = 00:00:10 . Memory (MB): peak = 399.711 ; gain = 81.000
INFO: [Synth 8-638] synthesizing module 'Uart_ETH_fifo_generator_4_0' [e:/ETH2SER/SoftwareProjects/UART2ETH970323_Tx_FIFO_Integrated-UART-Config/UART2ETH.srcs/sources_1/bd/Uart_ETH/ip/Uart_ETH_fifo_generator_4_0/synth/Uart_ETH_fifo_generator_4_0.vhd:73]
INFO: [Synth 8-256] done synthesizing module 'Uart_ETH_fifo_generator_4_0' (27#1) [e:/ETH2SER/SoftwareProjects/UART2ETH970323_Tx_FIFO_Integrated-UART-Config/UART2ETH.srcs/sources_1/bd/Uart_ETH/ip/Uart_ETH_fifo_generator_4_0/synth/Uart_ETH_fifo_generator_4_0.vhd:73]
Finished RTL Elaboration : Time (s): cpu = 00:01:16 ; elapsed = 00:01:18 . Memory (MB): peak = 617.789 ; gain = 299.078
Finished RTL Optimization Phase 1 : Time (s): cpu = 00:01:16 ; elapsed = 00:01:18 . Memory (MB): peak = 617.789 ; gain = 299.078
INFO: [Device 21-403] Loading part xc7z020clg400-1
Constraint Validation Runtime : Time (s): cpu = 00:00:00 ; elapsed = 00:00:00.023 . Memory (MB): peak = 733.797 ; gain = 0.000
Finished Constraint Validation : Time (s): cpu = 00:01:34 ; elapsed = 00:01:38 . Memory (MB): peak = 733.797 ; gain = 415.086
Finished Loading Part and Timing Information : Time (s): cpu = 00:01:34 ; elapsed = 00:01:38 . Memory (MB): peak = 733.797 ; gain = 415.086
Finished applying 'set_property' XDC Constraints : Time (s): cpu = 00:01:34 ; elapsed = 00:01:38 . Memory (MB): peak = 733.797 ; gain = 415.086
Finished RTL Optimization Phase 2 : Time (s): cpu = 00:01:35 ; elapsed = 00:01:39 . Memory (MB): peak = 733.797 ; gain = 415.086
Finished Cross Boundary and Area Optimization : Time (s): cpu = 00:01:36 ; elapsed = 00:01:40 . Memory (MB): peak = 733.797 ; gain = 415.086
Finished Applying XDC Timing Constraints : Time (s): cpu = 00:01:52 ; elapsed = 00:01:56 . Memory (MB): peak = 733.797 ; gain = 415.086
Finished Timing Optimization : Time (s): cpu = 00:01:52 ; elapsed = 00:01:56 . Memory (MB): peak = 733.797 ; gain = 415.086
Finished Technology Mapping : Time (s): cpu = 00:01:52 ; elapsed = 00:01:56 . Memory (MB): peak = 746.863 ; gain = 428.152
Finished IO Insertion : Time (s): cpu = 00:01:53 ; elapsed = 00:01:57 . Memory (MB): peak = 746.863 ; gain = 428.152
Finished Renaming Generated Instances : Time (s): cpu = 00:01:53 ; elapsed = 00:01:57 . Memory (MB): peak = 746.863 ; gain = 428.152
Finished Rebuilding User Hierarchy : Time (s): cpu = 00:01:53 ; elapsed = 00:01:57 . Memory (MB): peak = 746.863 ; gain = 428.152
Finished Renaming Generated Ports : Time (s): cpu = 00:01:53 ; elapsed = 00:01:57 . Memory (MB): peak = 746.863 ; gain = 428.152
Finished Handling Custom Attributes : Time (s): cpu = 00:01:53 ; elapsed = 00:01:57 . Memory (MB): peak = 746.863 ; gain = 428.152
Finished Renaming Generated Nets : Time (s): cpu = 00:01:53 ; elapsed = 00:01:57 . Memory (MB): peak = 746.863 ; gain = 428.152

Report Cell Usage: 
+------+---------+------+
|      |Cell     |Count |
+------+---------+------+
|1     |CARRY4   |     2|
|2     |LUT1     |     5|
|3     |LUT2     |    13|
|4     |LUT3     |     7|
|5     |LUT4     |    15|
|6     |LUT5     |     6|
|7     |LUT6     |     9|
|8     |RAMB18E1 |     1|
|9     |FDRE     |    58|
|10    |FDSE     |     3|
+------+---------+------+
Finished Writing Synthesis Report : Time (s): cpu = 00:01:53 ; elapsed = 00:01:57 . Memory (MB): peak = 746.863 ; gain = 428.152
synth_design: Time (s): cpu = 00:01:56 ; elapsed = 00:02:00 . Memory (MB): peak = 750.086 ; gain = 439.137
