
*** Running vivado
    with args -log UARTConfigTest_processing_system7_0_1.vds -m64 -product Vivado -mode batch -messageDb vivado.pb -notrace -source UARTConfigTest_processing_system7_0_1.tcl


****** Vivado v2017.2 (64-bit)
  **** SW Build 1909853 on Thu Jun 15 18:39:09 MDT 2017
  **** IP Build 1909766 on Thu Jun 15 19:58:00 MDT 2017
    ** Copyright 1986-2017 Xilinx, Inc. All Rights Reserved.

source UARTConfigTest_processing_system7_0_1.tcl -notrace
Starting RTL Elaboration : Time (s): cpu = 00:00:06 ; elapsed = 00:00:08 . Memory (MB): peak = 377.762 ; gain = 80.922
INFO: [Synth 8-638] synthesizing module 'UARTConfigTest_processing_system7_0_1' [e:/ETH2SER/SoftwareProjects/UARTConfigTestEXP-961126/UARTConfigTestEXP-961126.srcs/sources_1/bd/UARTConfigTest/ip/UARTConfigTest_processing_system7_0_1/synth/UARTConfigTest_processing_system7_0_1.v:60]
INFO: [Synth 8-638] synthesizing module 'processing_system7_v5_5_processing_system7' [e:/ETH2SER/SoftwareProjects/UARTConfigTestEXP-961126/UARTConfigTestEXP-961126.srcs/sources_1/bd/UARTConfigTest/ip/UARTConfigTest_processing_system7_0_1/hdl/verilog/processing_system7_v5_5_processing_system7.v:162]
INFO: [Synth 8-638] synthesizing module 'BUFG' [C:/Xilinx/Vivado/2017.2/scripts/rt/data/unisim_comp.v:607]
INFO: [Synth 8-256] done synthesizing module 'BUFG' (1#1) [C:/Xilinx/Vivado/2017.2/scripts/rt/data/unisim_comp.v:607]
INFO: [Synth 8-638] synthesizing module 'BIBUF' [C:/Xilinx/Vivado/2017.2/scripts/rt/data/unisim_comp.v:268]
INFO: [Synth 8-256] done synthesizing module 'BIBUF' (2#1) [C:/Xilinx/Vivado/2017.2/scripts/rt/data/unisim_comp.v:268]
INFO: [Synth 8-638] synthesizing module 'PS7' [C:/Xilinx/Vivado/2017.2/scripts/rt/data/unisim_comp.v:33527]
INFO: [Synth 8-256] done synthesizing module 'PS7' (3#1) [C:/Xilinx/Vivado/2017.2/scripts/rt/data/unisim_comp.v:33527]
INFO: [Synth 8-256] done synthesizing module 'processing_system7_v5_5_processing_system7' (4#1) [e:/ETH2SER/SoftwareProjects/UARTConfigTestEXP-961126/UARTConfigTestEXP-961126.srcs/sources_1/bd/UARTConfigTest/ip/UARTConfigTest_processing_system7_0_1/hdl/verilog/processing_system7_v5_5_processing_system7.v:162]
INFO: [Synth 8-256] done synthesizing module 'UARTConfigTest_processing_system7_0_1' (5#1) [e:/ETH2SER/SoftwareProjects/UARTConfigTestEXP-961126/UARTConfigTestEXP-961126.srcs/sources_1/bd/UARTConfigTest/ip/UARTConfigTest_processing_system7_0_1/synth/UARTConfigTest_processing_system7_0_1.v:60]
Finished RTL Elaboration : Time (s): cpu = 00:00:09 ; elapsed = 00:00:11 . Memory (MB): peak = 417.840 ; gain = 121.000
Finished RTL Optimization Phase 1 : Time (s): cpu = 00:00:09 ; elapsed = 00:00:11 . Memory (MB): peak = 417.840 ; gain = 121.000
INFO: [Device 21-403] Loading part xc7z020clg400-1
Constraint Validation Runtime : Time (s): cpu = 00:00:00 ; elapsed = 00:00:00.089 . Memory (MB): peak = 660.391 ; gain = 0.000
Finished Constraint Validation : Time (s): cpu = 00:00:29 ; elapsed = 00:00:34 . Memory (MB): peak = 660.391 ; gain = 363.551
Finished Loading Part and Timing Information : Time (s): cpu = 00:00:29 ; elapsed = 00:00:34 . Memory (MB): peak = 660.391 ; gain = 363.551
Finished applying 'set_property' XDC Constraints : Time (s): cpu = 00:00:30 ; elapsed = 00:00:36 . Memory (MB): peak = 660.391 ; gain = 363.551
Finished RTL Optimization Phase 2 : Time (s): cpu = 00:00:31 ; elapsed = 00:00:37 . Memory (MB): peak = 660.391 ; gain = 363.551
Finished Cross Boundary and Area Optimization : Time (s): cpu = 00:00:32 ; elapsed = 00:00:38 . Memory (MB): peak = 660.391 ; gain = 363.551
Finished Applying XDC Timing Constraints : Time (s): cpu = 00:00:52 ; elapsed = 00:01:00 . Memory (MB): peak = 871.316 ; gain = 574.477
Finished Timing Optimization : Time (s): cpu = 00:00:52 ; elapsed = 00:01:00 . Memory (MB): peak = 887.406 ; gain = 590.566
Finished Technology Mapping : Time (s): cpu = 00:00:54 ; elapsed = 00:01:03 . Memory (MB): peak = 897.551 ; gain = 600.711
Finished IO Insertion : Time (s): cpu = 00:00:57 ; elapsed = 00:01:06 . Memory (MB): peak = 897.551 ; gain = 600.711
Finished Renaming Generated Instances : Time (s): cpu = 00:00:57 ; elapsed = 00:01:06 . Memory (MB): peak = 897.551 ; gain = 600.711
Finished Rebuilding User Hierarchy : Time (s): cpu = 00:00:57 ; elapsed = 00:01:06 . Memory (MB): peak = 897.551 ; gain = 600.711
Finished Renaming Generated Ports : Time (s): cpu = 00:00:57 ; elapsed = 00:01:06 . Memory (MB): peak = 897.551 ; gain = 600.711
Finished Handling Custom Attributes : Time (s): cpu = 00:00:57 ; elapsed = 00:01:06 . Memory (MB): peak = 897.551 ; gain = 600.711
Finished Renaming Generated Nets : Time (s): cpu = 00:00:57 ; elapsed = 00:01:06 . Memory (MB): peak = 897.551 ; gain = 600.711

Report Cell Usage: 
+------+------+------+
|      |Cell  |Count |
+------+------+------+
|1     |BIBUF |   130|
|2     |BUFG  |     2|
|3     |LUT1  |   112|
|4     |PS7   |     1|
+------+------+------+
Finished Writing Synthesis Report : Time (s): cpu = 00:00:57 ; elapsed = 00:01:06 . Memory (MB): peak = 897.551 ; gain = 600.711
synth_design: Time (s): cpu = 00:01:00 ; elapsed = 00:01:10 . Memory (MB): peak = 905.141 ; gain = 611.988
