
*** Running vivado
    with args -log Uart_ETH_xlslice_LCD_RW_0.vds -m64 -product Vivado -mode batch -messageDb vivado.pb -notrace -source Uart_ETH_xlslice_LCD_RW_0.tcl


****** Vivado v2017.2 (64-bit)
  **** SW Build 1909853 on Thu Jun 15 18:39:09 MDT 2017
  **** IP Build 1909766 on Thu Jun 15 19:58:00 MDT 2017
    ** Copyright 1986-2017 Xilinx, Inc. All Rights Reserved.

source Uart_ETH_xlslice_LCD_RW_0.tcl -notrace
Starting RTL Elaboration : Time (s): cpu = 00:00:04 ; elapsed = 00:00:04 . Memory (MB): peak = 401.859 ; gain = 80.430
INFO: [Synth 8-638] synthesizing module 'Uart_ETH_xlslice_LCD_RW_0' [e:/ETH2SER/SoftwareProjects/UART2ETH970402_LEDPanel_Included_KeyPad/UART2ETH.srcs/sources_1/bd/Uart_ETH/ip/Uart_ETH_xlslice_LCD_RW_0/synth/Uart_ETH_xlslice_LCD_RW_0.v:57]
INFO: [Synth 8-638] synthesizing module 'xlslice_v1_0_1_xlslice' [e:/ETH2SER/SoftwareProjects/UART2ETH970402_LEDPanel_Included_KeyPad/UART2ETH.srcs/sources_1/bd/Uart_ETH/ipshared/bb23/hdl/xlslice_v1_0_vl_rfs.v:13]
INFO: [Synth 8-256] done synthesizing module 'xlslice_v1_0_1_xlslice' (1#1) [e:/ETH2SER/SoftwareProjects/UART2ETH970402_LEDPanel_Included_KeyPad/UART2ETH.srcs/sources_1/bd/Uart_ETH/ipshared/bb23/hdl/xlslice_v1_0_vl_rfs.v:13]
INFO: [Synth 8-256] done synthesizing module 'Uart_ETH_xlslice_LCD_RW_0' (2#1) [e:/ETH2SER/SoftwareProjects/UART2ETH970402_LEDPanel_Included_KeyPad/UART2ETH.srcs/sources_1/bd/Uart_ETH/ip/Uart_ETH_xlslice_LCD_RW_0/synth/Uart_ETH_xlslice_LCD_RW_0.v:57]
Finished RTL Elaboration : Time (s): cpu = 00:00:05 ; elapsed = 00:00:05 . Memory (MB): peak = 440.938 ; gain = 119.508
Finished RTL Optimization Phase 1 : Time (s): cpu = 00:00:05 ; elapsed = 00:00:05 . Memory (MB): peak = 440.938 ; gain = 119.508
INFO: [Device 21-403] Loading part xc7z020clg400-1
Constraint Validation Runtime : Time (s): cpu = 00:00:00 ; elapsed = 00:00:00.012 . Memory (MB): peak = 660.930 ; gain = 0.000
Finished Constraint Validation : Time (s): cpu = 00:00:16 ; elapsed = 00:00:17 . Memory (MB): peak = 660.930 ; gain = 339.500
Finished Loading Part and Timing Information : Time (s): cpu = 00:00:16 ; elapsed = 00:00:17 . Memory (MB): peak = 660.930 ; gain = 339.500
Finished applying 'set_property' XDC Constraints : Time (s): cpu = 00:00:16 ; elapsed = 00:00:17 . Memory (MB): peak = 660.930 ; gain = 339.500
Finished RTL Optimization Phase 2 : Time (s): cpu = 00:00:16 ; elapsed = 00:00:17 . Memory (MB): peak = 660.930 ; gain = 339.500
Finished Cross Boundary and Area Optimization : Time (s): cpu = 00:00:17 ; elapsed = 00:00:17 . Memory (MB): peak = 660.930 ; gain = 339.500
Finished Applying XDC Timing Constraints : Time (s): cpu = 00:00:29 ; elapsed = 00:00:29 . Memory (MB): peak = 701.055 ; gain = 379.625
Finished Timing Optimization : Time (s): cpu = 00:00:29 ; elapsed = 00:00:29 . Memory (MB): peak = 701.055 ; gain = 379.625
Finished Technology Mapping : Time (s): cpu = 00:00:29 ; elapsed = 00:00:29 . Memory (MB): peak = 711.195 ; gain = 389.766
Finished IO Insertion : Time (s): cpu = 00:00:29 ; elapsed = 00:00:30 . Memory (MB): peak = 711.195 ; gain = 389.766
Finished Renaming Generated Instances : Time (s): cpu = 00:00:29 ; elapsed = 00:00:30 . Memory (MB): peak = 711.195 ; gain = 389.766
Finished Rebuilding User Hierarchy : Time (s): cpu = 00:00:29 ; elapsed = 00:00:30 . Memory (MB): peak = 711.195 ; gain = 389.766
Finished Renaming Generated Ports : Time (s): cpu = 00:00:29 ; elapsed = 00:00:30 . Memory (MB): peak = 711.195 ; gain = 389.766
Finished Handling Custom Attributes : Time (s): cpu = 00:00:29 ; elapsed = 00:00:30 . Memory (MB): peak = 711.195 ; gain = 389.766
Finished Renaming Generated Nets : Time (s): cpu = 00:00:29 ; elapsed = 00:00:30 . Memory (MB): peak = 711.195 ; gain = 389.766

Report Cell Usage: 
+-+-----+------+
| |Cell |Count |
+-+-----+------+
+-+-----+------+
Finished Writing Synthesis Report : Time (s): cpu = 00:00:29 ; elapsed = 00:00:30 . Memory (MB): peak = 711.195 ; gain = 389.766
synth_design: Time (s): cpu = 00:00:31 ; elapsed = 00:00:32 . Memory (MB): peak = 724.711 ; gain = 412.043
