Copyright 1986-2017 Xilinx, Inc. All Rights Reserved.
-----------------------------------------------------------------------------------------------------------------------------
| Tool Version : Vivado v.2017.2 (win64) Build 1909853 Thu Jun 15 18:39:09 MDT 2017
| Date         : Sun Jul 29 14:00:26 2018
| Host         : AVACO-PC2 running 64-bit Service Pack 1  (build 7601)
| Command      : report_utilization -file Uart_ETH_wrapper_utilization_placed.rpt -pb Uart_ETH_wrapper_utilization_placed.pb
| Design       : Uart_ETH_wrapper
| Device       : 7z020clg400-1
| Design State : Fully Placed
-----------------------------------------------------------------------------------------------------------------------------

Utilization Design Information

Table of Contents
-----------------
1. Slice Logic
1.1 Summary of Registers by Type
2. Slice Logic Distribution
3. Memory
4. DSP
5. IO and GT Specific
6. Clocking
7. Specific Feature
8. Primitives
9. Black Boxes
10. Instantiated Netlists

1. Slice Logic
--------------

+----------------------------+------+-------+-----------+-------+
|          Site Type         | Used | Fixed | Available | Util% |
+----------------------------+------+-------+-----------+-------+
| Slice LUTs                 | 7995 |     0 |     53200 | 15.03 |
|   LUT as Logic             | 7229 |     0 |     53200 | 13.59 |
|   LUT as Memory            |  766 |     0 |     17400 |  4.40 |
|     LUT as Distributed RAM |  628 |     0 |           |       |
|     LUT as Shift Register  |  138 |     0 |           |       |
| Slice Registers            | 8215 |     0 |    106400 |  7.72 |
|   Register as Flip Flop    | 8151 |     0 |    106400 |  7.66 |
|   Register as Latch        |   64 |     0 |    106400 |  0.06 |
| F7 Muxes                   |   32 |     0 |     26600 |  0.12 |
| F8 Muxes                   |   16 |     0 |     13300 |  0.12 |
+----------------------------+------+-------+-----------+-------+


1.1 Summary of Registers by Type
--------------------------------

+-------+--------------+-------------+--------------+
| Total | Clock Enable | Synchronous | Asynchronous |
+-------+--------------+-------------+--------------+
| 32    |            _ |           - |            - |
| 0     |            _ |           - |          Set |
| 0     |            _ |           - |        Reset |
| 0     |            _ |         Set |            - |
| 0     |            _ |       Reset |            - |
| 0     |          Yes |           - |            - |
| 16    |          Yes |           - |          Set |
| 16    |          Yes |           - |        Reset |
| 335   |          Yes |         Set |            - |
| 7816  |          Yes |       Reset |            - |
+-------+--------------+-------------+--------------+


2. Slice Logic Distribution
---------------------------

+-------------------------------------------+------+-------+-----------+-------+
|                 Site Type                 | Used | Fixed | Available | Util% |
+-------------------------------------------+------+-------+-----------+-------+
| Slice                                     | 3026 |     0 |     13300 | 22.75 |
|   SLICEL                                  | 1970 |     0 |           |       |
|   SLICEM                                  | 1056 |     0 |           |       |
| LUT as Logic                              | 7229 |     0 |     53200 | 13.59 |
|   using O5 output only                    |    0 |       |           |       |
|   using O6 output only                    | 5821 |       |           |       |
|   using O5 and O6                         | 1408 |       |           |       |
| LUT as Memory                             |  766 |     0 |     17400 |  4.40 |
|   LUT as Distributed RAM                  |  628 |     0 |           |       |
|     using O5 output only                  |    0 |       |           |       |
|     using O6 output only                  |   28 |       |           |       |
|     using O5 and O6                       |  600 |       |           |       |
|   LUT as Shift Register                   |  138 |     0 |           |       |
|     using O5 output only                  |    4 |       |           |       |
|     using O6 output only                  |  107 |       |           |       |
|     using O5 and O6                       |   27 |       |           |       |
| LUT Flip Flop Pairs                       | 4290 |     0 |     53200 |  8.06 |
|   fully used LUT-FF pairs                 |  917 |       |           |       |
|   LUT-FF pairs with one unused LUT output | 3150 |       |           |       |
|   LUT-FF pairs with one unused Flip Flop  | 3050 |       |           |       |
| Unique Control Sets                       |  567 |       |           |       |
+-------------------------------------------+------+-------+-----------+-------+
* Note: Review the Control Sets Report for more information regarding control sets.


3. Memory
---------

+-------------------+------+-------+-----------+-------+
|     Site Type     | Used | Fixed | Available | Util% |
+-------------------+------+-------+-----------+-------+
| Block RAM Tile    | 12.5 |     0 |       140 |  8.93 |
|   RAMB36/FIFO*    |    2 |     0 |       140 |  1.43 |
|     RAMB36E1 only |    2 |       |           |       |
|   RAMB18          |   21 |     0 |       280 |  7.50 |
|     RAMB18E1 only |   21 |       |           |       |
+-------------------+------+-------+-----------+-------+
* Note: Each Block RAM Tile only has one FIFO logic available and therefore can accommodate only one FIFO36E1 or one FIFO18E1. However, if a FIFO18E1 occupies a Block RAM Tile, that tile can still accommodate a RAMB18E1


4. DSP
------

+-----------+------+-------+-----------+-------+
| Site Type | Used | Fixed | Available | Util% |
+-----------+------+-------+-----------+-------+
| DSPs      |    0 |     0 |       220 |  0.00 |
+-----------+------+-------+-----------+-------+


5. IO and GT Specific
---------------------

+-----------------------------+------+-------+-----------+--------+
|          Site Type          | Used | Fixed | Available |  Util% |
+-----------------------------+------+-------+-----------+--------+
| Bonded IOB                  |   75 |    75 |       125 |  60.00 |
|   IOB Master Pads           |   36 |       |           |        |
|   IOB Slave Pads            |   35 |       |           |        |
| Bonded IPADs                |    0 |     0 |         2 |   0.00 |
| Bonded IOPADs               |  130 |   130 |       130 | 100.00 |
| PHY_CONTROL                 |    0 |     0 |         4 |   0.00 |
| PHASER_REF                  |    0 |     0 |         4 |   0.00 |
| OUT_FIFO                    |    0 |     0 |        16 |   0.00 |
| IN_FIFO                     |    0 |     0 |        16 |   0.00 |
| IDELAYCTRL                  |    0 |     0 |         4 |   0.00 |
| IBUFDS                      |    0 |     0 |       121 |   0.00 |
| PHASER_OUT/PHASER_OUT_PHY   |    0 |     0 |        16 |   0.00 |
| PHASER_IN/PHASER_IN_PHY     |    0 |     0 |        16 |   0.00 |
| IDELAYE2/IDELAYE2_FINEDELAY |    0 |     0 |       200 |   0.00 |
| ILOGIC                      |    0 |     0 |       125 |   0.00 |
| OLOGIC                      |    0 |     0 |       125 |   0.00 |
+-----------------------------+------+-------+-----------+--------+


6. Clocking
-----------

+------------+------+-------+-----------+-------+
|  Site Type | Used | Fixed | Available | Util% |
+------------+------+-------+-----------+-------+
| BUFGCTRL   |    6 |     0 |        32 | 18.75 |
| BUFIO      |    0 |     0 |        16 |  0.00 |
| MMCME2_ADV |    2 |     0 |         4 | 50.00 |
| PLLE2_ADV  |    0 |     0 |         4 |  0.00 |
| BUFMRCE    |    0 |     0 |         8 |  0.00 |
| BUFHCE     |    0 |     0 |        72 |  0.00 |
| BUFR       |    0 |     0 |        16 |  0.00 |
+------------+------+-------+-----------+-------+


7. Specific Feature
-------------------

+-------------+------+-------+-----------+-------+
|  Site Type  | Used | Fixed | Available | Util% |
+-------------+------+-------+-----------+-------+
| BSCANE2     |    0 |     0 |         4 |  0.00 |
| CAPTUREE2   |    0 |     0 |         1 |  0.00 |
| DNA_PORT    |    0 |     0 |         1 |  0.00 |
| EFUSE_USR   |    0 |     0 |         1 |  0.00 |
| FRAME_ECCE2 |    0 |     0 |         1 |  0.00 |
| ICAPE2      |    0 |     0 |         2 |  0.00 |
| STARTUPE2   |    0 |     0 |         1 |  0.00 |
| XADC        |    0 |     0 |         1 |  0.00 |
+-------------+------+-------+-----------+-------+


8. Primitives
-------------

+------------+------+----------------------+
|  Ref Name  | Used |  Functional Category |
+------------+------+----------------------+
| FDRE       | 7816 |         Flop & Latch |
| LUT6       | 2314 |                  LUT |
| LUT4       | 1843 |                  LUT |
| LUT3       | 1742 |                  LUT |
| LUT5       | 1227 |                  LUT |
| LUT2       | 1098 |                  LUT |
| RAMD32     |  904 |   Distributed Memory |
| LUT1       |  413 |                  LUT |
| FDSE       |  335 |         Flop & Latch |
| RAMS32     |  324 |   Distributed Memory |
| CARRY4     |  262 |           CarryLogic |
| BIBUF      |  130 |                   IO |
| SRL16E     |   83 |   Distributed Memory |
| SRLC32E    |   82 |   Distributed Memory |
| LDCE       |   48 |         Flop & Latch |
| OBUF       |   47 |                   IO |
| MUXF7      |   32 |                MuxFx |
| IBUF       |   28 |                   IO |
| RAMB18E1   |   21 |         Block Memory |
| MUXF8      |   16 |                MuxFx |
| LDPE       |   16 |         Flop & Latch |
| BUFG       |    6 |                Clock |
| RAMB36E1   |    2 |         Block Memory |
| OBUFT      |    2 |                   IO |
| MMCME2_ADV |    2 |                Clock |
| PS7        |    1 | Specialized Resource |
+------------+------+----------------------+


9. Black Boxes
--------------

+----------+------+
| Ref Name | Used |
+----------+------+


10. Instantiated Netlists
-------------------------

+------------------------------------+------+
|              Ref Name              | Used |
+------------------------------------+------+
| Uart_ETH_xlslice_LCD_RW_0          |    1 |
| Uart_ETH_xlslice_LCD_RS_2          |    1 |
| Uart_ETH_xlslice_LCD_RS_1          |    1 |
| Uart_ETH_xlslice_LCD_RS_0          |    1 |
| Uart_ETH_xlslice_LCD_0             |    1 |
| Uart_ETH_xlslice_LCD1_2            |    1 |
| Uart_ETH_xlslice_LCD1_1            |    1 |
| Uart_ETH_xlslice_LCD1_0            |    1 |
| Uart_ETH_xlslice_KeyPad_1          |    1 |
| Uart_ETH_xlslice_KeyPad_0          |    1 |
| Uart_ETH_xlslice_0_1               |    1 |
| Uart_ETH_xlslice_0_0               |    1 |
| Uart_ETH_xlconstant_0_2            |    1 |
| Uart_ETH_xlconstant_0_1            |    1 |
| Uart_ETH_xlconcat_0_1              |    1 |
| Uart_ETH_xlconcat_0_0              |    1 |
| Uart_ETH_xbar_0                    |    1 |
| Uart_ETH_util_vector_logic_30_0    |    1 |
| Uart_ETH_util_vector_logic_2_9     |    1 |
| Uart_ETH_util_vector_logic_2_8     |    1 |
| Uart_ETH_util_vector_logic_2_7     |    1 |
| Uart_ETH_util_vector_logic_2_6     |    1 |
| Uart_ETH_util_vector_logic_2_5     |    1 |
| Uart_ETH_util_vector_logic_2_20    |    1 |
| Uart_ETH_util_vector_logic_2_19    |    1 |
| Uart_ETH_util_vector_logic_2_18    |    1 |
| Uart_ETH_util_vector_logic_2_17    |    1 |
| Uart_ETH_util_vector_logic_2_16    |    1 |
| Uart_ETH_util_vector_logic_2_15    |    1 |
| Uart_ETH_util_vector_logic_2_14    |    1 |
| Uart_ETH_util_vector_logic_2_13    |    1 |
| Uart_ETH_util_vector_logic_2_12    |    1 |
| Uart_ETH_util_vector_logic_2_10    |    1 |
| Uart_ETH_util_vector_logic_21_8    |    1 |
| Uart_ETH_util_vector_logic_21_7    |    1 |
| Uart_ETH_util_vector_logic_21_6    |    1 |
| Uart_ETH_util_vector_logic_21_5    |    1 |
| Uart_ETH_util_vector_logic_21_4    |    1 |
| Uart_ETH_util_vector_logic_21_3    |    1 |
| Uart_ETH_util_vector_logic_21_2    |    1 |
| Uart_ETH_util_vector_logic_21_1    |    1 |
| Uart_ETH_util_vector_logic_21_0    |    1 |
| Uart_ETH_util_vector_logic_1_14    |    1 |
| Uart_ETH_util_vector_logic_14_1    |    1 |
| Uart_ETH_util_vector_logic_14_0    |    1 |
| Uart_ETH_util_vector_logic_12_7    |    1 |
| Uart_ETH_util_vector_logic_12_6    |    1 |
| Uart_ETH_util_vector_logic_12_5    |    1 |
| Uart_ETH_util_vector_logic_12_4    |    1 |
| Uart_ETH_util_vector_logic_12_3    |    1 |
| Uart_ETH_util_vector_logic_12_2    |    1 |
| Uart_ETH_util_vector_logic_12_1    |    1 |
| Uart_ETH_util_vector_logic_12_0    |    1 |
| Uart_ETH_util_vector_logic_11_1    |    1 |
| Uart_ETH_util_vector_logic_11_0    |    1 |
| Uart_ETH_util_vector_logic_0_52    |    1 |
| Uart_ETH_util_vector_logic_0_51    |    1 |
| Uart_ETH_util_vector_logic_0_50    |    1 |
| Uart_ETH_util_vector_logic_0_49    |    1 |
| Uart_ETH_util_vector_logic_0_48    |    1 |
| Uart_ETH_util_vector_logic_0_47    |    1 |
| Uart_ETH_util_vector_logic_0_46    |    1 |
| Uart_ETH_util_vector_logic_0_45    |    1 |
| Uart_ETH_util_vector_logic_0_44    |    1 |
| Uart_ETH_util_vector_logic_0_42    |    1 |
| Uart_ETH_util_vector_logic_0_41    |    1 |
| Uart_ETH_util_vector_logic_0_40    |    1 |
| Uart_ETH_util_vector_logic_0_4     |    1 |
| Uart_ETH_util_vector_logic_0_39    |    1 |
| Uart_ETH_util_vector_logic_0_38    |    1 |
| Uart_ETH_util_vector_logic_0_37    |    1 |
| Uart_ETH_util_vector_logic_0_36    |    1 |
| Uart_ETH_util_vector_logic_0_30    |    1 |
| Uart_ETH_util_vector_logic_0_29    |    1 |
| Uart_ETH_util_vector_logic_0_28    |    1 |
| Uart_ETH_util_vector_logic_0_27    |    1 |
| Uart_ETH_util_vector_logic_0_26    |    1 |
| Uart_ETH_util_vector_logic_0_25    |    1 |
| Uart_ETH_util_vector_logic_0_24    |    1 |
| Uart_ETH_util_vector_logic_0_23    |    1 |
| Uart_ETH_util_vector_logic_0_22    |    1 |
| Uart_ETH_util_vector_logic_0_21    |    1 |
| Uart_ETH_util_vector_logic_0_20    |    1 |
| Uart_ETH_util_vector_logic_0_2     |    1 |
| Uart_ETH_util_vector_logic_0_19    |    1 |
| Uart_ETH_util_vector_logic_0_18    |    1 |
| Uart_ETH_util_vector_logic_0_14    |    1 |
| Uart_ETH_util_vector_logic_0_1     |    1 |
| Uart_ETH_util_vector_logic_0_0     |    1 |
| Uart_ETH_smartconnect_0_0          |    1 |
| Uart_ETH_rst_ps7_0_100M_2          |    1 |
| Uart_ETH_rst_ps7_0_100M_1          |    1 |
| Uart_ETH_processing_system7_0_1    |    1 |
| Uart_ETH_fifo_generator_0_9        |    1 |
| Uart_ETH_fifo_generator_0_8        |    1 |
| Uart_ETH_fifo_generator_0_7        |    1 |
| Uart_ETH_fifo_generator_0_6        |    1 |
| Uart_ETH_fifo_generator_0_5        |    1 |
| Uart_ETH_fifo_generator_0_34       |    1 |
| Uart_ETH_fifo_generator_0_33       |    1 |
| Uart_ETH_fifo_generator_0_32       |    1 |
| Uart_ETH_fifo_generator_0_31       |    1 |
| Uart_ETH_fifo_generator_0_30       |    1 |
| Uart_ETH_fifo_generator_0_3        |    1 |
| Uart_ETH_fifo_generator_0_16       |    1 |
| Uart_ETH_fifo_generator_0_15       |    1 |
| Uart_ETH_fifo_generator_0_14       |    1 |
| Uart_ETH_fifo_generator_0_13       |    1 |
| Uart_ETH_fifo_generator_0_12       |    1 |
| Uart_ETH_fifo_generator_0_10       |    1 |
| Uart_ETH_fifo_generator_0_0        |    1 |
| Uart_ETH_clk_wiz_1_0               |    1 |
| Uart_ETH_clk_wiz_0_0               |    1 |
| Uart_ETH_baudrate_gen_0_0          |    1 |
| Uart_ETH_axi_gpio_SW_0             |    1 |
| Uart_ETH_axi_gpio_LED_0            |    1 |
| Uart_ETH_auto_pc_0                 |    1 |
| Uart_ETH_UART_TX_Without_Baud_14_1 |    1 |
| Uart_ETH_UART_TX_Without_Baud_14_0 |    1 |
| Uart_ETH_UART_TX_Extended_0_9      |    1 |
| Uart_ETH_UART_TX_Extended_0_8      |    1 |
| Uart_ETH_UART_TX_Extended_0_7      |    1 |
| Uart_ETH_UART_TX_Extended_0_6      |    1 |
| Uart_ETH_UART_TX_Extended_0_5      |    1 |
| Uart_ETH_UART_TX_Extended_0_4      |    1 |
| Uart_ETH_UART_TX_Extended_0_19     |    1 |
| Uart_ETH_UART_TX_Extended_0_18     |    1 |
| Uart_ETH_UART_TX_Extended_0_17     |    1 |
| Uart_ETH_UART_TX_Extended_0_16     |    1 |
| Uart_ETH_UART_TX_Extended_0_15     |    1 |
| Uart_ETH_UART_TX_Extended_0_14     |    1 |
| Uart_ETH_UART_TX_Extended_0_13     |    1 |
| Uart_ETH_UART_TX_Extended_0_12     |    1 |
| Uart_ETH_UART_TX_Extended_0_11     |    1 |
| Uart_ETH_UART_TX_Extended_0_0      |    1 |
| Uart_ETH_UART_RX_Without_Baud_1_17 |    1 |
| Uart_ETH_UART_RX_Without_Baud_1_0  |    1 |
| Uart_ETH_UART_RX_Extended_0_9      |    1 |
| Uart_ETH_UART_RX_Extended_0_8      |    1 |
| Uart_ETH_UART_RX_Extended_0_7      |    1 |
| Uart_ETH_UART_RX_Extended_0_6      |    1 |
| Uart_ETH_UART_RX_Extended_0_5      |    1 |
| Uart_ETH_UART_RX_Extended_0_4      |    1 |
| Uart_ETH_UART_RX_Extended_0_19     |    1 |
| Uart_ETH_UART_RX_Extended_0_18     |    1 |
| Uart_ETH_UART_RX_Extended_0_17     |    1 |
| Uart_ETH_UART_RX_Extended_0_16     |    1 |
| Uart_ETH_UART_RX_Extended_0_15     |    1 |
| Uart_ETH_UART_RX_Extended_0_14     |    1 |
| Uart_ETH_UART_RX_Extended_0_13     |    1 |
| Uart_ETH_UART_RX_Extended_0_12     |    1 |
| Uart_ETH_UART_RX_Extended_0_11     |    1 |
| Uart_ETH_UART_RX_Extended_0_0      |    1 |
| Uart_ETH_UART_Config_Register_0_0  |    1 |
| Uart_ETH_Tick_Timer_General_0_1    |    1 |
| Uart_ETH_Tick_Timer_General_0_0    |    1 |
| Uart_ETH_Register_8_Input_Rx2_0    |    1 |
| Uart_ETH_Register_8_Input_Rx1_0    |    1 |
| Uart_ETH_Register_8_Input_1_0      |    1 |
| Uart_ETH_Register_8_Input_0_0      |    1 |
| Uart_ETH_PISO_0_0                  |    1 |
| Uart_ETH_LED_Sample_1_1            |    1 |
| Uart_ETH_LED_Sample_1_0            |    1 |
| Uart_ETH_LED_Sample_0_1            |    1 |
| Uart_ETH_LED_Sample_0_0            |    1 |
| Uart_ETH_IO_In_Out_Switcher_0_1    |    1 |
| Uart_ETH_Extract_UART_Features_0_0 |    1 |
| Uart_ETH_DataMuxOut4Bit_1_9        |    1 |
| Uart_ETH_DataMuxOut4Bit_1_8        |    1 |
| Uart_ETH_DataMuxOut4Bit_1_7        |    1 |
| Uart_ETH_DataMuxOut4Bit_1_6        |    1 |
| Uart_ETH_DataMuxOut4Bit_1_5        |    1 |
| Uart_ETH_DataMuxOut4Bit_1_4        |    1 |
| Uart_ETH_DataMuxOut4Bit_1_3        |    1 |
| Uart_ETH_DataMuxOut4Bit_1_2        |    1 |
| Uart_ETH_DataMuxOut4Bit_1_13       |    1 |
| Uart_ETH_DataMuxOut4Bit_1_12       |    1 |
| Uart_ETH_DataMuxOut4Bit_1_11       |    1 |
| Uart_ETH_DataMuxOut4Bit_1_10       |    1 |
| Uart_ETH_DataMuxOut4Bit_1_1        |    1 |
| Uart_ETH_DataMuxOut4Bit_1_0        |    1 |
| Uart_ETH_DataMuxOut4Bit_10_0       |    1 |
| Uart_ETH_DataMuxOut4Bit_0_3        |    1 |
| Uart_ETH_Counter_0_0               |    1 |
| Uart_ETH_All_Data_Sender_0_4       |    1 |
| Uart_ETH_AllDataMover_0_0          |    1 |
+------------------------------------+------+


