INFO: [VRFC 10-163] Analyzing VHDL file "E:/ETH2SER/SoftwareProjects/UART2ETH970328_TxRx_FIFO_Integrated-UART-Config/UART2ETH.ip_user_files/bd/Uart_ETH/ip/Uart_ETH_axi_gpio_LED_0/sim/Uart_ETH_axi_gpio_LED_0.vhd" into library xil_defaultlib
INFO: [VRFC 10-307] analyzing entity Uart_ETH_axi_gpio_LED_0
INFO: [VRFC 10-163] Analyzing VHDL file "E:/ETH2SER/SoftwareProjects/UART2ETH970328_TxRx_FIFO_Integrated-UART-Config/UART2ETH.ip_user_files/bd/Uart_ETH/ip/Uart_ETH_axi_gpio_SW_0/sim/Uart_ETH_axi_gpio_SW_0.vhd" into library xil_defaultlib
INFO: [VRFC 10-307] analyzing entity Uart_ETH_axi_gpio_SW_0
INFO: [VRFC 10-163] Analyzing VHDL file "E:/ETH2SER/SoftwareProjects/UART2ETH970328_TxRx_FIFO_Integrated-UART-Config/UART2ETH.ip_user_files/bd/Uart_ETH/ip/Uart_ETH_axi_uart16550_0_4/sim/Uart_ETH_axi_uart16550_0_4.vhd" into library xil_defaultlib
INFO: [VRFC 10-307] analyzing entity Uart_ETH_axi_uart16550_0_4
INFO: [VRFC 10-163] Analyzing VHDL file "E:/ETH2SER/SoftwareProjects/UART2ETH970328_TxRx_FIFO_Integrated-UART-Config/UART2ETH.ip_user_files/bd/Uart_ETH/ip/Uart_ETH_axi_gpio_0_0/sim/Uart_ETH_axi_gpio_0_0.vhd" into library xil_defaultlib
INFO: [VRFC 10-307] analyzing entity Uart_ETH_axi_gpio_0_0
INFO: [VRFC 10-163] Analyzing VHDL file "E:/ETH2SER/SoftwareProjects/UART2ETH970328_TxRx_FIFO_Integrated-UART-Config/UART2ETH.srcs/sources_1/bd/Uart_ETH/ipshared/f7f9/hdl/vhdl/AllDataMover.vhd" into library xil_defaultlib
INFO: [VRFC 10-307] analyzing entity AllDataMover
INFO: [VRFC 10-163] Analyzing VHDL file "E:/ETH2SER/SoftwareProjects/UART2ETH970328_TxRx_FIFO_Integrated-UART-Config/UART2ETH.srcs/sources_1/bd/Uart_ETH/ipshared/f7f9/hdl/vhdl/AllDataMover_DRAM_m_axi.vhd" into library xil_defaultlib
INFO: [VRFC 10-307] analyzing entity AllDataMover_DRAM_m_axi
INFO: [VRFC 10-307] analyzing entity AllDataMover_DRAM_m_axi_reg_slice
INFO: [VRFC 10-307] analyzing entity AllDataMover_DRAM_m_axi_fifo
INFO: [VRFC 10-307] analyzing entity AllDataMover_DRAM_m_axi_buffer
INFO: [VRFC 10-307] analyzing entity AllDataMover_DRAM_m_axi_decoder
INFO: [VRFC 10-307] analyzing entity AllDataMover_DRAM_m_axi_throttl
INFO: [VRFC 10-307] analyzing entity AllDataMover_DRAM_m_axi_read
INFO: [VRFC 10-307] analyzing entity AllDataMover_DRAM_m_axi_write
INFO: [VRFC 10-163] Analyzing VHDL file "E:/ETH2SER/SoftwareProjects/UART2ETH970328_TxRx_FIFO_Integrated-UART-Config/UART2ETH.srcs/sources_1/bd/Uart_ETH/ipshared/f7f9/hdl/vhdl/RecivUART.vhd" into library xil_defaultlib
INFO: [VRFC 10-307] analyzing entity RecivUART
INFO: [VRFC 10-163] Analyzing VHDL file "E:/ETH2SER/SoftwareProjects/UART2ETH970328_TxRx_FIFO_Integrated-UART-Config/UART2ETH.srcs/sources_1/bd/Uart_ETH/ipshared/f7f9/hdl/vhdl/RecivUART_write_ibkb.vhd" into library xil_defaultlib
INFO: [VRFC 10-307] analyzing entity RecivUART_write_ibkb_ram
INFO: [VRFC 10-307] analyzing entity RecivUART_write_ibkb
INFO: [VRFC 10-163] Analyzing VHDL file "E:/ETH2SER/SoftwareProjects/UART2ETH970328_TxRx_FIFO_Integrated-UART-Config/UART2ETH.ip_user_files/bd/Uart_ETH/ip/Uart_ETH_AllDataMover_0_0/sim/Uart_ETH_AllDataMover_0_0.vhd" into library xil_defaultlib
INFO: [VRFC 10-307] analyzing entity Uart_ETH_AllDataMover_0_0
INFO: [VRFC 10-163] Analyzing VHDL file "E:/ETH2SER/SoftwareProjects/UART2ETH970328_TxRx_FIFO_Integrated-UART-Config/UART2ETH.ip_user_files/bd/Uart_ETH/ip/Uart_ETH_smartconnect_0_0/bd_0/ip/ip_1/sim/bd_5544_psr_aclk_0.vhd" into library xil_defaultlib
INFO: [VRFC 10-307] analyzing entity bd_5544_psr_aclk_0
INFO: [VRFC 10-163] Analyzing VHDL file "E:/ETH2SER/SoftwareProjects/UART2ETH970328_TxRx_FIFO_Integrated-UART-Config/UART2ETH.ip_user_files/bd/Uart_ETH/ip/Uart_ETH_smartconnect_0_0/sim/Uart_ETH_smartconnect_0_0.vhd" into library xil_defaultlib
INFO: [VRFC 10-307] analyzing entity Uart_ETH_smartconnect_0_0
INFO: [VRFC 10-163] Analyzing VHDL file "E:/ETH2SER/SoftwareProjects/UART2ETH970328_TxRx_FIFO_Integrated-UART-Config/UART2ETH.ip_user_files/bd/Uart_ETH/ipshared/2e0a/UART_RX.vhd" into library xil_defaultlib
INFO: [VRFC 10-307] analyzing entity UART_RX
INFO: [VRFC 10-163] Analyzing VHDL file "E:/ETH2SER/SoftwareProjects/UART2ETH970328_TxRx_FIFO_Integrated-UART-Config/UART2ETH.ip_user_files/bd/Uart_ETH/ip/Uart_ETH_UART_RX_0_0/sim/Uart_ETH_UART_RX_0_0.vhd" into library xil_defaultlib
INFO: [VRFC 10-307] analyzing entity Uart_ETH_UART_RX_0_0
INFO: [VRFC 10-163] Analyzing VHDL file "E:/ETH2SER/SoftwareProjects/UART2ETH970328_TxRx_FIFO_Integrated-UART-Config/UART2ETH.ip_user_files/bd/Uart_ETH/ip/Uart_ETH_UART_RX_0_3/sim/Uart_ETH_UART_RX_0_3.vhd" into library xil_defaultlib
INFO: [VRFC 10-307] analyzing entity Uart_ETH_UART_RX_0_3
INFO: [VRFC 10-163] Analyzing VHDL file "E:/ETH2SER/SoftwareProjects/UART2ETH970328_TxRx_FIFO_Integrated-UART-Config/UART2ETH.ip_user_files/bd/Uart_ETH/ip/Uart_ETH_UART_RX_0_2/sim/Uart_ETH_UART_RX_0_2.vhd" into library xil_defaultlib
INFO: [VRFC 10-307] analyzing entity Uart_ETH_UART_RX_0_2
INFO: [VRFC 10-163] Analyzing VHDL file "E:/ETH2SER/SoftwareProjects/UART2ETH970328_TxRx_FIFO_Integrated-UART-Config/UART2ETH.ip_user_files/bd/Uart_ETH/ip/Uart_ETH_ila_0_2/sim/Uart_ETH_ila_0_2.vhd" into library xil_defaultlib
INFO: [VRFC 10-307] analyzing entity Uart_ETH_ila_0_2
INFO: [VRFC 10-163] Analyzing VHDL file "E:/ETH2SER/SoftwareProjects/UART2ETH970328_TxRx_FIFO_Integrated-UART-Config/UART2ETH.ip_user_files/bd/Uart_ETH/ip/Uart_ETH_UART_RX_0_14/sim/Uart_ETH_UART_RX_0_14.vhd" into library xil_defaultlib
INFO: [VRFC 10-307] analyzing entity Uart_ETH_UART_RX_0_14
INFO: [VRFC 10-163] Analyzing VHDL file "E:/ETH2SER/SoftwareProjects/UART2ETH970328_TxRx_FIFO_Integrated-UART-Config/UART2ETH.ip_user_files/bd/Uart_ETH/ip/Uart_ETH_UART_RX_0_13/sim/Uart_ETH_UART_RX_0_13.vhd" into library xil_defaultlib
INFO: [VRFC 10-307] analyzing entity Uart_ETH_UART_RX_0_13
INFO: [VRFC 10-163] Analyzing VHDL file "E:/ETH2SER/SoftwareProjects/UART2ETH970328_TxRx_FIFO_Integrated-UART-Config/UART2ETH.ip_user_files/bd/Uart_ETH/ip/Uart_ETH_UART_RX_0_12/sim/Uart_ETH_UART_RX_0_12.vhd" into library xil_defaultlib
INFO: [VRFC 10-307] analyzing entity Uart_ETH_UART_RX_0_12
INFO: [VRFC 10-163] Analyzing VHDL file "E:/ETH2SER/SoftwareProjects/UART2ETH970328_TxRx_FIFO_Integrated-UART-Config/UART2ETH.ip_user_files/bd/Uart_ETH/ip/Uart_ETH_UART_RX_0_11/sim/Uart_ETH_UART_RX_0_11.vhd" into library xil_defaultlib
INFO: [VRFC 10-307] analyzing entity Uart_ETH_UART_RX_0_11
INFO: [VRFC 10-163] Analyzing VHDL file "E:/ETH2SER/SoftwareProjects/UART2ETH970328_TxRx_FIFO_Integrated-UART-Config/UART2ETH.ip_user_files/bd/Uart_ETH/ip/Uart_ETH_UART_RX_0_10/sim/Uart_ETH_UART_RX_0_10.vhd" into library xil_defaultlib
INFO: [VRFC 10-307] analyzing entity Uart_ETH_UART_RX_0_10
INFO: [VRFC 10-163] Analyzing VHDL file "E:/ETH2SER/SoftwareProjects/UART2ETH970328_TxRx_FIFO_Integrated-UART-Config/UART2ETH.ip_user_files/bd/Uart_ETH/ip/Uart_ETH_UART_RX_0_9/sim/Uart_ETH_UART_RX_0_9.vhd" into library xil_defaultlib
INFO: [VRFC 10-307] analyzing entity Uart_ETH_UART_RX_0_9
INFO: [VRFC 10-163] Analyzing VHDL file "E:/ETH2SER/SoftwareProjects/UART2ETH970328_TxRx_FIFO_Integrated-UART-Config/UART2ETH.ip_user_files/bd/Uart_ETH/ip/Uart_ETH_UART_RX_0_8/sim/Uart_ETH_UART_RX_0_8.vhd" into library xil_defaultlib
INFO: [VRFC 10-307] analyzing entity Uart_ETH_UART_RX_0_8
INFO: [VRFC 10-163] Analyzing VHDL file "E:/ETH2SER/SoftwareProjects/UART2ETH970328_TxRx_FIFO_Integrated-UART-Config/UART2ETH.ip_user_files/bd/Uart_ETH/ip/Uart_ETH_UART_RX_0_7/sim/Uart_ETH_UART_RX_0_7.vhd" into library xil_defaultlib
INFO: [VRFC 10-307] analyzing entity Uart_ETH_UART_RX_0_7
INFO: [VRFC 10-163] Analyzing VHDL file "E:/ETH2SER/SoftwareProjects/UART2ETH970328_TxRx_FIFO_Integrated-UART-Config/UART2ETH.ip_user_files/bd/Uart_ETH/ip/Uart_ETH_UART_RX_0_6/sim/Uart_ETH_UART_RX_0_6.vhd" into library xil_defaultlib
INFO: [VRFC 10-307] analyzing entity Uart_ETH_UART_RX_0_6
INFO: [VRFC 10-163] Analyzing VHDL file "E:/ETH2SER/SoftwareProjects/UART2ETH970328_TxRx_FIFO_Integrated-UART-Config/UART2ETH.ip_user_files/bd/Uart_ETH/ip/Uart_ETH_UART_RX_0_5/sim/Uart_ETH_UART_RX_0_5.vhd" into library xil_defaultlib
INFO: [VRFC 10-307] analyzing entity Uart_ETH_UART_RX_0_5
INFO: [VRFC 10-163] Analyzing VHDL file "E:/ETH2SER/SoftwareProjects/UART2ETH970328_TxRx_FIFO_Integrated-UART-Config/UART2ETH.ip_user_files/bd/Uart_ETH/ip/Uart_ETH_UART_RX_0_4/sim/Uart_ETH_UART_RX_0_4.vhd" into library xil_defaultlib
INFO: [VRFC 10-307] analyzing entity Uart_ETH_UART_RX_0_4
INFO: [VRFC 10-163] Analyzing VHDL file "E:/ETH2SER/SoftwareProjects/UART2ETH970328_TxRx_FIFO_Integrated-UART-Config/UART2ETH.ip_user_files/bd/Uart_ETH/ip/Uart_ETH_UART_RX_0_16/sim/Uart_ETH_UART_RX_0_16.vhd" into library xil_defaultlib
INFO: [VRFC 10-307] analyzing entity Uart_ETH_UART_RX_0_16
INFO: [VRFC 10-163] Analyzing VHDL file "E:/ETH2SER/SoftwareProjects/UART2ETH970328_TxRx_FIFO_Integrated-UART-Config/UART2ETH.srcs/sources_1/bd/Uart_ETH/ipshared/d391/hdl/vhdl/All_Data_Sender.vhd" into library xil_defaultlib
INFO: [VRFC 10-307] analyzing entity All_Data_Sender
INFO: [VRFC 10-163] Analyzing VHDL file "E:/ETH2SER/SoftwareProjects/UART2ETH970328_TxRx_FIFO_Integrated-UART-Config/UART2ETH.srcs/sources_1/bd/Uart_ETH/ipshared/d391/hdl/vhdl/All_Data_Sender_AXILiteS_s_axi.vhd" into library xil_defaultlib
INFO: [VRFC 10-307] analyzing entity All_Data_Sender_AXILiteS_s_axi
INFO: [VRFC 10-307] analyzing entity All_Data_Sender_AXILiteS_s_axi_ram
INFO: [VRFC 10-163] Analyzing VHDL file "E:/ETH2SER/SoftwareProjects/UART2ETH970328_TxRx_FIFO_Integrated-UART-Config/UART2ETH.srcs/sources_1/bd/Uart_ETH/ipshared/d391/hdl/vhdl/All_Data_Sender_DRAM_m_axi.vhd" into library xil_defaultlib
INFO: [VRFC 10-307] analyzing entity All_Data_Sender_DRAM_m_axi
INFO: [VRFC 10-307] analyzing entity All_Data_Sender_DRAM_m_axi_reg_slice
INFO: [VRFC 10-307] analyzing entity All_Data_Sender_DRAM_m_axi_fifo
INFO: [VRFC 10-307] analyzing entity All_Data_Sender_DRAM_m_axi_buffer
INFO: [VRFC 10-307] analyzing entity All_Data_Sender_DRAM_m_axi_decoder
INFO: [VRFC 10-307] analyzing entity All_Data_Sender_DRAM_m_axi_throttl
INFO: [VRFC 10-307] analyzing entity All_Data_Sender_DRAM_m_axi_read
INFO: [VRFC 10-307] analyzing entity All_Data_Sender_DRAM_m_axi_write
INFO: [VRFC 10-163] Analyzing VHDL file "E:/ETH2SER/SoftwareProjects/UART2ETH970328_TxRx_FIFO_Integrated-UART-Config/UART2ETH.srcs/sources_1/bd/Uart_ETH/ipshared/d391/hdl/vhdl/DMA_Send.vhd" into library xil_defaultlib
INFO: [VRFC 10-307] analyzing entity DMA_Send
INFO: [VRFC 10-163] Analyzing VHDL file "E:/ETH2SER/SoftwareProjects/UART2ETH970328_TxRx_FIFO_Integrated-UART-Config/UART2ETH.ip_user_files/bd/Uart_ETH/ip/Uart_ETH_All_Data_Sender_0_4/sim/Uart_ETH_All_Data_Sender_0_4.vhd" into library xil_defaultlib
INFO: [VRFC 10-307] analyzing entity Uart_ETH_All_Data_Sender_0_4
INFO: [VRFC 10-163] Analyzing VHDL file "E:/ETH2SER/SoftwareProjects/UART2ETH970328_TxRx_FIFO_Integrated-UART-Config/UART2ETH.ip_user_files/bd/Uart_ETH/ip/Uart_ETH_ila_0_1/sim/Uart_ETH_ila_0_1.vhd" into library xil_defaultlib
INFO: [VRFC 10-307] analyzing entity Uart_ETH_ila_0_1
INFO: [VRFC 10-163] Analyzing VHDL file "E:/ETH2SER/SoftwareProjects/UART2ETH970328_TxRx_FIFO_Integrated-UART-Config/UART2ETH.ip_user_files/bd/Uart_ETH/ip/Uart_ETH_rst_ps7_0_100M_1/sim/Uart_ETH_rst_ps7_0_100M_1.vhd" into library xil_defaultlib
INFO: [VRFC 10-307] analyzing entity Uart_ETH_rst_ps7_0_100M_1
INFO: [VRFC 10-163] Analyzing VHDL file "E:/ETH2SER/SoftwareProjects/UART2ETH970328_TxRx_FIFO_Integrated-UART-Config/UART2ETH.ip_user_files/bd/Uart_ETH/ip/Uart_ETH_rst_ps7_0_100M_2/sim/Uart_ETH_rst_ps7_0_100M_2.vhd" into library xil_defaultlib
INFO: [VRFC 10-307] analyzing entity Uart_ETH_rst_ps7_0_100M_2
INFO: [VRFC 10-163] Analyzing VHDL file "E:/ETH2SER/SoftwareProjects/UART2ETH970328_TxRx_FIFO_Integrated-UART-Config/UART2ETH.srcs/sources_1/bd/Uart_ETH/ipshared/458d/hdl/vhdl/UART_Config_Register.vhd" into library xil_defaultlib
INFO: [VRFC 10-307] analyzing entity UART_Config_Register
INFO: [VRFC 10-163] Analyzing VHDL file "E:/ETH2SER/SoftwareProjects/UART2ETH970328_TxRx_FIFO_Integrated-UART-Config/UART2ETH.srcs/sources_1/bd/Uart_ETH/ipshared/458d/hdl/vhdl/UART_Config_Register_AXILiteS_s_axi.vhd" into library xil_defaultlib
INFO: [VRFC 10-307] analyzing entity UART_Config_Register_AXILiteS_s_axi
INFO: [VRFC 10-307] analyzing entity UART_Config_Register_AXILiteS_s_axi_ram
INFO: [VRFC 10-163] Analyzing VHDL file "E:/ETH2SER/SoftwareProjects/UART2ETH970328_TxRx_FIFO_Integrated-UART-Config/UART2ETH.ip_user_files/bd/Uart_ETH/ip/Uart_ETH_UART_Config_Register_0_0/sim/Uart_ETH_UART_Config_Register_0_0.vhd" into library xil_defaultlib
INFO: [VRFC 10-307] analyzing entity Uart_ETH_UART_Config_Register_0_0
INFO: [VRFC 10-163] Analyzing VHDL file "E:/ETH2SER/SoftwareProjects/UART2ETH970328_TxRx_FIFO_Integrated-UART-Config/UART2ETH.ip_user_files/bd/Uart_ETH/ipshared/8e4e/Extract_UART_Features.vhd" into library xil_defaultlib
INFO: [VRFC 10-307] analyzing entity Extract_UART_Features
INFO: [VRFC 10-163] Analyzing VHDL file "E:/ETH2SER/SoftwareProjects/UART2ETH970328_TxRx_FIFO_Integrated-UART-Config/UART2ETH.ip_user_files/bd/Uart_ETH/ip/Uart_ETH_Extract_UART_Features_0_0/sim/Uart_ETH_Extract_UART_Features_0_0.vhd" into library xil_defaultlib
INFO: [VRFC 10-307] analyzing entity Uart_ETH_Extract_UART_Features_0_0
INFO: [VRFC 10-163] Analyzing VHDL file "E:/ETH2SER/SoftwareProjects/UART2ETH970328_TxRx_FIFO_Integrated-UART-Config/UART2ETH.ip_user_files/bd/Uart_ETH/ipshared/b938/src/DataMuxOut1Bit.vhd" into library xil_defaultlib
INFO: [VRFC 10-307] analyzing entity DataMuxOut4Bit
INFO: [VRFC 10-163] Analyzing VHDL file "E:/ETH2SER/SoftwareProjects/UART2ETH970328_TxRx_FIFO_Integrated-UART-Config/UART2ETH.ip_user_files/bd/Uart_ETH/ip/Uart_ETH_DataMuxOut4Bit_0_0/sim/Uart_ETH_DataMuxOut4Bit_0_0.vhd" into library xil_defaultlib
INFO: [VRFC 10-307] analyzing entity Uart_ETH_DataMuxOut4Bit_0_0
INFO: [VRFC 10-163] Analyzing VHDL file "E:/ETH2SER/SoftwareProjects/UART2ETH970328_TxRx_FIFO_Integrated-UART-Config/UART2ETH.ip_user_files/bd/Uart_ETH/ipshared/d18a/sources_1/baudrate_gen.vhd" into library xil_defaultlib
INFO: [VRFC 10-307] analyzing entity baudrate_gen
INFO: [VRFC 10-163] Analyzing VHDL file "E:/ETH2SER/SoftwareProjects/UART2ETH970328_TxRx_FIFO_Integrated-UART-Config/UART2ETH.ip_user_files/bd/Uart_ETH/ip/Uart_ETH_baudrate_gen_0_0/sim/Uart_ETH_baudrate_gen_0_0.vhd" into library xil_defaultlib
INFO: [VRFC 10-307] analyzing entity Uart_ETH_baudrate_gen_0_0
INFO: [VRFC 10-163] Analyzing VHDL file "E:/ETH2SER/SoftwareProjects/UART2ETH970328_TxRx_FIFO_Integrated-UART-Config/UART2ETH.ip_user_files/bd/Uart_ETH/ip/Uart_ETH_DataMuxOut4Bit_0_1/sim/Uart_ETH_DataMuxOut4Bit_0_1.vhd" into library xil_defaultlib
INFO: [VRFC 10-307] analyzing entity Uart_ETH_DataMuxOut4Bit_0_1
INFO: [VRFC 10-163] Analyzing VHDL file "E:/ETH2SER/SoftwareProjects/UART2ETH970328_TxRx_FIFO_Integrated-UART-Config/UART2ETH.ip_user_files/bd/Uart_ETH/ipshared/33a9/UART_TX.vhd" into library xil_defaultlib
INFO: [VRFC 10-307] analyzing entity UART_TX_Without_Baud
INFO: [VRFC 10-163] Analyzing VHDL file "E:/ETH2SER/SoftwareProjects/UART2ETH970328_TxRx_FIFO_Integrated-UART-Config/UART2ETH.ip_user_files/bd/Uart_ETH/ip/Uart_ETH_UART_TX_Without_Baud_0_1/sim/Uart_ETH_UART_TX_Without_Baud_0_1.vhd" into library xil_defaultlib
INFO: [VRFC 10-307] analyzing entity Uart_ETH_UART_TX_Without_Baud_0_1
INFO: [VRFC 10-163] Analyzing VHDL file "E:/ETH2SER/SoftwareProjects/UART2ETH970328_TxRx_FIFO_Integrated-UART-Config/UART2ETH.ip_user_files/bd/Uart_ETH/ip/Uart_ETH_UART_TX_Without_Baud_0_0/sim/Uart_ETH_UART_TX_Without_Baud_0_0.vhd" into library xil_defaultlib
INFO: [VRFC 10-307] analyzing entity Uart_ETH_UART_TX_Without_Baud_0_0
INFO: [VRFC 10-163] Analyzing VHDL file "E:/ETH2SER/SoftwareProjects/UART2ETH970328_TxRx_FIFO_Integrated-UART-Config/UART2ETH.ip_user_files/bd/Uart_ETH/ip/Uart_ETH_DataMuxOut4Bit_0_2/sim/Uart_ETH_DataMuxOut4Bit_0_2.vhd" into library xil_defaultlib
INFO: [VRFC 10-307] analyzing entity Uart_ETH_DataMuxOut4Bit_0_2
INFO: [VRFC 10-163] Analyzing VHDL file "E:/ETH2SER/SoftwareProjects/UART2ETH970328_TxRx_FIFO_Integrated-UART-Config/UART2ETH.ip_user_files/bd/Uart_ETH/ip/Uart_ETH_UART_TX_Without_Baud_0_2/sim/Uart_ETH_UART_TX_Without_Baud_0_2.vhd" into library xil_defaultlib
INFO: [VRFC 10-307] analyzing entity Uart_ETH_UART_TX_Without_Baud_0_2
INFO: [VRFC 10-163] Analyzing VHDL file "E:/ETH2SER/SoftwareProjects/UART2ETH970328_TxRx_FIFO_Integrated-UART-Config/UART2ETH.ip_user_files/bd/Uart_ETH/ip/Uart_ETH_DataMuxOut4Bit_2_2/sim/Uart_ETH_DataMuxOut4Bit_2_2.vhd" into library xil_defaultlib
INFO: [VRFC 10-307] analyzing entity Uart_ETH_DataMuxOut4Bit_2_2
INFO: [VRFC 10-163] Analyzing VHDL file "E:/ETH2SER/SoftwareProjects/UART2ETH970328_TxRx_FIFO_Integrated-UART-Config/UART2ETH.ip_user_files/bd/Uart_ETH/ip/Uart_ETH_UART_TX_Without_Baud_2_0/sim/Uart_ETH_UART_TX_Without_Baud_2_0.vhd" into library xil_defaultlib
INFO: [VRFC 10-307] analyzing entity Uart_ETH_UART_TX_Without_Baud_2_0
INFO: [VRFC 10-163] Analyzing VHDL file "E:/ETH2SER/SoftwareProjects/UART2ETH970328_TxRx_FIFO_Integrated-UART-Config/UART2ETH.ip_user_files/bd/Uart_ETH/ip/Uart_ETH_DataMuxOut4Bit_3_0/sim/Uart_ETH_DataMuxOut4Bit_3_0.vhd" into library xil_defaultlib
INFO: [VRFC 10-307] analyzing entity Uart_ETH_DataMuxOut4Bit_3_0
INFO: [VRFC 10-163] Analyzing VHDL file "E:/ETH2SER/SoftwareProjects/UART2ETH970328_TxRx_FIFO_Integrated-UART-Config/UART2ETH.ip_user_files/bd/Uart_ETH/ip/Uart_ETH_DataMuxOut4Bit_3_1/sim/Uart_ETH_DataMuxOut4Bit_3_1.vhd" into library xil_defaultlib
INFO: [VRFC 10-307] analyzing entity Uart_ETH_DataMuxOut4Bit_3_1
INFO: [VRFC 10-163] Analyzing VHDL file "E:/ETH2SER/SoftwareProjects/UART2ETH970328_TxRx_FIFO_Integrated-UART-Config/UART2ETH.ip_user_files/bd/Uart_ETH/ip/Uart_ETH_DataMuxOut4Bit_3_2/sim/Uart_ETH_DataMuxOut4Bit_3_2.vhd" into library xil_defaultlib
INFO: [VRFC 10-307] analyzing entity Uart_ETH_DataMuxOut4Bit_3_2
INFO: [VRFC 10-163] Analyzing VHDL file "E:/ETH2SER/SoftwareProjects/UART2ETH970328_TxRx_FIFO_Integrated-UART-Config/UART2ETH.ip_user_files/bd/Uart_ETH/ip/Uart_ETH_DataMuxOut4Bit_3_3/sim/Uart_ETH_DataMuxOut4Bit_3_3.vhd" into library xil_defaultlib
INFO: [VRFC 10-307] analyzing entity Uart_ETH_DataMuxOut4Bit_3_3
INFO: [VRFC 10-163] Analyzing VHDL file "E:/ETH2SER/SoftwareProjects/UART2ETH970328_TxRx_FIFO_Integrated-UART-Config/UART2ETH.ip_user_files/bd/Uart_ETH/ip/Uart_ETH_DataMuxOut4Bit_3_4/sim/Uart_ETH_DataMuxOut4Bit_3_4.vhd" into library xil_defaultlib
INFO: [VRFC 10-307] analyzing entity Uart_ETH_DataMuxOut4Bit_3_4
INFO: [VRFC 10-163] Analyzing VHDL file "E:/ETH2SER/SoftwareProjects/UART2ETH970328_TxRx_FIFO_Integrated-UART-Config/UART2ETH.ip_user_files/bd/Uart_ETH/ip/Uart_ETH_DataMuxOut4Bit_3_5/sim/Uart_ETH_DataMuxOut4Bit_3_5.vhd" into library xil_defaultlib
INFO: [VRFC 10-307] analyzing entity Uart_ETH_DataMuxOut4Bit_3_5
INFO: [VRFC 10-163] Analyzing VHDL file "E:/ETH2SER/SoftwareProjects/UART2ETH970328_TxRx_FIFO_Integrated-UART-Config/UART2ETH.ip_user_files/bd/Uart_ETH/ip/Uart_ETH_DataMuxOut4Bit_3_6/sim/Uart_ETH_DataMuxOut4Bit_3_6.vhd" into library xil_defaultlib
INFO: [VRFC 10-307] analyzing entity Uart_ETH_DataMuxOut4Bit_3_6
INFO: [VRFC 10-163] Analyzing VHDL file "E:/ETH2SER/SoftwareProjects/UART2ETH970328_TxRx_FIFO_Integrated-UART-Config/UART2ETH.ip_user_files/bd/Uart_ETH/ip/Uart_ETH_DataMuxOut4Bit_3_7/sim/Uart_ETH_DataMuxOut4Bit_3_7.vhd" into library xil_defaultlib
INFO: [VRFC 10-307] analyzing entity Uart_ETH_DataMuxOut4Bit_3_7
INFO: [VRFC 10-163] Analyzing VHDL file "E:/ETH2SER/SoftwareProjects/UART2ETH970328_TxRx_FIFO_Integrated-UART-Config/UART2ETH.ip_user_files/bd/Uart_ETH/ip/Uart_ETH_DataMuxOut4Bit_3_8/sim/Uart_ETH_DataMuxOut4Bit_3_8.vhd" into library xil_defaultlib
INFO: [VRFC 10-307] analyzing entity Uart_ETH_DataMuxOut4Bit_3_8
INFO: [VRFC 10-163] Analyzing VHDL file "E:/ETH2SER/SoftwareProjects/UART2ETH970328_TxRx_FIFO_Integrated-UART-Config/UART2ETH.ip_user_files/bd/Uart_ETH/ip/Uart_ETH_DataMuxOut4Bit_3_9/sim/Uart_ETH_DataMuxOut4Bit_3_9.vhd" into library xil_defaultlib
INFO: [VRFC 10-307] analyzing entity Uart_ETH_DataMuxOut4Bit_3_9
INFO: [VRFC 10-163] Analyzing VHDL file "E:/ETH2SER/SoftwareProjects/UART2ETH970328_TxRx_FIFO_Integrated-UART-Config/UART2ETH.ip_user_files/bd/Uart_ETH/ip/Uart_ETH_DataMuxOut4Bit_3_10/sim/Uart_ETH_DataMuxOut4Bit_3_10.vhd" into library xil_defaultlib
INFO: [VRFC 10-307] analyzing entity Uart_ETH_DataMuxOut4Bit_3_10
INFO: [VRFC 10-163] Analyzing VHDL file "E:/ETH2SER/SoftwareProjects/UART2ETH970328_TxRx_FIFO_Integrated-UART-Config/UART2ETH.ip_user_files/bd/Uart_ETH/ip/Uart_ETH_DataMuxOut4Bit_3_11/sim/Uart_ETH_DataMuxOut4Bit_3_11.vhd" into library xil_defaultlib
INFO: [VRFC 10-307] analyzing entity Uart_ETH_DataMuxOut4Bit_3_11
INFO: [VRFC 10-163] Analyzing VHDL file "E:/ETH2SER/SoftwareProjects/UART2ETH970328_TxRx_FIFO_Integrated-UART-Config/UART2ETH.ip_user_files/bd/Uart_ETH/ip/Uart_ETH_UART_TX_Without_Baud_3_0/sim/Uart_ETH_UART_TX_Without_Baud_3_0.vhd" into library xil_defaultlib
INFO: [VRFC 10-307] analyzing entity Uart_ETH_UART_TX_Without_Baud_3_0
INFO: [VRFC 10-163] Analyzing VHDL file "E:/ETH2SER/SoftwareProjects/UART2ETH970328_TxRx_FIFO_Integrated-UART-Config/UART2ETH.ip_user_files/bd/Uart_ETH/ip/Uart_ETH_UART_TX_Without_Baud_4_8/sim/Uart_ETH_UART_TX_Without_Baud_4_8.vhd" into library xil_defaultlib
INFO: [VRFC 10-307] analyzing entity Uart_ETH_UART_TX_Without_Baud_4_8
INFO: [VRFC 10-163] Analyzing VHDL file "E:/ETH2SER/SoftwareProjects/UART2ETH970328_TxRx_FIFO_Integrated-UART-Config/UART2ETH.ip_user_files/bd/Uart_ETH/ip/Uart_ETH_UART_TX_Without_Baud_4_7/sim/Uart_ETH_UART_TX_Without_Baud_4_7.vhd" into library xil_defaultlib
INFO: [VRFC 10-307] analyzing entity Uart_ETH_UART_TX_Without_Baud_4_7
INFO: [VRFC 10-163] Analyzing VHDL file "E:/ETH2SER/SoftwareProjects/UART2ETH970328_TxRx_FIFO_Integrated-UART-Config/UART2ETH.ip_user_files/bd/Uart_ETH/ip/Uart_ETH_UART_TX_Without_Baud_4_6/sim/Uart_ETH_UART_TX_Without_Baud_4_6.vhd" into library xil_defaultlib
INFO: [VRFC 10-307] analyzing entity Uart_ETH_UART_TX_Without_Baud_4_6
INFO: [VRFC 10-163] Analyzing VHDL file "E:/ETH2SER/SoftwareProjects/UART2ETH970328_TxRx_FIFO_Integrated-UART-Config/UART2ETH.ip_user_files/bd/Uart_ETH/ip/Uart_ETH_UART_TX_Without_Baud_4_10/sim/Uart_ETH_UART_TX_Without_Baud_4_10.vhd" into library xil_defaultlib
INFO: [VRFC 10-307] analyzing entity Uart_ETH_UART_TX_Without_Baud_4_10
INFO: [VRFC 10-163] Analyzing VHDL file "E:/ETH2SER/SoftwareProjects/UART2ETH970328_TxRx_FIFO_Integrated-UART-Config/UART2ETH.ip_user_files/bd/Uart_ETH/ip/Uart_ETH_UART_TX_Without_Baud_4_5/sim/Uart_ETH_UART_TX_Without_Baud_4_5.vhd" into library xil_defaultlib
INFO: [VRFC 10-307] analyzing entity Uart_ETH_UART_TX_Without_Baud_4_5
INFO: [VRFC 10-163] Analyzing VHDL file "E:/ETH2SER/SoftwareProjects/UART2ETH970328_TxRx_FIFO_Integrated-UART-Config/UART2ETH.ip_user_files/bd/Uart_ETH/ip/Uart_ETH_UART_TX_Without_Baud_4_4/sim/Uart_ETH_UART_TX_Without_Baud_4_4.vhd" into library xil_defaultlib
INFO: [VRFC 10-307] analyzing entity Uart_ETH_UART_TX_Without_Baud_4_4
INFO: [VRFC 10-163] Analyzing VHDL file "E:/ETH2SER/SoftwareProjects/UART2ETH970328_TxRx_FIFO_Integrated-UART-Config/UART2ETH.ip_user_files/bd/Uart_ETH/ip/Uart_ETH_UART_TX_Without_Baud_4_3/sim/Uart_ETH_UART_TX_Without_Baud_4_3.vhd" into library xil_defaultlib
INFO: [VRFC 10-307] analyzing entity Uart_ETH_UART_TX_Without_Baud_4_3
INFO: [VRFC 10-163] Analyzing VHDL file "E:/ETH2SER/SoftwareProjects/UART2ETH970328_TxRx_FIFO_Integrated-UART-Config/UART2ETH.ip_user_files/bd/Uart_ETH/ip/Uart_ETH_UART_TX_Without_Baud_4_2/sim/Uart_ETH_UART_TX_Without_Baud_4_2.vhd" into library xil_defaultlib
INFO: [VRFC 10-307] analyzing entity Uart_ETH_UART_TX_Without_Baud_4_2
INFO: [VRFC 10-163] Analyzing VHDL file "E:/ETH2SER/SoftwareProjects/UART2ETH970328_TxRx_FIFO_Integrated-UART-Config/UART2ETH.ip_user_files/bd/Uart_ETH/ip/Uart_ETH_UART_TX_Without_Baud_4_9/sim/Uart_ETH_UART_TX_Without_Baud_4_9.vhd" into library xil_defaultlib
INFO: [VRFC 10-307] analyzing entity Uart_ETH_UART_TX_Without_Baud_4_9
INFO: [VRFC 10-163] Analyzing VHDL file "E:/ETH2SER/SoftwareProjects/UART2ETH970328_TxRx_FIFO_Integrated-UART-Config/UART2ETH.ip_user_files/bd/Uart_ETH/ip/Uart_ETH_UART_TX_Without_Baud_4_1/sim/Uart_ETH_UART_TX_Without_Baud_4_1.vhd" into library xil_defaultlib
INFO: [VRFC 10-307] analyzing entity Uart_ETH_UART_TX_Without_Baud_4_1
INFO: [VRFC 10-163] Analyzing VHDL file "E:/ETH2SER/SoftwareProjects/UART2ETH970328_TxRx_FIFO_Integrated-UART-Config/UART2ETH.ip_user_files/bd/Uart_ETH/ip/Uart_ETH_UART_TX_Without_Baud_4_0/sim/Uart_ETH_UART_TX_Without_Baud_4_0.vhd" into library xil_defaultlib
INFO: [VRFC 10-307] analyzing entity Uart_ETH_UART_TX_Without_Baud_4_0
INFO: [VRFC 10-163] Analyzing VHDL file "E:/ETH2SER/SoftwareProjects/UART2ETH970328_TxRx_FIFO_Integrated-UART-Config/UART2ETH.ip_user_files/bd/Uart_ETH/ip/Uart_ETH_DataMuxOut4Bit_10_0/sim/Uart_ETH_DataMuxOut4Bit_10_0.vhd" into library xil_defaultlib
INFO: [VRFC 10-307] analyzing entity Uart_ETH_DataMuxOut4Bit_10_0
INFO: [VRFC 10-163] Analyzing VHDL file "E:/ETH2SER/SoftwareProjects/UART2ETH970328_TxRx_FIFO_Integrated-UART-Config/UART2ETH.ip_user_files/bd/Uart_ETH/ipshared/df07/UART_RX.vhd" into library xil_defaultlib
INFO: [VRFC 10-307] analyzing entity UART_RX_Without_Baud
INFO: [VRFC 10-163] Analyzing VHDL file "E:/ETH2SER/SoftwareProjects/UART2ETH970328_TxRx_FIFO_Integrated-UART-Config/UART2ETH.ip_user_files/bd/Uart_ETH/ip/Uart_ETH_UART_RX_Without_Baud_0_0/sim/Uart_ETH_UART_RX_Without_Baud_0_0.vhd" into library xil_defaultlib
INFO: [VRFC 10-307] analyzing entity Uart_ETH_UART_RX_Without_Baud_0_0
INFO: [VRFC 10-163] Analyzing VHDL file "E:/ETH2SER/SoftwareProjects/UART2ETH970328_TxRx_FIFO_Integrated-UART-Config/UART2ETH.ip_user_files/bd/Uart_ETH/hdl/Uart_ETH.vhd" into library xil_defaultlib
INFO: [VRFC 10-307] analyzing entity Axi_GPIOs_imp_DN521S
INFO: [VRFC 10-307] analyzing entity Baudrates_Tx_imp_12DFGFP
INFO: [VRFC 10-307] analyzing entity Clock_Managment_imp_1H19J3C
INFO: [VRFC 10-307] analyzing entity Uart_Rec_0_imp_V4ZS9X
INFO: [VRFC 10-307] analyzing entity Uart_Rec_10_imp_107IGH8
INFO: [VRFC 10-307] analyzing entity Uart_Rec_11_imp_30JUI9
INFO: [VRFC 10-307] analyzing entity Uart_Rec_12_imp_K27WNR
INFO: [VRFC 10-307] analyzing entity Uart_Rec_13_imp_1HJ1QRU
INFO: [VRFC 10-307] analyzing entity Uart_Rec_14_imp_1KZUSM3
INFO: [VRFC 10-307] analyzing entity Uart_Rec_15_imp_JD5M6E
INFO: [VRFC 10-307] analyzing entity Uart_Rec_1_imp_LGIJK
INFO: [VRFC 10-307] analyzing entity Uart_Rec_2_imp_152E227
INFO: [VRFC 10-307] analyzing entity Uart_Rec_3_imp_1RUK9UY
INFO: [VRFC 10-307] analyzing entity Uart_Rec_4_imp_RJ30DS
INFO: [VRFC 10-307] analyzing entity Uart_Rec_5_imp_4R833P
INFO: [VRFC 10-307] analyzing entity Uart_Rec_6_imp_11GHIUY
INFO: [VRFC 10-307] analyzing entity Uart_Rec_7_imp_1W0BYDB
INFO: [VRFC 10-307] analyzing entity Uart_Rec_8_imp_NXBI33
INFO: [VRFC 10-307] analyzing entity Uart_Rec_9_imp_A13H3E
INFO: [VRFC 10-307] analyzing entity Uart_Send_0_imp_1ETIWVE
INFO: [VRFC 10-307] analyzing entity Uart_Send_10_imp_13YWWBW
INFO: [VRFC 10-307] analyzing entity Uart_Send_11_imp_1422L2N
INFO: [VRFC 10-307] analyzing entity Uart_Send_12_imp_1451Y96
INFO: [VRFC 10-307] analyzing entity Uart_Send_13_imp_1482DD5
INFO: [VRFC 10-307] analyzing entity Uart_Send_14_imp_14AV34W
INFO: [VRFC 10-307] analyzing entity Uart_Send_15_imp_1494HLV
INFO: [VRFC 10-307] analyzing entity Uart_Send_1_imp_HMN3NB
INFO: [VRFC 10-307] analyzing entity Uart_Send_2_imp_YPMKGH
INFO: [VRFC 10-307] analyzing entity Uart_Send_3_imp_1W6J83W
INFO: [VRFC 10-307] analyzing entity Uart_Send_4_imp_1WVMAN1
INFO: [VRFC 10-307] analyzing entity Uart_Send_5_imp_V8UBGG
INFO: [VRFC 10-307] analyzing entity Uart_Send_6_imp_DW1V3A
INFO: [VRFC 10-307] analyzing entity Uart_Send_7_imp_1FSPBWB
INFO: [VRFC 10-307] analyzing entity Uart_Send_8_imp_BDM938
INFO: [VRFC 10-307] analyzing entity Uart_Send_9_imp_18UKBX5
INFO: [VRFC 10-307] analyzing entity m00_couplers_imp_1DOE5GI
INFO: [VRFC 10-307] analyzing entity m01_couplers_imp_PMEKLF
INFO: [VRFC 10-307] analyzing entity m02_couplers_imp_1EQN6W1
INFO: [VRFC 10-307] analyzing entity m03_couplers_imp_OUGYTC
INFO: [VRFC 10-307] analyzing entity m04_couplers_imp_1F89BTW
INFO: [VRFC 10-307] analyzing entity m05_couplers_imp_OEF3R9
INFO: [VRFC 10-307] analyzing entity s00_couplers_imp_KL7LUO
INFO: [VRFC 10-307] analyzing entity Buadrate_Generator_imp_12UOSS2
INFO: [VRFC 10-307] analyzing entity Uart_0_imp_1UT63H7
INFO: [VRFC 10-307] analyzing entity Uart_10_imp_BRLSZB
INFO: [VRFC 10-307] analyzing entity Uart_11_imp_GY2RAS
INFO: [VRFC 10-307] analyzing entity Uart_12_imp_1A57QP
INFO: [VRFC 10-307] analyzing entity Uart_13_imp_5IQX4I
INFO: [VRFC 10-307] analyzing entity Uart_14_imp_X5UBCR
INFO: [VRFC 10-307] analyzing entity Uart_15_imp_QWWBEG
INFO: [VRFC 10-307] analyzing entity Uart_1_imp_1SADC2G
INFO: [VRFC 10-307] analyzing entity Uart_2_imp_1PNZP25
INFO: [VRFC 10-307] analyzing entity Uart_3_imp_1JUF4YM
INFO: [VRFC 10-307] analyzing entity Uart_4_imp_1C1II3B
INFO: [VRFC 10-307] analyzing entity Uart_5_imp_1FPLCUS
INFO: [VRFC 10-307] analyzing entity Uart_6_imp_10KS3O1
INFO: [VRFC 10-307] analyzing entity Uart_7_imp_158WV6A
INFO: [VRFC 10-307] analyzing entity Uart_8_imp_KTU48Z
INFO: [VRFC 10-307] analyzing entity Uart_9_imp_PN44E8
INFO: [VRFC 10-307] analyzing entity Uart_ETH_ps7_0_axi_periph_0
INFO: [VRFC 10-307] analyzing entity Uart_Blocks_imp_8DRTJ2
INFO: [VRFC 10-307] analyzing entity Uart_ETH
INFO: [VRFC 10-163] Analyzing VHDL file "E:/ETH2SER/SoftwareProjects/UART2ETH970328_TxRx_FIFO_Integrated-UART-Config/UART2ETH.srcs/sources_1/bd/Uart_ETH/hdl/Uart_ETH_wrapper.vhd" into library xil_defaultlib
INFO: [VRFC 10-307] analyzing entity Uart_ETH_wrapper
