INFO: [VRFC 10-2263] Analyzing Verilog file "E:/ETH2SER/SoftwareProjects/UART2ETH970328_TxRx_FIFO_Integrated-UART-Config/UART2ETH.ip_user_files/bd/Uart_ETH/ip/Uart_ETH_processing_system7_0_1/sim/Uart_ETH_processing_system7_0_1.v" into library xil_defaultlib
INFO: [VRFC 10-311] analyzing module Uart_ETH_processing_system7_0_1
INFO: [VRFC 10-2263] Analyzing Verilog file "E:/ETH2SER/SoftwareProjects/UART2ETH970328_TxRx_FIFO_Integrated-UART-Config/UART2ETH.ip_user_files/bd/Uart_ETH/ip/Uart_ETH_xbar_0/sim/Uart_ETH_xbar_0.v" into library xil_defaultlib
INFO: [VRFC 10-311] analyzing module Uart_ETH_xbar_0
INFO: [VRFC 10-2263] Analyzing Verilog file "E:/ETH2SER/SoftwareProjects/UART2ETH970328_TxRx_FIFO_Integrated-UART-Config/UART2ETH.ip_user_files/bd/Uart_ETH/ip/Uart_ETH_util_vector_logic_4_0/sim/Uart_ETH_util_vector_logic_4_0.v" into library xil_defaultlib
INFO: [VRFC 10-311] analyzing module Uart_ETH_util_vector_logic_4_0
INFO: [VRFC 10-2263] Analyzing Verilog file "E:/ETH2SER/SoftwareProjects/UART2ETH970328_TxRx_FIFO_Integrated-UART-Config/UART2ETH.ip_user_files/bd/Uart_ETH/ip/Uart_ETH_fifo_generator_4_0/sim/Uart_ETH_fifo_generator_4_0.v" into library xil_defaultlib
INFO: [VRFC 10-311] analyzing module Uart_ETH_fifo_generator_4_0
INFO: [VRFC 10-2263] Analyzing SystemVerilog file "E:/ETH2SER/SoftwareProjects/UART2ETH970328_TxRx_FIFO_Integrated-UART-Config/UART2ETH.ip_user_files/bd/Uart_ETH/ip/Uart_ETH_smartconnect_0_0/bd_0/ip/ip_10/sim/bd_5544_s00a2s_0.sv" into library xil_defaultlib
INFO: [VRFC 10-311] analyzing module bd_5544_s00a2s_0
INFO: [VRFC 10-2263] Analyzing SystemVerilog file "E:/ETH2SER/SoftwareProjects/UART2ETH970328_TxRx_FIFO_Integrated-UART-Config/UART2ETH.ip_user_files/bd/Uart_ETH/ip/Uart_ETH_smartconnect_0_0/bd_0/ip/ip_19/sim/bd_5544_s01a2s_0.sv" into library xil_defaultlib
INFO: [VRFC 10-311] analyzing module bd_5544_s01a2s_0
INFO: [VRFC 10-2263] Analyzing SystemVerilog file "E:/ETH2SER/SoftwareProjects/UART2ETH970328_TxRx_FIFO_Integrated-UART-Config/UART2ETH.ip_user_files/bd/Uart_ETH/ip/Uart_ETH_smartconnect_0_0/bd_0/ip/ip_25/sim/bd_5544_m00s2a_0.sv" into library xil_defaultlib
INFO: [VRFC 10-311] analyzing module bd_5544_m00s2a_0
INFO: [VRFC 10-2263] Analyzing SystemVerilog file "E:/ETH2SER/SoftwareProjects/UART2ETH970328_TxRx_FIFO_Integrated-UART-Config/UART2ETH.ip_user_files/bd/Uart_ETH/ip/Uart_ETH_smartconnect_0_0/bd_0/ip/ip_31/sim/bd_5544_m00e_0.sv" into library xil_defaultlib
INFO: [VRFC 10-311] analyzing module bd_5544_m00e_0
INFO: [VRFC 10-2263] Analyzing SystemVerilog file "E:/ETH2SER/SoftwareProjects/UART2ETH970328_TxRx_FIFO_Integrated-UART-Config/UART2ETH.ip_user_files/bd/Uart_ETH/ip/Uart_ETH_smartconnect_0_0/bd_0/ip/ip_26/sim/bd_5544_m00arn_0.sv" into library xil_defaultlib
INFO: [VRFC 10-311] analyzing module bd_5544_m00arn_0
INFO: [VRFC 10-2263] Analyzing SystemVerilog file "E:/ETH2SER/SoftwareProjects/UART2ETH970328_TxRx_FIFO_Integrated-UART-Config/UART2ETH.ip_user_files/bd/Uart_ETH/ip/Uart_ETH_smartconnect_0_0/bd_0/ip/ip_27/sim/bd_5544_m00rn_0.sv" into library xil_defaultlib
INFO: [VRFC 10-311] analyzing module bd_5544_m00rn_0
INFO: [VRFC 10-2263] Analyzing SystemVerilog file "E:/ETH2SER/SoftwareProjects/UART2ETH970328_TxRx_FIFO_Integrated-UART-Config/UART2ETH.ip_user_files/bd/Uart_ETH/ip/Uart_ETH_smartconnect_0_0/bd_0/ip/ip_28/sim/bd_5544_m00awn_0.sv" into library xil_defaultlib
INFO: [VRFC 10-311] analyzing module bd_5544_m00awn_0
INFO: [VRFC 10-2263] Analyzing SystemVerilog file "E:/ETH2SER/SoftwareProjects/UART2ETH970328_TxRx_FIFO_Integrated-UART-Config/UART2ETH.ip_user_files/bd/Uart_ETH/ip/Uart_ETH_smartconnect_0_0/bd_0/ip/ip_29/sim/bd_5544_m00wn_0.sv" into library xil_defaultlib
INFO: [VRFC 10-311] analyzing module bd_5544_m00wn_0
INFO: [VRFC 10-2263] Analyzing SystemVerilog file "E:/ETH2SER/SoftwareProjects/UART2ETH970328_TxRx_FIFO_Integrated-UART-Config/UART2ETH.ip_user_files/bd/Uart_ETH/ip/Uart_ETH_smartconnect_0_0/bd_0/ip/ip_30/sim/bd_5544_m00bn_0.sv" into library xil_defaultlib
INFO: [VRFC 10-311] analyzing module bd_5544_m00bn_0
INFO: [VRFC 10-2263] Analyzing SystemVerilog file "E:/ETH2SER/SoftwareProjects/UART2ETH970328_TxRx_FIFO_Integrated-UART-Config/UART2ETH.ip_user_files/bd/Uart_ETH/ip/Uart_ETH_smartconnect_0_0/bd_0/ip/ip_20/sim/bd_5544_sarn_1.sv" into library xil_defaultlib
INFO: [VRFC 10-311] analyzing module bd_5544_sarn_1
INFO: [VRFC 10-2263] Analyzing SystemVerilog file "E:/ETH2SER/SoftwareProjects/UART2ETH970328_TxRx_FIFO_Integrated-UART-Config/UART2ETH.ip_user_files/bd/Uart_ETH/ip/Uart_ETH_smartconnect_0_0/bd_0/ip/ip_21/sim/bd_5544_srn_1.sv" into library xil_defaultlib
INFO: [VRFC 10-311] analyzing module bd_5544_srn_1
INFO: [VRFC 10-2263] Analyzing SystemVerilog file "E:/ETH2SER/SoftwareProjects/UART2ETH970328_TxRx_FIFO_Integrated-UART-Config/UART2ETH.ip_user_files/bd/Uart_ETH/ip/Uart_ETH_smartconnect_0_0/bd_0/ip/ip_22/sim/bd_5544_sawn_1.sv" into library xil_defaultlib
INFO: [VRFC 10-311] analyzing module bd_5544_sawn_1
INFO: [VRFC 10-2263] Analyzing SystemVerilog file "E:/ETH2SER/SoftwareProjects/UART2ETH970328_TxRx_FIFO_Integrated-UART-Config/UART2ETH.ip_user_files/bd/Uart_ETH/ip/Uart_ETH_smartconnect_0_0/bd_0/ip/ip_23/sim/bd_5544_swn_1.sv" into library xil_defaultlib
INFO: [VRFC 10-311] analyzing module bd_5544_swn_1
INFO: [VRFC 10-2263] Analyzing SystemVerilog file "E:/ETH2SER/SoftwareProjects/UART2ETH970328_TxRx_FIFO_Integrated-UART-Config/UART2ETH.ip_user_files/bd/Uart_ETH/ip/Uart_ETH_smartconnect_0_0/bd_0/ip/ip_24/sim/bd_5544_sbn_1.sv" into library xil_defaultlib
INFO: [VRFC 10-311] analyzing module bd_5544_sbn_1
INFO: [VRFC 10-2263] Analyzing SystemVerilog file "E:/ETH2SER/SoftwareProjects/UART2ETH970328_TxRx_FIFO_Integrated-UART-Config/UART2ETH.ip_user_files/bd/Uart_ETH/ip/Uart_ETH_smartconnect_0_0/bd_0/ip/ip_16/sim/bd_5544_s01mmu_0.sv" into library xil_defaultlib
INFO: [VRFC 10-311] analyzing module bd_5544_s01mmu_0
INFO: [VRFC 10-2263] Analyzing SystemVerilog file "E:/ETH2SER/SoftwareProjects/UART2ETH970328_TxRx_FIFO_Integrated-UART-Config/UART2ETH.ip_user_files/bd/Uart_ETH/ip/Uart_ETH_smartconnect_0_0/bd_0/ip/ip_17/sim/bd_5544_s01tr_0.sv" into library xil_defaultlib
INFO: [VRFC 10-311] analyzing module bd_5544_s01tr_0
INFO: [VRFC 10-2263] Analyzing SystemVerilog file "E:/ETH2SER/SoftwareProjects/UART2ETH970328_TxRx_FIFO_Integrated-UART-Config/UART2ETH.ip_user_files/bd/Uart_ETH/ip/Uart_ETH_smartconnect_0_0/bd_0/ip/ip_18/sim/bd_5544_s01sic_0.sv" into library xil_defaultlib
INFO: [VRFC 10-311] analyzing module bd_5544_s01sic_0
INFO: [VRFC 10-2263] Analyzing SystemVerilog file "E:/ETH2SER/SoftwareProjects/UART2ETH970328_TxRx_FIFO_Integrated-UART-Config/UART2ETH.ip_user_files/bd/Uart_ETH/ip/Uart_ETH_smartconnect_0_0/bd_0/ip/ip_11/sim/bd_5544_sarn_0.sv" into library xil_defaultlib
INFO: [VRFC 10-311] analyzing module bd_5544_sarn_0
INFO: [VRFC 10-2263] Analyzing SystemVerilog file "E:/ETH2SER/SoftwareProjects/UART2ETH970328_TxRx_FIFO_Integrated-UART-Config/UART2ETH.ip_user_files/bd/Uart_ETH/ip/Uart_ETH_smartconnect_0_0/bd_0/ip/ip_12/sim/bd_5544_srn_0.sv" into library xil_defaultlib
INFO: [VRFC 10-311] analyzing module bd_5544_srn_0
INFO: [VRFC 10-2263] Analyzing SystemVerilog file "E:/ETH2SER/SoftwareProjects/UART2ETH970328_TxRx_FIFO_Integrated-UART-Config/UART2ETH.ip_user_files/bd/Uart_ETH/ip/Uart_ETH_smartconnect_0_0/bd_0/ip/ip_13/sim/bd_5544_sawn_0.sv" into library xil_defaultlib
INFO: [VRFC 10-311] analyzing module bd_5544_sawn_0
INFO: [VRFC 10-2263] Analyzing SystemVerilog file "E:/ETH2SER/SoftwareProjects/UART2ETH970328_TxRx_FIFO_Integrated-UART-Config/UART2ETH.ip_user_files/bd/Uart_ETH/ip/Uart_ETH_smartconnect_0_0/bd_0/ip/ip_14/sim/bd_5544_swn_0.sv" into library xil_defaultlib
INFO: [VRFC 10-311] analyzing module bd_5544_swn_0
INFO: [VRFC 10-2263] Analyzing SystemVerilog file "E:/ETH2SER/SoftwareProjects/UART2ETH970328_TxRx_FIFO_Integrated-UART-Config/UART2ETH.ip_user_files/bd/Uart_ETH/ip/Uart_ETH_smartconnect_0_0/bd_0/ip/ip_15/sim/bd_5544_sbn_0.sv" into library xil_defaultlib
INFO: [VRFC 10-311] analyzing module bd_5544_sbn_0
INFO: [VRFC 10-2263] Analyzing SystemVerilog file "E:/ETH2SER/SoftwareProjects/UART2ETH970328_TxRx_FIFO_Integrated-UART-Config/UART2ETH.ip_user_files/bd/Uart_ETH/ip/Uart_ETH_smartconnect_0_0/bd_0/ip/ip_7/sim/bd_5544_s00mmu_0.sv" into library xil_defaultlib
INFO: [VRFC 10-311] analyzing module bd_5544_s00mmu_0
INFO: [VRFC 10-2263] Analyzing SystemVerilog file "E:/ETH2SER/SoftwareProjects/UART2ETH970328_TxRx_FIFO_Integrated-UART-Config/UART2ETH.ip_user_files/bd/Uart_ETH/ip/Uart_ETH_smartconnect_0_0/bd_0/ip/ip_8/sim/bd_5544_s00tr_0.sv" into library xil_defaultlib
INFO: [VRFC 10-311] analyzing module bd_5544_s00tr_0
INFO: [VRFC 10-2263] Analyzing SystemVerilog file "E:/ETH2SER/SoftwareProjects/UART2ETH970328_TxRx_FIFO_Integrated-UART-Config/UART2ETH.ip_user_files/bd/Uart_ETH/ip/Uart_ETH_smartconnect_0_0/bd_0/ip/ip_9/sim/bd_5544_s00sic_0.sv" into library xil_defaultlib
INFO: [VRFC 10-311] analyzing module bd_5544_s00sic_0
INFO: [VRFC 10-2263] Analyzing SystemVerilog file "E:/ETH2SER/SoftwareProjects/UART2ETH970328_TxRx_FIFO_Integrated-UART-Config/UART2ETH.ip_user_files/bd/Uart_ETH/ip/Uart_ETH_smartconnect_0_0/bd_0/ip/ip_2/sim/bd_5544_arsw_0.sv" into library xil_defaultlib
INFO: [VRFC 10-311] analyzing module bd_5544_arsw_0
INFO: [VRFC 10-2263] Analyzing SystemVerilog file "E:/ETH2SER/SoftwareProjects/UART2ETH970328_TxRx_FIFO_Integrated-UART-Config/UART2ETH.ip_user_files/bd/Uart_ETH/ip/Uart_ETH_smartconnect_0_0/bd_0/ip/ip_3/sim/bd_5544_rsw_0.sv" into library xil_defaultlib
INFO: [VRFC 10-311] analyzing module bd_5544_rsw_0
INFO: [VRFC 10-2263] Analyzing SystemVerilog file "E:/ETH2SER/SoftwareProjects/UART2ETH970328_TxRx_FIFO_Integrated-UART-Config/UART2ETH.ip_user_files/bd/Uart_ETH/ip/Uart_ETH_smartconnect_0_0/bd_0/ip/ip_4/sim/bd_5544_awsw_0.sv" into library xil_defaultlib
INFO: [VRFC 10-311] analyzing module bd_5544_awsw_0
INFO: [VRFC 10-2263] Analyzing SystemVerilog file "E:/ETH2SER/SoftwareProjects/UART2ETH970328_TxRx_FIFO_Integrated-UART-Config/UART2ETH.ip_user_files/bd/Uart_ETH/ip/Uart_ETH_smartconnect_0_0/bd_0/ip/ip_5/sim/bd_5544_wsw_0.sv" into library xil_defaultlib
INFO: [VRFC 10-311] analyzing module bd_5544_wsw_0
INFO: [VRFC 10-2263] Analyzing SystemVerilog file "E:/ETH2SER/SoftwareProjects/UART2ETH970328_TxRx_FIFO_Integrated-UART-Config/UART2ETH.ip_user_files/bd/Uart_ETH/ip/Uart_ETH_smartconnect_0_0/bd_0/ip/ip_6/sim/bd_5544_bsw_0.sv" into library xil_defaultlib
INFO: [VRFC 10-311] analyzing module bd_5544_bsw_0
INFO: [VRFC 10-2263] Analyzing Verilog file "E:/ETH2SER/SoftwareProjects/UART2ETH970328_TxRx_FIFO_Integrated-UART-Config/UART2ETH.ip_user_files/bd/Uart_ETH/ip/Uart_ETH_smartconnect_0_0/bd_0/ip/ip_0/sim/bd_5544_one_0.v" into library xil_defaultlib
INFO: [VRFC 10-311] analyzing module bd_5544_one_0
INFO: [VRFC 10-2263] Analyzing Verilog file "E:/ETH2SER/SoftwareProjects/UART2ETH970328_TxRx_FIFO_Integrated-UART-Config/UART2ETH.ip_user_files/bd/Uart_ETH/ip/Uart_ETH_smartconnect_0_0/bd_0/hdl/bd_5544.v" into library xil_defaultlib
INFO: [VRFC 10-311] analyzing module bd_5544
INFO: [VRFC 10-311] analyzing module clk_map_imp_NFQSI8
INFO: [VRFC 10-311] analyzing module m00_exit_pipeline_imp_1BYGAA3
INFO: [VRFC 10-311] analyzing module m00_nodes_imp_1Y5ZRJB
INFO: [VRFC 10-311] analyzing module s00_entry_pipeline_imp_DBF1U0
INFO: [VRFC 10-311] analyzing module s00_nodes_imp_G657GY
INFO: [VRFC 10-311] analyzing module s01_entry_pipeline_imp_1E3H4NW
INFO: [VRFC 10-311] analyzing module s01_nodes_imp_1AEXTNO
INFO: [VRFC 10-311] analyzing module switchboards_imp_MNYMME
INFO: [VRFC 10-2263] Analyzing Verilog file "E:/ETH2SER/SoftwareProjects/UART2ETH970328_TxRx_FIFO_Integrated-UART-Config/UART2ETH.ip_user_files/bd/Uart_ETH/ip/Uart_ETH_util_vector_logic_0_14/sim/Uart_ETH_util_vector_logic_0_14.v" into library xil_defaultlib
INFO: [VRFC 10-311] analyzing module Uart_ETH_util_vector_logic_0_14
INFO: [VRFC 10-2263] Analyzing Verilog file "E:/ETH2SER/SoftwareProjects/UART2ETH970328_TxRx_FIFO_Integrated-UART-Config/UART2ETH.ip_user_files/bd/Uart_ETH/ip/Uart_ETH_fifo_generator_0_0/sim/Uart_ETH_fifo_generator_0_0.v" into library xil_defaultlib
INFO: [VRFC 10-311] analyzing module Uart_ETH_fifo_generator_0_0
INFO: [VRFC 10-2263] Analyzing Verilog file "E:/ETH2SER/SoftwareProjects/UART2ETH970328_TxRx_FIFO_Integrated-UART-Config/UART2ETH.ip_user_files/bd/Uart_ETH/ip/Uart_ETH_util_vector_logic_0_19/sim/Uart_ETH_util_vector_logic_0_19.v" into library xil_defaultlib
INFO: [VRFC 10-311] analyzing module Uart_ETH_util_vector_logic_0_19
INFO: [VRFC 10-2263] Analyzing Verilog file "E:/ETH2SER/SoftwareProjects/UART2ETH970328_TxRx_FIFO_Integrated-UART-Config/UART2ETH.ip_user_files/bd/Uart_ETH/ip/Uart_ETH_fifo_generator_0_3/sim/Uart_ETH_fifo_generator_0_3.v" into library xil_defaultlib
INFO: [VRFC 10-311] analyzing module Uart_ETH_fifo_generator_0_3
INFO: [VRFC 10-2263] Analyzing Verilog file "E:/ETH2SER/SoftwareProjects/UART2ETH970328_TxRx_FIFO_Integrated-UART-Config/UART2ETH.ip_user_files/bd/Uart_ETH/ip/Uart_ETH_util_vector_logic_0_18/sim/Uart_ETH_util_vector_logic_0_18.v" into library xil_defaultlib
INFO: [VRFC 10-311] analyzing module Uart_ETH_util_vector_logic_0_18
INFO: [VRFC 10-2263] Analyzing Verilog file "E:/ETH2SER/SoftwareProjects/UART2ETH970328_TxRx_FIFO_Integrated-UART-Config/UART2ETH.ip_user_files/bd/Uart_ETH/ip/Uart_ETH_fifo_generator_0_2/sim/Uart_ETH_fifo_generator_0_2.v" into library xil_defaultlib
INFO: [VRFC 10-311] analyzing module Uart_ETH_fifo_generator_0_2
INFO: [VRFC 10-2263] Analyzing Verilog file "E:/ETH2SER/SoftwareProjects/UART2ETH970328_TxRx_FIFO_Integrated-UART-Config/UART2ETH.ip_user_files/bd/Uart_ETH/ip/Uart_ETH_util_vector_logic_0_30/sim/Uart_ETH_util_vector_logic_0_30.v" into library xil_defaultlib
INFO: [VRFC 10-311] analyzing module Uart_ETH_util_vector_logic_0_30
INFO: [VRFC 10-2263] Analyzing Verilog file "E:/ETH2SER/SoftwareProjects/UART2ETH970328_TxRx_FIFO_Integrated-UART-Config/UART2ETH.ip_user_files/bd/Uart_ETH/ip/Uart_ETH_fifo_generator_0_14/sim/Uart_ETH_fifo_generator_0_14.v" into library xil_defaultlib
INFO: [VRFC 10-311] analyzing module Uart_ETH_fifo_generator_0_14
INFO: [VRFC 10-2263] Analyzing Verilog file "E:/ETH2SER/SoftwareProjects/UART2ETH970328_TxRx_FIFO_Integrated-UART-Config/UART2ETH.ip_user_files/bd/Uart_ETH/ip/Uart_ETH_util_vector_logic_0_29/sim/Uart_ETH_util_vector_logic_0_29.v" into library xil_defaultlib
INFO: [VRFC 10-311] analyzing module Uart_ETH_util_vector_logic_0_29
INFO: [VRFC 10-2263] Analyzing Verilog file "E:/ETH2SER/SoftwareProjects/UART2ETH970328_TxRx_FIFO_Integrated-UART-Config/UART2ETH.ip_user_files/bd/Uart_ETH/ip/Uart_ETH_fifo_generator_0_13/sim/Uart_ETH_fifo_generator_0_13.v" into library xil_defaultlib
INFO: [VRFC 10-311] analyzing module Uart_ETH_fifo_generator_0_13
INFO: [VRFC 10-2263] Analyzing Verilog file "E:/ETH2SER/SoftwareProjects/UART2ETH970328_TxRx_FIFO_Integrated-UART-Config/UART2ETH.ip_user_files/bd/Uart_ETH/ip/Uart_ETH_util_vector_logic_0_28/sim/Uart_ETH_util_vector_logic_0_28.v" into library xil_defaultlib
INFO: [VRFC 10-311] analyzing module Uart_ETH_util_vector_logic_0_28
INFO: [VRFC 10-2263] Analyzing Verilog file "E:/ETH2SER/SoftwareProjects/UART2ETH970328_TxRx_FIFO_Integrated-UART-Config/UART2ETH.ip_user_files/bd/Uart_ETH/ip/Uart_ETH_fifo_generator_0_12/sim/Uart_ETH_fifo_generator_0_12.v" into library xil_defaultlib
INFO: [VRFC 10-311] analyzing module Uart_ETH_fifo_generator_0_12
INFO: [VRFC 10-2263] Analyzing Verilog file "E:/ETH2SER/SoftwareProjects/UART2ETH970328_TxRx_FIFO_Integrated-UART-Config/UART2ETH.ip_user_files/bd/Uart_ETH/ip/Uart_ETH_util_vector_logic_0_27/sim/Uart_ETH_util_vector_logic_0_27.v" into library xil_defaultlib
INFO: [VRFC 10-311] analyzing module Uart_ETH_util_vector_logic_0_27
INFO: [VRFC 10-2263] Analyzing Verilog file "E:/ETH2SER/SoftwareProjects/UART2ETH970328_TxRx_FIFO_Integrated-UART-Config/UART2ETH.ip_user_files/bd/Uart_ETH/ip/Uart_ETH_fifo_generator_0_11/sim/Uart_ETH_fifo_generator_0_11.v" into library xil_defaultlib
INFO: [VRFC 10-311] analyzing module Uart_ETH_fifo_generator_0_11
INFO: [VRFC 10-2263] Analyzing Verilog file "E:/ETH2SER/SoftwareProjects/UART2ETH970328_TxRx_FIFO_Integrated-UART-Config/UART2ETH.ip_user_files/bd/Uart_ETH/ip/Uart_ETH_util_vector_logic_0_26/sim/Uart_ETH_util_vector_logic_0_26.v" into library xil_defaultlib
INFO: [VRFC 10-311] analyzing module Uart_ETH_util_vector_logic_0_26
INFO: [VRFC 10-2263] Analyzing Verilog file "E:/ETH2SER/SoftwareProjects/UART2ETH970328_TxRx_FIFO_Integrated-UART-Config/UART2ETH.ip_user_files/bd/Uart_ETH/ip/Uart_ETH_fifo_generator_0_10/sim/Uart_ETH_fifo_generator_0_10.v" into library xil_defaultlib
INFO: [VRFC 10-311] analyzing module Uart_ETH_fifo_generator_0_10
INFO: [VRFC 10-2263] Analyzing Verilog file "E:/ETH2SER/SoftwareProjects/UART2ETH970328_TxRx_FIFO_Integrated-UART-Config/UART2ETH.ip_user_files/bd/Uart_ETH/ip/Uart_ETH_util_vector_logic_0_25/sim/Uart_ETH_util_vector_logic_0_25.v" into library xil_defaultlib
INFO: [VRFC 10-311] analyzing module Uart_ETH_util_vector_logic_0_25
INFO: [VRFC 10-2263] Analyzing Verilog file "E:/ETH2SER/SoftwareProjects/UART2ETH970328_TxRx_FIFO_Integrated-UART-Config/UART2ETH.ip_user_files/bd/Uart_ETH/ip/Uart_ETH_fifo_generator_0_9/sim/Uart_ETH_fifo_generator_0_9.v" into library xil_defaultlib
INFO: [VRFC 10-311] analyzing module Uart_ETH_fifo_generator_0_9
INFO: [VRFC 10-2263] Analyzing Verilog file "E:/ETH2SER/SoftwareProjects/UART2ETH970328_TxRx_FIFO_Integrated-UART-Config/UART2ETH.ip_user_files/bd/Uart_ETH/ip/Uart_ETH_util_vector_logic_0_24/sim/Uart_ETH_util_vector_logic_0_24.v" into library xil_defaultlib
INFO: [VRFC 10-311] analyzing module Uart_ETH_util_vector_logic_0_24
INFO: [VRFC 10-2263] Analyzing Verilog file "E:/ETH2SER/SoftwareProjects/UART2ETH970328_TxRx_FIFO_Integrated-UART-Config/UART2ETH.ip_user_files/bd/Uart_ETH/ip/Uart_ETH_fifo_generator_0_8/sim/Uart_ETH_fifo_generator_0_8.v" into library xil_defaultlib
INFO: [VRFC 10-311] analyzing module Uart_ETH_fifo_generator_0_8
INFO: [VRFC 10-2263] Analyzing Verilog file "E:/ETH2SER/SoftwareProjects/UART2ETH970328_TxRx_FIFO_Integrated-UART-Config/UART2ETH.ip_user_files/bd/Uart_ETH/ip/Uart_ETH_util_vector_logic_0_23/sim/Uart_ETH_util_vector_logic_0_23.v" into library xil_defaultlib
INFO: [VRFC 10-311] analyzing module Uart_ETH_util_vector_logic_0_23
INFO: [VRFC 10-2263] Analyzing Verilog file "E:/ETH2SER/SoftwareProjects/UART2ETH970328_TxRx_FIFO_Integrated-UART-Config/UART2ETH.ip_user_files/bd/Uart_ETH/ip/Uart_ETH_fifo_generator_0_7/sim/Uart_ETH_fifo_generator_0_7.v" into library xil_defaultlib
INFO: [VRFC 10-311] analyzing module Uart_ETH_fifo_generator_0_7
INFO: [VRFC 10-2263] Analyzing Verilog file "E:/ETH2SER/SoftwareProjects/UART2ETH970328_TxRx_FIFO_Integrated-UART-Config/UART2ETH.ip_user_files/bd/Uart_ETH/ip/Uart_ETH_util_vector_logic_0_22/sim/Uart_ETH_util_vector_logic_0_22.v" into library xil_defaultlib
INFO: [VRFC 10-311] analyzing module Uart_ETH_util_vector_logic_0_22
INFO: [VRFC 10-2263] Analyzing Verilog file "E:/ETH2SER/SoftwareProjects/UART2ETH970328_TxRx_FIFO_Integrated-UART-Config/UART2ETH.ip_user_files/bd/Uart_ETH/ip/Uart_ETH_fifo_generator_0_6/sim/Uart_ETH_fifo_generator_0_6.v" into library xil_defaultlib
INFO: [VRFC 10-311] analyzing module Uart_ETH_fifo_generator_0_6
INFO: [VRFC 10-2263] Analyzing Verilog file "E:/ETH2SER/SoftwareProjects/UART2ETH970328_TxRx_FIFO_Integrated-UART-Config/UART2ETH.ip_user_files/bd/Uart_ETH/ip/Uart_ETH_util_vector_logic_0_21/sim/Uart_ETH_util_vector_logic_0_21.v" into library xil_defaultlib
INFO: [VRFC 10-311] analyzing module Uart_ETH_util_vector_logic_0_21
INFO: [VRFC 10-2263] Analyzing Verilog file "E:/ETH2SER/SoftwareProjects/UART2ETH970328_TxRx_FIFO_Integrated-UART-Config/UART2ETH.ip_user_files/bd/Uart_ETH/ip/Uart_ETH_fifo_generator_0_5/sim/Uart_ETH_fifo_generator_0_5.v" into library xil_defaultlib
INFO: [VRFC 10-311] analyzing module Uart_ETH_fifo_generator_0_5
INFO: [VRFC 10-2263] Analyzing Verilog file "E:/ETH2SER/SoftwareProjects/UART2ETH970328_TxRx_FIFO_Integrated-UART-Config/UART2ETH.ip_user_files/bd/Uart_ETH/ip/Uart_ETH_util_vector_logic_0_20/sim/Uart_ETH_util_vector_logic_0_20.v" into library xil_defaultlib
INFO: [VRFC 10-311] analyzing module Uart_ETH_util_vector_logic_0_20
INFO: [VRFC 10-2263] Analyzing Verilog file "E:/ETH2SER/SoftwareProjects/UART2ETH970328_TxRx_FIFO_Integrated-UART-Config/UART2ETH.ip_user_files/bd/Uart_ETH/ip/Uart_ETH_fifo_generator_0_4/sim/Uart_ETH_fifo_generator_0_4.v" into library xil_defaultlib
INFO: [VRFC 10-311] analyzing module Uart_ETH_fifo_generator_0_4
INFO: [VRFC 10-2263] Analyzing Verilog file "E:/ETH2SER/SoftwareProjects/UART2ETH970328_TxRx_FIFO_Integrated-UART-Config/UART2ETH.ip_user_files/bd/Uart_ETH/ip/Uart_ETH_util_vector_logic_0_32/sim/Uart_ETH_util_vector_logic_0_32.v" into library xil_defaultlib
INFO: [VRFC 10-311] analyzing module Uart_ETH_util_vector_logic_0_32
INFO: [VRFC 10-2263] Analyzing Verilog file "E:/ETH2SER/SoftwareProjects/UART2ETH970328_TxRx_FIFO_Integrated-UART-Config/UART2ETH.ip_user_files/bd/Uart_ETH/ip/Uart_ETH_fifo_generator_0_16/sim/Uart_ETH_fifo_generator_0_16.v" into library xil_defaultlib
INFO: [VRFC 10-311] analyzing module Uart_ETH_fifo_generator_0_16
INFO: [VRFC 10-2263] Analyzing Verilog file "E:/ETH2SER/SoftwareProjects/UART2ETH970328_TxRx_FIFO_Integrated-UART-Config/UART2ETH.ip_user_files/bd/Uart_ETH/ip/Uart_ETH_util_vector_logic_0_1/sim/Uart_ETH_util_vector_logic_0_1.v" into library xil_defaultlib
INFO: [VRFC 10-311] analyzing module Uart_ETH_util_vector_logic_0_1
INFO: [VRFC 10-2263] Analyzing Verilog file "E:/ETH2SER/SoftwareProjects/UART2ETH970328_TxRx_FIFO_Integrated-UART-Config/UART2ETH.ip_user_files/bd/Uart_ETH/ip/Uart_ETH_util_vector_logic_0_31/sim/Uart_ETH_util_vector_logic_0_31.v" into library xil_defaultlib
INFO: [VRFC 10-311] analyzing module Uart_ETH_util_vector_logic_0_31
INFO: [VRFC 10-2263] Analyzing Verilog file "E:/ETH2SER/SoftwareProjects/UART2ETH970328_TxRx_FIFO_Integrated-UART-Config/UART2ETH.ip_user_files/bd/Uart_ETH/ip/Uart_ETH_clk_wiz_0_0/Uart_ETH_clk_wiz_0_0_clk_wiz.v" into library xil_defaultlib
INFO: [VRFC 10-311] analyzing module Uart_ETH_clk_wiz_0_0_clk_wiz
INFO: [VRFC 10-2263] Analyzing Verilog file "E:/ETH2SER/SoftwareProjects/UART2ETH970328_TxRx_FIFO_Integrated-UART-Config/UART2ETH.ip_user_files/bd/Uart_ETH/ip/Uart_ETH_clk_wiz_0_0/Uart_ETH_clk_wiz_0_0.v" into library xil_defaultlib
INFO: [VRFC 10-311] analyzing module Uart_ETH_clk_wiz_0_0
INFO: [VRFC 10-2263] Analyzing Verilog file "E:/ETH2SER/SoftwareProjects/UART2ETH970328_TxRx_FIFO_Integrated-UART-Config/UART2ETH.ip_user_files/bd/Uart_ETH/ip/Uart_ETH_clk_wiz_1_0/Uart_ETH_clk_wiz_1_0_clk_wiz.v" into library xil_defaultlib
INFO: [VRFC 10-311] analyzing module Uart_ETH_clk_wiz_1_0_clk_wiz
INFO: [VRFC 10-2263] Analyzing Verilog file "E:/ETH2SER/SoftwareProjects/UART2ETH970328_TxRx_FIFO_Integrated-UART-Config/UART2ETH.ip_user_files/bd/Uart_ETH/ip/Uart_ETH_clk_wiz_1_0/Uart_ETH_clk_wiz_1_0.v" into library xil_defaultlib
INFO: [VRFC 10-311] analyzing module Uart_ETH_clk_wiz_1_0
INFO: [VRFC 10-2263] Analyzing Verilog file "E:/ETH2SER/SoftwareProjects/UART2ETH970328_TxRx_FIFO_Integrated-UART-Config/UART2ETH.ip_user_files/bd/Uart_ETH/ip/Uart_ETH_util_vector_logic_0_0/sim/Uart_ETH_util_vector_logic_0_0.v" into library xil_defaultlib
INFO: [VRFC 10-311] analyzing module Uart_ETH_util_vector_logic_0_0
INFO: [VRFC 10-2263] Analyzing Verilog file "E:/ETH2SER/SoftwareProjects/UART2ETH970328_TxRx_FIFO_Integrated-UART-Config/UART2ETH.ip_user_files/bd/Uart_ETH/ip/Uart_ETH_util_vector_logic_0_2/sim/Uart_ETH_util_vector_logic_0_2.v" into library xil_defaultlib
INFO: [VRFC 10-311] analyzing module Uart_ETH_util_vector_logic_0_2
INFO: [VRFC 10-2263] Analyzing Verilog file "E:/ETH2SER/SoftwareProjects/UART2ETH970328_TxRx_FIFO_Integrated-UART-Config/UART2ETH.ip_user_files/bd/Uart_ETH/ip/Uart_ETH_util_vector_logic_1_14/sim/Uart_ETH_util_vector_logic_1_14.v" into library xil_defaultlib
INFO: [VRFC 10-311] analyzing module Uart_ETH_util_vector_logic_1_14
INFO: [VRFC 10-2263] Analyzing Verilog file "E:/ETH2SER/SoftwareProjects/UART2ETH970328_TxRx_FIFO_Integrated-UART-Config/UART2ETH.ip_user_files/bd/Uart_ETH/ip/Uart_ETH_util_vector_logic_2_0/sim/Uart_ETH_util_vector_logic_2_0.v" into library xil_defaultlib
INFO: [VRFC 10-311] analyzing module Uart_ETH_util_vector_logic_2_0
INFO: [VRFC 10-2263] Analyzing Verilog file "E:/ETH2SER/SoftwareProjects/UART2ETH970328_TxRx_FIFO_Integrated-UART-Config/UART2ETH.ip_user_files/bd/Uart_ETH/ip/Uart_ETH_util_vector_logic_2_1/sim/Uart_ETH_util_vector_logic_2_1.v" into library xil_defaultlib
INFO: [VRFC 10-311] analyzing module Uart_ETH_util_vector_logic_2_1
INFO: [VRFC 10-2263] Analyzing Verilog file "E:/ETH2SER/SoftwareProjects/UART2ETH970328_TxRx_FIFO_Integrated-UART-Config/UART2ETH.ip_user_files/bd/Uart_ETH/ip/Uart_ETH_util_vector_logic_4_9/sim/Uart_ETH_util_vector_logic_4_9.v" into library xil_defaultlib
INFO: [VRFC 10-311] analyzing module Uart_ETH_util_vector_logic_4_9
INFO: [VRFC 10-2263] Analyzing Verilog file "E:/ETH2SER/SoftwareProjects/UART2ETH970328_TxRx_FIFO_Integrated-UART-Config/UART2ETH.ip_user_files/bd/Uart_ETH/ip/Uart_ETH_util_vector_logic_4_8/sim/Uart_ETH_util_vector_logic_4_8.v" into library xil_defaultlib
INFO: [VRFC 10-311] analyzing module Uart_ETH_util_vector_logic_4_8
INFO: [VRFC 10-2263] Analyzing Verilog file "E:/ETH2SER/SoftwareProjects/UART2ETH970328_TxRx_FIFO_Integrated-UART-Config/UART2ETH.ip_user_files/bd/Uart_ETH/ip/Uart_ETH_util_vector_logic_4_7/sim/Uart_ETH_util_vector_logic_4_7.v" into library xil_defaultlib
INFO: [VRFC 10-311] analyzing module Uart_ETH_util_vector_logic_4_7
INFO: [VRFC 10-2263] Analyzing Verilog file "E:/ETH2SER/SoftwareProjects/UART2ETH970328_TxRx_FIFO_Integrated-UART-Config/UART2ETH.ip_user_files/bd/Uart_ETH/ip/Uart_ETH_util_vector_logic_4_11/sim/Uart_ETH_util_vector_logic_4_11.v" into library xil_defaultlib
INFO: [VRFC 10-311] analyzing module Uart_ETH_util_vector_logic_4_11
INFO: [VRFC 10-2263] Analyzing Verilog file "E:/ETH2SER/SoftwareProjects/UART2ETH970328_TxRx_FIFO_Integrated-UART-Config/UART2ETH.ip_user_files/bd/Uart_ETH/ip/Uart_ETH_util_vector_logic_4_6/sim/Uart_ETH_util_vector_logic_4_6.v" into library xil_defaultlib
INFO: [VRFC 10-311] analyzing module Uart_ETH_util_vector_logic_4_6
INFO: [VRFC 10-2263] Analyzing Verilog file "E:/ETH2SER/SoftwareProjects/UART2ETH970328_TxRx_FIFO_Integrated-UART-Config/UART2ETH.ip_user_files/bd/Uart_ETH/ip/Uart_ETH_util_vector_logic_4_5/sim/Uart_ETH_util_vector_logic_4_5.v" into library xil_defaultlib
INFO: [VRFC 10-311] analyzing module Uart_ETH_util_vector_logic_4_5
INFO: [VRFC 10-2263] Analyzing Verilog file "E:/ETH2SER/SoftwareProjects/UART2ETH970328_TxRx_FIFO_Integrated-UART-Config/UART2ETH.ip_user_files/bd/Uart_ETH/ip/Uart_ETH_util_vector_logic_4_4/sim/Uart_ETH_util_vector_logic_4_4.v" into library xil_defaultlib
INFO: [VRFC 10-311] analyzing module Uart_ETH_util_vector_logic_4_4
INFO: [VRFC 10-2263] Analyzing Verilog file "E:/ETH2SER/SoftwareProjects/UART2ETH970328_TxRx_FIFO_Integrated-UART-Config/UART2ETH.ip_user_files/bd/Uart_ETH/ip/Uart_ETH_util_vector_logic_4_3/sim/Uart_ETH_util_vector_logic_4_3.v" into library xil_defaultlib
INFO: [VRFC 10-311] analyzing module Uart_ETH_util_vector_logic_4_3
INFO: [VRFC 10-2263] Analyzing Verilog file "E:/ETH2SER/SoftwareProjects/UART2ETH970328_TxRx_FIFO_Integrated-UART-Config/UART2ETH.ip_user_files/bd/Uart_ETH/ip/Uart_ETH_util_vector_logic_4_10/sim/Uart_ETH_util_vector_logic_4_10.v" into library xil_defaultlib
INFO: [VRFC 10-311] analyzing module Uart_ETH_util_vector_logic_4_10
INFO: [VRFC 10-2263] Analyzing Verilog file "E:/ETH2SER/SoftwareProjects/UART2ETH970328_TxRx_FIFO_Integrated-UART-Config/UART2ETH.ip_user_files/bd/Uart_ETH/ip/Uart_ETH_util_vector_logic_4_2/sim/Uart_ETH_util_vector_logic_4_2.v" into library xil_defaultlib
INFO: [VRFC 10-311] analyzing module Uart_ETH_util_vector_logic_4_2
INFO: [VRFC 10-2263] Analyzing Verilog file "E:/ETH2SER/SoftwareProjects/UART2ETH970328_TxRx_FIFO_Integrated-UART-Config/UART2ETH.ip_user_files/bd/Uart_ETH/ip/Uart_ETH_util_vector_logic_4_1/sim/Uart_ETH_util_vector_logic_4_1.v" into library xil_defaultlib
INFO: [VRFC 10-311] analyzing module Uart_ETH_util_vector_logic_4_1
INFO: [VRFC 10-2263] Analyzing Verilog file "E:/ETH2SER/SoftwareProjects/UART2ETH970328_TxRx_FIFO_Integrated-UART-Config/UART2ETH.ip_user_files/bd/Uart_ETH/ip/Uart_ETH_auto_pc_0/sim/Uart_ETH_auto_pc_0.v" into library xil_defaultlib
INFO: [VRFC 10-311] analyzing module Uart_ETH_auto_pc_0
INFO: [VRFC 10-2263] Analyzing Verilog file "E:/ETH2SER/SoftwareProjects/UART2ETH970328_TxRx_FIFO_Integrated-UART-Config/UART2ETH.sim/sim_1/behav/glbl.v" into library xil_defaultlib
INFO: [VRFC 10-311] analyzing module glbl
