
*** Running vivado
    with args -log Uart_ETH_xlslice_LCD_RS_1.vds -m64 -product Vivado -mode batch -messageDb vivado.pb -notrace -source Uart_ETH_xlslice_LCD_RS_1.tcl


****** Vivado v2017.2 (64-bit)
  **** SW Build 1909853 on Thu Jun 15 18:39:09 MDT 2017
  **** IP Build 1909766 on Thu Jun 15 19:58:00 MDT 2017
    ** Copyright 1986-2017 Xilinx, Inc. All Rights Reserved.

source Uart_ETH_xlslice_LCD_RS_1.tcl -notrace
Starting RTL Elaboration : Time (s): cpu = 00:00:05 ; elapsed = 00:00:06 . Memory (MB): peak = 400.359 ; gain = 79.742
INFO: [Synth 8-638] synthesizing module 'Uart_ETH_xlslice_LCD_RS_1' [e:/ETH2SER/SoftwareProjects/UART2ETH970402_LEDPanel_Included_KeyPad/UART2ETH.srcs/sources_1/bd/Uart_ETH/ip/Uart_ETH_xlslice_LCD_RS_1/synth/Uart_ETH_xlslice_LCD_RS_1.v:57]
INFO: [Synth 8-638] synthesizing module 'xlslice_v1_0_1_xlslice' [e:/ETH2SER/SoftwareProjects/UART2ETH970402_LEDPanel_Included_KeyPad/UART2ETH.srcs/sources_1/bd/Uart_ETH/ipshared/bb23/hdl/xlslice_v1_0_vl_rfs.v:13]
INFO: [Synth 8-256] done synthesizing module 'xlslice_v1_0_1_xlslice' (1#1) [e:/ETH2SER/SoftwareProjects/UART2ETH970402_LEDPanel_Included_KeyPad/UART2ETH.srcs/sources_1/bd/Uart_ETH/ipshared/bb23/hdl/xlslice_v1_0_vl_rfs.v:13]
INFO: [Synth 8-256] done synthesizing module 'Uart_ETH_xlslice_LCD_RS_1' (2#1) [e:/ETH2SER/SoftwareProjects/UART2ETH970402_LEDPanel_Included_KeyPad/UART2ETH.srcs/sources_1/bd/Uart_ETH/ip/Uart_ETH_xlslice_LCD_RS_1/synth/Uart_ETH_xlslice_LCD_RS_1.v:57]
Finished RTL Elaboration : Time (s): cpu = 00:00:07 ; elapsed = 00:00:08 . Memory (MB): peak = 440.438 ; gain = 119.820
Finished RTL Optimization Phase 1 : Time (s): cpu = 00:00:07 ; elapsed = 00:00:08 . Memory (MB): peak = 440.438 ; gain = 119.820
INFO: [Device 21-403] Loading part xc7z020clg400-1
Constraint Validation Runtime : Time (s): cpu = 00:00:00 ; elapsed = 00:00:01 . Memory (MB): peak = 660.379 ; gain = 0.000
Finished Constraint Validation : Time (s): cpu = 00:00:22 ; elapsed = 00:00:33 . Memory (MB): peak = 660.379 ; gain = 339.762
Finished Loading Part and Timing Information : Time (s): cpu = 00:00:22 ; elapsed = 00:00:33 . Memory (MB): peak = 660.379 ; gain = 339.762
Finished applying 'set_property' XDC Constraints : Time (s): cpu = 00:00:22 ; elapsed = 00:00:33 . Memory (MB): peak = 660.379 ; gain = 339.762
Finished RTL Optimization Phase 2 : Time (s): cpu = 00:00:22 ; elapsed = 00:00:33 . Memory (MB): peak = 660.379 ; gain = 339.762
Finished Cross Boundary and Area Optimization : Time (s): cpu = 00:00:23 ; elapsed = 00:00:34 . Memory (MB): peak = 660.379 ; gain = 339.762
Finished Applying XDC Timing Constraints : Time (s): cpu = 00:00:39 ; elapsed = 00:00:51 . Memory (MB): peak = 700.039 ; gain = 379.422
Finished Timing Optimization : Time (s): cpu = 00:00:39 ; elapsed = 00:00:51 . Memory (MB): peak = 700.039 ; gain = 379.422
Finished Technology Mapping : Time (s): cpu = 00:00:39 ; elapsed = 00:00:51 . Memory (MB): peak = 711.184 ; gain = 390.566
Finished IO Insertion : Time (s): cpu = 00:00:40 ; elapsed = 00:00:52 . Memory (MB): peak = 711.184 ; gain = 390.566
Finished Renaming Generated Instances : Time (s): cpu = 00:00:40 ; elapsed = 00:00:52 . Memory (MB): peak = 711.184 ; gain = 390.566
Finished Rebuilding User Hierarchy : Time (s): cpu = 00:00:40 ; elapsed = 00:00:52 . Memory (MB): peak = 711.184 ; gain = 390.566
Finished Renaming Generated Ports : Time (s): cpu = 00:00:40 ; elapsed = 00:00:52 . Memory (MB): peak = 711.184 ; gain = 390.566
Finished Handling Custom Attributes : Time (s): cpu = 00:00:40 ; elapsed = 00:00:52 . Memory (MB): peak = 711.184 ; gain = 390.566
Finished Renaming Generated Nets : Time (s): cpu = 00:00:40 ; elapsed = 00:00:52 . Memory (MB): peak = 711.184 ; gain = 390.566

Report Cell Usage: 
+-+-----+------+
| |Cell |Count |
+-+-----+------+
+-+-----+------+
Finished Writing Synthesis Report : Time (s): cpu = 00:00:40 ; elapsed = 00:00:52 . Memory (MB): peak = 711.184 ; gain = 390.566
synth_design: Time (s): cpu = 00:00:43 ; elapsed = 00:00:55 . Memory (MB): peak = 723.703 ; gain = 410.848
