
*** Running vivado
    with args -log Uart_ETH_xlslice_7_6.vds -m64 -product Vivado -mode batch -messageDb vivado.pb -notrace -source Uart_ETH_xlslice_7_6.tcl


****** Vivado v2017.2 (64-bit)
  **** SW Build 1909853 on Thu Jun 15 18:39:09 MDT 2017
  **** IP Build 1909766 on Thu Jun 15 19:58:00 MDT 2017
    ** Copyright 1986-2017 Xilinx, Inc. All Rights Reserved.

source Uart_ETH_xlslice_7_6.tcl -notrace
Starting RTL Elaboration : Time (s): cpu = 00:00:06 ; elapsed = 00:00:08 . Memory (MB): peak = 379.520 ; gain = 79.539
INFO: [Synth 8-638] synthesizing module 'Uart_ETH_xlslice_7_6' [e:/ETH2SER/SoftwareProjects/UART2ETH970206-UART16550_Rx_FIFO_1_Port/UART2ETH.srcs/sources_1/bd/Uart_ETH/ip/Uart_ETH_xlslice_7_6/synth/Uart_ETH_xlslice_7_6.v:57]
INFO: [Synth 8-638] synthesizing module 'xlslice_v1_0_1_xlslice' [e:/ETH2SER/SoftwareProjects/UART2ETH970206-UART16550_Rx_FIFO_1_Port/UART2ETH.srcs/sources_1/bd/Uart_ETH/ipshared/bb23/hdl/xlslice_v1_0_vl_rfs.v:13]
INFO: [Synth 8-256] done synthesizing module 'xlslice_v1_0_1_xlslice' (1#1) [e:/ETH2SER/SoftwareProjects/UART2ETH970206-UART16550_Rx_FIFO_1_Port/UART2ETH.srcs/sources_1/bd/Uart_ETH/ipshared/bb23/hdl/xlslice_v1_0_vl_rfs.v:13]
INFO: [Synth 8-256] done synthesizing module 'Uart_ETH_xlslice_7_6' (2#1) [e:/ETH2SER/SoftwareProjects/UART2ETH970206-UART16550_Rx_FIFO_1_Port/UART2ETH.srcs/sources_1/bd/Uart_ETH/ip/Uart_ETH_xlslice_7_6/synth/Uart_ETH_xlslice_7_6.v:57]
Finished RTL Elaboration : Time (s): cpu = 00:00:08 ; elapsed = 00:00:12 . Memory (MB): peak = 419.598 ; gain = 119.617
Finished RTL Optimization Phase 1 : Time (s): cpu = 00:00:08 ; elapsed = 00:00:12 . Memory (MB): peak = 419.598 ; gain = 119.617
INFO: [Device 21-403] Loading part xc7z020clg400-1
Constraint Validation Runtime : Time (s): cpu = 00:00:00 ; elapsed = 00:00:00.022 . Memory (MB): peak = 639.715 ; gain = 0.000
Finished Constraint Validation : Time (s): cpu = 00:00:25 ; elapsed = 00:02:01 . Memory (MB): peak = 639.715 ; gain = 339.734
Finished Loading Part and Timing Information : Time (s): cpu = 00:00:25 ; elapsed = 00:02:01 . Memory (MB): peak = 639.715 ; gain = 339.734
Finished applying 'set_property' XDC Constraints : Time (s): cpu = 00:00:25 ; elapsed = 00:02:01 . Memory (MB): peak = 639.715 ; gain = 339.734
Finished RTL Optimization Phase 2 : Time (s): cpu = 00:00:25 ; elapsed = 00:02:01 . Memory (MB): peak = 639.715 ; gain = 339.734
Finished Cross Boundary and Area Optimization : Time (s): cpu = 00:00:25 ; elapsed = 00:02:04 . Memory (MB): peak = 639.715 ; gain = 339.734
Finished Applying XDC Timing Constraints : Time (s): cpu = 00:00:40 ; elapsed = 00:02:24 . Memory (MB): peak = 678.344 ; gain = 378.363
Finished Timing Optimization : Time (s): cpu = 00:00:40 ; elapsed = 00:02:24 . Memory (MB): peak = 680.348 ; gain = 380.367
Finished Technology Mapping : Time (s): cpu = 00:00:40 ; elapsed = 00:02:24 . Memory (MB): peak = 689.488 ; gain = 389.508
Finished IO Insertion : Time (s): cpu = 00:00:41 ; elapsed = 00:02:26 . Memory (MB): peak = 689.488 ; gain = 389.508
Finished Renaming Generated Instances : Time (s): cpu = 00:00:41 ; elapsed = 00:02:26 . Memory (MB): peak = 689.488 ; gain = 389.508
Finished Rebuilding User Hierarchy : Time (s): cpu = 00:00:41 ; elapsed = 00:02:26 . Memory (MB): peak = 689.488 ; gain = 389.508
Finished Renaming Generated Ports : Time (s): cpu = 00:00:41 ; elapsed = 00:02:26 . Memory (MB): peak = 689.488 ; gain = 389.508
Finished Handling Custom Attributes : Time (s): cpu = 00:00:41 ; elapsed = 00:02:26 . Memory (MB): peak = 689.488 ; gain = 389.508
Finished Renaming Generated Nets : Time (s): cpu = 00:00:41 ; elapsed = 00:02:26 . Memory (MB): peak = 689.488 ; gain = 389.508

Report Cell Usage: 
+-+-----+------+
| |Cell |Count |
+-+-----+------+
+-+-----+------+
Finished Writing Synthesis Report : Time (s): cpu = 00:00:41 ; elapsed = 00:02:26 . Memory (MB): peak = 689.488 ; gain = 389.508
synth_design: Time (s): cpu = 00:00:44 ; elapsed = 00:02:32 . Memory (MB): peak = 703.012 ; gain = 410.793
