
*** Running vivado
    with args -log UARTConfigTest_xbar_0.vds -m64 -product Vivado -mode batch -messageDb vivado.pb -notrace -source UARTConfigTest_xbar_0.tcl


****** Vivado v2017.2 (64-bit)
  **** SW Build 1909853 on Thu Jun 15 18:39:09 MDT 2017
  **** IP Build 1909766 on Thu Jun 15 19:58:00 MDT 2017
    ** Copyright 1986-2017 Xilinx, Inc. All Rights Reserved.

source UARTConfigTest_xbar_0.tcl -notrace
Starting RTL Elaboration : Time (s): cpu = 00:00:11 ; elapsed = 00:00:12 . Memory (MB): peak = 380.574 ; gain = 82.297
INFO: [Synth 8-638] synthesizing module 'UARTConfigTest_xbar_0' [e:/ETH2SER/SoftwareProjects/UARTConfigTestEXP-961126/UARTConfigTestEXP-961126.srcs/sources_1/bd/UARTConfigTest/ip/UARTConfigTest_xbar_0/synth/UARTConfigTest_xbar_0.v:59]
INFO: [Synth 8-638] synthesizing module 'axi_crossbar_v2_1_14_axi_crossbar' [e:/ETH2SER/SoftwareProjects/UARTConfigTestEXP-961126/UARTConfigTestEXP-961126.srcs/sources_1/bd/UARTConfigTest/ipshared/f582/hdl/axi_crossbar_v2_1_vl_rfs.v:4882]
INFO: [Synth 8-638] synthesizing module 'axi_crossbar_v2_1_14_crossbar_sasd' [e:/ETH2SER/SoftwareProjects/UARTConfigTestEXP-961126/UARTConfigTestEXP-961126.srcs/sources_1/bd/UARTConfigTest/ipshared/f582/hdl/axi_crossbar_v2_1_vl_rfs.v:1240]
INFO: [Synth 8-638] synthesizing module 'axi_crossbar_v2_1_14_addr_decoder' [e:/ETH2SER/SoftwareProjects/UARTConfigTestEXP-961126/UARTConfigTestEXP-961126.srcs/sources_1/bd/UARTConfigTest/ipshared/f582/hdl/axi_crossbar_v2_1_vl_rfs.v:794]
INFO: [Synth 8-638] synthesizing module 'generic_baseblocks_v2_1_0_comparator_static' [e:/ETH2SER/SoftwareProjects/UARTConfigTestEXP-961126/UARTConfigTestEXP-961126.srcs/sources_1/bd/UARTConfigTest/ipshared/f9c1/hdl/generic_baseblocks_v2_1_vl_rfs.v:2133]
INFO: [Synth 8-638] synthesizing module 'generic_baseblocks_v2_1_0_carry_and' [e:/ETH2SER/SoftwareProjects/UARTConfigTestEXP-961126/UARTConfigTestEXP-961126.srcs/sources_1/bd/UARTConfigTest/ipshared/f9c1/hdl/generic_baseblocks_v2_1_vl_rfs.v:62]
INFO: [Synth 8-256] done synthesizing module 'generic_baseblocks_v2_1_0_carry_and' (1#1) [e:/ETH2SER/SoftwareProjects/UARTConfigTestEXP-961126/UARTConfigTestEXP-961126.srcs/sources_1/bd/UARTConfigTest/ipshared/f9c1/hdl/generic_baseblocks_v2_1_vl_rfs.v:62]
INFO: [Synth 8-256] done synthesizing module 'generic_baseblocks_v2_1_0_comparator_static' (2#1) [e:/ETH2SER/SoftwareProjects/UARTConfigTestEXP-961126/UARTConfigTestEXP-961126.srcs/sources_1/bd/UARTConfigTest/ipshared/f9c1/hdl/generic_baseblocks_v2_1_vl_rfs.v:2133]
INFO: [Synth 8-638] synthesizing module 'generic_baseblocks_v2_1_0_comparator_static__parameterized0' [e:/ETH2SER/SoftwareProjects/UARTConfigTestEXP-961126/UARTConfigTestEXP-961126.srcs/sources_1/bd/UARTConfigTest/ipshared/f9c1/hdl/generic_baseblocks_v2_1_vl_rfs.v:2133]
INFO: [Synth 8-256] done synthesizing module 'generic_baseblocks_v2_1_0_comparator_static__parameterized0' (2#1) [e:/ETH2SER/SoftwareProjects/UARTConfigTestEXP-961126/UARTConfigTestEXP-961126.srcs/sources_1/bd/UARTConfigTest/ipshared/f9c1/hdl/generic_baseblocks_v2_1_vl_rfs.v:2133]
INFO: [Synth 8-638] synthesizing module 'generic_baseblocks_v2_1_0_comparator_static__parameterized1' [e:/ETH2SER/SoftwareProjects/UARTConfigTestEXP-961126/UARTConfigTestEXP-961126.srcs/sources_1/bd/UARTConfigTest/ipshared/f9c1/hdl/generic_baseblocks_v2_1_vl_rfs.v:2133]
INFO: [Synth 8-256] done synthesizing module 'generic_baseblocks_v2_1_0_comparator_static__parameterized1' (2#1) [e:/ETH2SER/SoftwareProjects/UARTConfigTestEXP-961126/UARTConfigTestEXP-961126.srcs/sources_1/bd/UARTConfigTest/ipshared/f9c1/hdl/generic_baseblocks_v2_1_vl_rfs.v:2133]
INFO: [Synth 8-638] synthesizing module 'generic_baseblocks_v2_1_0_comparator_static__parameterized2' [e:/ETH2SER/SoftwareProjects/UARTConfigTestEXP-961126/UARTConfigTestEXP-961126.srcs/sources_1/bd/UARTConfigTest/ipshared/f9c1/hdl/generic_baseblocks_v2_1_vl_rfs.v:2133]
INFO: [Synth 8-256] done synthesizing module 'generic_baseblocks_v2_1_0_comparator_static__parameterized2' (2#1) [e:/ETH2SER/SoftwareProjects/UARTConfigTestEXP-961126/UARTConfigTestEXP-961126.srcs/sources_1/bd/UARTConfigTest/ipshared/f9c1/hdl/generic_baseblocks_v2_1_vl_rfs.v:2133]
INFO: [Synth 8-256] done synthesizing module 'axi_crossbar_v2_1_14_addr_decoder' (3#1) [e:/ETH2SER/SoftwareProjects/UARTConfigTestEXP-961126/UARTConfigTestEXP-961126.srcs/sources_1/bd/UARTConfigTest/ipshared/f582/hdl/axi_crossbar_v2_1_vl_rfs.v:794]
INFO: [Synth 8-638] synthesizing module 'axi_crossbar_v2_1_14_decerr_slave' [e:/ETH2SER/SoftwareProjects/UARTConfigTestEXP-961126/UARTConfigTestEXP-961126.srcs/sources_1/bd/UARTConfigTest/ipshared/f582/hdl/axi_crossbar_v2_1_vl_rfs.v:3500]
INFO: [Synth 8-256] done synthesizing module 'axi_crossbar_v2_1_14_decerr_slave' (4#1) [e:/ETH2SER/SoftwareProjects/UARTConfigTestEXP-961126/UARTConfigTestEXP-961126.srcs/sources_1/bd/UARTConfigTest/ipshared/f582/hdl/axi_crossbar_v2_1_vl_rfs.v:3500]
INFO: [Synth 8-638] synthesizing module 'axi_crossbar_v2_1_14_addr_arbiter_sasd' [e:/ETH2SER/SoftwareProjects/UARTConfigTestEXP-961126/UARTConfigTestEXP-961126.srcs/sources_1/bd/UARTConfigTest/ipshared/f582/hdl/axi_crossbar_v2_1_vl_rfs.v:65]
INFO: [Synth 8-256] done synthesizing module 'axi_crossbar_v2_1_14_addr_arbiter_sasd' (5#1) [e:/ETH2SER/SoftwareProjects/UARTConfigTestEXP-961126/UARTConfigTestEXP-961126.srcs/sources_1/bd/UARTConfigTest/ipshared/f582/hdl/axi_crossbar_v2_1_vl_rfs.v:65]
INFO: [Synth 8-638] synthesizing module 'axi_crossbar_v2_1_14_splitter' [e:/ETH2SER/SoftwareProjects/UARTConfigTestEXP-961126/UARTConfigTestEXP-961126.srcs/sources_1/bd/UARTConfigTest/ipshared/f582/hdl/axi_crossbar_v2_1_vl_rfs.v:4459]
INFO: [Synth 8-256] done synthesizing module 'axi_crossbar_v2_1_14_splitter' (6#1) [e:/ETH2SER/SoftwareProjects/UARTConfigTestEXP-961126/UARTConfigTestEXP-961126.srcs/sources_1/bd/UARTConfigTest/ipshared/f582/hdl/axi_crossbar_v2_1_vl_rfs.v:4459]
INFO: [Synth 8-638] synthesizing module 'axi_crossbar_v2_1_14_splitter__parameterized0' [e:/ETH2SER/SoftwareProjects/UARTConfigTestEXP-961126/UARTConfigTestEXP-961126.srcs/sources_1/bd/UARTConfigTest/ipshared/f582/hdl/axi_crossbar_v2_1_vl_rfs.v:4459]
INFO: [Synth 8-256] done synthesizing module 'axi_crossbar_v2_1_14_splitter__parameterized0' (6#1) [e:/ETH2SER/SoftwareProjects/UARTConfigTestEXP-961126/UARTConfigTestEXP-961126.srcs/sources_1/bd/UARTConfigTest/ipshared/f582/hdl/axi_crossbar_v2_1_vl_rfs.v:4459]
INFO: [Synth 8-638] synthesizing module 'generic_baseblocks_v2_1_0_mux_enc' [e:/ETH2SER/SoftwareProjects/UARTConfigTestEXP-961126/UARTConfigTestEXP-961126.srcs/sources_1/bd/UARTConfigTest/ipshared/f9c1/hdl/generic_baseblocks_v2_1_vl_rfs.v:2452]
INFO: [Synth 8-256] done synthesizing module 'generic_baseblocks_v2_1_0_mux_enc' (7#1) [e:/ETH2SER/SoftwareProjects/UARTConfigTestEXP-961126/UARTConfigTestEXP-961126.srcs/sources_1/bd/UARTConfigTest/ipshared/f9c1/hdl/generic_baseblocks_v2_1_vl_rfs.v:2452]
INFO: [Synth 8-638] synthesizing module 'generic_baseblocks_v2_1_0_mux_enc__parameterized0' [e:/ETH2SER/SoftwareProjects/UARTConfigTestEXP-961126/UARTConfigTestEXP-961126.srcs/sources_1/bd/UARTConfigTest/ipshared/f9c1/hdl/generic_baseblocks_v2_1_vl_rfs.v:2452]
INFO: [Synth 8-256] done synthesizing module 'generic_baseblocks_v2_1_0_mux_enc__parameterized0' (7#1) [e:/ETH2SER/SoftwareProjects/UARTConfigTestEXP-961126/UARTConfigTestEXP-961126.srcs/sources_1/bd/UARTConfigTest/ipshared/f9c1/hdl/generic_baseblocks_v2_1_vl_rfs.v:2452]
INFO: [Synth 8-638] synthesizing module 'generic_baseblocks_v2_1_0_mux_enc__parameterized1' [e:/ETH2SER/SoftwareProjects/UARTConfigTestEXP-961126/UARTConfigTestEXP-961126.srcs/sources_1/bd/UARTConfigTest/ipshared/f9c1/hdl/generic_baseblocks_v2_1_vl_rfs.v:2452]
INFO: [Synth 8-256] done synthesizing module 'generic_baseblocks_v2_1_0_mux_enc__parameterized1' (7#1) [e:/ETH2SER/SoftwareProjects/UARTConfigTestEXP-961126/UARTConfigTestEXP-961126.srcs/sources_1/bd/UARTConfigTest/ipshared/f9c1/hdl/generic_baseblocks_v2_1_vl_rfs.v:2452]
INFO: [Synth 8-638] synthesizing module 'axi_register_slice_v2_1_13_axic_register_slice' [e:/ETH2SER/SoftwareProjects/UARTConfigTestEXP-961126/UARTConfigTestEXP-961126.srcs/sources_1/bd/UARTConfigTest/ipshared/55c0/hdl/axi_register_slice_v2_1_vl_rfs.v:85]
INFO: [Synth 8-256] done synthesizing module 'axi_register_slice_v2_1_13_axic_register_slice' (8#1) [e:/ETH2SER/SoftwareProjects/UARTConfigTestEXP-961126/UARTConfigTestEXP-961126.srcs/sources_1/bd/UARTConfigTest/ipshared/55c0/hdl/axi_register_slice_v2_1_vl_rfs.v:85]
INFO: [Synth 8-638] synthesizing module 'generic_baseblocks_v2_1_0_mux_enc__parameterized2' [e:/ETH2SER/SoftwareProjects/UARTConfigTestEXP-961126/UARTConfigTestEXP-961126.srcs/sources_1/bd/UARTConfigTest/ipshared/f9c1/hdl/generic_baseblocks_v2_1_vl_rfs.v:2452]
INFO: [Synth 8-256] done synthesizing module 'generic_baseblocks_v2_1_0_mux_enc__parameterized2' (8#1) [e:/ETH2SER/SoftwareProjects/UARTConfigTestEXP-961126/UARTConfigTestEXP-961126.srcs/sources_1/bd/UARTConfigTest/ipshared/f9c1/hdl/generic_baseblocks_v2_1_vl_rfs.v:2452]
INFO: [Synth 8-256] done synthesizing module 'axi_crossbar_v2_1_14_crossbar_sasd' (9#1) [e:/ETH2SER/SoftwareProjects/UARTConfigTestEXP-961126/UARTConfigTestEXP-961126.srcs/sources_1/bd/UARTConfigTest/ipshared/f582/hdl/axi_crossbar_v2_1_vl_rfs.v:1240]
INFO: [Synth 8-256] done synthesizing module 'axi_crossbar_v2_1_14_axi_crossbar' (10#1) [e:/ETH2SER/SoftwareProjects/UARTConfigTestEXP-961126/UARTConfigTestEXP-961126.srcs/sources_1/bd/UARTConfigTest/ipshared/f582/hdl/axi_crossbar_v2_1_vl_rfs.v:4882]
INFO: [Synth 8-256] done synthesizing module 'UARTConfigTest_xbar_0' (11#1) [e:/ETH2SER/SoftwareProjects/UARTConfigTestEXP-961126/UARTConfigTestEXP-961126.srcs/sources_1/bd/UARTConfigTest/ip/UARTConfigTest_xbar_0/synth/UARTConfigTest_xbar_0.v:59]
Finished RTL Elaboration : Time (s): cpu = 00:00:23 ; elapsed = 00:00:25 . Memory (MB): peak = 500.375 ; gain = 202.098
Finished RTL Optimization Phase 1 : Time (s): cpu = 00:00:23 ; elapsed = 00:00:25 . Memory (MB): peak = 500.375 ; gain = 202.098
INFO: [Device 21-403] Loading part xc7z020clg400-1
Constraint Validation Runtime : Time (s): cpu = 00:00:00 ; elapsed = 00:00:00.081 . Memory (MB): peak = 746.344 ; gain = 0.000
Finished Constraint Validation : Time (s): cpu = 00:00:42 ; elapsed = 00:00:46 . Memory (MB): peak = 746.344 ; gain = 448.066
Finished Loading Part and Timing Information : Time (s): cpu = 00:00:42 ; elapsed = 00:00:46 . Memory (MB): peak = 746.344 ; gain = 448.066
Finished applying 'set_property' XDC Constraints : Time (s): cpu = 00:00:42 ; elapsed = 00:00:46 . Memory (MB): peak = 746.344 ; gain = 448.066
Finished RTL Optimization Phase 2 : Time (s): cpu = 00:00:43 ; elapsed = 00:00:47 . Memory (MB): peak = 746.344 ; gain = 448.066
Finished Cross Boundary and Area Optimization : Time (s): cpu = 00:00:45 ; elapsed = 00:00:49 . Memory (MB): peak = 746.344 ; gain = 448.066
Finished Applying XDC Timing Constraints : Time (s): cpu = 00:01:04 ; elapsed = 00:01:08 . Memory (MB): peak = 746.344 ; gain = 448.066
Finished Timing Optimization : Time (s): cpu = 00:01:05 ; elapsed = 00:01:09 . Memory (MB): peak = 746.344 ; gain = 448.066
Finished Technology Mapping : Time (s): cpu = 00:01:05 ; elapsed = 00:01:10 . Memory (MB): peak = 746.344 ; gain = 448.066
Finished IO Insertion : Time (s): cpu = 00:01:06 ; elapsed = 00:01:11 . Memory (MB): peak = 746.344 ; gain = 448.066
Finished Renaming Generated Instances : Time (s): cpu = 00:01:06 ; elapsed = 00:01:11 . Memory (MB): peak = 746.344 ; gain = 448.066
Finished Rebuilding User Hierarchy : Time (s): cpu = 00:01:06 ; elapsed = 00:01:11 . Memory (MB): peak = 746.344 ; gain = 448.066
Finished Renaming Generated Ports : Time (s): cpu = 00:01:06 ; elapsed = 00:01:11 . Memory (MB): peak = 746.344 ; gain = 448.066
Finished Handling Custom Attributes : Time (s): cpu = 00:01:06 ; elapsed = 00:01:11 . Memory (MB): peak = 746.344 ; gain = 448.066
Finished Renaming Generated Nets : Time (s): cpu = 00:01:06 ; elapsed = 00:01:11 . Memory (MB): peak = 746.344 ; gain = 448.066

Report Cell Usage: 
+------+-----+------+
|      |Cell |Count |
+------+-----+------+
|1     |LUT1 |     2|
|2     |LUT2 |    11|
|3     |LUT3 |    45|
|4     |LUT4 |    53|
|5     |LUT5 |    60|
|6     |LUT6 |    56|
|7     |FDRE |   133|
+------+-----+------+
Finished Writing Synthesis Report : Time (s): cpu = 00:01:06 ; elapsed = 00:01:11 . Memory (MB): peak = 746.344 ; gain = 448.066
synth_design: Time (s): cpu = 00:01:09 ; elapsed = 00:01:14 . Memory (MB): peak = 746.344 ; gain = 451.699
