
*** Running vivado
    with args -log Uart_ETH_auto_pc_4.vds -m64 -product Vivado -mode batch -messageDb vivado.pb -notrace -source Uart_ETH_auto_pc_4.tcl


****** Vivado v2017.2 (64-bit)
  **** SW Build 1909853 on Thu Jun 15 18:39:09 MDT 2017
  **** IP Build 1909766 on Thu Jun 15 19:58:00 MDT 2017
    ** Copyright 1986-2017 Xilinx, Inc. All Rights Reserved.

source Uart_ETH_auto_pc_4.tcl -notrace
Starting RTL Elaboration : Time (s): cpu = 00:00:10 ; elapsed = 00:00:10 . Memory (MB): peak = 393.824 ; gain = 82.926
INFO: [Synth 8-638] synthesizing module 'Uart_ETH_auto_pc_4' [e:/ETH2SER/SoftwareProjects/UART2ETH970222-UART16550_FIFO_Rx_16_Tx_16_Port/UART2ETH.srcs/sources_1/bd/Uart_ETH/ip/Uart_ETH_auto_pc_4/synth/Uart_ETH_auto_pc_4.v:58]
INFO: [Synth 8-638] synthesizing module 'axi_protocol_converter_v2_1_13_axi_protocol_converter' [e:/ETH2SER/SoftwareProjects/UART2ETH970222-UART16550_FIFO_Rx_16_Tx_16_Port/UART2ETH.srcs/sources_1/bd/Uart_ETH/ipshared/f0ae/hdl/axi_protocol_converter_v2_1_vl_rfs.v:4811]
INFO: [Synth 8-638] synthesizing module 'axi_protocol_converter_v2_1_13_b2s' [e:/ETH2SER/SoftwareProjects/UART2ETH970222-UART16550_FIFO_Rx_16_Tx_16_Port/UART2ETH.srcs/sources_1/bd/Uart_ETH/ipshared/f0ae/hdl/axi_protocol_converter_v2_1_vl_rfs.v:4229]
INFO: [Synth 8-638] synthesizing module 'axi_protocol_converter_v2_1_13_b2s_aw_channel' [e:/ETH2SER/SoftwareProjects/UART2ETH970222-UART16550_FIFO_Rx_16_Tx_16_Port/UART2ETH.srcs/sources_1/bd/Uart_ETH/ipshared/f0ae/hdl/axi_protocol_converter_v2_1_vl_rfs.v:3974]
INFO: [Synth 8-638] synthesizing module 'axi_protocol_converter_v2_1_13_b2s_cmd_translator' [e:/ETH2SER/SoftwareProjects/UART2ETH970222-UART16550_FIFO_Rx_16_Tx_16_Port/UART2ETH.srcs/sources_1/bd/Uart_ETH/ipshared/f0ae/hdl/axi_protocol_converter_v2_1_vl_rfs.v:3467]
INFO: [Synth 8-638] synthesizing module 'axi_protocol_converter_v2_1_13_b2s_incr_cmd' [e:/ETH2SER/SoftwareProjects/UART2ETH970222-UART16550_FIFO_Rx_16_Tx_16_Port/UART2ETH.srcs/sources_1/bd/Uart_ETH/ipshared/f0ae/hdl/axi_protocol_converter_v2_1_vl_rfs.v:3093]
INFO: [Synth 8-256] done synthesizing module 'axi_protocol_converter_v2_1_13_b2s_incr_cmd' (1#1) [e:/ETH2SER/SoftwareProjects/UART2ETH970222-UART16550_FIFO_Rx_16_Tx_16_Port/UART2ETH.srcs/sources_1/bd/Uart_ETH/ipshared/f0ae/hdl/axi_protocol_converter_v2_1_vl_rfs.v:3093]
INFO: [Synth 8-638] synthesizing module 'axi_protocol_converter_v2_1_13_b2s_wrap_cmd' [e:/ETH2SER/SoftwareProjects/UART2ETH970222-UART16550_FIFO_Rx_16_Tx_16_Port/UART2ETH.srcs/sources_1/bd/Uart_ETH/ipshared/f0ae/hdl/axi_protocol_converter_v2_1_vl_rfs.v:2903]
INFO: [Synth 8-256] done synthesizing module 'axi_protocol_converter_v2_1_13_b2s_wrap_cmd' (2#1) [e:/ETH2SER/SoftwareProjects/UART2ETH970222-UART16550_FIFO_Rx_16_Tx_16_Port/UART2ETH.srcs/sources_1/bd/Uart_ETH/ipshared/f0ae/hdl/axi_protocol_converter_v2_1_vl_rfs.v:2903]
INFO: [Synth 8-256] done synthesizing module 'axi_protocol_converter_v2_1_13_b2s_cmd_translator' (3#1) [e:/ETH2SER/SoftwareProjects/UART2ETH970222-UART16550_FIFO_Rx_16_Tx_16_Port/UART2ETH.srcs/sources_1/bd/Uart_ETH/ipshared/f0ae/hdl/axi_protocol_converter_v2_1_vl_rfs.v:3467]
INFO: [Synth 8-638] synthesizing module 'axi_protocol_converter_v2_1_13_b2s_wr_cmd_fsm' [e:/ETH2SER/SoftwareProjects/UART2ETH970222-UART16550_FIFO_Rx_16_Tx_16_Port/UART2ETH.srcs/sources_1/bd/Uart_ETH/ipshared/f0ae/hdl/axi_protocol_converter_v2_1_vl_rfs.v:3225]
INFO: [Synth 8-256] done synthesizing module 'axi_protocol_converter_v2_1_13_b2s_wr_cmd_fsm' (4#1) [e:/ETH2SER/SoftwareProjects/UART2ETH970222-UART16550_FIFO_Rx_16_Tx_16_Port/UART2ETH.srcs/sources_1/bd/Uart_ETH/ipshared/f0ae/hdl/axi_protocol_converter_v2_1_vl_rfs.v:3225]
INFO: [Synth 8-256] done synthesizing module 'axi_protocol_converter_v2_1_13_b2s_aw_channel' (5#1) [e:/ETH2SER/SoftwareProjects/UART2ETH970222-UART16550_FIFO_Rx_16_Tx_16_Port/UART2ETH.srcs/sources_1/bd/Uart_ETH/ipshared/f0ae/hdl/axi_protocol_converter_v2_1_vl_rfs.v:3974]
INFO: [Synth 8-638] synthesizing module 'axi_protocol_converter_v2_1_13_b2s_b_channel' [e:/ETH2SER/SoftwareProjects/UART2ETH970222-UART16550_FIFO_Rx_16_Tx_16_Port/UART2ETH.srcs/sources_1/bd/Uart_ETH/ipshared/f0ae/hdl/axi_protocol_converter_v2_1_vl_rfs.v:3609]
INFO: [Synth 8-638] synthesizing module 'axi_protocol_converter_v2_1_13_b2s_simple_fifo' [e:/ETH2SER/SoftwareProjects/UART2ETH970222-UART16550_FIFO_Rx_16_Tx_16_Port/UART2ETH.srcs/sources_1/bd/Uart_ETH/ipshared/f0ae/hdl/axi_protocol_converter_v2_1_vl_rfs.v:2816]
INFO: [Synth 8-256] done synthesizing module 'axi_protocol_converter_v2_1_13_b2s_simple_fifo' (6#1) [e:/ETH2SER/SoftwareProjects/UART2ETH970222-UART16550_FIFO_Rx_16_Tx_16_Port/UART2ETH.srcs/sources_1/bd/Uart_ETH/ipshared/f0ae/hdl/axi_protocol_converter_v2_1_vl_rfs.v:2816]
INFO: [Synth 8-638] synthesizing module 'axi_protocol_converter_v2_1_13_b2s_simple_fifo__parameterized0' [e:/ETH2SER/SoftwareProjects/UART2ETH970222-UART16550_FIFO_Rx_16_Tx_16_Port/UART2ETH.srcs/sources_1/bd/Uart_ETH/ipshared/f0ae/hdl/axi_protocol_converter_v2_1_vl_rfs.v:2816]
INFO: [Synth 8-256] done synthesizing module 'axi_protocol_converter_v2_1_13_b2s_simple_fifo__parameterized0' (6#1) [e:/ETH2SER/SoftwareProjects/UART2ETH970222-UART16550_FIFO_Rx_16_Tx_16_Port/UART2ETH.srcs/sources_1/bd/Uart_ETH/ipshared/f0ae/hdl/axi_protocol_converter_v2_1_vl_rfs.v:2816]
INFO: [Synth 8-256] done synthesizing module 'axi_protocol_converter_v2_1_13_b2s_b_channel' (7#1) [e:/ETH2SER/SoftwareProjects/UART2ETH970222-UART16550_FIFO_Rx_16_Tx_16_Port/UART2ETH.srcs/sources_1/bd/Uart_ETH/ipshared/f0ae/hdl/axi_protocol_converter_v2_1_vl_rfs.v:3609]
INFO: [Synth 8-638] synthesizing module 'axi_protocol_converter_v2_1_13_b2s_ar_channel' [e:/ETH2SER/SoftwareProjects/UART2ETH970222-UART16550_FIFO_Rx_16_Tx_16_Port/UART2ETH.srcs/sources_1/bd/Uart_ETH/ipshared/f0ae/hdl/axi_protocol_converter_v2_1_vl_rfs.v:4085]
INFO: [Synth 8-638] synthesizing module 'axi_protocol_converter_v2_1_13_b2s_rd_cmd_fsm' [e:/ETH2SER/SoftwareProjects/UART2ETH970222-UART16550_FIFO_Rx_16_Tx_16_Port/UART2ETH.srcs/sources_1/bd/Uart_ETH/ipshared/f0ae/hdl/axi_protocol_converter_v2_1_vl_rfs.v:3336]
INFO: [Synth 8-256] done synthesizing module 'axi_protocol_converter_v2_1_13_b2s_rd_cmd_fsm' (8#1) [e:/ETH2SER/SoftwareProjects/UART2ETH970222-UART16550_FIFO_Rx_16_Tx_16_Port/UART2ETH.srcs/sources_1/bd/Uart_ETH/ipshared/f0ae/hdl/axi_protocol_converter_v2_1_vl_rfs.v:3336]
INFO: [Synth 8-256] done synthesizing module 'axi_protocol_converter_v2_1_13_b2s_ar_channel' (9#1) [e:/ETH2SER/SoftwareProjects/UART2ETH970222-UART16550_FIFO_Rx_16_Tx_16_Port/UART2ETH.srcs/sources_1/bd/Uart_ETH/ipshared/f0ae/hdl/axi_protocol_converter_v2_1_vl_rfs.v:4085]
INFO: [Synth 8-638] synthesizing module 'axi_protocol_converter_v2_1_13_b2s_r_channel' [e:/ETH2SER/SoftwareProjects/UART2ETH970222-UART16550_FIFO_Rx_16_Tx_16_Port/UART2ETH.srcs/sources_1/bd/Uart_ETH/ipshared/f0ae/hdl/axi_protocol_converter_v2_1_vl_rfs.v:3814]
INFO: [Synth 8-638] synthesizing module 'axi_protocol_converter_v2_1_13_b2s_simple_fifo__parameterized1' [e:/ETH2SER/SoftwareProjects/UART2ETH970222-UART16550_FIFO_Rx_16_Tx_16_Port/UART2ETH.srcs/sources_1/bd/Uart_ETH/ipshared/f0ae/hdl/axi_protocol_converter_v2_1_vl_rfs.v:2816]
INFO: [Synth 8-256] done synthesizing module 'axi_protocol_converter_v2_1_13_b2s_simple_fifo__parameterized1' (9#1) [e:/ETH2SER/SoftwareProjects/UART2ETH970222-UART16550_FIFO_Rx_16_Tx_16_Port/UART2ETH.srcs/sources_1/bd/Uart_ETH/ipshared/f0ae/hdl/axi_protocol_converter_v2_1_vl_rfs.v:2816]
INFO: [Synth 8-638] synthesizing module 'axi_protocol_converter_v2_1_13_b2s_simple_fifo__parameterized2' [e:/ETH2SER/SoftwareProjects/UART2ETH970222-UART16550_FIFO_Rx_16_Tx_16_Port/UART2ETH.srcs/sources_1/bd/Uart_ETH/ipshared/f0ae/hdl/axi_protocol_converter_v2_1_vl_rfs.v:2816]
INFO: [Synth 8-256] done synthesizing module 'axi_protocol_converter_v2_1_13_b2s_simple_fifo__parameterized2' (9#1) [e:/ETH2SER/SoftwareProjects/UART2ETH970222-UART16550_FIFO_Rx_16_Tx_16_Port/UART2ETH.srcs/sources_1/bd/Uart_ETH/ipshared/f0ae/hdl/axi_protocol_converter_v2_1_vl_rfs.v:2816]
INFO: [Synth 8-256] done synthesizing module 'axi_protocol_converter_v2_1_13_b2s_r_channel' (10#1) [e:/ETH2SER/SoftwareProjects/UART2ETH970222-UART16550_FIFO_Rx_16_Tx_16_Port/UART2ETH.srcs/sources_1/bd/Uart_ETH/ipshared/f0ae/hdl/axi_protocol_converter_v2_1_vl_rfs.v:3814]
INFO: [Synth 8-638] synthesizing module 'axi_register_slice_v2_1_13_axi_register_slice' [e:/ETH2SER/SoftwareProjects/UART2ETH970222-UART16550_FIFO_Rx_16_Tx_16_Port/UART2ETH.srcs/sources_1/bd/Uart_ETH/ipshared/55c0/hdl/axi_register_slice_v2_1_vl_rfs.v:791]
INFO: [Synth 8-638] synthesizing module 'axi_infrastructure_v1_1_0_axi2vector' [e:/ETH2SER/SoftwareProjects/UART2ETH970222-UART16550_FIFO_Rx_16_Tx_16_Port/UART2ETH.srcs/sources_1/bd/Uart_ETH/ipshared/7e3a/hdl/axi_infrastructure_v1_1_vl_rfs.v:60]
INFO: [Synth 8-256] done synthesizing module 'axi_infrastructure_v1_1_0_axi2vector' (11#1) [e:/ETH2SER/SoftwareProjects/UART2ETH970222-UART16550_FIFO_Rx_16_Tx_16_Port/UART2ETH.srcs/sources_1/bd/Uart_ETH/ipshared/7e3a/hdl/axi_infrastructure_v1_1_vl_rfs.v:60]
INFO: [Synth 8-638] synthesizing module 'axi_register_slice_v2_1_13_axic_register_slice' [e:/ETH2SER/SoftwareProjects/UART2ETH970222-UART16550_FIFO_Rx_16_Tx_16_Port/UART2ETH.srcs/sources_1/bd/Uart_ETH/ipshared/55c0/hdl/axi_register_slice_v2_1_vl_rfs.v:85]
INFO: [Synth 8-256] done synthesizing module 'axi_register_slice_v2_1_13_axic_register_slice' (12#1) [e:/ETH2SER/SoftwareProjects/UART2ETH970222-UART16550_FIFO_Rx_16_Tx_16_Port/UART2ETH.srcs/sources_1/bd/Uart_ETH/ipshared/55c0/hdl/axi_register_slice_v2_1_vl_rfs.v:85]
INFO: [Synth 8-638] synthesizing module 'axi_register_slice_v2_1_13_axic_register_slice__parameterized0' [e:/ETH2SER/SoftwareProjects/UART2ETH970222-UART16550_FIFO_Rx_16_Tx_16_Port/UART2ETH.srcs/sources_1/bd/Uart_ETH/ipshared/55c0/hdl/axi_register_slice_v2_1_vl_rfs.v:85]
INFO: [Synth 8-256] done synthesizing module 'axi_register_slice_v2_1_13_axic_register_slice__parameterized0' (12#1) [e:/ETH2SER/SoftwareProjects/UART2ETH970222-UART16550_FIFO_Rx_16_Tx_16_Port/UART2ETH.srcs/sources_1/bd/Uart_ETH/ipshared/55c0/hdl/axi_register_slice_v2_1_vl_rfs.v:85]
INFO: [Synth 8-638] synthesizing module 'axi_register_slice_v2_1_13_axic_register_slice__parameterized1' [e:/ETH2SER/SoftwareProjects/UART2ETH970222-UART16550_FIFO_Rx_16_Tx_16_Port/UART2ETH.srcs/sources_1/bd/Uart_ETH/ipshared/55c0/hdl/axi_register_slice_v2_1_vl_rfs.v:85]
INFO: [Synth 8-256] done synthesizing module 'axi_register_slice_v2_1_13_axic_register_slice__parameterized1' (12#1) [e:/ETH2SER/SoftwareProjects/UART2ETH970222-UART16550_FIFO_Rx_16_Tx_16_Port/UART2ETH.srcs/sources_1/bd/Uart_ETH/ipshared/55c0/hdl/axi_register_slice_v2_1_vl_rfs.v:85]
INFO: [Synth 8-638] synthesizing module 'axi_register_slice_v2_1_13_axic_register_slice__parameterized2' [e:/ETH2SER/SoftwareProjects/UART2ETH970222-UART16550_FIFO_Rx_16_Tx_16_Port/UART2ETH.srcs/sources_1/bd/Uart_ETH/ipshared/55c0/hdl/axi_register_slice_v2_1_vl_rfs.v:85]
INFO: [Synth 8-256] done synthesizing module 'axi_register_slice_v2_1_13_axic_register_slice__parameterized2' (12#1) [e:/ETH2SER/SoftwareProjects/UART2ETH970222-UART16550_FIFO_Rx_16_Tx_16_Port/UART2ETH.srcs/sources_1/bd/Uart_ETH/ipshared/55c0/hdl/axi_register_slice_v2_1_vl_rfs.v:85]
INFO: [Synth 8-638] synthesizing module 'axi_infrastructure_v1_1_0_vector2axi' [e:/ETH2SER/SoftwareProjects/UART2ETH970222-UART16550_FIFO_Rx_16_Tx_16_Port/UART2ETH.srcs/sources_1/bd/Uart_ETH/ipshared/7e3a/hdl/axi_infrastructure_v1_1_vl_rfs.v:474]
INFO: [Synth 8-256] done synthesizing module 'axi_infrastructure_v1_1_0_vector2axi' (13#1) [e:/ETH2SER/SoftwareProjects/UART2ETH970222-UART16550_FIFO_Rx_16_Tx_16_Port/UART2ETH.srcs/sources_1/bd/Uart_ETH/ipshared/7e3a/hdl/axi_infrastructure_v1_1_vl_rfs.v:474]
INFO: [Synth 8-256] done synthesizing module 'axi_register_slice_v2_1_13_axi_register_slice' (14#1) [e:/ETH2SER/SoftwareProjects/UART2ETH970222-UART16550_FIFO_Rx_16_Tx_16_Port/UART2ETH.srcs/sources_1/bd/Uart_ETH/ipshared/55c0/hdl/axi_register_slice_v2_1_vl_rfs.v:791]
INFO: [Synth 8-638] synthesizing module 'axi_register_slice_v2_1_13_axi_register_slice__parameterized0' [e:/ETH2SER/SoftwareProjects/UART2ETH970222-UART16550_FIFO_Rx_16_Tx_16_Port/UART2ETH.srcs/sources_1/bd/Uart_ETH/ipshared/55c0/hdl/axi_register_slice_v2_1_vl_rfs.v:791]
INFO: [Synth 8-638] synthesizing module 'axi_infrastructure_v1_1_0_axi2vector__parameterized0' [e:/ETH2SER/SoftwareProjects/UART2ETH970222-UART16550_FIFO_Rx_16_Tx_16_Port/UART2ETH.srcs/sources_1/bd/Uart_ETH/ipshared/7e3a/hdl/axi_infrastructure_v1_1_vl_rfs.v:60]
INFO: [Synth 8-256] done synthesizing module 'axi_infrastructure_v1_1_0_axi2vector__parameterized0' (14#1) [e:/ETH2SER/SoftwareProjects/UART2ETH970222-UART16550_FIFO_Rx_16_Tx_16_Port/UART2ETH.srcs/sources_1/bd/Uart_ETH/ipshared/7e3a/hdl/axi_infrastructure_v1_1_vl_rfs.v:60]
INFO: [Synth 8-638] synthesizing module 'axi_register_slice_v2_1_13_axic_register_slice__parameterized3' [e:/ETH2SER/SoftwareProjects/UART2ETH970222-UART16550_FIFO_Rx_16_Tx_16_Port/UART2ETH.srcs/sources_1/bd/Uart_ETH/ipshared/55c0/hdl/axi_register_slice_v2_1_vl_rfs.v:85]
INFO: [Synth 8-256] done synthesizing module 'axi_register_slice_v2_1_13_axic_register_slice__parameterized3' (14#1) [e:/ETH2SER/SoftwareProjects/UART2ETH970222-UART16550_FIFO_Rx_16_Tx_16_Port/UART2ETH.srcs/sources_1/bd/Uart_ETH/ipshared/55c0/hdl/axi_register_slice_v2_1_vl_rfs.v:85]
INFO: [Synth 8-638] synthesizing module 'axi_register_slice_v2_1_13_axic_register_slice__parameterized4' [e:/ETH2SER/SoftwareProjects/UART2ETH970222-UART16550_FIFO_Rx_16_Tx_16_Port/UART2ETH.srcs/sources_1/bd/Uart_ETH/ipshared/55c0/hdl/axi_register_slice_v2_1_vl_rfs.v:85]
INFO: [Synth 8-256] done synthesizing module 'axi_register_slice_v2_1_13_axic_register_slice__parameterized4' (14#1) [e:/ETH2SER/SoftwareProjects/UART2ETH970222-UART16550_FIFO_Rx_16_Tx_16_Port/UART2ETH.srcs/sources_1/bd/Uart_ETH/ipshared/55c0/hdl/axi_register_slice_v2_1_vl_rfs.v:85]
INFO: [Synth 8-638] synthesizing module 'axi_register_slice_v2_1_13_axic_register_slice__parameterized5' [e:/ETH2SER/SoftwareProjects/UART2ETH970222-UART16550_FIFO_Rx_16_Tx_16_Port/UART2ETH.srcs/sources_1/bd/Uart_ETH/ipshared/55c0/hdl/axi_register_slice_v2_1_vl_rfs.v:85]
INFO: [Synth 8-256] done synthesizing module 'axi_register_slice_v2_1_13_axic_register_slice__parameterized5' (14#1) [e:/ETH2SER/SoftwareProjects/UART2ETH970222-UART16550_FIFO_Rx_16_Tx_16_Port/UART2ETH.srcs/sources_1/bd/Uart_ETH/ipshared/55c0/hdl/axi_register_slice_v2_1_vl_rfs.v:85]
INFO: [Synth 8-638] synthesizing module 'axi_register_slice_v2_1_13_axic_register_slice__parameterized6' [e:/ETH2SER/SoftwareProjects/UART2ETH970222-UART16550_FIFO_Rx_16_Tx_16_Port/UART2ETH.srcs/sources_1/bd/Uart_ETH/ipshared/55c0/hdl/axi_register_slice_v2_1_vl_rfs.v:85]
INFO: [Synth 8-256] done synthesizing module 'axi_register_slice_v2_1_13_axic_register_slice__parameterized6' (14#1) [e:/ETH2SER/SoftwareProjects/UART2ETH970222-UART16550_FIFO_Rx_16_Tx_16_Port/UART2ETH.srcs/sources_1/bd/Uart_ETH/ipshared/55c0/hdl/axi_register_slice_v2_1_vl_rfs.v:85]
INFO: [Synth 8-638] synthesizing module 'axi_infrastructure_v1_1_0_vector2axi__parameterized0' [e:/ETH2SER/SoftwareProjects/UART2ETH970222-UART16550_FIFO_Rx_16_Tx_16_Port/UART2ETH.srcs/sources_1/bd/Uart_ETH/ipshared/7e3a/hdl/axi_infrastructure_v1_1_vl_rfs.v:474]
INFO: [Synth 8-256] done synthesizing module 'axi_infrastructure_v1_1_0_vector2axi__parameterized0' (14#1) [e:/ETH2SER/SoftwareProjects/UART2ETH970222-UART16550_FIFO_Rx_16_Tx_16_Port/UART2ETH.srcs/sources_1/bd/Uart_ETH/ipshared/7e3a/hdl/axi_infrastructure_v1_1_vl_rfs.v:474]
INFO: [Synth 8-256] done synthesizing module 'axi_register_slice_v2_1_13_axi_register_slice__parameterized0' (14#1) [e:/ETH2SER/SoftwareProjects/UART2ETH970222-UART16550_FIFO_Rx_16_Tx_16_Port/UART2ETH.srcs/sources_1/bd/Uart_ETH/ipshared/55c0/hdl/axi_register_slice_v2_1_vl_rfs.v:791]
INFO: [Synth 8-256] done synthesizing module 'axi_protocol_converter_v2_1_13_b2s' (15#1) [e:/ETH2SER/SoftwareProjects/UART2ETH970222-UART16550_FIFO_Rx_16_Tx_16_Port/UART2ETH.srcs/sources_1/bd/Uart_ETH/ipshared/f0ae/hdl/axi_protocol_converter_v2_1_vl_rfs.v:4229]
INFO: [Synth 8-256] done synthesizing module 'axi_protocol_converter_v2_1_13_axi_protocol_converter' (16#1) [e:/ETH2SER/SoftwareProjects/UART2ETH970222-UART16550_FIFO_Rx_16_Tx_16_Port/UART2ETH.srcs/sources_1/bd/Uart_ETH/ipshared/f0ae/hdl/axi_protocol_converter_v2_1_vl_rfs.v:4811]
INFO: [Synth 8-256] done synthesizing module 'Uart_ETH_auto_pc_4' (17#1) [e:/ETH2SER/SoftwareProjects/UART2ETH970222-UART16550_FIFO_Rx_16_Tx_16_Port/UART2ETH.srcs/sources_1/bd/Uart_ETH/ip/Uart_ETH_auto_pc_4/synth/Uart_ETH_auto_pc_4.v:58]
Finished RTL Elaboration : Time (s): cpu = 00:01:07 ; elapsed = 00:01:11 . Memory (MB): peak = 513.344 ; gain = 202.445
Finished RTL Optimization Phase 1 : Time (s): cpu = 00:01:08 ; elapsed = 00:01:11 . Memory (MB): peak = 513.344 ; gain = 202.445
INFO: [Device 21-403] Loading part xc7z020clg400-1
Constraint Validation Runtime : Time (s): cpu = 00:00:00 ; elapsed = 00:00:00.098 . Memory (MB): peak = 762.883 ; gain = 0.000
Finished Constraint Validation : Time (s): cpu = 00:01:27 ; elapsed = 00:01:31 . Memory (MB): peak = 762.883 ; gain = 451.984
Finished Loading Part and Timing Information : Time (s): cpu = 00:01:27 ; elapsed = 00:01:31 . Memory (MB): peak = 762.883 ; gain = 451.984
Finished applying 'set_property' XDC Constraints : Time (s): cpu = 00:01:27 ; elapsed = 00:01:31 . Memory (MB): peak = 762.883 ; gain = 451.984
Finished RTL Optimization Phase 2 : Time (s): cpu = 00:01:28 ; elapsed = 00:01:32 . Memory (MB): peak = 762.883 ; gain = 451.984
Finished Cross Boundary and Area Optimization : Time (s): cpu = 00:01:30 ; elapsed = 00:01:35 . Memory (MB): peak = 762.883 ; gain = 451.984
Finished Applying XDC Timing Constraints : Time (s): cpu = 00:01:48 ; elapsed = 00:01:53 . Memory (MB): peak = 762.883 ; gain = 451.984
Finished Timing Optimization : Time (s): cpu = 00:01:51 ; elapsed = 00:01:56 . Memory (MB): peak = 776.922 ; gain = 466.023
Finished Technology Mapping : Time (s): cpu = 00:01:52 ; elapsed = 00:01:57 . Memory (MB): peak = 777.043 ; gain = 466.145
Finished IO Insertion : Time (s): cpu = 00:01:53 ; elapsed = 00:01:58 . Memory (MB): peak = 777.043 ; gain = 466.145
Finished Renaming Generated Instances : Time (s): cpu = 00:01:53 ; elapsed = 00:01:58 . Memory (MB): peak = 777.043 ; gain = 466.145
Finished Rebuilding User Hierarchy : Time (s): cpu = 00:01:53 ; elapsed = 00:01:58 . Memory (MB): peak = 777.043 ; gain = 466.145
Finished Renaming Generated Ports : Time (s): cpu = 00:01:53 ; elapsed = 00:01:58 . Memory (MB): peak = 777.043 ; gain = 466.145
Finished Handling Custom Attributes : Time (s): cpu = 00:01:53 ; elapsed = 00:01:58 . Memory (MB): peak = 777.043 ; gain = 466.145
Finished Renaming Generated Nets : Time (s): cpu = 00:01:53 ; elapsed = 00:01:58 . Memory (MB): peak = 777.043 ; gain = 466.145

Report Cell Usage: 
+------+--------+------+
|      |Cell    |Count |
+------+--------+------+
|1     |CARRY4  |    18|
|2     |LUT1    |    37|
|3     |LUT2    |    19|
|4     |LUT3    |   200|
|5     |LUT4    |    47|
|6     |LUT5    |    68|
|7     |LUT6    |   112|
|8     |SRL16E  |    11|
|9     |SRLC32E |    36|
|10    |FDRE    |   447|
|11    |FDSE    |    37|
+------+--------+------+
Finished Writing Synthesis Report : Time (s): cpu = 00:01:53 ; elapsed = 00:01:58 . Memory (MB): peak = 777.043 ; gain = 466.145
synth_design: Time (s): cpu = 00:01:57 ; elapsed = 00:02:03 . Memory (MB): peak = 777.043 ; gain = 473.906
