
*** Running vivado
    with args -log Uart_ETH_auto_us_6.vds -m64 -product Vivado -mode batch -messageDb vivado.pb -notrace -source Uart_ETH_auto_us_6.tcl


****** Vivado v2017.2 (64-bit)
  **** SW Build 1909853 on Thu Jun 15 18:39:09 MDT 2017
  **** IP Build 1909766 on Thu Jun 15 19:58:00 MDT 2017
    ** Copyright 1986-2017 Xilinx, Inc. All Rights Reserved.

source Uart_ETH_auto_us_6.tcl -notrace
Starting RTL Elaboration : Time (s): cpu = 00:00:10 ; elapsed = 00:00:10 . Memory (MB): peak = 397.773 ; gain = 85.719
INFO: [Synth 8-638] synthesizing module 'Uart_ETH_auto_us_6' [e:/ETH2SER/SoftwareProjects/UART2ETH970222-UART16550_FIFO_Rx_16_Tx_16_Port/UART2ETH.srcs/sources_1/bd/Uart_ETH/ip/Uart_ETH_auto_us_6/synth/Uart_ETH_auto_us_6.v:58]
INFO: [Synth 8-638] synthesizing module 'axi_dwidth_converter_v2_1_13_top' [e:/ETH2SER/SoftwareProjects/UART2ETH970222-UART16550_FIFO_Rx_16_Tx_16_Port/UART2ETH.srcs/sources_1/bd/Uart_ETH/ipshared/3bde/hdl/axi_dwidth_converter_v2_1_vlsyn_rfs.v:14450]
INFO: [Synth 8-638] synthesizing module 'axi_dwidth_converter_v2_1_13_axi_upsizer' [e:/ETH2SER/SoftwareProjects/UART2ETH970222-UART16550_FIFO_Rx_16_Tx_16_Port/UART2ETH.srcs/sources_1/bd/Uart_ETH/ipshared/3bde/hdl/axi_dwidth_converter_v2_1_vlsyn_rfs.v:7038]
INFO: [Synth 8-638] synthesizing module 'axi_dwidth_converter_v2_1_13_w_upsizer' [e:/ETH2SER/SoftwareProjects/UART2ETH970222-UART16550_FIFO_Rx_16_Tx_16_Port/UART2ETH.srcs/sources_1/bd/Uart_ETH/ipshared/3bde/hdl/axi_dwidth_converter_v2_1_vlsyn_rfs.v:5563]
INFO: [Synth 8-256] done synthesizing module 'axi_dwidth_converter_v2_1_13_w_upsizer' (1#1) [e:/ETH2SER/SoftwareProjects/UART2ETH970222-UART16550_FIFO_Rx_16_Tx_16_Port/UART2ETH.srcs/sources_1/bd/Uart_ETH/ipshared/3bde/hdl/axi_dwidth_converter_v2_1_vlsyn_rfs.v:5563]
INFO: [Synth 8-638] synthesizing module 'axi_dwidth_converter_v2_1_13_a_upsizer' [e:/ETH2SER/SoftwareProjects/UART2ETH970222-UART16550_FIFO_Rx_16_Tx_16_Port/UART2ETH.srcs/sources_1/bd/Uart_ETH/ipshared/3bde/hdl/axi_dwidth_converter_v2_1_vlsyn_rfs.v:3603]
INFO: [Synth 8-638] synthesizing module 'generic_baseblocks_v2_1_0_command_fifo' [e:/ETH2SER/SoftwareProjects/UART2ETH970222-UART16550_FIFO_Rx_16_Tx_16_Port/UART2ETH.srcs/sources_1/bd/Uart_ETH/ipshared/f9c1/hdl/generic_baseblocks_v2_1_vl_rfs.v:655]
INFO: [Synth 8-256] done synthesizing module 'generic_baseblocks_v2_1_0_command_fifo' (2#1) [e:/ETH2SER/SoftwareProjects/UART2ETH970222-UART16550_FIFO_Rx_16_Tx_16_Port/UART2ETH.srcs/sources_1/bd/Uart_ETH/ipshared/f9c1/hdl/generic_baseblocks_v2_1_vl_rfs.v:655]
INFO: [Synth 8-256] done synthesizing module 'axi_dwidth_converter_v2_1_13_a_upsizer' (3#1) [e:/ETH2SER/SoftwareProjects/UART2ETH970222-UART16550_FIFO_Rx_16_Tx_16_Port/UART2ETH.srcs/sources_1/bd/Uart_ETH/ipshared/3bde/hdl/axi_dwidth_converter_v2_1_vlsyn_rfs.v:3603]
INFO: [Synth 8-638] synthesizing module 'axi_dwidth_converter_v2_1_13_r_upsizer' [e:/ETH2SER/SoftwareProjects/UART2ETH970222-UART16550_FIFO_Rx_16_Tx_16_Port/UART2ETH.srcs/sources_1/bd/Uart_ETH/ipshared/3bde/hdl/axi_dwidth_converter_v2_1_vlsyn_rfs.v:4653]
INFO: [Synth 8-256] done synthesizing module 'axi_dwidth_converter_v2_1_13_r_upsizer' (4#1) [e:/ETH2SER/SoftwareProjects/UART2ETH970222-UART16550_FIFO_Rx_16_Tx_16_Port/UART2ETH.srcs/sources_1/bd/Uart_ETH/ipshared/3bde/hdl/axi_dwidth_converter_v2_1_vlsyn_rfs.v:4653]
INFO: [Synth 8-638] synthesizing module 'axi_register_slice_v2_1_13_axi_register_slice' [e:/ETH2SER/SoftwareProjects/UART2ETH970222-UART16550_FIFO_Rx_16_Tx_16_Port/UART2ETH.srcs/sources_1/bd/Uart_ETH/ipshared/55c0/hdl/axi_register_slice_v2_1_vl_rfs.v:791]
INFO: [Synth 8-638] synthesizing module 'axi_infrastructure_v1_1_0_axi2vector' [e:/ETH2SER/SoftwareProjects/UART2ETH970222-UART16550_FIFO_Rx_16_Tx_16_Port/UART2ETH.srcs/sources_1/bd/Uart_ETH/ipshared/7e3a/hdl/axi_infrastructure_v1_1_vl_rfs.v:60]
INFO: [Synth 8-256] done synthesizing module 'axi_infrastructure_v1_1_0_axi2vector' (5#1) [e:/ETH2SER/SoftwareProjects/UART2ETH970222-UART16550_FIFO_Rx_16_Tx_16_Port/UART2ETH.srcs/sources_1/bd/Uart_ETH/ipshared/7e3a/hdl/axi_infrastructure_v1_1_vl_rfs.v:60]
INFO: [Synth 8-638] synthesizing module 'axi_register_slice_v2_1_13_axic_register_slice' [e:/ETH2SER/SoftwareProjects/UART2ETH970222-UART16550_FIFO_Rx_16_Tx_16_Port/UART2ETH.srcs/sources_1/bd/Uart_ETH/ipshared/55c0/hdl/axi_register_slice_v2_1_vl_rfs.v:85]
INFO: [Synth 8-256] done synthesizing module 'axi_register_slice_v2_1_13_axic_register_slice' (6#1) [e:/ETH2SER/SoftwareProjects/UART2ETH970222-UART16550_FIFO_Rx_16_Tx_16_Port/UART2ETH.srcs/sources_1/bd/Uart_ETH/ipshared/55c0/hdl/axi_register_slice_v2_1_vl_rfs.v:85]
INFO: [Synth 8-638] synthesizing module 'axi_register_slice_v2_1_13_axic_register_slice__parameterized0' [e:/ETH2SER/SoftwareProjects/UART2ETH970222-UART16550_FIFO_Rx_16_Tx_16_Port/UART2ETH.srcs/sources_1/bd/Uart_ETH/ipshared/55c0/hdl/axi_register_slice_v2_1_vl_rfs.v:85]
INFO: [Synth 8-256] done synthesizing module 'axi_register_slice_v2_1_13_axic_register_slice__parameterized0' (6#1) [e:/ETH2SER/SoftwareProjects/UART2ETH970222-UART16550_FIFO_Rx_16_Tx_16_Port/UART2ETH.srcs/sources_1/bd/Uart_ETH/ipshared/55c0/hdl/axi_register_slice_v2_1_vl_rfs.v:85]
INFO: [Synth 8-638] synthesizing module 'axi_register_slice_v2_1_13_axic_register_slice__parameterized1' [e:/ETH2SER/SoftwareProjects/UART2ETH970222-UART16550_FIFO_Rx_16_Tx_16_Port/UART2ETH.srcs/sources_1/bd/Uart_ETH/ipshared/55c0/hdl/axi_register_slice_v2_1_vl_rfs.v:85]
INFO: [Synth 8-256] done synthesizing module 'axi_register_slice_v2_1_13_axic_register_slice__parameterized1' (6#1) [e:/ETH2SER/SoftwareProjects/UART2ETH970222-UART16550_FIFO_Rx_16_Tx_16_Port/UART2ETH.srcs/sources_1/bd/Uart_ETH/ipshared/55c0/hdl/axi_register_slice_v2_1_vl_rfs.v:85]
INFO: [Synth 8-638] synthesizing module 'axi_register_slice_v2_1_13_axic_register_slice__parameterized2' [e:/ETH2SER/SoftwareProjects/UART2ETH970222-UART16550_FIFO_Rx_16_Tx_16_Port/UART2ETH.srcs/sources_1/bd/Uart_ETH/ipshared/55c0/hdl/axi_register_slice_v2_1_vl_rfs.v:85]
INFO: [Synth 8-256] done synthesizing module 'axi_register_slice_v2_1_13_axic_register_slice__parameterized2' (6#1) [e:/ETH2SER/SoftwareProjects/UART2ETH970222-UART16550_FIFO_Rx_16_Tx_16_Port/UART2ETH.srcs/sources_1/bd/Uart_ETH/ipshared/55c0/hdl/axi_register_slice_v2_1_vl_rfs.v:85]
INFO: [Synth 8-638] synthesizing module 'axi_infrastructure_v1_1_0_vector2axi' [e:/ETH2SER/SoftwareProjects/UART2ETH970222-UART16550_FIFO_Rx_16_Tx_16_Port/UART2ETH.srcs/sources_1/bd/Uart_ETH/ipshared/7e3a/hdl/axi_infrastructure_v1_1_vl_rfs.v:474]
INFO: [Synth 8-256] done synthesizing module 'axi_infrastructure_v1_1_0_vector2axi' (7#1) [e:/ETH2SER/SoftwareProjects/UART2ETH970222-UART16550_FIFO_Rx_16_Tx_16_Port/UART2ETH.srcs/sources_1/bd/Uart_ETH/ipshared/7e3a/hdl/axi_infrastructure_v1_1_vl_rfs.v:474]
INFO: [Synth 8-256] done synthesizing module 'axi_register_slice_v2_1_13_axi_register_slice' (8#1) [e:/ETH2SER/SoftwareProjects/UART2ETH970222-UART16550_FIFO_Rx_16_Tx_16_Port/UART2ETH.srcs/sources_1/bd/Uart_ETH/ipshared/55c0/hdl/axi_register_slice_v2_1_vl_rfs.v:791]
INFO: [Synth 8-638] synthesizing module 'axi_dwidth_converter_v2_1_13_a_upsizer__parameterized0' [e:/ETH2SER/SoftwareProjects/UART2ETH970222-UART16550_FIFO_Rx_16_Tx_16_Port/UART2ETH.srcs/sources_1/bd/Uart_ETH/ipshared/3bde/hdl/axi_dwidth_converter_v2_1_vlsyn_rfs.v:3603]
INFO: [Synth 8-256] done synthesizing module 'axi_dwidth_converter_v2_1_13_a_upsizer__parameterized0' (8#1) [e:/ETH2SER/SoftwareProjects/UART2ETH970222-UART16550_FIFO_Rx_16_Tx_16_Port/UART2ETH.srcs/sources_1/bd/Uart_ETH/ipshared/3bde/hdl/axi_dwidth_converter_v2_1_vlsyn_rfs.v:3603]
INFO: [Synth 8-638] synthesizing module 'axi_register_slice_v2_1_13_axi_register_slice__parameterized0' [e:/ETH2SER/SoftwareProjects/UART2ETH970222-UART16550_FIFO_Rx_16_Tx_16_Port/UART2ETH.srcs/sources_1/bd/Uart_ETH/ipshared/55c0/hdl/axi_register_slice_v2_1_vl_rfs.v:791]
INFO: [Synth 8-638] synthesizing module 'axi_infrastructure_v1_1_0_axi2vector__parameterized0' [e:/ETH2SER/SoftwareProjects/UART2ETH970222-UART16550_FIFO_Rx_16_Tx_16_Port/UART2ETH.srcs/sources_1/bd/Uart_ETH/ipshared/7e3a/hdl/axi_infrastructure_v1_1_vl_rfs.v:60]
INFO: [Synth 8-256] done synthesizing module 'axi_infrastructure_v1_1_0_axi2vector__parameterized0' (8#1) [e:/ETH2SER/SoftwareProjects/UART2ETH970222-UART16550_FIFO_Rx_16_Tx_16_Port/UART2ETH.srcs/sources_1/bd/Uart_ETH/ipshared/7e3a/hdl/axi_infrastructure_v1_1_vl_rfs.v:60]
INFO: [Synth 8-638] synthesizing module 'axi_register_slice_v2_1_13_axic_register_slice__parameterized3' [e:/ETH2SER/SoftwareProjects/UART2ETH970222-UART16550_FIFO_Rx_16_Tx_16_Port/UART2ETH.srcs/sources_1/bd/Uart_ETH/ipshared/55c0/hdl/axi_register_slice_v2_1_vl_rfs.v:85]
INFO: [Synth 8-256] done synthesizing module 'axi_register_slice_v2_1_13_axic_register_slice__parameterized3' (8#1) [e:/ETH2SER/SoftwareProjects/UART2ETH970222-UART16550_FIFO_Rx_16_Tx_16_Port/UART2ETH.srcs/sources_1/bd/Uart_ETH/ipshared/55c0/hdl/axi_register_slice_v2_1_vl_rfs.v:85]
INFO: [Synth 8-638] synthesizing module 'axi_register_slice_v2_1_13_axic_register_slice__parameterized4' [e:/ETH2SER/SoftwareProjects/UART2ETH970222-UART16550_FIFO_Rx_16_Tx_16_Port/UART2ETH.srcs/sources_1/bd/Uart_ETH/ipshared/55c0/hdl/axi_register_slice_v2_1_vl_rfs.v:85]
INFO: [Synth 8-256] done synthesizing module 'axi_register_slice_v2_1_13_axic_register_slice__parameterized4' (8#1) [e:/ETH2SER/SoftwareProjects/UART2ETH970222-UART16550_FIFO_Rx_16_Tx_16_Port/UART2ETH.srcs/sources_1/bd/Uart_ETH/ipshared/55c0/hdl/axi_register_slice_v2_1_vl_rfs.v:85]
INFO: [Synth 8-638] synthesizing module 'axi_infrastructure_v1_1_0_vector2axi__parameterized0' [e:/ETH2SER/SoftwareProjects/UART2ETH970222-UART16550_FIFO_Rx_16_Tx_16_Port/UART2ETH.srcs/sources_1/bd/Uart_ETH/ipshared/7e3a/hdl/axi_infrastructure_v1_1_vl_rfs.v:474]
INFO: [Synth 8-256] done synthesizing module 'axi_infrastructure_v1_1_0_vector2axi__parameterized0' (8#1) [e:/ETH2SER/SoftwareProjects/UART2ETH970222-UART16550_FIFO_Rx_16_Tx_16_Port/UART2ETH.srcs/sources_1/bd/Uart_ETH/ipshared/7e3a/hdl/axi_infrastructure_v1_1_vl_rfs.v:474]
INFO: [Synth 8-256] done synthesizing module 'axi_register_slice_v2_1_13_axi_register_slice__parameterized0' (8#1) [e:/ETH2SER/SoftwareProjects/UART2ETH970222-UART16550_FIFO_Rx_16_Tx_16_Port/UART2ETH.srcs/sources_1/bd/Uart_ETH/ipshared/55c0/hdl/axi_register_slice_v2_1_vl_rfs.v:791]
INFO: [Synth 8-256] done synthesizing module 'axi_dwidth_converter_v2_1_13_axi_upsizer' (9#1) [e:/ETH2SER/SoftwareProjects/UART2ETH970222-UART16550_FIFO_Rx_16_Tx_16_Port/UART2ETH.srcs/sources_1/bd/Uart_ETH/ipshared/3bde/hdl/axi_dwidth_converter_v2_1_vlsyn_rfs.v:7038]
INFO: [Synth 8-256] done synthesizing module 'axi_dwidth_converter_v2_1_13_top' (10#1) [e:/ETH2SER/SoftwareProjects/UART2ETH970222-UART16550_FIFO_Rx_16_Tx_16_Port/UART2ETH.srcs/sources_1/bd/Uart_ETH/ipshared/3bde/hdl/axi_dwidth_converter_v2_1_vlsyn_rfs.v:14450]
INFO: [Synth 8-256] done synthesizing module 'Uart_ETH_auto_us_6' (11#1) [e:/ETH2SER/SoftwareProjects/UART2ETH970222-UART16550_FIFO_Rx_16_Tx_16_Port/UART2ETH.srcs/sources_1/bd/Uart_ETH/ip/Uart_ETH_auto_us_6/synth/Uart_ETH_auto_us_6.v:58]
Finished RTL Elaboration : Time (s): cpu = 00:02:27 ; elapsed = 00:02:33 . Memory (MB): peak = 522.773 ; gain = 210.719
Finished RTL Optimization Phase 1 : Time (s): cpu = 00:02:28 ; elapsed = 00:02:33 . Memory (MB): peak = 522.773 ; gain = 210.719
INFO: [Device 21-403] Loading part xc7z020clg400-1
Constraint Validation Runtime : Time (s): cpu = 00:00:01 ; elapsed = 00:00:00.158 . Memory (MB): peak = 768.055 ; gain = 0.000
Finished Constraint Validation : Time (s): cpu = 00:02:47 ; elapsed = 00:02:53 . Memory (MB): peak = 768.055 ; gain = 456.000
Finished Loading Part and Timing Information : Time (s): cpu = 00:02:47 ; elapsed = 00:02:53 . Memory (MB): peak = 768.055 ; gain = 456.000
Finished applying 'set_property' XDC Constraints : Time (s): cpu = 00:02:47 ; elapsed = 00:02:53 . Memory (MB): peak = 768.055 ; gain = 456.000
Finished RTL Optimization Phase 2 : Time (s): cpu = 00:02:49 ; elapsed = 00:02:54 . Memory (MB): peak = 768.055 ; gain = 456.000
Finished Cross Boundary and Area Optimization : Time (s): cpu = 00:02:57 ; elapsed = 00:03:03 . Memory (MB): peak = 768.055 ; gain = 456.000
Finished Applying XDC Timing Constraints : Time (s): cpu = 00:03:14 ; elapsed = 00:03:20 . Memory (MB): peak = 768.055 ; gain = 456.000
Finished Timing Optimization : Time (s): cpu = 00:03:15 ; elapsed = 00:03:22 . Memory (MB): peak = 770.813 ; gain = 458.758
Finished Technology Mapping : Time (s): cpu = 00:03:16 ; elapsed = 00:03:23 . Memory (MB): peak = 782.652 ; gain = 470.598
Finished IO Insertion : Time (s): cpu = 00:03:17 ; elapsed = 00:03:24 . Memory (MB): peak = 782.652 ; gain = 470.598
Finished Renaming Generated Instances : Time (s): cpu = 00:03:17 ; elapsed = 00:03:24 . Memory (MB): peak = 782.652 ; gain = 470.598
Finished Rebuilding User Hierarchy : Time (s): cpu = 00:03:17 ; elapsed = 00:03:24 . Memory (MB): peak = 782.652 ; gain = 470.598
Finished Renaming Generated Ports : Time (s): cpu = 00:03:17 ; elapsed = 00:03:24 . Memory (MB): peak = 782.652 ; gain = 470.598
Finished Handling Custom Attributes : Time (s): cpu = 00:03:17 ; elapsed = 00:03:24 . Memory (MB): peak = 782.652 ; gain = 470.598
Finished Renaming Generated Nets : Time (s): cpu = 00:03:17 ; elapsed = 00:03:24 . Memory (MB): peak = 782.652 ; gain = 470.598

Report Cell Usage: 
+------+--------+------+
|      |Cell    |Count |
+------+--------+------+
|1     |LUT1    |     7|
|2     |LUT2    |    32|
|3     |LUT3    |   103|
|4     |LUT4    |   105|
|5     |LUT5    |    79|
|6     |LUT6    |   195|
|7     |SRLC32E |    56|
|8     |FDRE    |   581|
|9     |FDSE    |     4|
+------+--------+------+
Finished Writing Synthesis Report : Time (s): cpu = 00:03:17 ; elapsed = 00:03:24 . Memory (MB): peak = 782.652 ; gain = 470.598
synth_design: Time (s): cpu = 00:03:21 ; elapsed = 00:03:28 . Memory (MB): peak = 782.652 ; gain = 479.359
