
*** Running vivado
    with args -log Uart_ETH_fifo_generator_0_0.vds -m64 -product Vivado -mode batch -messageDb vivado.pb -notrace -source Uart_ETH_fifo_generator_0_0.tcl


****** Vivado v2017.2 (64-bit)
  **** SW Build 1909853 on Thu Jun 15 18:39:09 MDT 2017
  **** IP Build 1909766 on Thu Jun 15 19:58:00 MDT 2017
    ** Copyright 1986-2017 Xilinx, Inc. All Rights Reserved.

source Uart_ETH_fifo_generator_0_0.tcl -notrace
create_project: Time (s): cpu = 00:00:01 ; elapsed = 00:00:06 . Memory (MB): peak = 263.859 ; gain = 43.555
Starting RTL Elaboration : Time (s): cpu = 00:00:09 ; elapsed = 00:00:13 . Memory (MB): peak = 384.055 ; gain = 80.355
INFO: [Synth 8-638] synthesizing module 'Uart_ETH_fifo_generator_0_0' [e:/ETH2SER/SoftwareProjects/UART2ETH970206-UART16550_Rx_FIFO_1_Port/UART2ETH.srcs/sources_1/bd/Uart_ETH/ip/Uart_ETH_fifo_generator_0_0/synth/Uart_ETH_fifo_generator_0_0.vhd:73]
INFO: [Synth 8-256] done synthesizing module 'Uart_ETH_fifo_generator_0_0' (27#1) [e:/ETH2SER/SoftwareProjects/UART2ETH970206-UART16550_Rx_FIFO_1_Port/UART2ETH.srcs/sources_1/bd/Uart_ETH/ip/Uart_ETH_fifo_generator_0_0/synth/Uart_ETH_fifo_generator_0_0.vhd:73]
Finished RTL Elaboration : Time (s): cpu = 00:01:08 ; elapsed = 00:01:14 . Memory (MB): peak = 601.863 ; gain = 298.164
Finished RTL Optimization Phase 1 : Time (s): cpu = 00:01:08 ; elapsed = 00:01:14 . Memory (MB): peak = 601.863 ; gain = 298.164
INFO: [Device 21-403] Loading part xc7z020clg400-1
Constraint Validation Runtime : Time (s): cpu = 00:00:00 ; elapsed = 00:00:00.027 . Memory (MB): peak = 713.137 ; gain = 0.000
Finished Constraint Validation : Time (s): cpu = 00:01:25 ; elapsed = 00:01:32 . Memory (MB): peak = 713.137 ; gain = 409.438
Finished Loading Part and Timing Information : Time (s): cpu = 00:01:25 ; elapsed = 00:01:32 . Memory (MB): peak = 713.137 ; gain = 409.438
Finished applying 'set_property' XDC Constraints : Time (s): cpu = 00:01:25 ; elapsed = 00:01:32 . Memory (MB): peak = 713.137 ; gain = 409.438
Finished RTL Optimization Phase 2 : Time (s): cpu = 00:01:26 ; elapsed = 00:01:33 . Memory (MB): peak = 713.137 ; gain = 409.438
Finished Cross Boundary and Area Optimization : Time (s): cpu = 00:01:27 ; elapsed = 00:01:34 . Memory (MB): peak = 713.137 ; gain = 409.438
Finished Applying XDC Timing Constraints : Time (s): cpu = 00:01:39 ; elapsed = 00:01:46 . Memory (MB): peak = 713.137 ; gain = 409.438
Finished Timing Optimization : Time (s): cpu = 00:01:39 ; elapsed = 00:01:46 . Memory (MB): peak = 713.137 ; gain = 409.438
Finished Technology Mapping : Time (s): cpu = 00:01:39 ; elapsed = 00:01:47 . Memory (MB): peak = 731.000 ; gain = 427.301
Finished IO Insertion : Time (s): cpu = 00:01:40 ; elapsed = 00:01:47 . Memory (MB): peak = 731.000 ; gain = 427.301
Finished Renaming Generated Instances : Time (s): cpu = 00:01:40 ; elapsed = 00:01:47 . Memory (MB): peak = 731.000 ; gain = 427.301
Finished Rebuilding User Hierarchy : Time (s): cpu = 00:01:40 ; elapsed = 00:01:47 . Memory (MB): peak = 731.000 ; gain = 427.301
Finished Renaming Generated Ports : Time (s): cpu = 00:01:40 ; elapsed = 00:01:47 . Memory (MB): peak = 731.000 ; gain = 427.301
Finished Handling Custom Attributes : Time (s): cpu = 00:01:40 ; elapsed = 00:01:47 . Memory (MB): peak = 731.000 ; gain = 427.301
Finished Renaming Generated Nets : Time (s): cpu = 00:01:40 ; elapsed = 00:01:47 . Memory (MB): peak = 731.000 ; gain = 427.301

Report Cell Usage: 
+------+---------+------+
|      |Cell     |Count |
+------+---------+------+
|1     |CARRY4   |     2|
|2     |LUT1     |     6|
|3     |LUT2     |     8|
|4     |LUT3     |     5|
|5     |LUT4     |    13|
|6     |LUT5     |     5|
|7     |LUT6     |     6|
|8     |RAMB18E1 |     1|
|9     |FDRE     |    42|
|10    |FDSE     |     9|
+------+---------+------+
Finished Writing Synthesis Report : Time (s): cpu = 00:01:40 ; elapsed = 00:01:47 . Memory (MB): peak = 731.000 ; gain = 427.301
synth_design: Time (s): cpu = 00:01:42 ; elapsed = 00:01:51 . Memory (MB): peak = 735.473 ; gain = 439.531
