
*** Running vivado
    with args -log UARTConfigTest_ila_0_0.vds -m64 -product Vivado -mode batch -messageDb vivado.pb -notrace -source UARTConfigTest_ila_0_0.tcl


****** Vivado v2017.2 (64-bit)
  **** SW Build 1909853 on Thu Jun 15 18:39:09 MDT 2017
  **** IP Build 1909766 on Thu Jun 15 19:58:00 MDT 2017
    ** Copyright 1986-2017 Xilinx, Inc. All Rights Reserved.

source UARTConfigTest_ila_0_0.tcl -notrace
Starting RTL Elaboration : Time (s): cpu = 00:00:10 ; elapsed = 00:00:10 . Memory (MB): peak = 424.879 ; gain = 101.949
INFO: [Synth 8-638] synthesizing module 'UARTConfigTest_ila_0_0' [e:/ETH2SER/SoftwareProjects/UART2ETH961214OnePort_TCP/UART2ETH.srcs/sources_1/bd/UARTConfigTest/ip/UARTConfigTest_ila_0_0/synth/UARTConfigTest_ila_0_0.vhd:66]
INFO: [Synth 8-638] synthesizing module 'CFGLUT5' [C:/Xilinx/Vivado/2017.2/scripts/rt/data/unisim_comp.v:998]
INFO: [Synth 8-256] done synthesizing module 'CFGLUT5' (8#1) [C:/Xilinx/Vivado/2017.2/scripts/rt/data/unisim_comp.v:998]
INFO: [Synth 8-638] synthesizing module 'CARRY4' [C:/Xilinx/Vivado/2017.2/scripts/rt/data/unisim_comp.v:961]
INFO: [Synth 8-256] done synthesizing module 'CARRY4' (9#1) [C:/Xilinx/Vivado/2017.2/scripts/rt/data/unisim_comp.v:961]
INFO: [Synth 8-638] synthesizing module 'SRLC32E' [C:/Xilinx/Vivado/2017.2/scripts/rt/data/unisim_comp.v:43823]
INFO: [Synth 8-256] done synthesizing module 'SRLC32E' (19#1) [C:/Xilinx/Vivado/2017.2/scripts/rt/data/unisim_comp.v:43823]
INFO: [Synth 8-638] synthesizing module 'SRL16E' [C:/Xilinx/Vivado/2017.2/scripts/rt/data/unisim_comp.v:43673]
INFO: [Synth 8-256] done synthesizing module 'SRL16E' (21#1) [C:/Xilinx/Vivado/2017.2/scripts/rt/data/unisim_comp.v:43673]
INFO: [Synth 8-638] synthesizing module 'SRLC16E' [C:/Xilinx/Vivado/2017.2/scripts/rt/data/unisim_comp.v:43762]
INFO: [Synth 8-256] done synthesizing module 'SRLC16E' (23#1) [C:/Xilinx/Vivado/2017.2/scripts/rt/data/unisim_comp.v:43762]
INFO: [Synth 8-638] synthesizing module 'FDRE' [C:/Xilinx/Vivado/2017.2/scripts/rt/data/unisim_comp.v:3964]
INFO: [Synth 8-256] done synthesizing module 'FDRE' (28#1) [C:/Xilinx/Vivado/2017.2/scripts/rt/data/unisim_comp.v:3964]
INFO: [Synth 8-256] done synthesizing module 'UARTConfigTest_ila_0_0' (46#1) [e:/ETH2SER/SoftwareProjects/UART2ETH961214OnePort_TCP/UART2ETH.srcs/sources_1/bd/UARTConfigTest/ip/UARTConfigTest_ila_0_0/synth/UARTConfigTest_ila_0_0.vhd:66]
Finished RTL Elaboration : Time (s): cpu = 00:01:27 ; elapsed = 00:01:28 . Memory (MB): peak = 745.402 ; gain = 422.473
Finished RTL Optimization Phase 1 : Time (s): cpu = 00:01:27 ; elapsed = 00:01:29 . Memory (MB): peak = 745.402 ; gain = 422.473
INFO: [Device 21-403] Loading part xc7z020clg400-1
Constraint Validation Runtime : Time (s): cpu = 00:00:00 ; elapsed = 00:00:00.085 . Memory (MB): peak = 824.211 ; gain = 0.000
Finished Constraint Validation : Time (s): cpu = 00:01:45 ; elapsed = 00:01:47 . Memory (MB): peak = 824.211 ; gain = 501.281
Finished Loading Part and Timing Information : Time (s): cpu = 00:01:45 ; elapsed = 00:01:47 . Memory (MB): peak = 824.211 ; gain = 501.281
Finished applying 'set_property' XDC Constraints : Time (s): cpu = 00:01:45 ; elapsed = 00:01:47 . Memory (MB): peak = 824.211 ; gain = 501.281
Finished RTL Optimization Phase 2 : Time (s): cpu = 00:01:48 ; elapsed = 00:01:50 . Memory (MB): peak = 824.211 ; gain = 501.281
Finished Cross Boundary and Area Optimization : Time (s): cpu = 00:01:57 ; elapsed = 00:01:59 . Memory (MB): peak = 824.211 ; gain = 501.281
Finished Applying XDC Timing Constraints : Time (s): cpu = 00:02:10 ; elapsed = 00:02:13 . Memory (MB): peak = 824.211 ; gain = 501.281
Finished Timing Optimization : Time (s): cpu = 00:02:10 ; elapsed = 00:02:13 . Memory (MB): peak = 824.211 ; gain = 501.281
Finished Technology Mapping : Time (s): cpu = 00:02:11 ; elapsed = 00:02:14 . Memory (MB): peak = 824.211 ; gain = 501.281
Finished IO Insertion : Time (s): cpu = 00:02:12 ; elapsed = 00:02:15 . Memory (MB): peak = 824.211 ; gain = 501.281
Finished Renaming Generated Instances : Time (s): cpu = 00:02:12 ; elapsed = 00:02:15 . Memory (MB): peak = 824.211 ; gain = 501.281
Finished Rebuilding User Hierarchy : Time (s): cpu = 00:02:13 ; elapsed = 00:02:15 . Memory (MB): peak = 824.211 ; gain = 501.281
Finished Renaming Generated Ports : Time (s): cpu = 00:02:13 ; elapsed = 00:02:15 . Memory (MB): peak = 824.211 ; gain = 501.281
Finished Handling Custom Attributes : Time (s): cpu = 00:02:13 ; elapsed = 00:02:16 . Memory (MB): peak = 824.211 ; gain = 501.281
Finished Renaming Generated Nets : Time (s): cpu = 00:02:13 ; elapsed = 00:02:16 . Memory (MB): peak = 824.211 ; gain = 501.281

Report Cell Usage: 
+------+---------+------+
|      |Cell     |Count |
+------+---------+------+
|1     |CARRY4   |    35|
|2     |CFGLUT5  |    95|
|3     |LUT1     |    37|
|4     |LUT2     |    60|
|5     |LUT3     |    96|
|6     |LUT4     |   171|
|7     |LUT5     |   129|
|8     |LUT6     |   459|
|9     |MUXF7    |    29|
|10    |RAMB36E1 |     1|
|11    |SRL16E   |    16|
|12    |SRLC16E  |     2|
|13    |SRLC32E  |    17|
|14    |FDRE     |  1433|
|15    |FDSE     |     9|
+------+---------+------+
Finished Writing Synthesis Report : Time (s): cpu = 00:02:13 ; elapsed = 00:02:16 . Memory (MB): peak = 824.211 ; gain = 501.281
synth_design: Time (s): cpu = 00:02:16 ; elapsed = 00:02:20 . Memory (MB): peak = 824.211 ; gain = 501.281
