
*** Running vivado
    with args -log Uart_ETH_ila_0_2.vds -m64 -product Vivado -mode batch -messageDb vivado.pb -notrace -source Uart_ETH_ila_0_2.tcl


****** Vivado v2017.2 (64-bit)
  **** SW Build 1909853 on Thu Jun 15 18:39:09 MDT 2017
  **** IP Build 1909766 on Thu Jun 15 19:58:00 MDT 2017
    ** Copyright 1986-2017 Xilinx, Inc. All Rights Reserved.

source Uart_ETH_ila_0_2.tcl -notrace
Starting RTL Elaboration : Time (s): cpu = 00:00:09 ; elapsed = 00:00:09 . Memory (MB): peak = 456.742 ; gain = 101.199
INFO: [Synth 8-638] synthesizing module 'Uart_ETH_ila_0_2' [e:/ETH2SER/SoftwareProjects/UART2ETH970503_Master_Slave_IOBUF/UART2ETH.srcs/sources_1/bd/Uart_ETH/ip/Uart_ETH_ila_0_2/synth/Uart_ETH_ila_0_2.vhd:64]
INFO: [Synth 8-638] synthesizing module 'CFGLUT5' [C:/Xilinx/Vivado/2017.2/scripts/rt/data/unisim_comp.v:998]
INFO: [Synth 8-256] done synthesizing module 'CFGLUT5' (8#1) [C:/Xilinx/Vivado/2017.2/scripts/rt/data/unisim_comp.v:998]
INFO: [Synth 8-638] synthesizing module 'CARRY4' [C:/Xilinx/Vivado/2017.2/scripts/rt/data/unisim_comp.v:961]
INFO: [Synth 8-256] done synthesizing module 'CARRY4' (9#1) [C:/Xilinx/Vivado/2017.2/scripts/rt/data/unisim_comp.v:961]
INFO: [Synth 8-638] synthesizing module 'SRLC32E' [C:/Xilinx/Vivado/2017.2/scripts/rt/data/unisim_comp.v:43823]
INFO: [Synth 8-256] done synthesizing module 'SRLC32E' (19#1) [C:/Xilinx/Vivado/2017.2/scripts/rt/data/unisim_comp.v:43823]
INFO: [Synth 8-638] synthesizing module 'SRL16E' [C:/Xilinx/Vivado/2017.2/scripts/rt/data/unisim_comp.v:43673]
INFO: [Synth 8-256] done synthesizing module 'SRL16E' (21#1) [C:/Xilinx/Vivado/2017.2/scripts/rt/data/unisim_comp.v:43673]
INFO: [Synth 8-638] synthesizing module 'SRLC16E' [C:/Xilinx/Vivado/2017.2/scripts/rt/data/unisim_comp.v:43762]
INFO: [Synth 8-256] done synthesizing module 'SRLC16E' (23#1) [C:/Xilinx/Vivado/2017.2/scripts/rt/data/unisim_comp.v:43762]
INFO: [Synth 8-638] synthesizing module 'FDRE' [C:/Xilinx/Vivado/2017.2/scripts/rt/data/unisim_comp.v:3964]
INFO: [Synth 8-256] done synthesizing module 'FDRE' (28#1) [C:/Xilinx/Vivado/2017.2/scripts/rt/data/unisim_comp.v:3964]
INFO: [Synth 8-256] done synthesizing module 'Uart_ETH_ila_0_2' (46#1) [e:/ETH2SER/SoftwareProjects/UART2ETH970503_Master_Slave_IOBUF/UART2ETH.srcs/sources_1/bd/Uart_ETH/ip/Uart_ETH_ila_0_2/synth/Uart_ETH_ila_0_2.vhd:64]
Finished RTL Elaboration : Time (s): cpu = 00:01:20 ; elapsed = 00:01:21 . Memory (MB): peak = 774.949 ; gain = 419.406
Finished RTL Optimization Phase 1 : Time (s): cpu = 00:01:20 ; elapsed = 00:01:22 . Memory (MB): peak = 774.949 ; gain = 419.406
INFO: [Device 21-403] Loading part xc7z020clg400-1
Constraint Validation Runtime : Time (s): cpu = 00:00:00 ; elapsed = 00:00:00.138 . Memory (MB): peak = 853.539 ; gain = 0.000
Finished Constraint Validation : Time (s): cpu = 00:01:38 ; elapsed = 00:01:40 . Memory (MB): peak = 853.539 ; gain = 497.996
Finished Loading Part and Timing Information : Time (s): cpu = 00:01:38 ; elapsed = 00:01:40 . Memory (MB): peak = 853.539 ; gain = 497.996
Finished applying 'set_property' XDC Constraints : Time (s): cpu = 00:01:38 ; elapsed = 00:01:40 . Memory (MB): peak = 853.539 ; gain = 497.996
Finished RTL Optimization Phase 2 : Time (s): cpu = 00:01:40 ; elapsed = 00:01:43 . Memory (MB): peak = 853.539 ; gain = 497.996
Finished Cross Boundary and Area Optimization : Time (s): cpu = 00:01:49 ; elapsed = 00:01:52 . Memory (MB): peak = 853.539 ; gain = 497.996
Finished Applying XDC Timing Constraints : Time (s): cpu = 00:02:02 ; elapsed = 00:02:06 . Memory (MB): peak = 853.539 ; gain = 497.996
Finished Timing Optimization : Time (s): cpu = 00:02:03 ; elapsed = 00:02:06 . Memory (MB): peak = 853.539 ; gain = 497.996
Finished Technology Mapping : Time (s): cpu = 00:02:04 ; elapsed = 00:02:07 . Memory (MB): peak = 853.539 ; gain = 497.996
Finished IO Insertion : Time (s): cpu = 00:02:05 ; elapsed = 00:02:08 . Memory (MB): peak = 853.539 ; gain = 497.996
Finished Renaming Generated Instances : Time (s): cpu = 00:02:05 ; elapsed = 00:02:08 . Memory (MB): peak = 853.539 ; gain = 497.996
Finished Rebuilding User Hierarchy : Time (s): cpu = 00:02:05 ; elapsed = 00:02:08 . Memory (MB): peak = 853.539 ; gain = 497.996
Finished Renaming Generated Ports : Time (s): cpu = 00:02:05 ; elapsed = 00:02:08 . Memory (MB): peak = 853.539 ; gain = 497.996
Finished Handling Custom Attributes : Time (s): cpu = 00:02:05 ; elapsed = 00:02:08 . Memory (MB): peak = 853.539 ; gain = 497.996
Finished Renaming Generated Nets : Time (s): cpu = 00:02:05 ; elapsed = 00:02:08 . Memory (MB): peak = 853.539 ; gain = 497.996

Report Cell Usage: 
+------+---------+------+
|      |Cell     |Count |
+------+---------+------+
|1     |CARRY4   |    25|
|2     |CFGLUT5  |    67|
|3     |LUT1     |    33|
|4     |LUT2     |    51|
|5     |LUT3     |    76|
|6     |LUT4     |   122|
|7     |LUT5     |   138|
|8     |LUT6     |   374|
|9     |MUXF7    |    25|
|10    |RAMB18E1 |     1|
|11    |SRL16E   |     7|
|12    |SRLC16E  |     2|
|13    |SRLC32E  |    17|
|14    |FDRE     |  1193|
|15    |FDSE     |     9|
+------+---------+------+
Finished Writing Synthesis Report : Time (s): cpu = 00:02:05 ; elapsed = 00:02:08 . Memory (MB): peak = 853.539 ; gain = 497.996
synth_design: Time (s): cpu = 00:02:08 ; elapsed = 00:02:11 . Memory (MB): peak = 853.539 ; gain = 497.996
