
*** Running vivado
    with args -log Uart_ETH_auto_pc_7.vds -m64 -product Vivado -mode batch -messageDb vivado.pb -notrace -source Uart_ETH_auto_pc_7.tcl


****** Vivado v2017.2 (64-bit)
  **** SW Build 1909853 on Thu Jun 15 18:39:09 MDT 2017
  **** IP Build 1909766 on Thu Jun 15 19:58:00 MDT 2017
    ** Copyright 1986-2017 Xilinx, Inc. All Rights Reserved.

source Uart_ETH_auto_pc_7.tcl -notrace
Starting RTL Elaboration : Time (s): cpu = 00:00:09 ; elapsed = 00:00:10 . Memory (MB): peak = 394.020 ; gain = 82.809
INFO: [Synth 8-638] synthesizing module 'Uart_ETH_auto_pc_7' [e:/ETH2SER/SoftwareProjects/UART2ETH970222-UART16550_FIFO_Rx_16_Tx_16_Port/UART2ETH.srcs/sources_1/bd/Uart_ETH/ip/Uart_ETH_auto_pc_7/synth/Uart_ETH_auto_pc_7.v:58]
INFO: [Synth 8-638] synthesizing module 'axi_protocol_converter_v2_1_13_axi_protocol_converter' [e:/ETH2SER/SoftwareProjects/UART2ETH970222-UART16550_FIFO_Rx_16_Tx_16_Port/UART2ETH.srcs/sources_1/bd/Uart_ETH/ipshared/f0ae/hdl/axi_protocol_converter_v2_1_vl_rfs.v:4811]
INFO: [Synth 8-638] synthesizing module 'axi_protocol_converter_v2_1_13_axi3_conv' [e:/ETH2SER/SoftwareProjects/UART2ETH970222-UART16550_FIFO_Rx_16_Tx_16_Port/UART2ETH.srcs/sources_1/bd/Uart_ETH/ipshared/f0ae/hdl/axi_protocol_converter_v2_1_vl_rfs.v:954]
INFO: [Synth 8-638] synthesizing module 'axi_protocol_converter_v2_1_13_b_downsizer' [e:/ETH2SER/SoftwareProjects/UART2ETH970222-UART16550_FIFO_Rx_16_Tx_16_Port/UART2ETH.srcs/sources_1/bd/Uart_ETH/ipshared/f0ae/hdl/axi_protocol_converter_v2_1_vl_rfs.v:2276]
INFO: [Synth 8-256] done synthesizing module 'axi_protocol_converter_v2_1_13_b_downsizer' (1#1) [e:/ETH2SER/SoftwareProjects/UART2ETH970222-UART16550_FIFO_Rx_16_Tx_16_Port/UART2ETH.srcs/sources_1/bd/Uart_ETH/ipshared/f0ae/hdl/axi_protocol_converter_v2_1_vl_rfs.v:2276]
INFO: [Synth 8-638] synthesizing module 'axi_protocol_converter_v2_1_13_a_axi3_conv' [e:/ETH2SER/SoftwareProjects/UART2ETH970222-UART16550_FIFO_Rx_16_Tx_16_Port/UART2ETH.srcs/sources_1/bd/Uart_ETH/ipshared/f0ae/hdl/axi_protocol_converter_v2_1_vl_rfs.v:62]
INFO: [Synth 8-638] synthesizing module 'axi_data_fifo_v2_1_12_axic_fifo' [e:/ETH2SER/SoftwareProjects/UART2ETH970222-UART16550_FIFO_Rx_16_Tx_16_Port/UART2ETH.srcs/sources_1/bd/Uart_ETH/ipshared/95b9/hdl/axi_data_fifo_v2_1_vl_rfs.v:64]
INFO: [Synth 8-638] synthesizing module 'axi_data_fifo_v2_1_12_fifo_gen' [e:/ETH2SER/SoftwareProjects/UART2ETH970222-UART16550_FIFO_Rx_16_Tx_16_Port/UART2ETH.srcs/sources_1/bd/Uart_ETH/ipshared/95b9/hdl/axi_data_fifo_v2_1_vl_rfs.v:168]
INFO: [Synth 8-256] done synthesizing module 'axi_data_fifo_v2_1_12_fifo_gen' (20#1) [e:/ETH2SER/SoftwareProjects/UART2ETH970222-UART16550_FIFO_Rx_16_Tx_16_Port/UART2ETH.srcs/sources_1/bd/Uart_ETH/ipshared/95b9/hdl/axi_data_fifo_v2_1_vl_rfs.v:168]
INFO: [Synth 8-256] done synthesizing module 'axi_data_fifo_v2_1_12_axic_fifo' (21#1) [e:/ETH2SER/SoftwareProjects/UART2ETH970222-UART16550_FIFO_Rx_16_Tx_16_Port/UART2ETH.srcs/sources_1/bd/Uart_ETH/ipshared/95b9/hdl/axi_data_fifo_v2_1_vl_rfs.v:64]
INFO: [Synth 8-638] synthesizing module 'axi_data_fifo_v2_1_12_axic_fifo__parameterized0' [e:/ETH2SER/SoftwareProjects/UART2ETH970222-UART16550_FIFO_Rx_16_Tx_16_Port/UART2ETH.srcs/sources_1/bd/Uart_ETH/ipshared/95b9/hdl/axi_data_fifo_v2_1_vl_rfs.v:64]
INFO: [Synth 8-638] synthesizing module 'axi_data_fifo_v2_1_12_fifo_gen__parameterized0' [e:/ETH2SER/SoftwareProjects/UART2ETH970222-UART16550_FIFO_Rx_16_Tx_16_Port/UART2ETH.srcs/sources_1/bd/Uart_ETH/ipshared/95b9/hdl/axi_data_fifo_v2_1_vl_rfs.v:168]
INFO: [Synth 8-256] done synthesizing module 'axi_data_fifo_v2_1_12_fifo_gen__parameterized0' (21#1) [e:/ETH2SER/SoftwareProjects/UART2ETH970222-UART16550_FIFO_Rx_16_Tx_16_Port/UART2ETH.srcs/sources_1/bd/Uart_ETH/ipshared/95b9/hdl/axi_data_fifo_v2_1_vl_rfs.v:168]
INFO: [Synth 8-256] done synthesizing module 'axi_data_fifo_v2_1_12_axic_fifo__parameterized0' (21#1) [e:/ETH2SER/SoftwareProjects/UART2ETH970222-UART16550_FIFO_Rx_16_Tx_16_Port/UART2ETH.srcs/sources_1/bd/Uart_ETH/ipshared/95b9/hdl/axi_data_fifo_v2_1_vl_rfs.v:64]
INFO: [Synth 8-256] done synthesizing module 'axi_protocol_converter_v2_1_13_a_axi3_conv' (22#1) [e:/ETH2SER/SoftwareProjects/UART2ETH970222-UART16550_FIFO_Rx_16_Tx_16_Port/UART2ETH.srcs/sources_1/bd/Uart_ETH/ipshared/f0ae/hdl/axi_protocol_converter_v2_1_vl_rfs.v:62]
INFO: [Synth 8-638] synthesizing module 'axi_protocol_converter_v2_1_13_w_axi3_conv' [e:/ETH2SER/SoftwareProjects/UART2ETH970222-UART16550_FIFO_Rx_16_Tx_16_Port/UART2ETH.srcs/sources_1/bd/Uart_ETH/ipshared/f0ae/hdl/axi_protocol_converter_v2_1_vl_rfs.v:2004]
INFO: [Synth 8-256] done synthesizing module 'axi_protocol_converter_v2_1_13_w_axi3_conv' (23#1) [e:/ETH2SER/SoftwareProjects/UART2ETH970222-UART16550_FIFO_Rx_16_Tx_16_Port/UART2ETH.srcs/sources_1/bd/Uart_ETH/ipshared/f0ae/hdl/axi_protocol_converter_v2_1_vl_rfs.v:2004]
INFO: [Synth 8-638] synthesizing module 'axi_protocol_converter_v2_1_13_a_axi3_conv__parameterized0' [e:/ETH2SER/SoftwareProjects/UART2ETH970222-UART16550_FIFO_Rx_16_Tx_16_Port/UART2ETH.srcs/sources_1/bd/Uart_ETH/ipshared/f0ae/hdl/axi_protocol_converter_v2_1_vl_rfs.v:62]
INFO: [Synth 8-638] synthesizing module 'axi_data_fifo_v2_1_12_axic_fifo__parameterized1' [e:/ETH2SER/SoftwareProjects/UART2ETH970222-UART16550_FIFO_Rx_16_Tx_16_Port/UART2ETH.srcs/sources_1/bd/Uart_ETH/ipshared/95b9/hdl/axi_data_fifo_v2_1_vl_rfs.v:64]
INFO: [Synth 8-638] synthesizing module 'axi_data_fifo_v2_1_12_fifo_gen__parameterized1' [e:/ETH2SER/SoftwareProjects/UART2ETH970222-UART16550_FIFO_Rx_16_Tx_16_Port/UART2ETH.srcs/sources_1/bd/Uart_ETH/ipshared/95b9/hdl/axi_data_fifo_v2_1_vl_rfs.v:168]
INFO: [Synth 8-256] done synthesizing module 'axi_data_fifo_v2_1_12_fifo_gen__parameterized1' (23#1) [e:/ETH2SER/SoftwareProjects/UART2ETH970222-UART16550_FIFO_Rx_16_Tx_16_Port/UART2ETH.srcs/sources_1/bd/Uart_ETH/ipshared/95b9/hdl/axi_data_fifo_v2_1_vl_rfs.v:168]
INFO: [Synth 8-256] done synthesizing module 'axi_data_fifo_v2_1_12_axic_fifo__parameterized1' (23#1) [e:/ETH2SER/SoftwareProjects/UART2ETH970222-UART16550_FIFO_Rx_16_Tx_16_Port/UART2ETH.srcs/sources_1/bd/Uart_ETH/ipshared/95b9/hdl/axi_data_fifo_v2_1_vl_rfs.v:64]
INFO: [Synth 8-256] done synthesizing module 'axi_protocol_converter_v2_1_13_a_axi3_conv__parameterized0' (23#1) [e:/ETH2SER/SoftwareProjects/UART2ETH970222-UART16550_FIFO_Rx_16_Tx_16_Port/UART2ETH.srcs/sources_1/bd/Uart_ETH/ipshared/f0ae/hdl/axi_protocol_converter_v2_1_vl_rfs.v:62]
INFO: [Synth 8-638] synthesizing module 'axi_protocol_converter_v2_1_13_r_axi3_conv' [e:/ETH2SER/SoftwareProjects/UART2ETH970222-UART16550_FIFO_Rx_16_Tx_16_Port/UART2ETH.srcs/sources_1/bd/Uart_ETH/ipshared/f0ae/hdl/axi_protocol_converter_v2_1_vl_rfs.v:1789]
INFO: [Synth 8-256] done synthesizing module 'axi_protocol_converter_v2_1_13_r_axi3_conv' (24#1) [e:/ETH2SER/SoftwareProjects/UART2ETH970222-UART16550_FIFO_Rx_16_Tx_16_Port/UART2ETH.srcs/sources_1/bd/Uart_ETH/ipshared/f0ae/hdl/axi_protocol_converter_v2_1_vl_rfs.v:1789]
INFO: [Synth 8-256] done synthesizing module 'axi_protocol_converter_v2_1_13_axi3_conv' (25#1) [e:/ETH2SER/SoftwareProjects/UART2ETH970222-UART16550_FIFO_Rx_16_Tx_16_Port/UART2ETH.srcs/sources_1/bd/Uart_ETH/ipshared/f0ae/hdl/axi_protocol_converter_v2_1_vl_rfs.v:954]
INFO: [Synth 8-256] done synthesizing module 'axi_protocol_converter_v2_1_13_axi_protocol_converter' (26#1) [e:/ETH2SER/SoftwareProjects/UART2ETH970222-UART16550_FIFO_Rx_16_Tx_16_Port/UART2ETH.srcs/sources_1/bd/Uart_ETH/ipshared/f0ae/hdl/axi_protocol_converter_v2_1_vl_rfs.v:4811]
INFO: [Synth 8-256] done synthesizing module 'Uart_ETH_auto_pc_7' (27#1) [e:/ETH2SER/SoftwareProjects/UART2ETH970222-UART16550_FIFO_Rx_16_Tx_16_Port/UART2ETH.srcs/sources_1/bd/Uart_ETH/ip/Uart_ETH_auto_pc_7/synth/Uart_ETH_auto_pc_7.v:58]
Finished RTL Elaboration : Time (s): cpu = 00:01:09 ; elapsed = 00:01:12 . Memory (MB): peak = 520.863 ; gain = 209.652
Finished RTL Optimization Phase 1 : Time (s): cpu = 00:01:09 ; elapsed = 00:01:13 . Memory (MB): peak = 520.863 ; gain = 209.652
INFO: [Device 21-403] Loading part xc7z020clg400-1
Constraint Validation Runtime : Time (s): cpu = 00:00:00 ; elapsed = 00:00:00.066 . Memory (MB): peak = 768.586 ; gain = 0.000
Finished Constraint Validation : Time (s): cpu = 00:01:28 ; elapsed = 00:01:33 . Memory (MB): peak = 768.586 ; gain = 457.375
Finished Loading Part and Timing Information : Time (s): cpu = 00:01:28 ; elapsed = 00:01:33 . Memory (MB): peak = 768.586 ; gain = 457.375
Finished applying 'set_property' XDC Constraints : Time (s): cpu = 00:01:28 ; elapsed = 00:01:33 . Memory (MB): peak = 768.586 ; gain = 457.375
Finished RTL Optimization Phase 2 : Time (s): cpu = 00:01:30 ; elapsed = 00:01:35 . Memory (MB): peak = 768.586 ; gain = 457.375
Finished Cross Boundary and Area Optimization : Time (s): cpu = 00:01:34 ; elapsed = 00:01:40 . Memory (MB): peak = 768.586 ; gain = 457.375
---------------------------------------------------------------------------------
Start ROM, RAM, DSP and Shift Register Reporting
---------------------------------------------------------------------------------

Distributed RAM: Preliminary Mapping  Report (see note below)
+-------------------------------------------------------------------------------------------------------------------+-------------------------------------------------------------------------------+----------------+----------------------+----------------+
|Module Name                                                                                                        | RTL Object                                                                    | Inference      | Size (Depth x Width) | Primitives     | 
+-------------------------------------------------------------------------------------------------------------------+-------------------------------------------------------------------------------+----------------+----------------------+----------------+
|inst/\gen_axi4_axi3.axi3_conv_inst/USE_WRITE.write_addr_inst/USE_BURSTS.cmd_queue/inst/fifo_gen_inst               | inst_fifo_gen/gconvfifo.rf/grf.rf/gntv_or_sync_fifo.mem/gdm.dm_gen.dm/RAM_reg | User Attribute | 32 x 8               | RAM32M x 2     | 
|inst/\gen_axi4_axi3.axi3_conv_inst/USE_WRITE.write_addr_inst/USE_B_CHANNEL.cmd_b_queue/inst/fifo_gen_inst          | inst_fifo_gen/gconvfifo.rf/grf.rf/gntv_or_sync_fifo.mem/gdm.dm_gen.dm/RAM_reg | User Attribute | 32 x 5               | RAM32M x 1     | 
|inst/\gen_axi4_axi3.axi3_conv_inst/USE_READ.USE_SPLIT_R.read_addr_inst/USE_R_CHANNEL.cmd_queue/inst/fifo_gen_inst  | inst_fifo_gen/gconvfifo.rf/grf.rf/gntv_or_sync_fifo.mem/gdm.dm_gen.dm/RAM_reg | User Attribute | 32 x 1               | RAM32X1D x 1   | 
+-------------------------------------------------------------------------------------------------------------------+-------------------------------------------------------------------------------+----------------+----------------------+----------------+

Note: The table above is a preliminary report that shows the Distributed RAMs at the current stage of the synthesis flow. Some Distributed RAMs may be reimplemented as non Distributed RAM primitives later in the synthesis flow. Multiple instantiated RAMs are reported only once.
---------------------------------------------------------------------------------
Finished ROM, RAM, DSP and Shift Register Reporting
---------------------------------------------------------------------------------
Finished Applying XDC Timing Constraints : Time (s): cpu = 00:01:51 ; elapsed = 00:01:58 . Memory (MB): peak = 768.586 ; gain = 457.375
Finished Timing Optimization : Time (s): cpu = 00:01:53 ; elapsed = 00:01:59 . Memory (MB): peak = 768.586 ; gain = 457.375
Finished Technology Mapping : Time (s): cpu = 00:01:54 ; elapsed = 00:02:00 . Memory (MB): peak = 770.668 ; gain = 459.457
Finished IO Insertion : Time (s): cpu = 00:01:55 ; elapsed = 00:02:01 . Memory (MB): peak = 770.668 ; gain = 459.457
Finished Renaming Generated Instances : Time (s): cpu = 00:01:55 ; elapsed = 00:02:01 . Memory (MB): peak = 770.668 ; gain = 459.457
Finished Rebuilding User Hierarchy : Time (s): cpu = 00:01:55 ; elapsed = 00:02:02 . Memory (MB): peak = 770.668 ; gain = 459.457
Finished Renaming Generated Ports : Time (s): cpu = 00:01:55 ; elapsed = 00:02:02 . Memory (MB): peak = 770.668 ; gain = 459.457
Finished Handling Custom Attributes : Time (s): cpu = 00:01:55 ; elapsed = 00:02:02 . Memory (MB): peak = 770.668 ; gain = 459.457
Finished Renaming Generated Nets : Time (s): cpu = 00:01:55 ; elapsed = 00:02:02 . Memory (MB): peak = 770.668 ; gain = 459.457

Report Cell Usage: 
+------+---------+------+
|      |Cell     |Count |
+------+---------+------+
|1     |CARRY4   |    16|
|2     |LUT1     |    21|
|3     |LUT2     |    54|
|4     |LUT3     |    50|
|5     |LUT4     |    76|
|6     |LUT5     |   156|
|7     |LUT6     |    88|
|8     |RAM32M   |     3|
|9     |RAM32X1D |     1|
|10    |FDCE     |    69|
|11    |FDPE     |    63|
|12    |FDRE     |   353|
|13    |FDSE     |     5|
+------+---------+------+
Finished Writing Synthesis Report : Time (s): cpu = 00:01:55 ; elapsed = 00:02:02 . Memory (MB): peak = 770.668 ; gain = 459.457
synth_design: Time (s): cpu = 00:01:59 ; elapsed = 00:02:06 . Memory (MB): peak = 770.668 ; gain = 467.223
