
*** Running vivado
    with args -log Uart_ETH_xlslice_LCD_RS_1.vds -m64 -product Vivado -mode batch -messageDb vivado.pb -notrace -source Uart_ETH_xlslice_LCD_RS_1.tcl


****** Vivado v2017.2 (64-bit)
  **** SW Build 1909853 on Thu Jun 15 18:39:09 MDT 2017
  **** IP Build 1909766 on Thu Jun 15 19:58:00 MDT 2017
    ** Copyright 1986-2017 Xilinx, Inc. All Rights Reserved.

source Uart_ETH_xlslice_LCD_RS_1.tcl -notrace
Starting RTL Elaboration : Time (s): cpu = 00:00:06 ; elapsed = 00:00:06 . Memory (MB): peak = 400.641 ; gain = 79.566
INFO: [Synth 8-638] synthesizing module 'Uart_ETH_xlslice_LCD_RS_1' [e:/ETH2SER/SoftwareProjects/UART2ETH970402_LEDPanel_Included_KeyPad/UART2ETH.srcs/sources_1/bd/Uart_ETH/ip/Uart_ETH_xlslice_LCD_RS_1/synth/Uart_ETH_xlslice_LCD_RS_1.v:57]
INFO: [Synth 8-638] synthesizing module 'xlslice_v1_0_1_xlslice' [e:/ETH2SER/SoftwareProjects/UART2ETH970402_LEDPanel_Included_KeyPad/UART2ETH.srcs/sources_1/bd/Uart_ETH/ipshared/bb23/hdl/xlslice_v1_0_vl_rfs.v:13]
INFO: [Synth 8-256] done synthesizing module 'xlslice_v1_0_1_xlslice' (1#1) [e:/ETH2SER/SoftwareProjects/UART2ETH970402_LEDPanel_Included_KeyPad/UART2ETH.srcs/sources_1/bd/Uart_ETH/ipshared/bb23/hdl/xlslice_v1_0_vl_rfs.v:13]
INFO: [Synth 8-256] done synthesizing module 'Uart_ETH_xlslice_LCD_RS_1' (2#1) [e:/ETH2SER/SoftwareProjects/UART2ETH970402_LEDPanel_Included_KeyPad/UART2ETH.srcs/sources_1/bd/Uart_ETH/ip/Uart_ETH_xlslice_LCD_RS_1/synth/Uart_ETH_xlslice_LCD_RS_1.v:57]
Finished RTL Elaboration : Time (s): cpu = 00:00:07 ; elapsed = 00:00:08 . Memory (MB): peak = 440.719 ; gain = 119.645
Finished RTL Optimization Phase 1 : Time (s): cpu = 00:00:07 ; elapsed = 00:00:08 . Memory (MB): peak = 440.719 ; gain = 119.645
INFO: [Device 21-403] Loading part xc7z020clg400-1
Constraint Validation Runtime : Time (s): cpu = 00:00:00 ; elapsed = 00:00:00.857 . Memory (MB): peak = 656.898 ; gain = 0.875
Finished Constraint Validation : Time (s): cpu = 00:00:23 ; elapsed = 00:00:37 . Memory (MB): peak = 656.898 ; gain = 335.824
Finished Loading Part and Timing Information : Time (s): cpu = 00:00:23 ; elapsed = 00:00:37 . Memory (MB): peak = 656.898 ; gain = 335.824
Finished applying 'set_property' XDC Constraints : Time (s): cpu = 00:00:23 ; elapsed = 00:00:37 . Memory (MB): peak = 656.898 ; gain = 335.824
Finished RTL Optimization Phase 2 : Time (s): cpu = 00:00:23 ; elapsed = 00:00:37 . Memory (MB): peak = 656.898 ; gain = 335.824
Finished Cross Boundary and Area Optimization : Time (s): cpu = 00:00:24 ; elapsed = 00:00:38 . Memory (MB): peak = 656.898 ; gain = 335.824
Finished Applying XDC Timing Constraints : Time (s): cpu = 00:00:40 ; elapsed = 00:00:54 . Memory (MB): peak = 699.629 ; gain = 378.555
Finished Timing Optimization : Time (s): cpu = 00:00:40 ; elapsed = 00:00:54 . Memory (MB): peak = 699.629 ; gain = 378.555
Finished Technology Mapping : Time (s): cpu = 00:00:40 ; elapsed = 00:00:54 . Memory (MB): peak = 710.773 ; gain = 389.699
Finished IO Insertion : Time (s): cpu = 00:00:41 ; elapsed = 00:00:55 . Memory (MB): peak = 710.773 ; gain = 389.699
Finished Renaming Generated Instances : Time (s): cpu = 00:00:41 ; elapsed = 00:00:55 . Memory (MB): peak = 710.773 ; gain = 389.699
Finished Rebuilding User Hierarchy : Time (s): cpu = 00:00:41 ; elapsed = 00:00:55 . Memory (MB): peak = 710.773 ; gain = 389.699
Finished Renaming Generated Ports : Time (s): cpu = 00:00:41 ; elapsed = 00:00:55 . Memory (MB): peak = 710.773 ; gain = 389.699
Finished Handling Custom Attributes : Time (s): cpu = 00:00:41 ; elapsed = 00:00:55 . Memory (MB): peak = 710.773 ; gain = 389.699
Finished Renaming Generated Nets : Time (s): cpu = 00:00:41 ; elapsed = 00:00:55 . Memory (MB): peak = 710.773 ; gain = 389.699

Report Cell Usage: 
+-+-----+------+
| |Cell |Count |
+-+-----+------+
+-+-----+------+
Finished Writing Synthesis Report : Time (s): cpu = 00:00:41 ; elapsed = 00:00:56 . Memory (MB): peak = 710.773 ; gain = 389.699
synth_design: Time (s): cpu = 00:00:43 ; elapsed = 00:00:59 . Memory (MB): peak = 724.293 ; gain = 411.871
