
*** Running vivado
    with args -log Uart_ETH_xlconcat_0_1.vds -m64 -product Vivado -mode batch -messageDb vivado.pb -notrace -source Uart_ETH_xlconcat_0_1.tcl


****** Vivado v2017.2 (64-bit)
  **** SW Build 1909853 on Thu Jun 15 18:39:09 MDT 2017
  **** IP Build 1909766 on Thu Jun 15 19:58:00 MDT 2017
    ** Copyright 1986-2017 Xilinx, Inc. All Rights Reserved.

source Uart_ETH_xlconcat_0_1.tcl -notrace
Starting RTL Elaboration : Time (s): cpu = 00:00:05 ; elapsed = 00:00:06 . Memory (MB): peak = 404.773 ; gain = 81.043
INFO: [Synth 8-638] synthesizing module 'Uart_ETH_xlconcat_0_1' [e:/ETH2SER/SoftwareProjects/UART2ETH970503_Master_Slave_IOBUF/UART2ETH.srcs/sources_1/bd/Uart_ETH/ip/Uart_ETH_xlconcat_0_1/synth/Uart_ETH_xlconcat_0_1.v:58]
INFO: [Synth 8-638] synthesizing module 'xlconcat_v2_1_1_xlconcat' [e:/ETH2SER/SoftwareProjects/UART2ETH970503_Master_Slave_IOBUF/UART2ETH.srcs/sources_1/bd/Uart_ETH/ipshared/73b7/hdl/xlconcat_v2_1_vl_rfs.v:14]
INFO: [Synth 8-256] done synthesizing module 'xlconcat_v2_1_1_xlconcat' (1#1) [e:/ETH2SER/SoftwareProjects/UART2ETH970503_Master_Slave_IOBUF/UART2ETH.srcs/sources_1/bd/Uart_ETH/ipshared/73b7/hdl/xlconcat_v2_1_vl_rfs.v:14]
INFO: [Synth 8-256] done synthesizing module 'Uart_ETH_xlconcat_0_1' (2#1) [e:/ETH2SER/SoftwareProjects/UART2ETH970503_Master_Slave_IOBUF/UART2ETH.srcs/sources_1/bd/Uart_ETH/ip/Uart_ETH_xlconcat_0_1/synth/Uart_ETH_xlconcat_0_1.v:58]
Finished RTL Elaboration : Time (s): cpu = 00:00:07 ; elapsed = 00:00:07 . Memory (MB): peak = 444.852 ; gain = 121.121
Finished RTL Optimization Phase 1 : Time (s): cpu = 00:00:07 ; elapsed = 00:00:07 . Memory (MB): peak = 444.852 ; gain = 121.121
INFO: [Device 21-403] Loading part xc7z020clg400-1
Constraint Validation Runtime : Time (s): cpu = 00:00:00 ; elapsed = 00:00:00.022 . Memory (MB): peak = 664.840 ; gain = 0.000
Finished Constraint Validation : Time (s): cpu = 00:00:23 ; elapsed = 00:00:25 . Memory (MB): peak = 664.840 ; gain = 341.109
Finished Loading Part and Timing Information : Time (s): cpu = 00:00:23 ; elapsed = 00:00:25 . Memory (MB): peak = 664.840 ; gain = 341.109
Finished applying 'set_property' XDC Constraints : Time (s): cpu = 00:00:23 ; elapsed = 00:00:25 . Memory (MB): peak = 664.840 ; gain = 341.109
Finished RTL Optimization Phase 2 : Time (s): cpu = 00:00:23 ; elapsed = 00:00:25 . Memory (MB): peak = 664.840 ; gain = 341.109
Finished Cross Boundary and Area Optimization : Time (s): cpu = 00:00:24 ; elapsed = 00:00:25 . Memory (MB): peak = 664.840 ; gain = 341.109
Finished Applying XDC Timing Constraints : Time (s): cpu = 00:00:40 ; elapsed = 00:00:42 . Memory (MB): peak = 704.762 ; gain = 381.031
Finished Timing Optimization : Time (s): cpu = 00:00:40 ; elapsed = 00:00:42 . Memory (MB): peak = 704.762 ; gain = 381.031
Finished Technology Mapping : Time (s): cpu = 00:00:40 ; elapsed = 00:00:42 . Memory (MB): peak = 714.902 ; gain = 391.172
Finished IO Insertion : Time (s): cpu = 00:00:41 ; elapsed = 00:00:43 . Memory (MB): peak = 714.902 ; gain = 391.172
Finished Renaming Generated Instances : Time (s): cpu = 00:00:41 ; elapsed = 00:00:43 . Memory (MB): peak = 714.902 ; gain = 391.172
Finished Rebuilding User Hierarchy : Time (s): cpu = 00:00:41 ; elapsed = 00:00:43 . Memory (MB): peak = 714.902 ; gain = 391.172
Finished Renaming Generated Ports : Time (s): cpu = 00:00:41 ; elapsed = 00:00:43 . Memory (MB): peak = 714.902 ; gain = 391.172
Finished Handling Custom Attributes : Time (s): cpu = 00:00:41 ; elapsed = 00:00:43 . Memory (MB): peak = 714.902 ; gain = 391.172
Finished Renaming Generated Nets : Time (s): cpu = 00:00:41 ; elapsed = 00:00:43 . Memory (MB): peak = 714.902 ; gain = 391.172

Report Cell Usage: 
+-+-----+------+
| |Cell |Count |
+-+-----+------+
+-+-----+------+
Finished Writing Synthesis Report : Time (s): cpu = 00:00:41 ; elapsed = 00:00:43 . Memory (MB): peak = 714.902 ; gain = 391.172
synth_design: Time (s): cpu = 00:00:43 ; elapsed = 00:00:45 . Memory (MB): peak = 728.434 ; gain = 412.469
