
*** Running vivado
    with args -log Uart_ETH_xbar_1.vds -m64 -product Vivado -mode batch -messageDb vivado.pb -notrace -source Uart_ETH_xbar_1.tcl


****** Vivado v2017.2 (64-bit)
  **** SW Build 1909853 on Thu Jun 15 18:39:09 MDT 2017
  **** IP Build 1909766 on Thu Jun 15 19:58:00 MDT 2017
    ** Copyright 1986-2017 Xilinx, Inc. All Rights Reserved.

source Uart_ETH_xbar_1.tcl -notrace
Starting RTL Elaboration : Time (s): cpu = 00:00:08 ; elapsed = 00:00:23 . Memory (MB): peak = 406.930 ; gain = 82.344
INFO: [Synth 8-638] synthesizing module 'Uart_ETH_xbar_1' [e:/ETH2SER/SoftwareProjects/UART2ETH970321_Tx_FIFO_Integrated/UART2ETH.srcs/sources_1/bd/Uart_ETH/ip/Uart_ETH_xbar_1/synth/Uart_ETH_xbar_1.v:60]
INFO: [Synth 8-638] synthesizing module 'axi_crossbar_v2_1_14_axi_crossbar' [e:/ETH2SER/SoftwareProjects/UART2ETH970321_Tx_FIFO_Integrated/UART2ETH.srcs/sources_1/bd/Uart_ETH/ipshared/f582/hdl/axi_crossbar_v2_1_vl_rfs.v:4882]
INFO: [Synth 8-638] synthesizing module 'axi_crossbar_v2_1_14_crossbar' [e:/ETH2SER/SoftwareProjects/UART2ETH970321_Tx_FIFO_Integrated/UART2ETH.srcs/sources_1/bd/Uart_ETH/ipshared/f582/hdl/axi_crossbar_v2_1_vl_rfs.v:2239]
INFO: [Synth 8-638] synthesizing module 'axi_crossbar_v2_1_14_si_transactor' [e:/ETH2SER/SoftwareProjects/UART2ETH970321_Tx_FIFO_Integrated/UART2ETH.srcs/sources_1/bd/Uart_ETH/ipshared/f582/hdl/axi_crossbar_v2_1_vl_rfs.v:3798]
INFO: [Synth 8-638] synthesizing module 'axi_crossbar_v2_1_14_addr_decoder' [e:/ETH2SER/SoftwareProjects/UART2ETH970321_Tx_FIFO_Integrated/UART2ETH.srcs/sources_1/bd/Uart_ETH/ipshared/f582/hdl/axi_crossbar_v2_1_vl_rfs.v:794]
INFO: [Synth 8-638] synthesizing module 'generic_baseblocks_v2_1_0_comparator_static' [e:/ETH2SER/SoftwareProjects/UART2ETH970321_Tx_FIFO_Integrated/UART2ETH.srcs/sources_1/bd/Uart_ETH/ipshared/f9c1/hdl/generic_baseblocks_v2_1_vl_rfs.v:2133]
INFO: [Synth 8-638] synthesizing module 'generic_baseblocks_v2_1_0_carry_and' [e:/ETH2SER/SoftwareProjects/UART2ETH970321_Tx_FIFO_Integrated/UART2ETH.srcs/sources_1/bd/Uart_ETH/ipshared/f9c1/hdl/generic_baseblocks_v2_1_vl_rfs.v:62]
INFO: [Synth 8-256] done synthesizing module 'generic_baseblocks_v2_1_0_carry_and' (1#1) [e:/ETH2SER/SoftwareProjects/UART2ETH970321_Tx_FIFO_Integrated/UART2ETH.srcs/sources_1/bd/Uart_ETH/ipshared/f9c1/hdl/generic_baseblocks_v2_1_vl_rfs.v:62]
INFO: [Synth 8-256] done synthesizing module 'generic_baseblocks_v2_1_0_comparator_static' (2#1) [e:/ETH2SER/SoftwareProjects/UART2ETH970321_Tx_FIFO_Integrated/UART2ETH.srcs/sources_1/bd/Uart_ETH/ipshared/f9c1/hdl/generic_baseblocks_v2_1_vl_rfs.v:2133]
INFO: [Synth 8-256] done synthesizing module 'axi_crossbar_v2_1_14_addr_decoder' (3#1) [e:/ETH2SER/SoftwareProjects/UART2ETH970321_Tx_FIFO_Integrated/UART2ETH.srcs/sources_1/bd/Uart_ETH/ipshared/f582/hdl/axi_crossbar_v2_1_vl_rfs.v:794]
INFO: [Synth 8-638] synthesizing module 'axi_data_fifo_v2_1_12_axic_srl_fifo' [e:/ETH2SER/SoftwareProjects/UART2ETH970321_Tx_FIFO_Integrated/UART2ETH.srcs/sources_1/bd/Uart_ETH/ipshared/95b9/hdl/axi_data_fifo_v2_1_vl_rfs.v:698]
INFO: [Synth 8-638] synthesizing module 'axi_data_fifo_v2_1_12_ndeep_srl' [e:/ETH2SER/SoftwareProjects/UART2ETH970321_Tx_FIFO_Integrated/UART2ETH.srcs/sources_1/bd/Uart_ETH/ipshared/95b9/hdl/axi_data_fifo_v2_1_vl_rfs.v:1135]
INFO: [Synth 8-638] synthesizing module 'SRLC32E' [C:/Xilinx/Vivado/2017.2/scripts/rt/data/unisim_comp.v:43823]
INFO: [Synth 8-256] done synthesizing module 'SRLC32E' (4#1) [C:/Xilinx/Vivado/2017.2/scripts/rt/data/unisim_comp.v:43823]
INFO: [Synth 8-256] done synthesizing module 'axi_data_fifo_v2_1_12_ndeep_srl' (5#1) [e:/ETH2SER/SoftwareProjects/UART2ETH970321_Tx_FIFO_Integrated/UART2ETH.srcs/sources_1/bd/Uart_ETH/ipshared/95b9/hdl/axi_data_fifo_v2_1_vl_rfs.v:1135]
INFO: [Synth 8-256] done synthesizing module 'axi_data_fifo_v2_1_12_axic_srl_fifo' (6#1) [e:/ETH2SER/SoftwareProjects/UART2ETH970321_Tx_FIFO_Integrated/UART2ETH.srcs/sources_1/bd/Uart_ETH/ipshared/95b9/hdl/axi_data_fifo_v2_1_vl_rfs.v:698]
INFO: [Synth 8-638] synthesizing module 'generic_baseblocks_v2_1_0_mux_enc' [e:/ETH2SER/SoftwareProjects/UART2ETH970321_Tx_FIFO_Integrated/UART2ETH.srcs/sources_1/bd/Uart_ETH/ipshared/f9c1/hdl/generic_baseblocks_v2_1_vl_rfs.v:2452]
INFO: [Synth 8-256] done synthesizing module 'generic_baseblocks_v2_1_0_mux_enc' (7#1) [e:/ETH2SER/SoftwareProjects/UART2ETH970321_Tx_FIFO_Integrated/UART2ETH.srcs/sources_1/bd/Uart_ETH/ipshared/f9c1/hdl/generic_baseblocks_v2_1_vl_rfs.v:2452]
INFO: [Synth 8-256] done synthesizing module 'axi_crossbar_v2_1_14_si_transactor' (8#1) [e:/ETH2SER/SoftwareProjects/UART2ETH970321_Tx_FIFO_Integrated/UART2ETH.srcs/sources_1/bd/Uart_ETH/ipshared/f582/hdl/axi_crossbar_v2_1_vl_rfs.v:3798]
INFO: [Synth 8-638] synthesizing module 'axi_crossbar_v2_1_14_si_transactor__parameterized0' [e:/ETH2SER/SoftwareProjects/UART2ETH970321_Tx_FIFO_Integrated/UART2ETH.srcs/sources_1/bd/Uart_ETH/ipshared/f582/hdl/axi_crossbar_v2_1_vl_rfs.v:3798]
INFO: [Synth 8-638] synthesizing module 'generic_baseblocks_v2_1_0_mux_enc__parameterized0' [e:/ETH2SER/SoftwareProjects/UART2ETH970321_Tx_FIFO_Integrated/UART2ETH.srcs/sources_1/bd/Uart_ETH/ipshared/f9c1/hdl/generic_baseblocks_v2_1_vl_rfs.v:2452]
INFO: [Synth 8-256] done synthesizing module 'generic_baseblocks_v2_1_0_mux_enc__parameterized0' (8#1) [e:/ETH2SER/SoftwareProjects/UART2ETH970321_Tx_FIFO_Integrated/UART2ETH.srcs/sources_1/bd/Uart_ETH/ipshared/f9c1/hdl/generic_baseblocks_v2_1_vl_rfs.v:2452]
INFO: [Synth 8-256] done synthesizing module 'axi_crossbar_v2_1_14_si_transactor__parameterized0' (8#1) [e:/ETH2SER/SoftwareProjects/UART2ETH970321_Tx_FIFO_Integrated/UART2ETH.srcs/sources_1/bd/Uart_ETH/ipshared/f582/hdl/axi_crossbar_v2_1_vl_rfs.v:3798]
INFO: [Synth 8-638] synthesizing module 'axi_crossbar_v2_1_14_splitter' [e:/ETH2SER/SoftwareProjects/UART2ETH970321_Tx_FIFO_Integrated/UART2ETH.srcs/sources_1/bd/Uart_ETH/ipshared/f582/hdl/axi_crossbar_v2_1_vl_rfs.v:4459]
INFO: [Synth 8-256] done synthesizing module 'axi_crossbar_v2_1_14_splitter' (9#1) [e:/ETH2SER/SoftwareProjects/UART2ETH970321_Tx_FIFO_Integrated/UART2ETH.srcs/sources_1/bd/Uart_ETH/ipshared/f582/hdl/axi_crossbar_v2_1_vl_rfs.v:4459]
INFO: [Synth 8-638] synthesizing module 'axi_crossbar_v2_1_14_wdata_router' [e:/ETH2SER/SoftwareProjects/UART2ETH970321_Tx_FIFO_Integrated/UART2ETH.srcs/sources_1/bd/Uart_ETH/ipshared/f582/hdl/axi_crossbar_v2_1_vl_rfs.v:4734]
INFO: [Synth 8-638] synthesizing module 'axi_data_fifo_v2_1_12_axic_reg_srl_fifo' [e:/ETH2SER/SoftwareProjects/UART2ETH970321_Tx_FIFO_Integrated/UART2ETH.srcs/sources_1/bd/Uart_ETH/ipshared/95b9/hdl/axi_data_fifo_v2_1_vl_rfs.v:889]
INFO: [Synth 8-256] done synthesizing module 'axi_data_fifo_v2_1_12_axic_reg_srl_fifo' (10#1) [e:/ETH2SER/SoftwareProjects/UART2ETH970321_Tx_FIFO_Integrated/UART2ETH.srcs/sources_1/bd/Uart_ETH/ipshared/95b9/hdl/axi_data_fifo_v2_1_vl_rfs.v:889]
INFO: [Synth 8-256] done synthesizing module 'axi_crossbar_v2_1_14_wdata_router' (11#1) [e:/ETH2SER/SoftwareProjects/UART2ETH970321_Tx_FIFO_Integrated/UART2ETH.srcs/sources_1/bd/Uart_ETH/ipshared/f582/hdl/axi_crossbar_v2_1_vl_rfs.v:4734]
INFO: [Synth 8-638] synthesizing module 'axi_crossbar_v2_1_14_si_transactor__parameterized1' [e:/ETH2SER/SoftwareProjects/UART2ETH970321_Tx_FIFO_Integrated/UART2ETH.srcs/sources_1/bd/Uart_ETH/ipshared/f582/hdl/axi_crossbar_v2_1_vl_rfs.v:3798]
INFO: [Synth 8-256] done synthesizing module 'axi_crossbar_v2_1_14_si_transactor__parameterized1' (11#1) [e:/ETH2SER/SoftwareProjects/UART2ETH970321_Tx_FIFO_Integrated/UART2ETH.srcs/sources_1/bd/Uart_ETH/ipshared/f582/hdl/axi_crossbar_v2_1_vl_rfs.v:3798]
INFO: [Synth 8-638] synthesizing module 'axi_crossbar_v2_1_14_si_transactor__parameterized2' [e:/ETH2SER/SoftwareProjects/UART2ETH970321_Tx_FIFO_Integrated/UART2ETH.srcs/sources_1/bd/Uart_ETH/ipshared/f582/hdl/axi_crossbar_v2_1_vl_rfs.v:3798]
INFO: [Synth 8-256] done synthesizing module 'axi_crossbar_v2_1_14_si_transactor__parameterized2' (11#1) [e:/ETH2SER/SoftwareProjects/UART2ETH970321_Tx_FIFO_Integrated/UART2ETH.srcs/sources_1/bd/Uart_ETH/ipshared/f582/hdl/axi_crossbar_v2_1_vl_rfs.v:3798]
INFO: [Synth 8-638] synthesizing module 'axi_crossbar_v2_1_14_si_transactor__parameterized3' [e:/ETH2SER/SoftwareProjects/UART2ETH970321_Tx_FIFO_Integrated/UART2ETH.srcs/sources_1/bd/Uart_ETH/ipshared/f582/hdl/axi_crossbar_v2_1_vl_rfs.v:3798]
INFO: [Synth 8-638] synthesizing module 'axi_data_fifo_v2_1_12_axic_srl_fifo__parameterized0' [e:/ETH2SER/SoftwareProjects/UART2ETH970321_Tx_FIFO_Integrated/UART2ETH.srcs/sources_1/bd/Uart_ETH/ipshared/95b9/hdl/axi_data_fifo_v2_1_vl_rfs.v:698]
INFO: [Synth 8-638] synthesizing module 'axi_data_fifo_v2_1_12_ndeep_srl__parameterized0' [e:/ETH2SER/SoftwareProjects/UART2ETH970321_Tx_FIFO_Integrated/UART2ETH.srcs/sources_1/bd/Uart_ETH/ipshared/95b9/hdl/axi_data_fifo_v2_1_vl_rfs.v:1135]
INFO: [Synth 8-256] done synthesizing module 'axi_data_fifo_v2_1_12_ndeep_srl__parameterized0' (11#1) [e:/ETH2SER/SoftwareProjects/UART2ETH970321_Tx_FIFO_Integrated/UART2ETH.srcs/sources_1/bd/Uart_ETH/ipshared/95b9/hdl/axi_data_fifo_v2_1_vl_rfs.v:1135]
INFO: [Synth 8-256] done synthesizing module 'axi_data_fifo_v2_1_12_axic_srl_fifo__parameterized0' (11#1) [e:/ETH2SER/SoftwareProjects/UART2ETH970321_Tx_FIFO_Integrated/UART2ETH.srcs/sources_1/bd/Uart_ETH/ipshared/95b9/hdl/axi_data_fifo_v2_1_vl_rfs.v:698]
INFO: [Synth 8-256] done synthesizing module 'axi_crossbar_v2_1_14_si_transactor__parameterized3' (11#1) [e:/ETH2SER/SoftwareProjects/UART2ETH970321_Tx_FIFO_Integrated/UART2ETH.srcs/sources_1/bd/Uart_ETH/ipshared/f582/hdl/axi_crossbar_v2_1_vl_rfs.v:3798]
INFO: [Synth 8-638] synthesizing module 'axi_crossbar_v2_1_14_si_transactor__parameterized4' [e:/ETH2SER/SoftwareProjects/UART2ETH970321_Tx_FIFO_Integrated/UART2ETH.srcs/sources_1/bd/Uart_ETH/ipshared/f582/hdl/axi_crossbar_v2_1_vl_rfs.v:3798]
INFO: [Synth 8-256] done synthesizing module 'axi_crossbar_v2_1_14_si_transactor__parameterized4' (11#1) [e:/ETH2SER/SoftwareProjects/UART2ETH970321_Tx_FIFO_Integrated/UART2ETH.srcs/sources_1/bd/Uart_ETH/ipshared/f582/hdl/axi_crossbar_v2_1_vl_rfs.v:3798]
INFO: [Synth 8-638] synthesizing module 'axi_crossbar_v2_1_14_wdata_router__parameterized0' [e:/ETH2SER/SoftwareProjects/UART2ETH970321_Tx_FIFO_Integrated/UART2ETH.srcs/sources_1/bd/Uart_ETH/ipshared/f582/hdl/axi_crossbar_v2_1_vl_rfs.v:4734]
INFO: [Synth 8-638] synthesizing module 'axi_data_fifo_v2_1_12_axic_reg_srl_fifo__parameterized0' [e:/ETH2SER/SoftwareProjects/UART2ETH970321_Tx_FIFO_Integrated/UART2ETH.srcs/sources_1/bd/Uart_ETH/ipshared/95b9/hdl/axi_data_fifo_v2_1_vl_rfs.v:889]
INFO: [Synth 8-638] synthesizing module 'axi_data_fifo_v2_1_12_ndeep_srl__parameterized1' [e:/ETH2SER/SoftwareProjects/UART2ETH970321_Tx_FIFO_Integrated/UART2ETH.srcs/sources_1/bd/Uart_ETH/ipshared/95b9/hdl/axi_data_fifo_v2_1_vl_rfs.v:1135]
INFO: [Synth 8-256] done synthesizing module 'axi_data_fifo_v2_1_12_ndeep_srl__parameterized1' (11#1) [e:/ETH2SER/SoftwareProjects/UART2ETH970321_Tx_FIFO_Integrated/UART2ETH.srcs/sources_1/bd/Uart_ETH/ipshared/95b9/hdl/axi_data_fifo_v2_1_vl_rfs.v:1135]
INFO: [Synth 8-256] done synthesizing module 'axi_data_fifo_v2_1_12_axic_reg_srl_fifo__parameterized0' (11#1) [e:/ETH2SER/SoftwareProjects/UART2ETH970321_Tx_FIFO_Integrated/UART2ETH.srcs/sources_1/bd/Uart_ETH/ipshared/95b9/hdl/axi_data_fifo_v2_1_vl_rfs.v:889]
INFO: [Synth 8-256] done synthesizing module 'axi_crossbar_v2_1_14_wdata_router__parameterized0' (11#1) [e:/ETH2SER/SoftwareProjects/UART2ETH970321_Tx_FIFO_Integrated/UART2ETH.srcs/sources_1/bd/Uart_ETH/ipshared/f582/hdl/axi_crossbar_v2_1_vl_rfs.v:4734]
INFO: [Synth 8-638] synthesizing module 'axi_crossbar_v2_1_14_si_transactor__parameterized5' [e:/ETH2SER/SoftwareProjects/UART2ETH970321_Tx_FIFO_Integrated/UART2ETH.srcs/sources_1/bd/Uart_ETH/ipshared/f582/hdl/axi_crossbar_v2_1_vl_rfs.v:3798]
INFO: [Synth 8-256] done synthesizing module 'axi_crossbar_v2_1_14_si_transactor__parameterized5' (11#1) [e:/ETH2SER/SoftwareProjects/UART2ETH970321_Tx_FIFO_Integrated/UART2ETH.srcs/sources_1/bd/Uart_ETH/ipshared/f582/hdl/axi_crossbar_v2_1_vl_rfs.v:3798]
INFO: [Synth 8-638] synthesizing module 'axi_crossbar_v2_1_14_si_transactor__parameterized6' [e:/ETH2SER/SoftwareProjects/UART2ETH970321_Tx_FIFO_Integrated/UART2ETH.srcs/sources_1/bd/Uart_ETH/ipshared/f582/hdl/axi_crossbar_v2_1_vl_rfs.v:3798]
INFO: [Synth 8-256] done synthesizing module 'axi_crossbar_v2_1_14_si_transactor__parameterized6' (11#1) [e:/ETH2SER/SoftwareProjects/UART2ETH970321_Tx_FIFO_Integrated/UART2ETH.srcs/sources_1/bd/Uart_ETH/ipshared/f582/hdl/axi_crossbar_v2_1_vl_rfs.v:3798]
INFO: [Synth 8-638] synthesizing module 'axi_crossbar_v2_1_14_si_transactor__parameterized7' [e:/ETH2SER/SoftwareProjects/UART2ETH970321_Tx_FIFO_Integrated/UART2ETH.srcs/sources_1/bd/Uart_ETH/ipshared/f582/hdl/axi_crossbar_v2_1_vl_rfs.v:3798]
INFO: [Synth 8-256] done synthesizing module 'axi_crossbar_v2_1_14_si_transactor__parameterized7' (11#1) [e:/ETH2SER/SoftwareProjects/UART2ETH970321_Tx_FIFO_Integrated/UART2ETH.srcs/sources_1/bd/Uart_ETH/ipshared/f582/hdl/axi_crossbar_v2_1_vl_rfs.v:3798]
INFO: [Synth 8-638] synthesizing module 'axi_crossbar_v2_1_14_si_transactor__parameterized8' [e:/ETH2SER/SoftwareProjects/UART2ETH970321_Tx_FIFO_Integrated/UART2ETH.srcs/sources_1/bd/Uart_ETH/ipshared/f582/hdl/axi_crossbar_v2_1_vl_rfs.v:3798]
INFO: [Synth 8-256] done synthesizing module 'axi_crossbar_v2_1_14_si_transactor__parameterized8' (11#1) [e:/ETH2SER/SoftwareProjects/UART2ETH970321_Tx_FIFO_Integrated/UART2ETH.srcs/sources_1/bd/Uart_ETH/ipshared/f582/hdl/axi_crossbar_v2_1_vl_rfs.v:3798]
INFO: [Synth 8-638] synthesizing module 'axi_crossbar_v2_1_14_si_transactor__parameterized9' [e:/ETH2SER/SoftwareProjects/UART2ETH970321_Tx_FIFO_Integrated/UART2ETH.srcs/sources_1/bd/Uart_ETH/ipshared/f582/hdl/axi_crossbar_v2_1_vl_rfs.v:3798]
INFO: [Synth 8-256] done synthesizing module 'axi_crossbar_v2_1_14_si_transactor__parameterized9' (11#1) [e:/ETH2SER/SoftwareProjects/UART2ETH970321_Tx_FIFO_Integrated/UART2ETH.srcs/sources_1/bd/Uart_ETH/ipshared/f582/hdl/axi_crossbar_v2_1_vl_rfs.v:3798]
INFO: [Synth 8-638] synthesizing module 'axi_crossbar_v2_1_14_si_transactor__parameterized10' [e:/ETH2SER/SoftwareProjects/UART2ETH970321_Tx_FIFO_Integrated/UART2ETH.srcs/sources_1/bd/Uart_ETH/ipshared/f582/hdl/axi_crossbar_v2_1_vl_rfs.v:3798]
INFO: [Synth 8-256] done synthesizing module 'axi_crossbar_v2_1_14_si_transactor__parameterized10' (11#1) [e:/ETH2SER/SoftwareProjects/UART2ETH970321_Tx_FIFO_Integrated/UART2ETH.srcs/sources_1/bd/Uart_ETH/ipshared/f582/hdl/axi_crossbar_v2_1_vl_rfs.v:3798]
INFO: [Synth 8-638] synthesizing module 'axi_crossbar_v2_1_14_si_transactor__parameterized11' [e:/ETH2SER/SoftwareProjects/UART2ETH970321_Tx_FIFO_Integrated/UART2ETH.srcs/sources_1/bd/Uart_ETH/ipshared/f582/hdl/axi_crossbar_v2_1_vl_rfs.v:3798]
INFO: [Synth 8-256] done synthesizing module 'axi_crossbar_v2_1_14_si_transactor__parameterized11' (11#1) [e:/ETH2SER/SoftwareProjects/UART2ETH970321_Tx_FIFO_Integrated/UART2ETH.srcs/sources_1/bd/Uart_ETH/ipshared/f582/hdl/axi_crossbar_v2_1_vl_rfs.v:3798]
INFO: [Synth 8-638] synthesizing module 'axi_crossbar_v2_1_14_si_transactor__parameterized12' [e:/ETH2SER/SoftwareProjects/UART2ETH970321_Tx_FIFO_Integrated/UART2ETH.srcs/sources_1/bd/Uart_ETH/ipshared/f582/hdl/axi_crossbar_v2_1_vl_rfs.v:3798]
INFO: [Synth 8-256] done synthesizing module 'axi_crossbar_v2_1_14_si_transactor__parameterized12' (11#1) [e:/ETH2SER/SoftwareProjects/UART2ETH970321_Tx_FIFO_Integrated/UART2ETH.srcs/sources_1/bd/Uart_ETH/ipshared/f582/hdl/axi_crossbar_v2_1_vl_rfs.v:3798]
INFO: [Synth 8-638] synthesizing module 'axi_crossbar_v2_1_14_si_transactor__parameterized13' [e:/ETH2SER/SoftwareProjects/UART2ETH970321_Tx_FIFO_Integrated/UART2ETH.srcs/sources_1/bd/Uart_ETH/ipshared/f582/hdl/axi_crossbar_v2_1_vl_rfs.v:3798]
INFO: [Synth 8-256] done synthesizing module 'axi_crossbar_v2_1_14_si_transactor__parameterized13' (11#1) [e:/ETH2SER/SoftwareProjects/UART2ETH970321_Tx_FIFO_Integrated/UART2ETH.srcs/sources_1/bd/Uart_ETH/ipshared/f582/hdl/axi_crossbar_v2_1_vl_rfs.v:3798]
INFO: [Synth 8-638] synthesizing module 'axi_crossbar_v2_1_14_si_transactor__parameterized14' [e:/ETH2SER/SoftwareProjects/UART2ETH970321_Tx_FIFO_Integrated/UART2ETH.srcs/sources_1/bd/Uart_ETH/ipshared/f582/hdl/axi_crossbar_v2_1_vl_rfs.v:3798]
INFO: [Synth 8-256] done synthesizing module 'axi_crossbar_v2_1_14_si_transactor__parameterized14' (11#1) [e:/ETH2SER/SoftwareProjects/UART2ETH970321_Tx_FIFO_Integrated/UART2ETH.srcs/sources_1/bd/Uart_ETH/ipshared/f582/hdl/axi_crossbar_v2_1_vl_rfs.v:3798]
INFO: [Synth 8-638] synthesizing module 'axi_crossbar_v2_1_14_si_transactor__parameterized15' [e:/ETH2SER/SoftwareProjects/UART2ETH970321_Tx_FIFO_Integrated/UART2ETH.srcs/sources_1/bd/Uart_ETH/ipshared/f582/hdl/axi_crossbar_v2_1_vl_rfs.v:3798]
INFO: [Synth 8-256] done synthesizing module 'axi_crossbar_v2_1_14_si_transactor__parameterized15' (11#1) [e:/ETH2SER/SoftwareProjects/UART2ETH970321_Tx_FIFO_Integrated/UART2ETH.srcs/sources_1/bd/Uart_ETH/ipshared/f582/hdl/axi_crossbar_v2_1_vl_rfs.v:3798]
INFO: [Synth 8-638] synthesizing module 'axi_crossbar_v2_1_14_si_transactor__parameterized16' [e:/ETH2SER/SoftwareProjects/UART2ETH970321_Tx_FIFO_Integrated/UART2ETH.srcs/sources_1/bd/Uart_ETH/ipshared/f582/hdl/axi_crossbar_v2_1_vl_rfs.v:3798]
INFO: [Synth 8-256] done synthesizing module 'axi_crossbar_v2_1_14_si_transactor__parameterized16' (11#1) [e:/ETH2SER/SoftwareProjects/UART2ETH970321_Tx_FIFO_Integrated/UART2ETH.srcs/sources_1/bd/Uart_ETH/ipshared/f582/hdl/axi_crossbar_v2_1_vl_rfs.v:3798]
INFO: [Synth 8-638] synthesizing module 'axi_crossbar_v2_1_14_si_transactor__parameterized17' [e:/ETH2SER/SoftwareProjects/UART2ETH970321_Tx_FIFO_Integrated/UART2ETH.srcs/sources_1/bd/Uart_ETH/ipshared/f582/hdl/axi_crossbar_v2_1_vl_rfs.v:3798]
INFO: [Synth 8-256] done synthesizing module 'axi_crossbar_v2_1_14_si_transactor__parameterized17' (11#1) [e:/ETH2SER/SoftwareProjects/UART2ETH970321_Tx_FIFO_Integrated/UART2ETH.srcs/sources_1/bd/Uart_ETH/ipshared/f582/hdl/axi_crossbar_v2_1_vl_rfs.v:3798]
INFO: [Synth 8-638] synthesizing module 'axi_crossbar_v2_1_14_si_transactor__parameterized18' [e:/ETH2SER/SoftwareProjects/UART2ETH970321_Tx_FIFO_Integrated/UART2ETH.srcs/sources_1/bd/Uart_ETH/ipshared/f582/hdl/axi_crossbar_v2_1_vl_rfs.v:3798]
INFO: [Synth 8-256] done synthesizing module 'axi_crossbar_v2_1_14_si_transactor__parameterized18' (11#1) [e:/ETH2SER/SoftwareProjects/UART2ETH970321_Tx_FIFO_Integrated/UART2ETH.srcs/sources_1/bd/Uart_ETH/ipshared/f582/hdl/axi_crossbar_v2_1_vl_rfs.v:3798]
INFO: [Synth 8-638] synthesizing module 'axi_crossbar_v2_1_14_si_transactor__parameterized19' [e:/ETH2SER/SoftwareProjects/UART2ETH970321_Tx_FIFO_Integrated/UART2ETH.srcs/sources_1/bd/Uart_ETH/ipshared/f582/hdl/axi_crossbar_v2_1_vl_rfs.v:3798]
INFO: [Synth 8-256] done synthesizing module 'axi_crossbar_v2_1_14_si_transactor__parameterized19' (11#1) [e:/ETH2SER/SoftwareProjects/UART2ETH970321_Tx_FIFO_Integrated/UART2ETH.srcs/sources_1/bd/Uart_ETH/ipshared/f582/hdl/axi_crossbar_v2_1_vl_rfs.v:3798]
INFO: [Synth 8-638] synthesizing module 'axi_crossbar_v2_1_14_si_transactor__parameterized20' [e:/ETH2SER/SoftwareProjects/UART2ETH970321_Tx_FIFO_Integrated/UART2ETH.srcs/sources_1/bd/Uart_ETH/ipshared/f582/hdl/axi_crossbar_v2_1_vl_rfs.v:3798]
INFO: [Synth 8-256] done synthesizing module 'axi_crossbar_v2_1_14_si_transactor__parameterized20' (11#1) [e:/ETH2SER/SoftwareProjects/UART2ETH970321_Tx_FIFO_Integrated/UART2ETH.srcs/sources_1/bd/Uart_ETH/ipshared/f582/hdl/axi_crossbar_v2_1_vl_rfs.v:3798]
INFO: [Synth 8-638] synthesizing module 'axi_crossbar_v2_1_14_si_transactor__parameterized21' [e:/ETH2SER/SoftwareProjects/UART2ETH970321_Tx_FIFO_Integrated/UART2ETH.srcs/sources_1/bd/Uart_ETH/ipshared/f582/hdl/axi_crossbar_v2_1_vl_rfs.v:3798]
INFO: [Synth 8-256] done synthesizing module 'axi_crossbar_v2_1_14_si_transactor__parameterized21' (11#1) [e:/ETH2SER/SoftwareProjects/UART2ETH970321_Tx_FIFO_Integrated/UART2ETH.srcs/sources_1/bd/Uart_ETH/ipshared/f582/hdl/axi_crossbar_v2_1_vl_rfs.v:3798]
INFO: [Synth 8-638] synthesizing module 'axi_crossbar_v2_1_14_si_transactor__parameterized22' [e:/ETH2SER/SoftwareProjects/UART2ETH970321_Tx_FIFO_Integrated/UART2ETH.srcs/sources_1/bd/Uart_ETH/ipshared/f582/hdl/axi_crossbar_v2_1_vl_rfs.v:3798]
INFO: [Synth 8-256] done synthesizing module 'axi_crossbar_v2_1_14_si_transactor__parameterized22' (11#1) [e:/ETH2SER/SoftwareProjects/UART2ETH970321_Tx_FIFO_Integrated/UART2ETH.srcs/sources_1/bd/Uart_ETH/ipshared/f582/hdl/axi_crossbar_v2_1_vl_rfs.v:3798]
INFO: [Synth 8-638] synthesizing module 'axi_crossbar_v2_1_14_si_transactor__parameterized23' [e:/ETH2SER/SoftwareProjects/UART2ETH970321_Tx_FIFO_Integrated/UART2ETH.srcs/sources_1/bd/Uart_ETH/ipshared/f582/hdl/axi_crossbar_v2_1_vl_rfs.v:3798]
INFO: [Synth 8-256] done synthesizing module 'axi_crossbar_v2_1_14_si_transactor__parameterized23' (11#1) [e:/ETH2SER/SoftwareProjects/UART2ETH970321_Tx_FIFO_Integrated/UART2ETH.srcs/sources_1/bd/Uart_ETH/ipshared/f582/hdl/axi_crossbar_v2_1_vl_rfs.v:3798]
INFO: [Synth 8-638] synthesizing module 'axi_crossbar_v2_1_14_si_transactor__parameterized24' [e:/ETH2SER/SoftwareProjects/UART2ETH970321_Tx_FIFO_Integrated/UART2ETH.srcs/sources_1/bd/Uart_ETH/ipshared/f582/hdl/axi_crossbar_v2_1_vl_rfs.v:3798]
INFO: [Synth 8-256] done synthesizing module 'axi_crossbar_v2_1_14_si_transactor__parameterized24' (11#1) [e:/ETH2SER/SoftwareProjects/UART2ETH970321_Tx_FIFO_Integrated/UART2ETH.srcs/sources_1/bd/Uart_ETH/ipshared/f582/hdl/axi_crossbar_v2_1_vl_rfs.v:3798]
INFO: [Synth 8-638] synthesizing module 'axi_crossbar_v2_1_14_si_transactor__parameterized25' [e:/ETH2SER/SoftwareProjects/UART2ETH970321_Tx_FIFO_Integrated/UART2ETH.srcs/sources_1/bd/Uart_ETH/ipshared/f582/hdl/axi_crossbar_v2_1_vl_rfs.v:3798]
INFO: [Synth 8-256] done synthesizing module 'axi_crossbar_v2_1_14_si_transactor__parameterized25' (11#1) [e:/ETH2SER/SoftwareProjects/UART2ETH970321_Tx_FIFO_Integrated/UART2ETH.srcs/sources_1/bd/Uart_ETH/ipshared/f582/hdl/axi_crossbar_v2_1_vl_rfs.v:3798]
INFO: [Synth 8-638] synthesizing module 'axi_crossbar_v2_1_14_si_transactor__parameterized26' [e:/ETH2SER/SoftwareProjects/UART2ETH970321_Tx_FIFO_Integrated/UART2ETH.srcs/sources_1/bd/Uart_ETH/ipshared/f582/hdl/axi_crossbar_v2_1_vl_rfs.v:3798]
INFO: [Synth 8-256] done synthesizing module 'axi_crossbar_v2_1_14_si_transactor__parameterized26' (11#1) [e:/ETH2SER/SoftwareProjects/UART2ETH970321_Tx_FIFO_Integrated/UART2ETH.srcs/sources_1/bd/Uart_ETH/ipshared/f582/hdl/axi_crossbar_v2_1_vl_rfs.v:3798]
INFO: [Synth 8-638] synthesizing module 'axi_crossbar_v2_1_14_si_transactor__parameterized27' [e:/ETH2SER/SoftwareProjects/UART2ETH970321_Tx_FIFO_Integrated/UART2ETH.srcs/sources_1/bd/Uart_ETH/ipshared/f582/hdl/axi_crossbar_v2_1_vl_rfs.v:3798]
INFO: [Synth 8-256] done synthesizing module 'axi_crossbar_v2_1_14_si_transactor__parameterized27' (11#1) [e:/ETH2SER/SoftwareProjects/UART2ETH970321_Tx_FIFO_Integrated/UART2ETH.srcs/sources_1/bd/Uart_ETH/ipshared/f582/hdl/axi_crossbar_v2_1_vl_rfs.v:3798]
INFO: [Synth 8-638] synthesizing module 'axi_crossbar_v2_1_14_si_transactor__parameterized28' [e:/ETH2SER/SoftwareProjects/UART2ETH970321_Tx_FIFO_Integrated/UART2ETH.srcs/sources_1/bd/Uart_ETH/ipshared/f582/hdl/axi_crossbar_v2_1_vl_rfs.v:3798]
INFO: [Synth 8-256] done synthesizing module 'axi_crossbar_v2_1_14_si_transactor__parameterized28' (11#1) [e:/ETH2SER/SoftwareProjects/UART2ETH970321_Tx_FIFO_Integrated/UART2ETH.srcs/sources_1/bd/Uart_ETH/ipshared/f582/hdl/axi_crossbar_v2_1_vl_rfs.v:3798]
INFO: [Synth 8-638] synthesizing module 'axi_crossbar_v2_1_14_si_transactor__parameterized29' [e:/ETH2SER/SoftwareProjects/UART2ETH970321_Tx_FIFO_Integrated/UART2ETH.srcs/sources_1/bd/Uart_ETH/ipshared/f582/hdl/axi_crossbar_v2_1_vl_rfs.v:3798]
INFO: [Synth 8-256] done synthesizing module 'axi_crossbar_v2_1_14_si_transactor__parameterized29' (11#1) [e:/ETH2SER/SoftwareProjects/UART2ETH970321_Tx_FIFO_Integrated/UART2ETH.srcs/sources_1/bd/Uart_ETH/ipshared/f582/hdl/axi_crossbar_v2_1_vl_rfs.v:3798]
INFO: [Synth 8-638] synthesizing module 'axi_crossbar_v2_1_14_si_transactor__parameterized30' [e:/ETH2SER/SoftwareProjects/UART2ETH970321_Tx_FIFO_Integrated/UART2ETH.srcs/sources_1/bd/Uart_ETH/ipshared/f582/hdl/axi_crossbar_v2_1_vl_rfs.v:3798]
INFO: [Synth 8-256] done synthesizing module 'axi_crossbar_v2_1_14_si_transactor__parameterized30' (11#1) [e:/ETH2SER/SoftwareProjects/UART2ETH970321_Tx_FIFO_Integrated/UART2ETH.srcs/sources_1/bd/Uart_ETH/ipshared/f582/hdl/axi_crossbar_v2_1_vl_rfs.v:3798]
INFO: [Synth 8-638] synthesizing module 'axi_crossbar_v2_1_14_addr_decoder__parameterized0' [e:/ETH2SER/SoftwareProjects/UART2ETH970321_Tx_FIFO_Integrated/UART2ETH.srcs/sources_1/bd/Uart_ETH/ipshared/f582/hdl/axi_crossbar_v2_1_vl_rfs.v:794]
INFO: [Synth 8-256] done synthesizing module 'axi_crossbar_v2_1_14_addr_decoder__parameterized0' (11#1) [e:/ETH2SER/SoftwareProjects/UART2ETH970321_Tx_FIFO_Integrated/UART2ETH.srcs/sources_1/bd/Uart_ETH/ipshared/f582/hdl/axi_crossbar_v2_1_vl_rfs.v:794]
INFO: [Synth 8-638] synthesizing module 'axi_data_fifo_v2_1_12_axic_srl_fifo__parameterized1' [e:/ETH2SER/SoftwareProjects/UART2ETH970321_Tx_FIFO_Integrated/UART2ETH.srcs/sources_1/bd/Uart_ETH/ipshared/95b9/hdl/axi_data_fifo_v2_1_vl_rfs.v:698]
INFO: [Synth 8-256] done synthesizing module 'axi_data_fifo_v2_1_12_axic_srl_fifo__parameterized1' (11#1) [e:/ETH2SER/SoftwareProjects/UART2ETH970321_Tx_FIFO_Integrated/UART2ETH.srcs/sources_1/bd/Uart_ETH/ipshared/95b9/hdl/axi_data_fifo_v2_1_vl_rfs.v:698]
INFO: [Synth 8-638] synthesizing module 'axi_crossbar_v2_1_14_wdata_mux' [e:/ETH2SER/SoftwareProjects/UART2ETH970321_Tx_FIFO_Integrated/UART2ETH.srcs/sources_1/bd/Uart_ETH/ipshared/f582/hdl/axi_crossbar_v2_1_vl_rfs.v:4559]
INFO: [Synth 8-638] synthesizing module 'axi_data_fifo_v2_1_12_axic_reg_srl_fifo__parameterized1' [e:/ETH2SER/SoftwareProjects/UART2ETH970321_Tx_FIFO_Integrated/UART2ETH.srcs/sources_1/bd/Uart_ETH/ipshared/95b9/hdl/axi_data_fifo_v2_1_vl_rfs.v:889]
INFO: [Synth 8-256] done synthesizing module 'axi_data_fifo_v2_1_12_axic_reg_srl_fifo__parameterized1' (11#1) [e:/ETH2SER/SoftwareProjects/UART2ETH970321_Tx_FIFO_Integrated/UART2ETH.srcs/sources_1/bd/Uart_ETH/ipshared/95b9/hdl/axi_data_fifo_v2_1_vl_rfs.v:889]
INFO: [Synth 8-638] synthesizing module 'generic_baseblocks_v2_1_0_mux_enc__parameterized1' [e:/ETH2SER/SoftwareProjects/UART2ETH970321_Tx_FIFO_Integrated/UART2ETH.srcs/sources_1/bd/Uart_ETH/ipshared/f9c1/hdl/generic_baseblocks_v2_1_vl_rfs.v:2452]
INFO: [Synth 8-256] done synthesizing module 'generic_baseblocks_v2_1_0_mux_enc__parameterized1' (11#1) [e:/ETH2SER/SoftwareProjects/UART2ETH970321_Tx_FIFO_Integrated/UART2ETH.srcs/sources_1/bd/Uart_ETH/ipshared/f9c1/hdl/generic_baseblocks_v2_1_vl_rfs.v:2452]
INFO: [Synth 8-256] done synthesizing module 'axi_crossbar_v2_1_14_wdata_mux' (12#1) [e:/ETH2SER/SoftwareProjects/UART2ETH970321_Tx_FIFO_Integrated/UART2ETH.srcs/sources_1/bd/Uart_ETH/ipshared/f582/hdl/axi_crossbar_v2_1_vl_rfs.v:4559]
INFO: [Synth 8-638] synthesizing module 'axi_register_slice_v2_1_13_axi_register_slice' [e:/ETH2SER/SoftwareProjects/UART2ETH970321_Tx_FIFO_Integrated/UART2ETH.srcs/sources_1/bd/Uart_ETH/ipshared/55c0/hdl/axi_register_slice_v2_1_vl_rfs.v:791]
INFO: [Synth 8-638] synthesizing module 'axi_infrastructure_v1_1_0_axi2vector' [e:/ETH2SER/SoftwareProjects/UART2ETH970321_Tx_FIFO_Integrated/UART2ETH.srcs/sources_1/bd/Uart_ETH/ipshared/7e3a/hdl/axi_infrastructure_v1_1_vl_rfs.v:60]
INFO: [Synth 8-256] done synthesizing module 'axi_infrastructure_v1_1_0_axi2vector' (13#1) [e:/ETH2SER/SoftwareProjects/UART2ETH970321_Tx_FIFO_Integrated/UART2ETH.srcs/sources_1/bd/Uart_ETH/ipshared/7e3a/hdl/axi_infrastructure_v1_1_vl_rfs.v:60]
INFO: [Synth 8-638] synthesizing module 'axi_register_slice_v2_1_13_axic_register_slice' [e:/ETH2SER/SoftwareProjects/UART2ETH970321_Tx_FIFO_Integrated/UART2ETH.srcs/sources_1/bd/Uart_ETH/ipshared/55c0/hdl/axi_register_slice_v2_1_vl_rfs.v:85]
INFO: [Synth 8-256] done synthesizing module 'axi_register_slice_v2_1_13_axic_register_slice' (14#1) [e:/ETH2SER/SoftwareProjects/UART2ETH970321_Tx_FIFO_Integrated/UART2ETH.srcs/sources_1/bd/Uart_ETH/ipshared/55c0/hdl/axi_register_slice_v2_1_vl_rfs.v:85]
INFO: [Synth 8-638] synthesizing module 'axi_register_slice_v2_1_13_axic_register_slice__parameterized0' [e:/ETH2SER/SoftwareProjects/UART2ETH970321_Tx_FIFO_Integrated/UART2ETH.srcs/sources_1/bd/Uart_ETH/ipshared/55c0/hdl/axi_register_slice_v2_1_vl_rfs.v:85]
INFO: [Synth 8-256] done synthesizing module 'axi_register_slice_v2_1_13_axic_register_slice__parameterized0' (14#1) [e:/ETH2SER/SoftwareProjects/UART2ETH970321_Tx_FIFO_Integrated/UART2ETH.srcs/sources_1/bd/Uart_ETH/ipshared/55c0/hdl/axi_register_slice_v2_1_vl_rfs.v:85]
INFO: [Synth 8-638] synthesizing module 'axi_register_slice_v2_1_13_axic_register_slice__parameterized1' [e:/ETH2SER/SoftwareProjects/UART2ETH970321_Tx_FIFO_Integrated/UART2ETH.srcs/sources_1/bd/Uart_ETH/ipshared/55c0/hdl/axi_register_slice_v2_1_vl_rfs.v:85]
INFO: [Synth 8-256] done synthesizing module 'axi_register_slice_v2_1_13_axic_register_slice__parameterized1' (14#1) [e:/ETH2SER/SoftwareProjects/UART2ETH970321_Tx_FIFO_Integrated/UART2ETH.srcs/sources_1/bd/Uart_ETH/ipshared/55c0/hdl/axi_register_slice_v2_1_vl_rfs.v:85]
INFO: [Synth 8-638] synthesizing module 'axi_register_slice_v2_1_13_axic_register_slice__parameterized2' [e:/ETH2SER/SoftwareProjects/UART2ETH970321_Tx_FIFO_Integrated/UART2ETH.srcs/sources_1/bd/Uart_ETH/ipshared/55c0/hdl/axi_register_slice_v2_1_vl_rfs.v:85]
INFO: [Synth 8-256] done synthesizing module 'axi_register_slice_v2_1_13_axic_register_slice__parameterized2' (14#1) [e:/ETH2SER/SoftwareProjects/UART2ETH970321_Tx_FIFO_Integrated/UART2ETH.srcs/sources_1/bd/Uart_ETH/ipshared/55c0/hdl/axi_register_slice_v2_1_vl_rfs.v:85]
INFO: [Synth 8-638] synthesizing module 'axi_infrastructure_v1_1_0_vector2axi' [e:/ETH2SER/SoftwareProjects/UART2ETH970321_Tx_FIFO_Integrated/UART2ETH.srcs/sources_1/bd/Uart_ETH/ipshared/7e3a/hdl/axi_infrastructure_v1_1_vl_rfs.v:474]
INFO: [Synth 8-256] done synthesizing module 'axi_infrastructure_v1_1_0_vector2axi' (15#1) [e:/ETH2SER/SoftwareProjects/UART2ETH970321_Tx_FIFO_Integrated/UART2ETH.srcs/sources_1/bd/Uart_ETH/ipshared/7e3a/hdl/axi_infrastructure_v1_1_vl_rfs.v:474]
INFO: [Synth 8-256] done synthesizing module 'axi_register_slice_v2_1_13_axi_register_slice' (16#1) [e:/ETH2SER/SoftwareProjects/UART2ETH970321_Tx_FIFO_Integrated/UART2ETH.srcs/sources_1/bd/Uart_ETH/ipshared/55c0/hdl/axi_register_slice_v2_1_vl_rfs.v:791]
INFO: [Synth 8-638] synthesizing module 'axi_data_fifo_v2_1_12_axic_srl_fifo__parameterized2' [e:/ETH2SER/SoftwareProjects/UART2ETH970321_Tx_FIFO_Integrated/UART2ETH.srcs/sources_1/bd/Uart_ETH/ipshared/95b9/hdl/axi_data_fifo_v2_1_vl_rfs.v:698]
INFO: [Synth 8-256] done synthesizing module 'axi_data_fifo_v2_1_12_axic_srl_fifo__parameterized2' (16#1) [e:/ETH2SER/SoftwareProjects/UART2ETH970321_Tx_FIFO_Integrated/UART2ETH.srcs/sources_1/bd/Uart_ETH/ipshared/95b9/hdl/axi_data_fifo_v2_1_vl_rfs.v:698]
INFO: [Synth 8-638] synthesizing module 'axi_crossbar_v2_1_14_wdata_mux__parameterized0' [e:/ETH2SER/SoftwareProjects/UART2ETH970321_Tx_FIFO_Integrated/UART2ETH.srcs/sources_1/bd/Uart_ETH/ipshared/f582/hdl/axi_crossbar_v2_1_vl_rfs.v:4559]
INFO: [Synth 8-638] synthesizing module 'axi_data_fifo_v2_1_12_axic_reg_srl_fifo__parameterized2' [e:/ETH2SER/SoftwareProjects/UART2ETH970321_Tx_FIFO_Integrated/UART2ETH.srcs/sources_1/bd/Uart_ETH/ipshared/95b9/hdl/axi_data_fifo_v2_1_vl_rfs.v:889]
INFO: [Synth 8-256] done synthesizing module 'axi_data_fifo_v2_1_12_axic_reg_srl_fifo__parameterized2' (16#1) [e:/ETH2SER/SoftwareProjects/UART2ETH970321_Tx_FIFO_Integrated/UART2ETH.srcs/sources_1/bd/Uart_ETH/ipshared/95b9/hdl/axi_data_fifo_v2_1_vl_rfs.v:889]
INFO: [Synth 8-256] done synthesizing module 'axi_crossbar_v2_1_14_wdata_mux__parameterized0' (16#1) [e:/ETH2SER/SoftwareProjects/UART2ETH970321_Tx_FIFO_Integrated/UART2ETH.srcs/sources_1/bd/Uart_ETH/ipshared/f582/hdl/axi_crossbar_v2_1_vl_rfs.v:4559]
INFO: [Synth 8-638] synthesizing module 'axi_crossbar_v2_1_14_decerr_slave' [e:/ETH2SER/SoftwareProjects/UART2ETH970321_Tx_FIFO_Integrated/UART2ETH.srcs/sources_1/bd/Uart_ETH/ipshared/f582/hdl/axi_crossbar_v2_1_vl_rfs.v:3500]
INFO: [Synth 8-256] done synthesizing module 'axi_crossbar_v2_1_14_decerr_slave' (17#1) [e:/ETH2SER/SoftwareProjects/UART2ETH970321_Tx_FIFO_Integrated/UART2ETH.srcs/sources_1/bd/Uart_ETH/ipshared/f582/hdl/axi_crossbar_v2_1_vl_rfs.v:3500]
INFO: [Synth 8-638] synthesizing module 'axi_crossbar_v2_1_14_addr_arbiter' [e:/ETH2SER/SoftwareProjects/UART2ETH970321_Tx_FIFO_Integrated/UART2ETH.srcs/sources_1/bd/Uart_ETH/ipshared/f582/hdl/axi_crossbar_v2_1_vl_rfs.v:423]
INFO: [Synth 8-638] synthesizing module 'generic_baseblocks_v2_1_0_mux_enc__parameterized2' [e:/ETH2SER/SoftwareProjects/UART2ETH970321_Tx_FIFO_Integrated/UART2ETH.srcs/sources_1/bd/Uart_ETH/ipshared/f9c1/hdl/generic_baseblocks_v2_1_vl_rfs.v:2452]
INFO: [Synth 8-256] done synthesizing module 'generic_baseblocks_v2_1_0_mux_enc__parameterized2' (17#1) [e:/ETH2SER/SoftwareProjects/UART2ETH970321_Tx_FIFO_Integrated/UART2ETH.srcs/sources_1/bd/Uart_ETH/ipshared/f9c1/hdl/generic_baseblocks_v2_1_vl_rfs.v:2452]
INFO: [Synth 8-638] synthesizing module 'generic_baseblocks_v2_1_0_mux_enc__parameterized3' [e:/ETH2SER/SoftwareProjects/UART2ETH970321_Tx_FIFO_Integrated/UART2ETH.srcs/sources_1/bd/Uart_ETH/ipshared/f9c1/hdl/generic_baseblocks_v2_1_vl_rfs.v:2452]
INFO: [Synth 8-256] done synthesizing module 'generic_baseblocks_v2_1_0_mux_enc__parameterized3' (17#1) [e:/ETH2SER/SoftwareProjects/UART2ETH970321_Tx_FIFO_Integrated/UART2ETH.srcs/sources_1/bd/Uart_ETH/ipshared/f9c1/hdl/generic_baseblocks_v2_1_vl_rfs.v:2452]
INFO: [Synth 8-256] done synthesizing module 'axi_crossbar_v2_1_14_addr_arbiter' (18#1) [e:/ETH2SER/SoftwareProjects/UART2ETH970321_Tx_FIFO_Integrated/UART2ETH.srcs/sources_1/bd/Uart_ETH/ipshared/f582/hdl/axi_crossbar_v2_1_vl_rfs.v:423]
INFO: [Synth 8-256] done synthesizing module 'axi_crossbar_v2_1_14_crossbar' (19#1) [e:/ETH2SER/SoftwareProjects/UART2ETH970321_Tx_FIFO_Integrated/UART2ETH.srcs/sources_1/bd/Uart_ETH/ipshared/f582/hdl/axi_crossbar_v2_1_vl_rfs.v:2239]
INFO: [Synth 8-256] done synthesizing module 'axi_crossbar_v2_1_14_axi_crossbar' (20#1) [e:/ETH2SER/SoftwareProjects/UART2ETH970321_Tx_FIFO_Integrated/UART2ETH.srcs/sources_1/bd/Uart_ETH/ipshared/f582/hdl/axi_crossbar_v2_1_vl_rfs.v:4882]
INFO: [Synth 8-256] done synthesizing module 'Uart_ETH_xbar_1' (21#1) [e:/ETH2SER/SoftwareProjects/UART2ETH970321_Tx_FIFO_Integrated/UART2ETH.srcs/sources_1/bd/Uart_ETH/ip/Uart_ETH_xbar_1/synth/Uart_ETH_xbar_1.v:60]
Finished RTL Elaboration : Time (s): cpu = 00:00:23 ; elapsed = 00:00:38 . Memory (MB): peak = 568.242 ; gain = 243.656
Finished RTL Optimization Phase 1 : Time (s): cpu = 00:00:23 ; elapsed = 00:00:39 . Memory (MB): peak = 568.242 ; gain = 243.656
INFO: [Device 21-403] Loading part xc7z020clg400-1
Constraint Validation Runtime : Time (s): cpu = 00:00:01 ; elapsed = 00:00:00.482 . Memory (MB): peak = 832.930 ; gain = 0.000
Finished Constraint Validation : Time (s): cpu = 00:00:46 ; elapsed = 00:01:08 . Memory (MB): peak = 832.930 ; gain = 508.344
Finished Loading Part and Timing Information : Time (s): cpu = 00:00:46 ; elapsed = 00:01:08 . Memory (MB): peak = 832.930 ; gain = 508.344
Finished applying 'set_property' XDC Constraints : Time (s): cpu = 00:00:46 ; elapsed = 00:01:08 . Memory (MB): peak = 832.930 ; gain = 508.344
Finished RTL Optimization Phase 2 : Time (s): cpu = 00:00:51 ; elapsed = 00:01:14 . Memory (MB): peak = 832.930 ; gain = 508.344
Finished Cross Boundary and Area Optimization : Time (s): cpu = 00:01:13 ; elapsed = 00:01:37 . Memory (MB): peak = 832.930 ; gain = 508.344
Finished Applying XDC Timing Constraints : Time (s): cpu = 00:01:28 ; elapsed = 00:01:52 . Memory (MB): peak = 832.930 ; gain = 508.344
Finished Timing Optimization : Time (s): cpu = 00:01:33 ; elapsed = 00:01:57 . Memory (MB): peak = 835.910 ; gain = 511.324
Finished Technology Mapping : Time (s): cpu = 00:01:37 ; elapsed = 00:02:02 . Memory (MB): peak = 855.824 ; gain = 531.238
Finished IO Insertion : Time (s): cpu = 00:01:38 ; elapsed = 00:02:03 . Memory (MB): peak = 855.824 ; gain = 531.238
Finished Renaming Generated Instances : Time (s): cpu = 00:01:39 ; elapsed = 00:02:03 . Memory (MB): peak = 855.824 ; gain = 531.238
Finished Rebuilding User Hierarchy : Time (s): cpu = 00:01:40 ; elapsed = 00:02:04 . Memory (MB): peak = 855.824 ; gain = 531.238
Finished Renaming Generated Ports : Time (s): cpu = 00:01:40 ; elapsed = 00:02:05 . Memory (MB): peak = 855.824 ; gain = 531.238
Finished Handling Custom Attributes : Time (s): cpu = 00:01:40 ; elapsed = 00:02:05 . Memory (MB): peak = 855.824 ; gain = 531.238
Finished Renaming Generated Nets : Time (s): cpu = 00:01:40 ; elapsed = 00:02:05 . Memory (MB): peak = 855.824 ; gain = 531.238

Report Cell Usage: 
+------+--------+------+
|      |Cell    |Count |
+------+--------+------+
|1     |LUT1    |     8|
|2     |LUT2    |  1205|
|3     |LUT3    |   282|
|4     |LUT4    |   245|
|5     |LUT5    |   542|
|6     |LUT6    |  1442|
|7     |MUXF7   |   260|
|8     |MUXF8   |   115|
|9     |SRLC32E |    24|
|10    |FDRE    |   815|
|11    |FDSE    |    71|
+------+--------+------+
Finished Writing Synthesis Report : Time (s): cpu = 00:01:40 ; elapsed = 00:02:05 . Memory (MB): peak = 855.824 ; gain = 531.238
synth_design: Time (s): cpu = 00:01:46 ; elapsed = 00:02:17 . Memory (MB): peak = 855.824 ; gain = 534.613
