
*** Running vivado
    with args -log Uart_ETH_axi_gpio_SW_0.vds -m64 -product Vivado -mode batch -messageDb vivado.pb -notrace -source Uart_ETH_axi_gpio_SW_0.tcl


****** Vivado v2017.2 (64-bit)
  **** SW Build 1909853 on Thu Jun 15 18:39:09 MDT 2017
  **** IP Build 1909766 on Thu Jun 15 19:58:00 MDT 2017
    ** Copyright 1986-2017 Xilinx, Inc. All Rights Reserved.

source Uart_ETH_axi_gpio_SW_0.tcl -notrace
Starting RTL Elaboration : Time (s): cpu = 00:00:04 ; elapsed = 00:00:05 . Memory (MB): peak = 407.684 ; gain = 80.918
INFO: [Synth 8-638] synthesizing module 'Uart_ETH_axi_gpio_SW_0' [e:/ETH2SER/SoftwareProjects/UART2ETH970328_TxRx_FIFO_Integrated-UART-Config/UART2ETH.srcs/sources_1/bd/Uart_ETH/ip/Uart_ETH_axi_gpio_SW_0/synth/Uart_ETH_axi_gpio_SW_0.vhd:84]
INFO: [Synth 8-638] synthesizing module 'axi_gpio' [e:/ETH2SER/SoftwareProjects/UART2ETH970328_TxRx_FIFO_Integrated-UART-Config/UART2ETH.srcs/sources_1/bd/Uart_ETH/ipshared/cb07/hdl/axi_gpio_v2_0_vh_rfs.vhd:1257]
INFO: [Synth 8-638] synthesizing module 'axi_lite_ipif' [e:/ETH2SER/SoftwareProjects/UART2ETH970328_TxRx_FIFO_Integrated-UART-Config/UART2ETH.srcs/sources_1/bd/Uart_ETH/ipshared/0ba0/hdl/axi_lite_ipif_v3_0_vh_rfs.vhd:2948]
INFO: [Synth 8-638] synthesizing module 'slave_attachment' [e:/ETH2SER/SoftwareProjects/UART2ETH970328_TxRx_FIFO_Integrated-UART-Config/UART2ETH.srcs/sources_1/bd/Uart_ETH/ipshared/0ba0/hdl/axi_lite_ipif_v3_0_vh_rfs.vhd:2341]
INFO: [Synth 8-638] synthesizing module 'address_decoder' [e:/ETH2SER/SoftwareProjects/UART2ETH970328_TxRx_FIFO_Integrated-UART-Config/UART2ETH.srcs/sources_1/bd/Uart_ETH/ipshared/0ba0/hdl/axi_lite_ipif_v3_0_vh_rfs.vhd:1775]
INFO: [Synth 8-638] synthesizing module 'pselect_f' [e:/ETH2SER/SoftwareProjects/UART2ETH970328_TxRx_FIFO_Integrated-UART-Config/UART2ETH.srcs/sources_1/bd/Uart_ETH/ipshared/0ba0/hdl/axi_lite_ipif_v3_0_vh_rfs.vhd:1534]
INFO: [Synth 8-256] done synthesizing module 'pselect_f' (1#1) [e:/ETH2SER/SoftwareProjects/UART2ETH970328_TxRx_FIFO_Integrated-UART-Config/UART2ETH.srcs/sources_1/bd/Uart_ETH/ipshared/0ba0/hdl/axi_lite_ipif_v3_0_vh_rfs.vhd:1534]
INFO: [Synth 8-638] synthesizing module 'pselect_f__parameterized0' [e:/ETH2SER/SoftwareProjects/UART2ETH970328_TxRx_FIFO_Integrated-UART-Config/UART2ETH.srcs/sources_1/bd/Uart_ETH/ipshared/0ba0/hdl/axi_lite_ipif_v3_0_vh_rfs.vhd:1534]
INFO: [Synth 8-256] done synthesizing module 'pselect_f__parameterized0' (1#1) [e:/ETH2SER/SoftwareProjects/UART2ETH970328_TxRx_FIFO_Integrated-UART-Config/UART2ETH.srcs/sources_1/bd/Uart_ETH/ipshared/0ba0/hdl/axi_lite_ipif_v3_0_vh_rfs.vhd:1534]
INFO: [Synth 8-638] synthesizing module 'pselect_f__parameterized1' [e:/ETH2SER/SoftwareProjects/UART2ETH970328_TxRx_FIFO_Integrated-UART-Config/UART2ETH.srcs/sources_1/bd/Uart_ETH/ipshared/0ba0/hdl/axi_lite_ipif_v3_0_vh_rfs.vhd:1534]
INFO: [Synth 8-256] done synthesizing module 'pselect_f__parameterized1' (1#1) [e:/ETH2SER/SoftwareProjects/UART2ETH970328_TxRx_FIFO_Integrated-UART-Config/UART2ETH.srcs/sources_1/bd/Uart_ETH/ipshared/0ba0/hdl/axi_lite_ipif_v3_0_vh_rfs.vhd:1534]
INFO: [Synth 8-638] synthesizing module 'pselect_f__parameterized2' [e:/ETH2SER/SoftwareProjects/UART2ETH970328_TxRx_FIFO_Integrated-UART-Config/UART2ETH.srcs/sources_1/bd/Uart_ETH/ipshared/0ba0/hdl/axi_lite_ipif_v3_0_vh_rfs.vhd:1534]
INFO: [Synth 8-256] done synthesizing module 'pselect_f__parameterized2' (1#1) [e:/ETH2SER/SoftwareProjects/UART2ETH970328_TxRx_FIFO_Integrated-UART-Config/UART2ETH.srcs/sources_1/bd/Uart_ETH/ipshared/0ba0/hdl/axi_lite_ipif_v3_0_vh_rfs.vhd:1534]
INFO: [Synth 8-256] done synthesizing module 'address_decoder' (2#1) [e:/ETH2SER/SoftwareProjects/UART2ETH970328_TxRx_FIFO_Integrated-UART-Config/UART2ETH.srcs/sources_1/bd/Uart_ETH/ipshared/0ba0/hdl/axi_lite_ipif_v3_0_vh_rfs.vhd:1775]
INFO: [Synth 8-256] done synthesizing module 'slave_attachment' (3#1) [e:/ETH2SER/SoftwareProjects/UART2ETH970328_TxRx_FIFO_Integrated-UART-Config/UART2ETH.srcs/sources_1/bd/Uart_ETH/ipshared/0ba0/hdl/axi_lite_ipif_v3_0_vh_rfs.vhd:2341]
INFO: [Synth 8-256] done synthesizing module 'axi_lite_ipif' (4#1) [e:/ETH2SER/SoftwareProjects/UART2ETH970328_TxRx_FIFO_Integrated-UART-Config/UART2ETH.srcs/sources_1/bd/Uart_ETH/ipshared/0ba0/hdl/axi_lite_ipif_v3_0_vh_rfs.vhd:2948]
INFO: [Synth 8-638] synthesizing module 'GPIO_Core' [e:/ETH2SER/SoftwareProjects/UART2ETH970328_TxRx_FIFO_Integrated-UART-Config/UART2ETH.srcs/sources_1/bd/Uart_ETH/ipshared/cb07/hdl/axi_gpio_v2_0_vh_rfs.vhd:177]
INFO: [Synth 8-638] synthesizing module 'cdc_sync' [e:/ETH2SER/SoftwareProjects/UART2ETH970328_TxRx_FIFO_Integrated-UART-Config/UART2ETH.srcs/sources_1/bd/Uart_ETH/ipshared/52cb/hdl/lib_cdc_v1_0_rfs.vhd:106]
INFO: [Synth 8-256] done synthesizing module 'cdc_sync' (5#1) [e:/ETH2SER/SoftwareProjects/UART2ETH970328_TxRx_FIFO_Integrated-UART-Config/UART2ETH.srcs/sources_1/bd/Uart_ETH/ipshared/52cb/hdl/lib_cdc_v1_0_rfs.vhd:106]
INFO: [Synth 8-256] done synthesizing module 'GPIO_Core' (6#1) [e:/ETH2SER/SoftwareProjects/UART2ETH970328_TxRx_FIFO_Integrated-UART-Config/UART2ETH.srcs/sources_1/bd/Uart_ETH/ipshared/cb07/hdl/axi_gpio_v2_0_vh_rfs.vhd:177]
INFO: [Synth 8-256] done synthesizing module 'axi_gpio' (7#1) [e:/ETH2SER/SoftwareProjects/UART2ETH970328_TxRx_FIFO_Integrated-UART-Config/UART2ETH.srcs/sources_1/bd/Uart_ETH/ipshared/cb07/hdl/axi_gpio_v2_0_vh_rfs.vhd:1257]
INFO: [Synth 8-256] done synthesizing module 'Uart_ETH_axi_gpio_SW_0' (8#1) [e:/ETH2SER/SoftwareProjects/UART2ETH970328_TxRx_FIFO_Integrated-UART-Config/UART2ETH.srcs/sources_1/bd/Uart_ETH/ip/Uart_ETH_axi_gpio_SW_0/synth/Uart_ETH_axi_gpio_SW_0.vhd:84]
Finished RTL Elaboration : Time (s): cpu = 00:00:06 ; elapsed = 00:00:06 . Memory (MB): peak = 449.016 ; gain = 122.250
Finished RTL Optimization Phase 1 : Time (s): cpu = 00:00:06 ; elapsed = 00:00:07 . Memory (MB): peak = 449.016 ; gain = 122.250
INFO: [Device 21-403] Loading part xc7z020clg400-1
Constraint Validation Runtime : Time (s): cpu = 00:00:00 ; elapsed = 00:00:00.046 . Memory (MB): peak = 768.938 ; gain = 0.000
Finished Constraint Validation : Time (s): cpu = 00:00:21 ; elapsed = 00:00:22 . Memory (MB): peak = 768.938 ; gain = 442.172
Finished Loading Part and Timing Information : Time (s): cpu = 00:00:21 ; elapsed = 00:00:22 . Memory (MB): peak = 768.938 ; gain = 442.172
Finished applying 'set_property' XDC Constraints : Time (s): cpu = 00:00:21 ; elapsed = 00:00:22 . Memory (MB): peak = 768.938 ; gain = 442.172
Finished RTL Optimization Phase 2 : Time (s): cpu = 00:00:21 ; elapsed = 00:00:23 . Memory (MB): peak = 768.938 ; gain = 442.172
Finished Cross Boundary and Area Optimization : Time (s): cpu = 00:00:22 ; elapsed = 00:00:23 . Memory (MB): peak = 768.938 ; gain = 442.172
Finished Applying XDC Timing Constraints : Time (s): cpu = 00:00:36 ; elapsed = 00:00:38 . Memory (MB): peak = 768.938 ; gain = 442.172
Finished Timing Optimization : Time (s): cpu = 00:00:36 ; elapsed = 00:00:38 . Memory (MB): peak = 768.938 ; gain = 442.172
Finished Technology Mapping : Time (s): cpu = 00:00:36 ; elapsed = 00:00:38 . Memory (MB): peak = 768.938 ; gain = 442.172
Finished IO Insertion : Time (s): cpu = 00:00:37 ; elapsed = 00:00:39 . Memory (MB): peak = 768.938 ; gain = 442.172
Finished Renaming Generated Instances : Time (s): cpu = 00:00:37 ; elapsed = 00:00:39 . Memory (MB): peak = 768.938 ; gain = 442.172
Finished Rebuilding User Hierarchy : Time (s): cpu = 00:00:37 ; elapsed = 00:00:39 . Memory (MB): peak = 768.938 ; gain = 442.172
Finished Renaming Generated Ports : Time (s): cpu = 00:00:37 ; elapsed = 00:00:39 . Memory (MB): peak = 768.938 ; gain = 442.172
Finished Handling Custom Attributes : Time (s): cpu = 00:00:37 ; elapsed = 00:00:39 . Memory (MB): peak = 768.938 ; gain = 442.172
Finished Renaming Generated Nets : Time (s): cpu = 00:00:37 ; elapsed = 00:00:39 . Memory (MB): peak = 768.938 ; gain = 442.172

Report Cell Usage: 
+------+-----+------+
|      |Cell |Count |
+------+-----+------+
|1     |LUT1 |     2|
|2     |LUT2 |     5|
|3     |LUT3 |     4|
|4     |LUT4 |     7|
|5     |LUT5 |    11|
|6     |LUT6 |    10|
|7     |FDR  |    16|
|8     |FDRE |    41|
|9     |FDSE |     4|
+------+-----+------+
Finished Writing Synthesis Report : Time (s): cpu = 00:00:37 ; elapsed = 00:00:39 . Memory (MB): peak = 768.938 ; gain = 442.172
synth_design: Time (s): cpu = 00:00:40 ; elapsed = 00:00:41 . Memory (MB): peak = 768.938 ; gain = 449.367
