
*** Running vivado
    with args -log UARTConfigTest_tier2_xbar_0_0.vds -m64 -product Vivado -mode batch -messageDb vivado.pb -notrace -source UARTConfigTest_tier2_xbar_0_0.tcl


****** Vivado v2017.2 (64-bit)
  **** SW Build 1909853 on Thu Jun 15 18:39:09 MDT 2017
  **** IP Build 1909766 on Thu Jun 15 19:58:00 MDT 2017
    ** Copyright 1986-2017 Xilinx, Inc. All Rights Reserved.

source UARTConfigTest_tier2_xbar_0_0.tcl -notrace
Starting RTL Elaboration : Time (s): cpu = 00:00:10 ; elapsed = 00:00:18 . Memory (MB): peak = 380.961 ; gain = 80.082
INFO: [Synth 8-638] synthesizing module 'UARTConfigTest_tier2_xbar_0_0' [e:/ETH2SER/SoftwareProjects/UART2ETH961130_2/UART2ETH.srcs/sources_1/bd/UARTConfigTest/ip/UARTConfigTest_tier2_xbar_0_0/synth/UARTConfigTest_tier2_xbar_0_0.v:59]
INFO: [Synth 8-638] synthesizing module 'axi_crossbar_v2_1_14_axi_crossbar' [e:/ETH2SER/SoftwareProjects/UART2ETH961130_2/UART2ETH.srcs/sources_1/bd/UARTConfigTest/ipshared/f582/hdl/axi_crossbar_v2_1_vl_rfs.v:4882]
INFO: [Synth 8-638] synthesizing module 'axi_crossbar_v2_1_14_crossbar_sasd' [e:/ETH2SER/SoftwareProjects/UART2ETH961130_2/UART2ETH.srcs/sources_1/bd/UARTConfigTest/ipshared/f582/hdl/axi_crossbar_v2_1_vl_rfs.v:1240]
INFO: [Synth 8-638] synthesizing module 'axi_crossbar_v2_1_14_addr_decoder' [e:/ETH2SER/SoftwareProjects/UART2ETH961130_2/UART2ETH.srcs/sources_1/bd/UARTConfigTest/ipshared/f582/hdl/axi_crossbar_v2_1_vl_rfs.v:794]
INFO: [Synth 8-638] synthesizing module 'generic_baseblocks_v2_1_0_comparator_static' [e:/ETH2SER/SoftwareProjects/UART2ETH961130_2/UART2ETH.srcs/sources_1/bd/UARTConfigTest/ipshared/f9c1/hdl/generic_baseblocks_v2_1_vl_rfs.v:2133]
INFO: [Synth 8-638] synthesizing module 'generic_baseblocks_v2_1_0_carry_and' [e:/ETH2SER/SoftwareProjects/UART2ETH961130_2/UART2ETH.srcs/sources_1/bd/UARTConfigTest/ipshared/f9c1/hdl/generic_baseblocks_v2_1_vl_rfs.v:62]
INFO: [Synth 8-256] done synthesizing module 'generic_baseblocks_v2_1_0_carry_and' (1#1) [e:/ETH2SER/SoftwareProjects/UART2ETH961130_2/UART2ETH.srcs/sources_1/bd/UARTConfigTest/ipshared/f9c1/hdl/generic_baseblocks_v2_1_vl_rfs.v:62]
INFO: [Synth 8-256] done synthesizing module 'generic_baseblocks_v2_1_0_comparator_static' (2#1) [e:/ETH2SER/SoftwareProjects/UART2ETH961130_2/UART2ETH.srcs/sources_1/bd/UARTConfigTest/ipshared/f9c1/hdl/generic_baseblocks_v2_1_vl_rfs.v:2133]
INFO: [Synth 8-638] synthesizing module 'generic_baseblocks_v2_1_0_comparator_static__parameterized0' [e:/ETH2SER/SoftwareProjects/UART2ETH961130_2/UART2ETH.srcs/sources_1/bd/UARTConfigTest/ipshared/f9c1/hdl/generic_baseblocks_v2_1_vl_rfs.v:2133]
INFO: [Synth 8-256] done synthesizing module 'generic_baseblocks_v2_1_0_comparator_static__parameterized0' (2#1) [e:/ETH2SER/SoftwareProjects/UART2ETH961130_2/UART2ETH.srcs/sources_1/bd/UARTConfigTest/ipshared/f9c1/hdl/generic_baseblocks_v2_1_vl_rfs.v:2133]
INFO: [Synth 8-638] synthesizing module 'generic_baseblocks_v2_1_0_comparator_static__parameterized1' [e:/ETH2SER/SoftwareProjects/UART2ETH961130_2/UART2ETH.srcs/sources_1/bd/UARTConfigTest/ipshared/f9c1/hdl/generic_baseblocks_v2_1_vl_rfs.v:2133]
INFO: [Synth 8-256] done synthesizing module 'generic_baseblocks_v2_1_0_comparator_static__parameterized1' (2#1) [e:/ETH2SER/SoftwareProjects/UART2ETH961130_2/UART2ETH.srcs/sources_1/bd/UARTConfigTest/ipshared/f9c1/hdl/generic_baseblocks_v2_1_vl_rfs.v:2133]
INFO: [Synth 8-638] synthesizing module 'generic_baseblocks_v2_1_0_comparator_static__parameterized2' [e:/ETH2SER/SoftwareProjects/UART2ETH961130_2/UART2ETH.srcs/sources_1/bd/UARTConfigTest/ipshared/f9c1/hdl/generic_baseblocks_v2_1_vl_rfs.v:2133]
INFO: [Synth 8-256] done synthesizing module 'generic_baseblocks_v2_1_0_comparator_static__parameterized2' (2#1) [e:/ETH2SER/SoftwareProjects/UART2ETH961130_2/UART2ETH.srcs/sources_1/bd/UARTConfigTest/ipshared/f9c1/hdl/generic_baseblocks_v2_1_vl_rfs.v:2133]
INFO: [Synth 8-638] synthesizing module 'generic_baseblocks_v2_1_0_comparator_static__parameterized3' [e:/ETH2SER/SoftwareProjects/UART2ETH961130_2/UART2ETH.srcs/sources_1/bd/UARTConfigTest/ipshared/f9c1/hdl/generic_baseblocks_v2_1_vl_rfs.v:2133]
INFO: [Synth 8-256] done synthesizing module 'generic_baseblocks_v2_1_0_comparator_static__parameterized3' (2#1) [e:/ETH2SER/SoftwareProjects/UART2ETH961130_2/UART2ETH.srcs/sources_1/bd/UARTConfigTest/ipshared/f9c1/hdl/generic_baseblocks_v2_1_vl_rfs.v:2133]
INFO: [Synth 8-638] synthesizing module 'generic_baseblocks_v2_1_0_comparator_static__parameterized4' [e:/ETH2SER/SoftwareProjects/UART2ETH961130_2/UART2ETH.srcs/sources_1/bd/UARTConfigTest/ipshared/f9c1/hdl/generic_baseblocks_v2_1_vl_rfs.v:2133]
INFO: [Synth 8-256] done synthesizing module 'generic_baseblocks_v2_1_0_comparator_static__parameterized4' (2#1) [e:/ETH2SER/SoftwareProjects/UART2ETH961130_2/UART2ETH.srcs/sources_1/bd/UARTConfigTest/ipshared/f9c1/hdl/generic_baseblocks_v2_1_vl_rfs.v:2133]
INFO: [Synth 8-638] synthesizing module 'generic_baseblocks_v2_1_0_comparator_static__parameterized5' [e:/ETH2SER/SoftwareProjects/UART2ETH961130_2/UART2ETH.srcs/sources_1/bd/UARTConfigTest/ipshared/f9c1/hdl/generic_baseblocks_v2_1_vl_rfs.v:2133]
INFO: [Synth 8-256] done synthesizing module 'generic_baseblocks_v2_1_0_comparator_static__parameterized5' (2#1) [e:/ETH2SER/SoftwareProjects/UART2ETH961130_2/UART2ETH.srcs/sources_1/bd/UARTConfigTest/ipshared/f9c1/hdl/generic_baseblocks_v2_1_vl_rfs.v:2133]
INFO: [Synth 8-638] synthesizing module 'generic_baseblocks_v2_1_0_comparator_static__parameterized6' [e:/ETH2SER/SoftwareProjects/UART2ETH961130_2/UART2ETH.srcs/sources_1/bd/UARTConfigTest/ipshared/f9c1/hdl/generic_baseblocks_v2_1_vl_rfs.v:2133]
INFO: [Synth 8-256] done synthesizing module 'generic_baseblocks_v2_1_0_comparator_static__parameterized6' (2#1) [e:/ETH2SER/SoftwareProjects/UART2ETH961130_2/UART2ETH.srcs/sources_1/bd/UARTConfigTest/ipshared/f9c1/hdl/generic_baseblocks_v2_1_vl_rfs.v:2133]
INFO: [Synth 8-256] done synthesizing module 'axi_crossbar_v2_1_14_addr_decoder' (3#1) [e:/ETH2SER/SoftwareProjects/UART2ETH961130_2/UART2ETH.srcs/sources_1/bd/UARTConfigTest/ipshared/f582/hdl/axi_crossbar_v2_1_vl_rfs.v:794]
INFO: [Synth 8-638] synthesizing module 'axi_crossbar_v2_1_14_decerr_slave' [e:/ETH2SER/SoftwareProjects/UART2ETH961130_2/UART2ETH.srcs/sources_1/bd/UARTConfigTest/ipshared/f582/hdl/axi_crossbar_v2_1_vl_rfs.v:3500]
INFO: [Synth 8-256] done synthesizing module 'axi_crossbar_v2_1_14_decerr_slave' (4#1) [e:/ETH2SER/SoftwareProjects/UART2ETH961130_2/UART2ETH.srcs/sources_1/bd/UARTConfigTest/ipshared/f582/hdl/axi_crossbar_v2_1_vl_rfs.v:3500]
INFO: [Synth 8-638] synthesizing module 'axi_crossbar_v2_1_14_addr_arbiter_sasd' [e:/ETH2SER/SoftwareProjects/UART2ETH961130_2/UART2ETH.srcs/sources_1/bd/UARTConfigTest/ipshared/f582/hdl/axi_crossbar_v2_1_vl_rfs.v:65]
INFO: [Synth 8-256] done synthesizing module 'axi_crossbar_v2_1_14_addr_arbiter_sasd' (5#1) [e:/ETH2SER/SoftwareProjects/UART2ETH961130_2/UART2ETH.srcs/sources_1/bd/UARTConfigTest/ipshared/f582/hdl/axi_crossbar_v2_1_vl_rfs.v:65]
INFO: [Synth 8-638] synthesizing module 'axi_crossbar_v2_1_14_splitter' [e:/ETH2SER/SoftwareProjects/UART2ETH961130_2/UART2ETH.srcs/sources_1/bd/UARTConfigTest/ipshared/f582/hdl/axi_crossbar_v2_1_vl_rfs.v:4459]
INFO: [Synth 8-256] done synthesizing module 'axi_crossbar_v2_1_14_splitter' (6#1) [e:/ETH2SER/SoftwareProjects/UART2ETH961130_2/UART2ETH.srcs/sources_1/bd/UARTConfigTest/ipshared/f582/hdl/axi_crossbar_v2_1_vl_rfs.v:4459]
INFO: [Synth 8-638] synthesizing module 'axi_crossbar_v2_1_14_splitter__parameterized0' [e:/ETH2SER/SoftwareProjects/UART2ETH961130_2/UART2ETH.srcs/sources_1/bd/UARTConfigTest/ipshared/f582/hdl/axi_crossbar_v2_1_vl_rfs.v:4459]
INFO: [Synth 8-256] done synthesizing module 'axi_crossbar_v2_1_14_splitter__parameterized0' (6#1) [e:/ETH2SER/SoftwareProjects/UART2ETH961130_2/UART2ETH.srcs/sources_1/bd/UARTConfigTest/ipshared/f582/hdl/axi_crossbar_v2_1_vl_rfs.v:4459]
INFO: [Synth 8-638] synthesizing module 'generic_baseblocks_v2_1_0_mux_enc' [e:/ETH2SER/SoftwareProjects/UART2ETH961130_2/UART2ETH.srcs/sources_1/bd/UARTConfigTest/ipshared/f9c1/hdl/generic_baseblocks_v2_1_vl_rfs.v:2452]
INFO: [Synth 8-256] done synthesizing module 'generic_baseblocks_v2_1_0_mux_enc' (7#1) [e:/ETH2SER/SoftwareProjects/UART2ETH961130_2/UART2ETH.srcs/sources_1/bd/UARTConfigTest/ipshared/f9c1/hdl/generic_baseblocks_v2_1_vl_rfs.v:2452]
INFO: [Synth 8-638] synthesizing module 'generic_baseblocks_v2_1_0_mux_enc__parameterized0' [e:/ETH2SER/SoftwareProjects/UART2ETH961130_2/UART2ETH.srcs/sources_1/bd/UARTConfigTest/ipshared/f9c1/hdl/generic_baseblocks_v2_1_vl_rfs.v:2452]
INFO: [Synth 8-256] done synthesizing module 'generic_baseblocks_v2_1_0_mux_enc__parameterized0' (7#1) [e:/ETH2SER/SoftwareProjects/UART2ETH961130_2/UART2ETH.srcs/sources_1/bd/UARTConfigTest/ipshared/f9c1/hdl/generic_baseblocks_v2_1_vl_rfs.v:2452]
INFO: [Synth 8-638] synthesizing module 'generic_baseblocks_v2_1_0_mux_enc__parameterized1' [e:/ETH2SER/SoftwareProjects/UART2ETH961130_2/UART2ETH.srcs/sources_1/bd/UARTConfigTest/ipshared/f9c1/hdl/generic_baseblocks_v2_1_vl_rfs.v:2452]
INFO: [Synth 8-256] done synthesizing module 'generic_baseblocks_v2_1_0_mux_enc__parameterized1' (7#1) [e:/ETH2SER/SoftwareProjects/UART2ETH961130_2/UART2ETH.srcs/sources_1/bd/UARTConfigTest/ipshared/f9c1/hdl/generic_baseblocks_v2_1_vl_rfs.v:2452]
INFO: [Synth 8-638] synthesizing module 'axi_register_slice_v2_1_13_axic_register_slice' [e:/ETH2SER/SoftwareProjects/UART2ETH961130_2/UART2ETH.srcs/sources_1/bd/UARTConfigTest/ipshared/55c0/hdl/axi_register_slice_v2_1_vl_rfs.v:85]
INFO: [Synth 8-256] done synthesizing module 'axi_register_slice_v2_1_13_axic_register_slice' (8#1) [e:/ETH2SER/SoftwareProjects/UART2ETH961130_2/UART2ETH.srcs/sources_1/bd/UARTConfigTest/ipshared/55c0/hdl/axi_register_slice_v2_1_vl_rfs.v:85]
INFO: [Synth 8-638] synthesizing module 'generic_baseblocks_v2_1_0_mux_enc__parameterized2' [e:/ETH2SER/SoftwareProjects/UART2ETH961130_2/UART2ETH.srcs/sources_1/bd/UARTConfigTest/ipshared/f9c1/hdl/generic_baseblocks_v2_1_vl_rfs.v:2452]
INFO: [Synth 8-256] done synthesizing module 'generic_baseblocks_v2_1_0_mux_enc__parameterized2' (8#1) [e:/ETH2SER/SoftwareProjects/UART2ETH961130_2/UART2ETH.srcs/sources_1/bd/UARTConfigTest/ipshared/f9c1/hdl/generic_baseblocks_v2_1_vl_rfs.v:2452]
INFO: [Synth 8-256] done synthesizing module 'axi_crossbar_v2_1_14_crossbar_sasd' (9#1) [e:/ETH2SER/SoftwareProjects/UART2ETH961130_2/UART2ETH.srcs/sources_1/bd/UARTConfigTest/ipshared/f582/hdl/axi_crossbar_v2_1_vl_rfs.v:1240]
INFO: [Synth 8-256] done synthesizing module 'axi_crossbar_v2_1_14_axi_crossbar' (10#1) [e:/ETH2SER/SoftwareProjects/UART2ETH961130_2/UART2ETH.srcs/sources_1/bd/UARTConfigTest/ipshared/f582/hdl/axi_crossbar_v2_1_vl_rfs.v:4882]
INFO: [Synth 8-256] done synthesizing module 'UARTConfigTest_tier2_xbar_0_0' (11#1) [e:/ETH2SER/SoftwareProjects/UART2ETH961130_2/UART2ETH.srcs/sources_1/bd/UARTConfigTest/ip/UARTConfigTest_tier2_xbar_0_0/synth/UARTConfigTest_tier2_xbar_0_0.v:59]
Finished RTL Elaboration : Time (s): cpu = 00:00:22 ; elapsed = 00:00:37 . Memory (MB): peak = 500.445 ; gain = 199.566
Finished RTL Optimization Phase 1 : Time (s): cpu = 00:00:22 ; elapsed = 00:00:37 . Memory (MB): peak = 500.445 ; gain = 199.566
INFO: [Device 21-403] Loading part xc7z020clg400-1
Constraint Validation Runtime : Time (s): cpu = 00:00:00 ; elapsed = 00:00:00.326 . Memory (MB): peak = 747.285 ; gain = 0.000
Finished Constraint Validation : Time (s): cpu = 00:00:43 ; elapsed = 00:01:05 . Memory (MB): peak = 747.285 ; gain = 446.406
Finished Loading Part and Timing Information : Time (s): cpu = 00:00:43 ; elapsed = 00:01:05 . Memory (MB): peak = 747.285 ; gain = 446.406
Finished applying 'set_property' XDC Constraints : Time (s): cpu = 00:00:43 ; elapsed = 00:01:05 . Memory (MB): peak = 747.285 ; gain = 446.406
Finished RTL Optimization Phase 2 : Time (s): cpu = 00:00:44 ; elapsed = 00:01:07 . Memory (MB): peak = 747.285 ; gain = 446.406
Finished Cross Boundary and Area Optimization : Time (s): cpu = 00:00:46 ; elapsed = 00:01:10 . Memory (MB): peak = 747.285 ; gain = 446.406
Finished Applying XDC Timing Constraints : Time (s): cpu = 00:01:04 ; elapsed = 00:01:30 . Memory (MB): peak = 747.285 ; gain = 446.406
Finished Timing Optimization : Time (s): cpu = 00:01:06 ; elapsed = 00:01:32 . Memory (MB): peak = 747.285 ; gain = 446.406
Finished Technology Mapping : Time (s): cpu = 00:01:06 ; elapsed = 00:01:32 . Memory (MB): peak = 747.285 ; gain = 446.406
Finished IO Insertion : Time (s): cpu = 00:01:08 ; elapsed = 00:01:34 . Memory (MB): peak = 747.285 ; gain = 446.406
Finished Renaming Generated Instances : Time (s): cpu = 00:01:08 ; elapsed = 00:01:34 . Memory (MB): peak = 747.285 ; gain = 446.406
Finished Rebuilding User Hierarchy : Time (s): cpu = 00:01:08 ; elapsed = 00:01:34 . Memory (MB): peak = 747.285 ; gain = 446.406
Finished Renaming Generated Ports : Time (s): cpu = 00:01:08 ; elapsed = 00:01:34 . Memory (MB): peak = 747.285 ; gain = 446.406
Finished Handling Custom Attributes : Time (s): cpu = 00:01:08 ; elapsed = 00:01:34 . Memory (MB): peak = 747.285 ; gain = 446.406
Finished Renaming Generated Nets : Time (s): cpu = 00:01:08 ; elapsed = 00:01:34 . Memory (MB): peak = 747.285 ; gain = 446.406

Report Cell Usage: 
+------+-----+------+
|      |Cell |Count |
+------+-----+------+
|1     |LUT1 |     2|
|2     |LUT2 |    12|
|3     |LUT3 |    44|
|4     |LUT4 |    70|
|5     |LUT5 |    72|
|6     |LUT6 |   152|
|7     |FDRE |   138|
+------+-----+------+
Finished Writing Synthesis Report : Time (s): cpu = 00:01:08 ; elapsed = 00:01:34 . Memory (MB): peak = 747.285 ; gain = 446.406
synth_design: Time (s): cpu = 00:01:11 ; elapsed = 00:01:38 . Memory (MB): peak = 747.285 ; gain = 452.449
