
*** Running vivado
    with args -log Uart_ETH_ila_0_0.vds -m64 -product Vivado -mode batch -messageDb vivado.pb -notrace -source Uart_ETH_ila_0_0.tcl


****** Vivado v2017.2 (64-bit)
  **** SW Build 1909853 on Thu Jun 15 18:39:09 MDT 2017
  **** IP Build 1909766 on Thu Jun 15 19:58:00 MDT 2017
    ** Copyright 1986-2017 Xilinx, Inc. All Rights Reserved.

source Uart_ETH_ila_0_0.tcl -notrace
Starting RTL Elaboration : Time (s): cpu = 00:00:08 ; elapsed = 00:00:08 . Memory (MB): peak = 454.441 ; gain = 101.805
INFO: [Synth 8-638] synthesizing module 'Uart_ETH_ila_0_0' [e:/ETH2SER/SoftwareProjects/UART2ETH970410_LEDPanel_LCD_KeyPad_Modif/UART2ETH.srcs/sources_1/bd/Uart_ETH/ip/Uart_ETH_ila_0_0/synth/Uart_ETH_ila_0_0.vhd:67]
INFO: [Synth 8-638] synthesizing module 'CFGLUT5' [C:/Xilinx/Vivado/2017.2/scripts/rt/data/unisim_comp.v:998]
INFO: [Synth 8-256] done synthesizing module 'CFGLUT5' (8#1) [C:/Xilinx/Vivado/2017.2/scripts/rt/data/unisim_comp.v:998]
INFO: [Synth 8-638] synthesizing module 'CARRY4' [C:/Xilinx/Vivado/2017.2/scripts/rt/data/unisim_comp.v:961]
INFO: [Synth 8-256] done synthesizing module 'CARRY4' (9#1) [C:/Xilinx/Vivado/2017.2/scripts/rt/data/unisim_comp.v:961]
INFO: [Synth 8-638] synthesizing module 'SRLC32E' [C:/Xilinx/Vivado/2017.2/scripts/rt/data/unisim_comp.v:43823]
INFO: [Synth 8-256] done synthesizing module 'SRLC32E' (19#1) [C:/Xilinx/Vivado/2017.2/scripts/rt/data/unisim_comp.v:43823]
INFO: [Synth 8-638] synthesizing module 'SRL16E' [C:/Xilinx/Vivado/2017.2/scripts/rt/data/unisim_comp.v:43673]
INFO: [Synth 8-256] done synthesizing module 'SRL16E' (21#1) [C:/Xilinx/Vivado/2017.2/scripts/rt/data/unisim_comp.v:43673]
INFO: [Synth 8-638] synthesizing module 'SRLC16E' [C:/Xilinx/Vivado/2017.2/scripts/rt/data/unisim_comp.v:43762]
INFO: [Synth 8-256] done synthesizing module 'SRLC16E' (23#1) [C:/Xilinx/Vivado/2017.2/scripts/rt/data/unisim_comp.v:43762]
INFO: [Synth 8-638] synthesizing module 'FDRE' [C:/Xilinx/Vivado/2017.2/scripts/rt/data/unisim_comp.v:3964]
INFO: [Synth 8-256] done synthesizing module 'FDRE' (28#1) [C:/Xilinx/Vivado/2017.2/scripts/rt/data/unisim_comp.v:3964]
INFO: [Synth 8-256] done synthesizing module 'Uart_ETH_ila_0_0' (46#1) [e:/ETH2SER/SoftwareProjects/UART2ETH970410_LEDPanel_LCD_KeyPad_Modif/UART2ETH.srcs/sources_1/bd/Uart_ETH/ip/Uart_ETH_ila_0_0/synth/Uart_ETH_ila_0_0.vhd:67]
Finished RTL Elaboration : Time (s): cpu = 00:01:20 ; elapsed = 00:01:22 . Memory (MB): peak = 775.965 ; gain = 423.328
Finished RTL Optimization Phase 1 : Time (s): cpu = 00:01:20 ; elapsed = 00:01:22 . Memory (MB): peak = 775.965 ; gain = 423.328
INFO: [Device 21-403] Loading part xc7z020clg400-1
Constraint Validation Runtime : Time (s): cpu = 00:00:00 ; elapsed = 00:00:00.097 . Memory (MB): peak = 854.684 ; gain = 0.000
Finished Constraint Validation : Time (s): cpu = 00:01:38 ; elapsed = 00:01:40 . Memory (MB): peak = 854.684 ; gain = 502.047
Finished Loading Part and Timing Information : Time (s): cpu = 00:01:38 ; elapsed = 00:01:40 . Memory (MB): peak = 854.684 ; gain = 502.047
Finished applying 'set_property' XDC Constraints : Time (s): cpu = 00:01:38 ; elapsed = 00:01:41 . Memory (MB): peak = 854.684 ; gain = 502.047
Finished RTL Optimization Phase 2 : Time (s): cpu = 00:01:41 ; elapsed = 00:01:44 . Memory (MB): peak = 854.684 ; gain = 502.047
Finished Cross Boundary and Area Optimization : Time (s): cpu = 00:01:49 ; elapsed = 00:01:53 . Memory (MB): peak = 854.684 ; gain = 502.047
Finished Applying XDC Timing Constraints : Time (s): cpu = 00:02:02 ; elapsed = 00:02:06 . Memory (MB): peak = 854.684 ; gain = 502.047
Finished Timing Optimization : Time (s): cpu = 00:02:02 ; elapsed = 00:02:06 . Memory (MB): peak = 854.684 ; gain = 502.047
Finished Technology Mapping : Time (s): cpu = 00:02:04 ; elapsed = 00:02:08 . Memory (MB): peak = 854.684 ; gain = 502.047
Finished IO Insertion : Time (s): cpu = 00:02:05 ; elapsed = 00:02:08 . Memory (MB): peak = 854.684 ; gain = 502.047
Finished Renaming Generated Instances : Time (s): cpu = 00:02:05 ; elapsed = 00:02:08 . Memory (MB): peak = 854.684 ; gain = 502.047
Finished Rebuilding User Hierarchy : Time (s): cpu = 00:02:05 ; elapsed = 00:02:09 . Memory (MB): peak = 854.684 ; gain = 502.047
Finished Renaming Generated Ports : Time (s): cpu = 00:02:05 ; elapsed = 00:02:09 . Memory (MB): peak = 854.684 ; gain = 502.047
Finished Handling Custom Attributes : Time (s): cpu = 00:02:05 ; elapsed = 00:02:09 . Memory (MB): peak = 854.684 ; gain = 502.047
Finished Renaming Generated Nets : Time (s): cpu = 00:02:05 ; elapsed = 00:02:09 . Memory (MB): peak = 854.684 ; gain = 502.047

Report Cell Usage: 
+------+---------+------+
|      |Cell     |Count |
+------+---------+------+
|1     |CARRY4   |    39|
|2     |CFGLUT5  |   105|
|3     |LUT1     |    39|
|4     |LUT2     |    56|
|5     |LUT3     |   107|
|6     |LUT4     |   188|
|7     |LUT5     |   145|
|8     |LUT6     |   499|
|9     |MUXF7    |    25|
|10    |RAMB36E1 |     1|
|11    |SRL16E   |    24|
|12    |SRLC16E  |     2|
|13    |SRLC32E  |    17|
|14    |FDRE     |  1553|
|15    |FDSE     |     9|
+------+---------+------+
Finished Writing Synthesis Report : Time (s): cpu = 00:02:05 ; elapsed = 00:02:09 . Memory (MB): peak = 854.684 ; gain = 502.047
synth_design: Time (s): cpu = 00:02:09 ; elapsed = 00:02:13 . Memory (MB): peak = 854.684 ; gain = 502.047
