
*** Running vivado
    with args -log Uart_ETH_ila_0_1.vds -m64 -product Vivado -mode batch -messageDb vivado.pb -notrace -source Uart_ETH_ila_0_1.tcl


****** Vivado v2017.2 (64-bit)
  **** SW Build 1909853 on Thu Jun 15 18:39:09 MDT 2017
  **** IP Build 1909766 on Thu Jun 15 19:58:00 MDT 2017
    ** Copyright 1986-2017 Xilinx, Inc. All Rights Reserved.

source Uart_ETH_ila_0_1.tcl -notrace
Starting RTL Elaboration : Time (s): cpu = 00:00:12 ; elapsed = 00:00:13 . Memory (MB): peak = 437.281 ; gain = 101.844
INFO: [Synth 8-638] synthesizing module 'Uart_ETH_ila_0_1' [e:/ETH2SER/SoftwareProjects/UART2ETH970220-Tx_FIFO_Test/UART2ETH.srcs/sources_1/bd/Uart_ETH/ip/Uart_ETH_ila_0_1/synth/Uart_ETH_ila_0_1.vhd:67]
INFO: [Synth 8-638] synthesizing module 'CFGLUT5' [C:/Xilinx/Vivado/2017.2/scripts/rt/data/unisim_comp.v:998]
INFO: [Synth 8-256] done synthesizing module 'CFGLUT5' (8#1) [C:/Xilinx/Vivado/2017.2/scripts/rt/data/unisim_comp.v:998]
INFO: [Synth 8-638] synthesizing module 'CARRY4' [C:/Xilinx/Vivado/2017.2/scripts/rt/data/unisim_comp.v:961]
INFO: [Synth 8-256] done synthesizing module 'CARRY4' (9#1) [C:/Xilinx/Vivado/2017.2/scripts/rt/data/unisim_comp.v:961]
INFO: [Synth 8-638] synthesizing module 'SRLC32E' [C:/Xilinx/Vivado/2017.2/scripts/rt/data/unisim_comp.v:43823]
INFO: [Synth 8-256] done synthesizing module 'SRLC32E' (19#1) [C:/Xilinx/Vivado/2017.2/scripts/rt/data/unisim_comp.v:43823]
INFO: [Synth 8-638] synthesizing module 'SRL16E' [C:/Xilinx/Vivado/2017.2/scripts/rt/data/unisim_comp.v:43673]
INFO: [Synth 8-256] done synthesizing module 'SRL16E' (21#1) [C:/Xilinx/Vivado/2017.2/scripts/rt/data/unisim_comp.v:43673]
INFO: [Synth 8-638] synthesizing module 'SRLC16E' [C:/Xilinx/Vivado/2017.2/scripts/rt/data/unisim_comp.v:43762]
INFO: [Synth 8-256] done synthesizing module 'SRLC16E' (23#1) [C:/Xilinx/Vivado/2017.2/scripts/rt/data/unisim_comp.v:43762]
INFO: [Synth 8-638] synthesizing module 'FDRE' [C:/Xilinx/Vivado/2017.2/scripts/rt/data/unisim_comp.v:3964]
INFO: [Synth 8-256] done synthesizing module 'FDRE' (28#1) [C:/Xilinx/Vivado/2017.2/scripts/rt/data/unisim_comp.v:3964]
INFO: [Synth 8-256] done synthesizing module 'Uart_ETH_ila_0_1' (46#1) [e:/ETH2SER/SoftwareProjects/UART2ETH970220-Tx_FIFO_Test/UART2ETH.srcs/sources_1/bd/Uart_ETH/ip/Uart_ETH_ila_0_1/synth/Uart_ETH_ila_0_1.vhd:67]
Finished RTL Elaboration : Time (s): cpu = 00:01:32 ; elapsed = 00:01:36 . Memory (MB): peak = 759.742 ; gain = 424.305
Finished RTL Optimization Phase 1 : Time (s): cpu = 00:01:33 ; elapsed = 00:01:37 . Memory (MB): peak = 759.742 ; gain = 424.305
INFO: [Device 21-403] Loading part xc7z020clg400-1
Constraint Validation Runtime : Time (s): cpu = 00:00:00 ; elapsed = 00:00:00.098 . Memory (MB): peak = 837.051 ; gain = 0.000
Finished Constraint Validation : Time (s): cpu = 00:01:51 ; elapsed = 00:01:55 . Memory (MB): peak = 837.051 ; gain = 501.613
Finished Loading Part and Timing Information : Time (s): cpu = 00:01:51 ; elapsed = 00:01:55 . Memory (MB): peak = 837.051 ; gain = 501.613
Finished applying 'set_property' XDC Constraints : Time (s): cpu = 00:01:51 ; elapsed = 00:01:55 . Memory (MB): peak = 837.051 ; gain = 501.613
Finished RTL Optimization Phase 2 : Time (s): cpu = 00:01:54 ; elapsed = 00:01:58 . Memory (MB): peak = 837.051 ; gain = 501.613
Finished Cross Boundary and Area Optimization : Time (s): cpu = 00:02:02 ; elapsed = 00:02:07 . Memory (MB): peak = 837.051 ; gain = 501.613
Finished Applying XDC Timing Constraints : Time (s): cpu = 00:02:14 ; elapsed = 00:02:19 . Memory (MB): peak = 837.051 ; gain = 501.613
Finished Timing Optimization : Time (s): cpu = 00:02:14 ; elapsed = 00:02:20 . Memory (MB): peak = 837.051 ; gain = 501.613
Finished Technology Mapping : Time (s): cpu = 00:02:16 ; elapsed = 00:02:21 . Memory (MB): peak = 837.051 ; gain = 501.613
Finished IO Insertion : Time (s): cpu = 00:02:17 ; elapsed = 00:02:22 . Memory (MB): peak = 837.051 ; gain = 501.613
Finished Renaming Generated Instances : Time (s): cpu = 00:02:17 ; elapsed = 00:02:22 . Memory (MB): peak = 837.051 ; gain = 501.613
Finished Rebuilding User Hierarchy : Time (s): cpu = 00:02:17 ; elapsed = 00:02:22 . Memory (MB): peak = 837.051 ; gain = 501.613
Finished Renaming Generated Ports : Time (s): cpu = 00:02:17 ; elapsed = 00:02:22 . Memory (MB): peak = 837.051 ; gain = 501.613
Finished Handling Custom Attributes : Time (s): cpu = 00:02:17 ; elapsed = 00:02:23 . Memory (MB): peak = 837.051 ; gain = 501.613
Finished Renaming Generated Nets : Time (s): cpu = 00:02:17 ; elapsed = 00:02:23 . Memory (MB): peak = 837.051 ; gain = 501.613

Report Cell Usage: 
+------+---------+------+
|      |Cell     |Count |
+------+---------+------+
|1     |CARRY4   |    39|
|2     |CFGLUT5  |   105|
|3     |LUT1     |    40|
|4     |LUT2     |    71|
|5     |LUT3     |    99|
|6     |LUT4     |   168|
|7     |LUT5     |   175|
|8     |LUT6     |   506|
|9     |MUXF7    |    32|
|10    |RAMB18E1 |     1|
|11    |SRL16E   |    17|
|12    |SRLC16E  |     2|
|13    |SRLC32E  |    17|
|14    |FDRE     |  1521|
|15    |FDSE     |     9|
+------+---------+------+
Finished Writing Synthesis Report : Time (s): cpu = 00:02:17 ; elapsed = 00:02:23 . Memory (MB): peak = 837.051 ; gain = 501.613
synth_design: Time (s): cpu = 00:02:21 ; elapsed = 00:02:27 . Memory (MB): peak = 837.051 ; gain = 501.613
