
*** Running vivado
    with args -log Uart_ETH_ila_0_1.vds -m64 -product Vivado -mode batch -messageDb vivado.pb -notrace -source Uart_ETH_ila_0_1.tcl


****** Vivado v2017.2 (64-bit)
  **** SW Build 1909853 on Thu Jun 15 18:39:09 MDT 2017
  **** IP Build 1909766 on Thu Jun 15 19:58:00 MDT 2017
    ** Copyright 1986-2017 Xilinx, Inc. All Rights Reserved.

source Uart_ETH_ila_0_1.tcl -notrace
Starting RTL Elaboration : Time (s): cpu = 00:00:11 ; elapsed = 00:00:11 . Memory (MB): peak = 448.805 ; gain = 101.117
INFO: [Synth 8-638] synthesizing module 'Uart_ETH_ila_0_1' [e:/ETH2SER/SoftwareProjects/UART2ETH970323_Tx_FIFO_Integrated-UART-Config/UART2ETH.srcs/sources_1/bd/Uart_ETH/ip/Uart_ETH_ila_0_1/synth/Uart_ETH_ila_0_1.vhd:71]
INFO: [Synth 8-638] synthesizing module 'CFGLUT5' [C:/Xilinx/Vivado/2017.2/scripts/rt/data/unisim_comp.v:998]
INFO: [Synth 8-256] done synthesizing module 'CFGLUT5' (8#1) [C:/Xilinx/Vivado/2017.2/scripts/rt/data/unisim_comp.v:998]
INFO: [Synth 8-638] synthesizing module 'CARRY4' [C:/Xilinx/Vivado/2017.2/scripts/rt/data/unisim_comp.v:961]
INFO: [Synth 8-256] done synthesizing module 'CARRY4' (9#1) [C:/Xilinx/Vivado/2017.2/scripts/rt/data/unisim_comp.v:961]
INFO: [Synth 8-638] synthesizing module 'SRLC32E' [C:/Xilinx/Vivado/2017.2/scripts/rt/data/unisim_comp.v:43823]
INFO: [Synth 8-256] done synthesizing module 'SRLC32E' (19#1) [C:/Xilinx/Vivado/2017.2/scripts/rt/data/unisim_comp.v:43823]
INFO: [Synth 8-638] synthesizing module 'SRL16E' [C:/Xilinx/Vivado/2017.2/scripts/rt/data/unisim_comp.v:43673]
INFO: [Synth 8-256] done synthesizing module 'SRL16E' (21#1) [C:/Xilinx/Vivado/2017.2/scripts/rt/data/unisim_comp.v:43673]
INFO: [Synth 8-638] synthesizing module 'SRLC16E' [C:/Xilinx/Vivado/2017.2/scripts/rt/data/unisim_comp.v:43762]
INFO: [Synth 8-256] done synthesizing module 'SRLC16E' (23#1) [C:/Xilinx/Vivado/2017.2/scripts/rt/data/unisim_comp.v:43762]
INFO: [Synth 8-638] synthesizing module 'FDRE' [C:/Xilinx/Vivado/2017.2/scripts/rt/data/unisim_comp.v:3964]
INFO: [Synth 8-256] done synthesizing module 'FDRE' (28#1) [C:/Xilinx/Vivado/2017.2/scripts/rt/data/unisim_comp.v:3964]
INFO: [Synth 8-256] done synthesizing module 'Uart_ETH_ila_0_1' (46#1) [e:/ETH2SER/SoftwareProjects/UART2ETH970323_Tx_FIFO_Integrated-UART-Config/UART2ETH.srcs/sources_1/bd/Uart_ETH/ip/Uart_ETH_ila_0_1/synth/Uart_ETH_ila_0_1.vhd:71]
Finished RTL Elaboration : Time (s): cpu = 00:01:48 ; elapsed = 00:01:51 . Memory (MB): peak = 775.168 ; gain = 427.480
Finished RTL Optimization Phase 1 : Time (s): cpu = 00:01:49 ; elapsed = 00:01:52 . Memory (MB): peak = 775.168 ; gain = 427.480
INFO: [Device 21-403] Loading part xc7z020clg400-1
Constraint Validation Runtime : Time (s): cpu = 00:00:01 ; elapsed = 00:00:00.156 . Memory (MB): peak = 855.074 ; gain = 0.000
Finished Constraint Validation : Time (s): cpu = 00:02:15 ; elapsed = 00:02:18 . Memory (MB): peak = 855.074 ; gain = 507.387
Finished Loading Part and Timing Information : Time (s): cpu = 00:02:15 ; elapsed = 00:02:18 . Memory (MB): peak = 855.074 ; gain = 507.387
Finished applying 'set_property' XDC Constraints : Time (s): cpu = 00:02:15 ; elapsed = 00:02:18 . Memory (MB): peak = 855.074 ; gain = 507.387
Finished RTL Optimization Phase 2 : Time (s): cpu = 00:02:19 ; elapsed = 00:02:23 . Memory (MB): peak = 855.074 ; gain = 507.387
Finished Cross Boundary and Area Optimization : Time (s): cpu = 00:02:34 ; elapsed = 00:02:38 . Memory (MB): peak = 855.074 ; gain = 507.387
Finished Applying XDC Timing Constraints : Time (s): cpu = 00:02:52 ; elapsed = 00:02:57 . Memory (MB): peak = 855.074 ; gain = 507.387
Finished Timing Optimization : Time (s): cpu = 00:02:53 ; elapsed = 00:02:57 . Memory (MB): peak = 855.074 ; gain = 507.387
Finished Technology Mapping : Time (s): cpu = 00:02:55 ; elapsed = 00:03:00 . Memory (MB): peak = 855.074 ; gain = 507.387
Finished IO Insertion : Time (s): cpu = 00:02:56 ; elapsed = 00:03:01 . Memory (MB): peak = 855.074 ; gain = 507.387
Finished Renaming Generated Instances : Time (s): cpu = 00:02:56 ; elapsed = 00:03:01 . Memory (MB): peak = 855.074 ; gain = 507.387
Finished Rebuilding User Hierarchy : Time (s): cpu = 00:02:57 ; elapsed = 00:03:02 . Memory (MB): peak = 855.074 ; gain = 507.387
Finished Renaming Generated Ports : Time (s): cpu = 00:02:57 ; elapsed = 00:03:02 . Memory (MB): peak = 855.074 ; gain = 507.387
Finished Handling Custom Attributes : Time (s): cpu = 00:02:57 ; elapsed = 00:03:02 . Memory (MB): peak = 855.074 ; gain = 507.387
Finished Renaming Generated Nets : Time (s): cpu = 00:02:57 ; elapsed = 00:03:02 . Memory (MB): peak = 855.074 ; gain = 507.387

Report Cell Usage: 
+------+---------+------+
|      |Cell     |Count |
+------+---------+------+
|1     |CARRY4   |    57|
|2     |CFGLUT5  |   153|
|3     |LUT1     |    48|
|4     |LUT2     |    68|
|5     |LUT3     |   125|
|6     |LUT4     |   253|
|7     |LUT5     |   146|
|8     |LUT6     |   675|
|9     |MUXF7    |    55|
|10    |RAMB36E1 |     1|
|11    |SRL16E   |    28|
|12    |SRLC16E  |     2|
|13    |SRLC32E  |    17|
|14    |FDRE     |  1939|
|15    |FDSE     |     9|
+------+---------+------+
Finished Writing Synthesis Report : Time (s): cpu = 00:02:57 ; elapsed = 00:03:02 . Memory (MB): peak = 855.074 ; gain = 507.387
synth_design: Time (s): cpu = 00:03:03 ; elapsed = 00:03:08 . Memory (MB): peak = 855.074 ; gain = 507.387
