
*** Running vivado
    with args -log Uart_ETH_ila_0_2.vds -m64 -product Vivado -mode batch -messageDb vivado.pb -notrace -source Uart_ETH_ila_0_2.tcl


****** Vivado v2017.2 (64-bit)
  **** SW Build 1909853 on Thu Jun 15 18:39:09 MDT 2017
  **** IP Build 1909766 on Thu Jun 15 19:58:00 MDT 2017
    ** Copyright 1986-2017 Xilinx, Inc. All Rights Reserved.

source Uart_ETH_ila_0_2.tcl -notrace
Starting RTL Elaboration : Time (s): cpu = 00:00:11 ; elapsed = 00:00:19 . Memory (MB): peak = 450.527 ; gain = 102.328
INFO: [Synth 8-638] synthesizing module 'Uart_ETH_ila_0_2' [e:/ETH2SER/SoftwareProjects/UART2ETH970328_TxRx_FIFO_Integrated-UART-Config/UART2ETH.srcs/sources_1/bd/Uart_ETH/ip/Uart_ETH_ila_0_2/synth/Uart_ETH_ila_0_2.vhd:71]
INFO: [Synth 8-638] synthesizing module 'CFGLUT5' [C:/Xilinx/Vivado/2017.2/scripts/rt/data/unisim_comp.v:998]
INFO: [Synth 8-256] done synthesizing module 'CFGLUT5' (8#1) [C:/Xilinx/Vivado/2017.2/scripts/rt/data/unisim_comp.v:998]
INFO: [Synth 8-638] synthesizing module 'CARRY4' [C:/Xilinx/Vivado/2017.2/scripts/rt/data/unisim_comp.v:961]
INFO: [Synth 8-256] done synthesizing module 'CARRY4' (9#1) [C:/Xilinx/Vivado/2017.2/scripts/rt/data/unisim_comp.v:961]
INFO: [Synth 8-638] synthesizing module 'SRLC32E' [C:/Xilinx/Vivado/2017.2/scripts/rt/data/unisim_comp.v:43823]
INFO: [Synth 8-256] done synthesizing module 'SRLC32E' (19#1) [C:/Xilinx/Vivado/2017.2/scripts/rt/data/unisim_comp.v:43823]
INFO: [Synth 8-638] synthesizing module 'SRL16E' [C:/Xilinx/Vivado/2017.2/scripts/rt/data/unisim_comp.v:43673]
INFO: [Synth 8-256] done synthesizing module 'SRL16E' (21#1) [C:/Xilinx/Vivado/2017.2/scripts/rt/data/unisim_comp.v:43673]
INFO: [Synth 8-638] synthesizing module 'SRLC16E' [C:/Xilinx/Vivado/2017.2/scripts/rt/data/unisim_comp.v:43762]
INFO: [Synth 8-256] done synthesizing module 'SRLC16E' (23#1) [C:/Xilinx/Vivado/2017.2/scripts/rt/data/unisim_comp.v:43762]
INFO: [Synth 8-638] synthesizing module 'FDRE' [C:/Xilinx/Vivado/2017.2/scripts/rt/data/unisim_comp.v:3964]
INFO: [Synth 8-256] done synthesizing module 'FDRE' (28#1) [C:/Xilinx/Vivado/2017.2/scripts/rt/data/unisim_comp.v:3964]
INFO: [Synth 8-256] done synthesizing module 'Uart_ETH_ila_0_2' (46#1) [e:/ETH2SER/SoftwareProjects/UART2ETH970328_TxRx_FIFO_Integrated-UART-Config/UART2ETH.srcs/sources_1/bd/Uart_ETH/ip/Uart_ETH_ila_0_2/synth/Uart_ETH_ila_0_2.vhd:71]
Finished RTL Elaboration : Time (s): cpu = 00:01:46 ; elapsed = 00:02:02 . Memory (MB): peak = 776.418 ; gain = 428.219
Finished RTL Optimization Phase 1 : Time (s): cpu = 00:01:47 ; elapsed = 00:02:03 . Memory (MB): peak = 776.418 ; gain = 428.219
INFO: [Device 21-403] Loading part xc7z020clg400-1
Constraint Validation Runtime : Time (s): cpu = 00:00:00 ; elapsed = 00:00:00.112 . Memory (MB): peak = 858.035 ; gain = 0.000
Finished Constraint Validation : Time (s): cpu = 00:02:08 ; elapsed = 00:02:25 . Memory (MB): peak = 858.035 ; gain = 509.836
Finished Loading Part and Timing Information : Time (s): cpu = 00:02:08 ; elapsed = 00:02:25 . Memory (MB): peak = 858.035 ; gain = 509.836
Finished applying 'set_property' XDC Constraints : Time (s): cpu = 00:02:08 ; elapsed = 00:02:25 . Memory (MB): peak = 858.035 ; gain = 509.836
Finished RTL Optimization Phase 2 : Time (s): cpu = 00:02:13 ; elapsed = 00:02:31 . Memory (MB): peak = 858.035 ; gain = 509.836
Finished Cross Boundary and Area Optimization : Time (s): cpu = 00:02:24 ; elapsed = 00:02:43 . Memory (MB): peak = 858.035 ; gain = 509.836
Finished Applying XDC Timing Constraints : Time (s): cpu = 00:02:38 ; elapsed = 00:02:57 . Memory (MB): peak = 858.035 ; gain = 509.836
Finished Timing Optimization : Time (s): cpu = 00:02:38 ; elapsed = 00:02:57 . Memory (MB): peak = 858.035 ; gain = 509.836
Finished Technology Mapping : Time (s): cpu = 00:02:40 ; elapsed = 00:02:59 . Memory (MB): peak = 858.035 ; gain = 509.836
Finished IO Insertion : Time (s): cpu = 00:02:41 ; elapsed = 00:03:00 . Memory (MB): peak = 858.035 ; gain = 509.836
Finished Renaming Generated Instances : Time (s): cpu = 00:02:41 ; elapsed = 00:03:00 . Memory (MB): peak = 858.035 ; gain = 509.836
Finished Rebuilding User Hierarchy : Time (s): cpu = 00:02:42 ; elapsed = 00:03:01 . Memory (MB): peak = 858.035 ; gain = 509.836
Finished Renaming Generated Ports : Time (s): cpu = 00:02:42 ; elapsed = 00:03:01 . Memory (MB): peak = 858.035 ; gain = 509.836
Finished Handling Custom Attributes : Time (s): cpu = 00:02:42 ; elapsed = 00:03:01 . Memory (MB): peak = 858.035 ; gain = 509.836
Finished Renaming Generated Nets : Time (s): cpu = 00:02:42 ; elapsed = 00:03:01 . Memory (MB): peak = 858.035 ; gain = 509.836

Report Cell Usage: 
+------+---------+------+
|      |Cell     |Count |
+------+---------+------+
|1     |CARRY4   |    59|
|2     |CFGLUT5  |   161|
|3     |LUT1     |    47|
|4     |LUT2     |    64|
|5     |LUT3     |   118|
|6     |LUT4     |   270|
|7     |LUT5     |   153|
|8     |LUT6     |   688|
|9     |MUXF7    |    62|
|10    |RAMB36E1 |     2|
|11    |SRL16E   |    36|
|12    |SRLC16E  |     2|
|13    |SRLC32E  |    17|
|14    |FDRE     |  1981|
|15    |FDSE     |     9|
+------+---------+------+
Finished Writing Synthesis Report : Time (s): cpu = 00:02:42 ; elapsed = 00:03:01 . Memory (MB): peak = 858.035 ; gain = 509.836
synth_design: Time (s): cpu = 00:02:46 ; elapsed = 00:03:06 . Memory (MB): peak = 858.035 ; gain = 509.836
