
*** Running vivado
    with args -log UARTConfigTest_xlconcat_0_0.vds -m64 -product Vivado -mode batch -messageDb vivado.pb -notrace -source UARTConfigTest_xlconcat_0_0.tcl


****** Vivado v2017.2 (64-bit)
  **** SW Build 1909853 on Thu Jun 15 18:39:09 MDT 2017
  **** IP Build 1909766 on Thu Jun 15 19:58:00 MDT 2017
    ** Copyright 1986-2017 Xilinx, Inc. All Rights Reserved.

source UARTConfigTest_xlconcat_0_0.tcl -notrace
Starting RTL Elaboration : Time (s): cpu = 00:00:06 ; elapsed = 00:00:07 . Memory (MB): peak = 365.184 ; gain = 80.680
INFO: [Synth 8-638] synthesizing module 'UARTConfigTest_xlconcat_0_0' [e:/ETH2SER/SoftwareProjects/UARTConfigTestEXP-961126/UARTConfigTestEXP-961126.srcs/sources_1/bd/UARTConfigTest/ip/UARTConfigTest_xlconcat_0_0/synth/UARTConfigTest_xlconcat_0_0.v:58]
INFO: [Synth 8-638] synthesizing module 'xlconcat_v2_1_1_xlconcat' [e:/ETH2SER/SoftwareProjects/UARTConfigTestEXP-961126/UARTConfigTestEXP-961126.srcs/sources_1/bd/UARTConfigTest/ipshared/73b7/hdl/xlconcat_v2_1_vl_rfs.v:14]
INFO: [Synth 8-256] done synthesizing module 'xlconcat_v2_1_1_xlconcat' (1#1) [e:/ETH2SER/SoftwareProjects/UARTConfigTestEXP-961126/UARTConfigTestEXP-961126.srcs/sources_1/bd/UARTConfigTest/ipshared/73b7/hdl/xlconcat_v2_1_vl_rfs.v:14]
INFO: [Synth 8-256] done synthesizing module 'UARTConfigTest_xlconcat_0_0' (2#1) [e:/ETH2SER/SoftwareProjects/UARTConfigTestEXP-961126/UARTConfigTestEXP-961126.srcs/sources_1/bd/UARTConfigTest/ip/UARTConfigTest_xlconcat_0_0/synth/UARTConfigTest_xlconcat_0_0.v:58]
Finished RTL Elaboration : Time (s): cpu = 00:00:08 ; elapsed = 00:00:08 . Memory (MB): peak = 405.262 ; gain = 120.758
Finished RTL Optimization Phase 1 : Time (s): cpu = 00:00:08 ; elapsed = 00:00:09 . Memory (MB): peak = 405.262 ; gain = 120.758
INFO: [Device 21-403] Loading part xc7z020clg400-1
Constraint Validation Runtime : Time (s): cpu = 00:00:00 ; elapsed = 00:00:00.016 . Memory (MB): peak = 627.246 ; gain = 0.000
Finished Constraint Validation : Time (s): cpu = 00:00:26 ; elapsed = 00:00:30 . Memory (MB): peak = 627.246 ; gain = 342.742
Finished Loading Part and Timing Information : Time (s): cpu = 00:00:26 ; elapsed = 00:00:30 . Memory (MB): peak = 627.246 ; gain = 342.742
Finished applying 'set_property' XDC Constraints : Time (s): cpu = 00:00:26 ; elapsed = 00:00:30 . Memory (MB): peak = 627.246 ; gain = 342.742
Finished RTL Optimization Phase 2 : Time (s): cpu = 00:00:26 ; elapsed = 00:00:30 . Memory (MB): peak = 627.246 ; gain = 342.742
Finished Cross Boundary and Area Optimization : Time (s): cpu = 00:00:27 ; elapsed = 00:00:31 . Memory (MB): peak = 627.246 ; gain = 342.742
Finished Applying XDC Timing Constraints : Time (s): cpu = 00:00:45 ; elapsed = 00:00:51 . Memory (MB): peak = 666.617 ; gain = 382.113
Finished Timing Optimization : Time (s): cpu = 00:00:45 ; elapsed = 00:00:51 . Memory (MB): peak = 666.617 ; gain = 382.113
Finished Technology Mapping : Time (s): cpu = 00:00:45 ; elapsed = 00:00:51 . Memory (MB): peak = 677.762 ; gain = 393.258
Finished IO Insertion : Time (s): cpu = 00:00:46 ; elapsed = 00:00:52 . Memory (MB): peak = 677.762 ; gain = 393.258
Finished Renaming Generated Instances : Time (s): cpu = 00:00:46 ; elapsed = 00:00:52 . Memory (MB): peak = 677.762 ; gain = 393.258
Finished Rebuilding User Hierarchy : Time (s): cpu = 00:00:46 ; elapsed = 00:00:52 . Memory (MB): peak = 677.762 ; gain = 393.258
Finished Renaming Generated Ports : Time (s): cpu = 00:00:46 ; elapsed = 00:00:52 . Memory (MB): peak = 677.762 ; gain = 393.258
Finished Handling Custom Attributes : Time (s): cpu = 00:00:46 ; elapsed = 00:00:52 . Memory (MB): peak = 677.762 ; gain = 393.258
Finished Renaming Generated Nets : Time (s): cpu = 00:00:46 ; elapsed = 00:00:52 . Memory (MB): peak = 677.762 ; gain = 393.258

Report Cell Usage: 
+-+-----+------+
| |Cell |Count |
+-+-----+------+
+-+-----+------+
Finished Writing Synthesis Report : Time (s): cpu = 00:00:46 ; elapsed = 00:00:52 . Memory (MB): peak = 677.762 ; gain = 393.258
synth_design: Time (s): cpu = 00:00:49 ; elapsed = 00:00:55 . Memory (MB): peak = 691.281 ; gain = 409.402
