
*** Running vivado
    with args -log Uart_ETH_xlconstant_0_1.vds -m64 -product Vivado -mode batch -messageDb vivado.pb -notrace -source Uart_ETH_xlconstant_0_1.tcl


****** Vivado v2017.2 (64-bit)
  **** SW Build 1909853 on Thu Jun 15 18:39:09 MDT 2017
  **** IP Build 1909766 on Thu Jun 15 19:58:00 MDT 2017
    ** Copyright 1986-2017 Xilinx, Inc. All Rights Reserved.

source Uart_ETH_xlconstant_0_1.tcl -notrace
Starting RTL Elaboration : Time (s): cpu = 00:00:05 ; elapsed = 00:00:05 . Memory (MB): peak = 401.563 ; gain = 80.926
INFO: [Synth 8-638] synthesizing module 'Uart_ETH_xlconstant_0_1' [e:/ETH2SER/SoftwareProjects/UART2ETH970402_LEDPanel_Included_KeyPad/UART2ETH.srcs/sources_1/bd/Uart_ETH/ip/Uart_ETH_xlconstant_0_1/synth/Uart_ETH_xlconstant_0_1.v:57]
INFO: [Synth 8-638] synthesizing module 'xlconstant_v1_1_3_xlconstant' [e:/ETH2SER/SoftwareProjects/UART2ETH970402_LEDPanel_Included_KeyPad/UART2ETH.srcs/sources_1/bd/Uart_ETH/ipshared/45df/hdl/xlconstant_v1_1_vl_rfs.v:23]
INFO: [Synth 8-256] done synthesizing module 'xlconstant_v1_1_3_xlconstant' (1#1) [e:/ETH2SER/SoftwareProjects/UART2ETH970402_LEDPanel_Included_KeyPad/UART2ETH.srcs/sources_1/bd/Uart_ETH/ipshared/45df/hdl/xlconstant_v1_1_vl_rfs.v:23]
INFO: [Synth 8-256] done synthesizing module 'Uart_ETH_xlconstant_0_1' (2#1) [e:/ETH2SER/SoftwareProjects/UART2ETH970402_LEDPanel_Included_KeyPad/UART2ETH.srcs/sources_1/bd/Uart_ETH/ip/Uart_ETH_xlconstant_0_1/synth/Uart_ETH_xlconstant_0_1.v:57]
Finished RTL Elaboration : Time (s): cpu = 00:00:06 ; elapsed = 00:00:06 . Memory (MB): peak = 440.891 ; gain = 120.254
Finished RTL Optimization Phase 1 : Time (s): cpu = 00:00:06 ; elapsed = 00:00:06 . Memory (MB): peak = 440.891 ; gain = 120.254
INFO: [Device 21-403] Loading part xc7z020clg400-1
Constraint Validation Runtime : Time (s): cpu = 00:00:00 ; elapsed = 00:00:00.018 . Memory (MB): peak = 655.293 ; gain = 0.000
Finished Constraint Validation : Time (s): cpu = 00:00:20 ; elapsed = 00:00:20 . Memory (MB): peak = 655.293 ; gain = 334.656
Finished Loading Part and Timing Information : Time (s): cpu = 00:00:20 ; elapsed = 00:00:20 . Memory (MB): peak = 655.293 ; gain = 334.656
Finished applying 'set_property' XDC Constraints : Time (s): cpu = 00:00:20 ; elapsed = 00:00:20 . Memory (MB): peak = 655.293 ; gain = 334.656
Finished RTL Optimization Phase 2 : Time (s): cpu = 00:00:20 ; elapsed = 00:00:20 . Memory (MB): peak = 655.293 ; gain = 334.656
Finished Cross Boundary and Area Optimization : Time (s): cpu = 00:00:21 ; elapsed = 00:00:21 . Memory (MB): peak = 655.293 ; gain = 334.656
Finished Applying XDC Timing Constraints : Time (s): cpu = 00:00:35 ; elapsed = 00:00:35 . Memory (MB): peak = 700.551 ; gain = 379.914
Finished Timing Optimization : Time (s): cpu = 00:00:35 ; elapsed = 00:00:35 . Memory (MB): peak = 700.551 ; gain = 379.914
Finished Technology Mapping : Time (s): cpu = 00:00:35 ; elapsed = 00:00:35 . Memory (MB): peak = 711.695 ; gain = 391.059
Finished IO Insertion : Time (s): cpu = 00:00:36 ; elapsed = 00:00:36 . Memory (MB): peak = 711.695 ; gain = 391.059
Finished Renaming Generated Instances : Time (s): cpu = 00:00:36 ; elapsed = 00:00:36 . Memory (MB): peak = 711.695 ; gain = 391.059
Finished Rebuilding User Hierarchy : Time (s): cpu = 00:00:36 ; elapsed = 00:00:36 . Memory (MB): peak = 711.695 ; gain = 391.059
Finished Renaming Generated Ports : Time (s): cpu = 00:00:36 ; elapsed = 00:00:36 . Memory (MB): peak = 711.695 ; gain = 391.059
Finished Handling Custom Attributes : Time (s): cpu = 00:00:36 ; elapsed = 00:00:36 . Memory (MB): peak = 711.695 ; gain = 391.059
Finished Renaming Generated Nets : Time (s): cpu = 00:00:36 ; elapsed = 00:00:36 . Memory (MB): peak = 711.695 ; gain = 391.059

Report Cell Usage: 
+-+-----+------+
| |Cell |Count |
+-+-----+------+
+-+-----+------+
Finished Writing Synthesis Report : Time (s): cpu = 00:00:36 ; elapsed = 00:00:36 . Memory (MB): peak = 711.695 ; gain = 391.059
synth_design: Time (s): cpu = 00:00:38 ; elapsed = 00:00:38 . Memory (MB): peak = 729.285 ; gain = 416.406
