
*** Running vivado
    with args -log Uart_ETH_ila_0_2.vds -m64 -product Vivado -mode batch -messageDb vivado.pb -notrace -source Uart_ETH_ila_0_2.tcl


****** Vivado v2017.2 (64-bit)
  **** SW Build 1909853 on Thu Jun 15 18:39:09 MDT 2017
  **** IP Build 1909766 on Thu Jun 15 19:58:00 MDT 2017
    ** Copyright 1986-2017 Xilinx, Inc. All Rights Reserved.

source Uart_ETH_ila_0_2.tcl -notrace
Starting RTL Elaboration : Time (s): cpu = 00:00:11 ; elapsed = 00:00:12 . Memory (MB): peak = 442.996 ; gain = 102.410
INFO: [Synth 8-638] synthesizing module 'Uart_ETH_ila_0_2' [e:/ETH2SER/SoftwareProjects/UART2ETH970231-FIFO_Rx_Integrated/UART2ETH.srcs/sources_1/bd/Uart_ETH/ip/Uart_ETH_ila_0_2/synth/Uart_ETH_ila_0_2.vhd:68]
INFO: [Synth 8-638] synthesizing module 'CFGLUT5' [C:/Xilinx/Vivado/2017.2/scripts/rt/data/unisim_comp.v:998]
INFO: [Synth 8-256] done synthesizing module 'CFGLUT5' (8#1) [C:/Xilinx/Vivado/2017.2/scripts/rt/data/unisim_comp.v:998]
INFO: [Synth 8-638] synthesizing module 'CARRY4' [C:/Xilinx/Vivado/2017.2/scripts/rt/data/unisim_comp.v:961]
INFO: [Synth 8-256] done synthesizing module 'CARRY4' (9#1) [C:/Xilinx/Vivado/2017.2/scripts/rt/data/unisim_comp.v:961]
INFO: [Synth 8-638] synthesizing module 'SRLC32E' [C:/Xilinx/Vivado/2017.2/scripts/rt/data/unisim_comp.v:43823]
INFO: [Synth 8-256] done synthesizing module 'SRLC32E' (19#1) [C:/Xilinx/Vivado/2017.2/scripts/rt/data/unisim_comp.v:43823]
INFO: [Synth 8-638] synthesizing module 'SRL16E' [C:/Xilinx/Vivado/2017.2/scripts/rt/data/unisim_comp.v:43673]
INFO: [Synth 8-256] done synthesizing module 'SRL16E' (21#1) [C:/Xilinx/Vivado/2017.2/scripts/rt/data/unisim_comp.v:43673]
INFO: [Synth 8-638] synthesizing module 'SRLC16E' [C:/Xilinx/Vivado/2017.2/scripts/rt/data/unisim_comp.v:43762]
INFO: [Synth 8-256] done synthesizing module 'SRLC16E' (23#1) [C:/Xilinx/Vivado/2017.2/scripts/rt/data/unisim_comp.v:43762]
INFO: [Synth 8-638] synthesizing module 'FDRE' [C:/Xilinx/Vivado/2017.2/scripts/rt/data/unisim_comp.v:3964]
INFO: [Synth 8-256] done synthesizing module 'FDRE' (28#1) [C:/Xilinx/Vivado/2017.2/scripts/rt/data/unisim_comp.v:3964]
INFO: [Synth 8-256] done synthesizing module 'Uart_ETH_ila_0_2' (46#1) [e:/ETH2SER/SoftwareProjects/UART2ETH970231-FIFO_Rx_Integrated/UART2ETH.srcs/sources_1/bd/Uart_ETH/ip/Uart_ETH_ila_0_2/synth/Uart_ETH_ila_0_2.vhd:68]
Finished RTL Elaboration : Time (s): cpu = 00:01:41 ; elapsed = 00:01:44 . Memory (MB): peak = 765.188 ; gain = 424.602
Finished RTL Optimization Phase 1 : Time (s): cpu = 00:01:41 ; elapsed = 00:01:44 . Memory (MB): peak = 765.188 ; gain = 424.602
INFO: [Device 21-403] Loading part xc7z020clg400-1
Constraint Validation Runtime : Time (s): cpu = 00:00:00 ; elapsed = 00:00:00.109 . Memory (MB): peak = 844.895 ; gain = 0.000
Finished Constraint Validation : Time (s): cpu = 00:02:01 ; elapsed = 00:02:05 . Memory (MB): peak = 844.895 ; gain = 504.309
Finished Loading Part and Timing Information : Time (s): cpu = 00:02:01 ; elapsed = 00:02:05 . Memory (MB): peak = 844.895 ; gain = 504.309
Finished applying 'set_property' XDC Constraints : Time (s): cpu = 00:02:01 ; elapsed = 00:02:05 . Memory (MB): peak = 844.895 ; gain = 504.309
Finished RTL Optimization Phase 2 : Time (s): cpu = 00:02:05 ; elapsed = 00:02:09 . Memory (MB): peak = 844.895 ; gain = 504.309
Finished Cross Boundary and Area Optimization : Time (s): cpu = 00:02:15 ; elapsed = 00:02:19 . Memory (MB): peak = 844.895 ; gain = 504.309
Finished Applying XDC Timing Constraints : Time (s): cpu = 00:02:27 ; elapsed = 00:02:32 . Memory (MB): peak = 844.895 ; gain = 504.309
Finished Timing Optimization : Time (s): cpu = 00:02:28 ; elapsed = 00:02:32 . Memory (MB): peak = 844.895 ; gain = 504.309
Finished Technology Mapping : Time (s): cpu = 00:02:29 ; elapsed = 00:02:33 . Memory (MB): peak = 844.895 ; gain = 504.309
Finished IO Insertion : Time (s): cpu = 00:02:30 ; elapsed = 00:02:34 . Memory (MB): peak = 844.895 ; gain = 504.309
Finished Renaming Generated Instances : Time (s): cpu = 00:02:30 ; elapsed = 00:02:34 . Memory (MB): peak = 844.895 ; gain = 504.309
Finished Rebuilding User Hierarchy : Time (s): cpu = 00:02:30 ; elapsed = 00:02:35 . Memory (MB): peak = 844.895 ; gain = 504.309
Finished Renaming Generated Ports : Time (s): cpu = 00:02:30 ; elapsed = 00:02:35 . Memory (MB): peak = 844.895 ; gain = 504.309
Finished Handling Custom Attributes : Time (s): cpu = 00:02:30 ; elapsed = 00:02:35 . Memory (MB): peak = 844.895 ; gain = 504.309
Finished Renaming Generated Nets : Time (s): cpu = 00:02:30 ; elapsed = 00:02:35 . Memory (MB): peak = 844.895 ; gain = 504.309

Report Cell Usage: 
+------+---------+------+
|      |Cell     |Count |
+------+---------+------+
|1     |CARRY4   |    45|
|2     |CFGLUT5  |   123|
|3     |LUT1     |    41|
|4     |LUT2     |    58|
|5     |LUT3     |   128|
|6     |LUT4     |   217|
|7     |LUT5     |   127|
|8     |LUT6     |   615|
|9     |MUXF7    |    27|
|10    |RAMB36E1 |     1|
|11    |SRL16E   |    33|
|12    |SRLC16E  |     2|
|13    |SRLC32E  |    17|
|14    |FDRE     |  1681|
|15    |FDSE     |     9|
+------+---------+------+
Finished Writing Synthesis Report : Time (s): cpu = 00:02:30 ; elapsed = 00:02:35 . Memory (MB): peak = 844.895 ; gain = 504.309
synth_design: Time (s): cpu = 00:02:34 ; elapsed = 00:02:39 . Memory (MB): peak = 844.895 ; gain = 504.309
